[0.077s] Invoking command in '/home/wheeltec/wheeltec_ros2/src/build/usb_cam': /usr/bin/cmake --build /home/wheeltec/wheeltec_ros2/src/build/usb_cam -- -j4 -l4
[0.542s] [ 33%] Built target usb_cam
[0.738s] [ 66%] Built target usb_cam_node_exe
[1.022s] [100%] Built target usb_cam_node
[1.098s] Invoked command in '/home/wheeltec/wheeltec_ros2/src/build/usb_cam' returned '0': /usr/bin/cmake --build /home/wheeltec/wheeltec_ros2/src/build/usb_cam -- -j4 -l4
[1.120s] Invoking command in '/home/wheeltec/wheeltec_ros2/src/build/usb_cam': /usr/bin/cmake --install /home/wheeltec/wheeltec_ros2/src/build/usb_cam
[1.186s] -- Install configuration: ""
[1.193s] -- Up-to-date: /home/wheeltec/wheeltec_ros2/src/install/usb_cam/lib/usb_cam/usb_cam_node_exe
[1.196s] -- Up-to-date: /home/wheeltec/wheeltec_ros2/src/install/usb_cam/lib/usb_cam/show_image.py
[1.205s] -- Up-to-date: /home/wheeltec/wheeltec_ros2/src/install/usb_cam/include
[1.207s] -- Up-to-date: /home/wheeltec/wheeltec_ros2/src/install/usb_cam/include/usb_cam
[1.208s] -- Up-to-date: /home/wheeltec/wheeltec_ros2/src/install/usb_cam/include/usb_cam/usb_cam_utils.hpp
[1.208s] -- Up-to-date: /home/wheeltec/wheeltec_ros2/src/install/usb_cam/include/usb_cam/usb_cam.hpp
[1.209s] -- Up-to-date: /home/wheeltec/wheeltec_ros2/src/install/usb_cam/include/usb_cam/usb_cam_node.hpp
[1.210s] -- Up-to-date: /home/wheeltec/wheeltec_ros2/src/install/usb_cam/share/usb_cam/environment/library_path.sh
[1.211s] -- Up-to-date: /home/wheeltec/wheeltec_ros2/src/install/usb_cam/share/usb_cam/environment/library_path.dsv
[1.212s] -- Up-to-date: /home/wheeltec/wheeltec_ros2/src/install/usb_cam/lib/libusb_cam.so
[1.223s] -- Up-to-date: /home/wheeltec/wheeltec_ros2/src/install/usb_cam/lib/libusb_cam_node.so
[1.224s] -- Up-to-date: /home/wheeltec/wheeltec_ros2/src/install/usb_cam/share/usb_cam/launch
[1.228s] -- Up-to-date: /home/wheeltec/wheeltec_ros2/src/install/usb_cam/share/usb_cam/launch/usb_cam_launch.py
[1.228s] -- Up-to-date: /home/wheeltec/wheeltec_ros2/src/install/usb_cam/share/usb_cam/config
[1.242s] -- Up-to-date: /home/wheeltec/wheeltec_ros2/src/install/usb_cam/share/usb_cam/config/params.yaml
[1.243s] -- Up-to-date: /home/wheeltec/wheeltec_ros2/src/install/usb_cam/share/usb_cam/config/camera_info.yaml
[1.244s] -- Up-to-date: /home/wheeltec/wheeltec_ros2/src/install/usb_cam/share/ament_index/resource_index/package_run_dependencies/usb_cam
[1.244s] -- Up-to-date: /home/wheeltec/wheeltec_ros2/src/install/usb_cam/share/ament_index/resource_index/parent_prefix_path/usb_cam
[1.245s] -- Up-to-date: /home/wheeltec/wheeltec_ros2/src/install/usb_cam/share/usb_cam/environment/ament_prefix_path.sh
[1.246s] -- Up-to-date: /home/wheeltec/wheeltec_ros2/src/install/usb_cam/share/usb_cam/environment/ament_prefix_path.dsv
[1.246s] -- Up-to-date: /home/wheeltec/wheeltec_ros2/src/install/usb_cam/share/usb_cam/environment/path.sh
[1.247s] -- Up-to-date: /home/wheeltec/wheeltec_ros2/src/install/usb_cam/share/usb_cam/environment/path.dsv
[1.247s] -- Up-to-date: /home/wheeltec/wheeltec_ros2/src/install/usb_cam/share/usb_cam/local_setup.bash
[1.248s] -- Up-to-date: /home/wheeltec/wheeltec_ros2/src/install/usb_cam/share/usb_cam/local_setup.sh
[1.248s] -- Up-to-date: /home/wheeltec/wheeltec_ros2/src/install/usb_cam/share/usb_cam/local_setup.zsh
[1.248s] -- Up-to-date: /home/wheeltec/wheeltec_ros2/src/install/usb_cam/share/usb_cam/local_setup.dsv
[1.249s] -- Installing: /home/wheeltec/wheeltec_ros2/src/install/usb_cam/share/usb_cam/package.dsv
[1.254s] -- Up-to-date: /home/wheeltec/wheeltec_ros2/src/install/usb_cam/share/ament_index/resource_index/packages/usb_cam
[1.254s] -- Up-to-date: /home/wheeltec/wheeltec_ros2/src/install/usb_cam/share/ament_index/resource_index/rclcpp_components/usb_cam
[1.255s] -- Up-to-date: /home/wheeltec/wheeltec_ros2/src/install/usb_cam/share/usb_cam/cmake/ament_cmake_export_dependencies-extras.cmake
[1.256s] -- Up-to-date: /home/wheeltec/wheeltec_ros2/src/install/usb_cam/share/usb_cam/cmake/ament_cmake_export_include_directories-extras.cmake
[1.257s] -- Up-to-date: /home/wheeltec/wheeltec_ros2/src/install/usb_cam/share/usb_cam/cmake/ament_cmake_export_libraries-extras.cmake
[1.258s] -- Up-to-date: /home/wheeltec/wheeltec_ros2/src/install/usb_cam/share/usb_cam/cmake/usb_camConfig.cmake
[1.268s] -- Up-to-date: /home/wheeltec/wheeltec_ros2/src/install/usb_cam/share/usb_cam/cmake/usb_camConfig-version.cmake
[1.268s] -- Up-to-date: /home/wheeltec/wheeltec_ros2/src/install/usb_cam/share/usb_cam/package.xml
[1.269s] Invoked command in '/home/wheeltec/wheeltec_ros2/src/build/usb_cam' returned '0': /usr/bin/cmake --install /home/wheeltec/wheeltec_ros2/src/build/usb_cam
