[7.252s] Invoking command in '/home/wheeltec/wheeltec_ros2/src/wheeltec_robot_keyboard': PYTHONPATH=/home/wheeltec/wheeltec_ros2/src/build/wheeltec_robot_keyboard/prefix_override:/usr/lib/python3/dist-packages/colcon_core/task/python/colcon_distutils_commands:/home/wheeltec/wheeltec_ros2/src/install/wheeltec_robot_keyboard/lib/python3.8/site-packages:${PYTHONPATH} /usr/bin/python3 -W ignore:setup.py install is deprecated -W ignore:easy_install command is deprecated setup.py egg_info --egg-base ../build/wheeltec_robot_keyboard build --build-base /home/wheeltec/wheeltec_ros2/src/build/wheeltec_robot_keyboard/build install --record /home/wheeltec/wheeltec_ros2/src/build/wheeltec_robot_keyboard/install.log --install-scripts $base/lib/wheeltec_robot_keyboard --single-version-externally-managed install_data
[8.804s] /home/wheeltec/.local/lib/python3.8/site-packages/setuptools/dist.py:771: UserWarning: Usage of dash-separated 'script-dir' will not be supported in future versions. Please use the underscore name 'script_dir' instead
[8.805s]   warnings.warn(
[9.326s] running egg_info
[9.330s] creating ../build/wheeltec_robot_keyboard/wheeltec_robot_keyboard.egg-info
[9.412s] writing ../build/wheeltec_robot_keyboard/wheeltec_robot_keyboard.egg-info/PKG-INFO
[9.417s] writing dependency_links to ../build/wheeltec_robot_keyboard/wheeltec_robot_keyboard.egg-info/dependency_links.txt
[9.420s] writing entry points to ../build/wheeltec_robot_keyboard/wheeltec_robot_keyboard.egg-info/entry_points.txt
[9.422s] writing requirements to ../build/wheeltec_robot_keyboard/wheeltec_robot_keyboard.egg-info/requires.txt
[9.423s] writing top-level names to ../build/wheeltec_robot_keyboard/wheeltec_robot_keyboard.egg-info/top_level.txt
[9.439s] writing manifest file '../build/wheeltec_robot_keyboard/wheeltec_robot_keyboard.egg-info/SOURCES.txt'
[9.599s] reading manifest file '../build/wheeltec_robot_keyboard/wheeltec_robot_keyboard.egg-info/SOURCES.txt'
[9.602s] writing manifest file '../build/wheeltec_robot_keyboard/wheeltec_robot_keyboard.egg-info/SOURCES.txt'
[9.604s] running build
[9.606s] running build_py
[9.608s] creating /home/wheeltec/wheeltec_ros2/src/build/wheeltec_robot_keyboard/build
[9.608s] creating /home/wheeltec/wheeltec_ros2/src/build/wheeltec_robot_keyboard/build/lib
[9.609s] creating /home/wheeltec/wheeltec_ros2/src/build/wheeltec_robot_keyboard/build/lib/wheeltec_robot_keyboard
[9.609s] copying wheeltec_robot_keyboard/__init__.py -> /home/wheeltec/wheeltec_ros2/src/build/wheeltec_robot_keyboard/build/lib/wheeltec_robot_keyboard
[9.613s] copying wheeltec_robot_keyboard/wheeltec_keyboard.py -> /home/wheeltec/wheeltec_ros2/src/build/wheeltec_robot_keyboard/build/lib/wheeltec_robot_keyboard
[9.613s] running install
[9.633s] running install_lib
[9.706s] creating /home/wheeltec/wheeltec_ros2/src/install/wheeltec_robot_keyboard/lib/python3.8/site-packages/wheeltec_robot_keyboard
[9.708s] copying /home/wheeltec/wheeltec_ros2/src/build/wheeltec_robot_keyboard/build/lib/wheeltec_robot_keyboard/__init__.py -> /home/wheeltec/wheeltec_ros2/src/install/wheeltec_robot_keyboard/lib/python3.8/site-packages/wheeltec_robot_keyboard
[9.710s] copying /home/wheeltec/wheeltec_ros2/src/build/wheeltec_robot_keyboard/build/lib/wheeltec_robot_keyboard/wheeltec_keyboard.py -> /home/wheeltec/wheeltec_ros2/src/install/wheeltec_robot_keyboard/lib/python3.8/site-packages/wheeltec_robot_keyboard
[9.716s] byte-compiling /home/wheeltec/wheeltec_ros2/src/install/wheeltec_robot_keyboard/lib/python3.8/site-packages/wheeltec_robot_keyboard/__init__.py to __init__.cpython-38.pyc
[9.718s] byte-compiling /home/wheeltec/wheeltec_ros2/src/install/wheeltec_robot_keyboard/lib/python3.8/site-packages/wheeltec_robot_keyboard/wheeltec_keyboard.py to wheeltec_keyboard.cpython-38.pyc
[9.720s] running install_data
[9.722s] creating /home/wheeltec/wheeltec_ros2/src/install/wheeltec_robot_keyboard/share/ament_index
[9.723s] creating /home/wheeltec/wheeltec_ros2/src/install/wheeltec_robot_keyboard/share/ament_index/resource_index
[9.725s] creating /home/wheeltec/wheeltec_ros2/src/install/wheeltec_robot_keyboard/share/ament_index/resource_index/packages
[9.726s] copying resource/wheeltec_robot_keyboard -> /home/wheeltec/wheeltec_ros2/src/install/wheeltec_robot_keyboard/share/ament_index/resource_index/packages
[9.728s] copying package.xml -> /home/wheeltec/wheeltec_ros2/src/install/wheeltec_robot_keyboard/share/wheeltec_robot_keyboard
[9.731s] running install_egg_info
[9.807s] Copying ../build/wheeltec_robot_keyboard/wheeltec_robot_keyboard.egg-info to /home/wheeltec/wheeltec_ros2/src/install/wheeltec_robot_keyboard/lib/python3.8/site-packages/wheeltec_robot_keyboard-2.0.1-py3.8.egg-info
[9.811s] running install_scripts
[10.212s] Installing wheeltec_keyboard script to /home/wheeltec/wheeltec_ros2/src/install/wheeltec_robot_keyboard/lib/wheeltec_robot_keyboard
[10.213s] writing list of installed files to '/home/wheeltec/wheeltec_ros2/src/build/wheeltec_robot_keyboard/install.log'
[10.375s] Invoked command in '/home/wheeltec/wheeltec_ros2/src/wheeltec_robot_keyboard' returned '0': PYTHONPATH=/home/wheeltec/wheeltec_ros2/src/build/wheeltec_robot_keyboard/prefix_override:/usr/lib/python3/dist-packages/colcon_core/task/python/colcon_distutils_commands:/home/wheeltec/wheeltec_ros2/src/install/wheeltec_robot_keyboard/lib/python3.8/site-packages:${PYTHONPATH} /usr/bin/python3 -W ignore:setup.py install is deprecated -W ignore:easy_install command is deprecated setup.py egg_info --egg-base ../build/wheeltec_robot_keyboard build --build-base /home/wheeltec/wheeltec_ros2/src/build/wheeltec_robot_keyboard/build install --record /home/wheeltec/wheeltec_ros2/src/build/wheeltec_robot_keyboard/install.log --install-scripts $base/lib/wheeltec_robot_keyboard --single-version-externally-managed install_data
