[5.452s] Invoking command in '/home/wheeltec/wheeltec_ros2/src/teleop_twist_keyboard': PYTHONPATH=/home/wheeltec/wheeltec_ros2/src/build/teleop_twist_keyboard/prefix_override:/usr/lib/python3/dist-packages/colcon_core/task/python/colcon_distutils_commands:/home/wheeltec/wheeltec_ros2/src/install/teleop_twist_keyboard/lib/python3.8/site-packages:${PYTHONPATH} /usr/bin/python3 -W ignore:setup.py install is deprecated -W ignore:easy_install command is deprecated setup.py egg_info --egg-base ../build/teleop_twist_keyboard build --build-base /home/wheeltec/wheeltec_ros2/src/build/teleop_twist_keyboard/build install --record /home/wheeltec/wheeltec_ros2/src/build/teleop_twist_keyboard/install.log --single-version-externally-managed install_data
[7.555s] running egg_info
[7.559s] creating ../build/teleop_twist_keyboard/teleop_twist_keyboard.egg-info
[7.644s] writing ../build/teleop_twist_keyboard/teleop_twist_keyboard.egg-info/PKG-INFO
[7.646s] writing dependency_links to ../build/teleop_twist_keyboard/teleop_twist_keyboard.egg-info/dependency_links.txt
[7.648s] writing entry points to ../build/teleop_twist_keyboard/teleop_twist_keyboard.egg-info/entry_points.txt
[7.651s] writing requirements to ../build/teleop_twist_keyboard/teleop_twist_keyboard.egg-info/requires.txt
[7.651s] writing top-level names to ../build/teleop_twist_keyboard/teleop_twist_keyboard.egg-info/top_level.txt
[7.653s] writing manifest file '../build/teleop_twist_keyboard/teleop_twist_keyboard.egg-info/SOURCES.txt'
[7.821s] reading manifest file '../build/teleop_twist_keyboard/teleop_twist_keyboard.egg-info/SOURCES.txt'
[7.822s] adding license file 'LICENSE'
[7.826s] writing manifest file '../build/teleop_twist_keyboard/teleop_twist_keyboard.egg-info/SOURCES.txt'
[7.828s] running build
[7.828s] running build_py
[7.829s] creating /home/wheeltec/wheeltec_ros2/src/build/teleop_twist_keyboard/build
[7.829s] creating /home/wheeltec/wheeltec_ros2/src/build/teleop_twist_keyboard/build/lib
[7.830s] copying teleop_twist_keyboard.py -> /home/wheeltec/wheeltec_ros2/src/build/teleop_twist_keyboard/build/lib
[7.830s] running install
[7.854s] running install_lib
[7.941s] copying /home/wheeltec/wheeltec_ros2/src/build/teleop_twist_keyboard/build/lib/teleop_twist_keyboard.py -> /home/wheeltec/wheeltec_ros2/src/install/teleop_twist_keyboard/lib/python3.8/site-packages
[7.944s] byte-compiling /home/wheeltec/wheeltec_ros2/src/install/teleop_twist_keyboard/lib/python3.8/site-packages/teleop_twist_keyboard.py to teleop_twist_keyboard.cpython-38.pyc
[7.948s] running install_data
[7.951s] creating /home/wheeltec/wheeltec_ros2/src/install/teleop_twist_keyboard/share/ament_index
[7.951s] creating /home/wheeltec/wheeltec_ros2/src/install/teleop_twist_keyboard/share/ament_index/resource_index
[7.952s] creating /home/wheeltec/wheeltec_ros2/src/install/teleop_twist_keyboard/share/ament_index/resource_index/packages
[7.952s] copying resource/teleop_twist_keyboard -> /home/wheeltec/wheeltec_ros2/src/install/teleop_twist_keyboard/share/ament_index/resource_index/packages
[7.953s] copying package.xml -> /home/wheeltec/wheeltec_ros2/src/install/teleop_twist_keyboard/share/teleop_twist_keyboard
[7.954s] running install_egg_info
[8.041s] Copying ../build/teleop_twist_keyboard/teleop_twist_keyboard.egg-info to /home/wheeltec/wheeltec_ros2/src/install/teleop_twist_keyboard/lib/python3.8/site-packages/teleop_twist_keyboard-2.4.0-py3.8.egg-info
[8.047s] running install_scripts
[8.500s] Installing teleop_twist_keyboard script to /home/wheeltec/wheeltec_ros2/src/install/teleop_twist_keyboard/lib/teleop_twist_keyboard
[8.502s] writing list of installed files to '/home/wheeltec/wheeltec_ros2/src/build/teleop_twist_keyboard/install.log'
[8.672s] Invoked command in '/home/wheeltec/wheeltec_ros2/src/teleop_twist_keyboard' returned '0': PYTHONPATH=/home/wheeltec/wheeltec_ros2/src/build/teleop_twist_keyboard/prefix_override:/usr/lib/python3/dist-packages/colcon_core/task/python/colcon_distutils_commands:/home/wheeltec/wheeltec_ros2/src/install/teleop_twist_keyboard/lib/python3.8/site-packages:${PYTHONPATH} /usr/bin/python3 -W ignore:setup.py install is deprecated -W ignore:easy_install command is deprecated setup.py egg_info --egg-base ../build/teleop_twist_keyboard build --build-base /home/wheeltec/wheeltec_ros2/src/build/teleop_twist_keyboard/build install --record /home/wheeltec/wheeltec_ros2/src/build/teleop_twist_keyboard/install.log --single-version-externally-managed install_data
