[0.119s] Invoking command in '/home/wheeltec/wheeltec_ros2/src/build/pcl_ros': AMENT_PREFIX_PATH=/home/wheeltec/wheeltec_ros2/src/install/pcl_conversions CMAKE_PREFIX_PATH=/home/wheeltec/wheeltec_ros2/src/install/pcl_conversions /usr/bin/cmake --build /home/wheeltec/wheeltec_ros2/src/build/pcl_ros -- -j4 -l4
[0.897s] [100%] Built target pcl_ros_tf
[1.010s] Invoked command in '/home/wheeltec/wheeltec_ros2/src/build/pcl_ros' returned '0': AMENT_PREFIX_PATH=/home/wheeltec/wheeltec_ros2/src/install/pcl_conversions CMAKE_PREFIX_PATH=/home/wheeltec/wheeltec_ros2/src/install/pcl_conversions /usr/bin/cmake --build /home/wheeltec/wheeltec_ros2/src/build/pcl_ros -- -j4 -l4
[1.025s] Invoking command in '/home/wheeltec/wheeltec_ros2/src/build/pcl_ros': AMENT_PREFIX_PATH=/home/wheeltec/wheeltec_ros2/src/install/pcl_conversions CMAKE_PREFIX_PATH=/home/wheeltec/wheeltec_ros2/src/install/pcl_conversions /usr/bin/cmake --install /home/wheeltec/wheeltec_ros2/src/build/pcl_ros
[1.126s] -- Install configuration: ""
[1.133s] -- Up-to-date: /home/wheeltec/wheeltec_ros2/src/install/pcl_ros/include
[1.135s] -- Up-to-date: /home/wheeltec/wheeltec_ros2/src/install/pcl_ros/include/pcl_ros
[1.135s] -- Up-to-date: /home/wheeltec/wheeltec_ros2/src/install/pcl_ros/include/pcl_ros/io
[1.136s] -- Up-to-date: /home/wheeltec/wheeltec_ros2/src/install/pcl_ros/include/pcl_ros/io/pcd_io.hpp
[1.137s] -- Up-to-date: /home/wheeltec/wheeltec_ros2/src/install/pcl_ros/include/pcl_ros/io/concatenate_data.hpp
[1.137s] -- Up-to-date: /home/wheeltec/wheeltec_ros2/src/install/pcl_ros/include/pcl_ros/io/concatenate_fields.hpp
[1.138s] -- Up-to-date: /home/wheeltec/wheeltec_ros2/src/install/pcl_ros/include/pcl_ros/io/bag_io.hpp
[1.138s] -- Up-to-date: /home/wheeltec/wheeltec_ros2/src/install/pcl_ros/include/pcl_ros/point_cloud.hpp
[1.138s] -- Up-to-date: /home/wheeltec/wheeltec_ros2/src/install/pcl_ros/include/pcl_ros/filters
[1.139s] -- Up-to-date: /home/wheeltec/wheeltec_ros2/src/install/pcl_ros/include/pcl_ros/filters/statistical_outlier_removal.hpp
[1.140s] -- Up-to-date: /home/wheeltec/wheeltec_ros2/src/install/pcl_ros/include/pcl_ros/filters/extract_indices.hpp
[1.140s] -- Up-to-date: /home/wheeltec/wheeltec_ros2/src/install/pcl_ros/include/pcl_ros/filters/radius_outlier_removal.hpp
[1.141s] -- Up-to-date: /home/wheeltec/wheeltec_ros2/src/install/pcl_ros/include/pcl_ros/filters/voxel_grid.hpp
[1.141s] -- Up-to-date: /home/wheeltec/wheeltec_ros2/src/install/pcl_ros/include/pcl_ros/filters/passthrough.hpp
[1.142s] -- Up-to-date: /home/wheeltec/wheeltec_ros2/src/install/pcl_ros/include/pcl_ros/filters/project_inliers.hpp
[1.142s] -- Up-to-date: /home/wheeltec/wheeltec_ros2/src/install/pcl_ros/include/pcl_ros/filters/crop_box.hpp
[1.143s] -- Up-to-date: /home/wheeltec/wheeltec_ros2/src/install/pcl_ros/include/pcl_ros/filters/filter.hpp
[1.153s] -- Up-to-date: /home/wheeltec/wheeltec_ros2/src/install/pcl_ros/include/pcl_ros/features
[1.157s] -- Up-to-date: /home/wheeltec/wheeltec_ros2/src/install/pcl_ros/include/pcl_ros/features/boundary.hpp
[1.164s] -- Up-to-date: /home/wheeltec/wheeltec_ros2/src/install/pcl_ros/include/pcl_ros/features/vfh.hpp
[1.165s] -- Up-to-date: /home/wheeltec/wheeltec_ros2/src/install/pcl_ros/include/pcl_ros/features/pfh.hpp
[1.174s] -- Up-to-date: /home/wheeltec/wheeltec_ros2/src/install/pcl_ros/include/pcl_ros/features/shot_omp.hpp
[1.185s] -- Up-to-date: /home/wheeltec/wheeltec_ros2/src/install/pcl_ros/include/pcl_ros/features/normal_3d_tbb.hpp
[1.186s] -- Up-to-date: /home/wheeltec/wheeltec_ros2/src/install/pcl_ros/include/pcl_ros/features/fpfh_omp.hpp
[1.187s] -- Up-to-date: /home/wheeltec/wheeltec_ros2/src/install/pcl_ros/include/pcl_ros/features/feature.hpp
[1.191s] -- Up-to-date: /home/wheeltec/wheeltec_ros2/src/install/pcl_ros/include/pcl_ros/features/shot.hpp
[1.192s] -- Up-to-date: /home/wheeltec/wheeltec_ros2/src/install/pcl_ros/include/pcl_ros/features/fpfh.hpp
[1.193s] -- Up-to-date: /home/wheeltec/wheeltec_ros2/src/install/pcl_ros/include/pcl_ros/features/principal_curvatures.hpp
[1.195s] -- Up-to-date: /home/wheeltec/wheeltec_ros2/src/install/pcl_ros/include/pcl_ros/features/normal_3d_omp.hpp
[1.197s] -- Up-to-date: /home/wheeltec/wheeltec_ros2/src/install/pcl_ros/include/pcl_ros/features/normal_3d.hpp
[1.198s] -- Up-to-date: /home/wheeltec/wheeltec_ros2/src/install/pcl_ros/include/pcl_ros/features/moment_invariants.hpp
[1.198s] -- Up-to-date: /home/wheeltec/wheeltec_ros2/src/install/pcl_ros/include/pcl_ros/impl
[1.199s] -- Up-to-date: /home/wheeltec/wheeltec_ros2/src/install/pcl_ros/include/pcl_ros/impl/transforms.hpp
[1.199s] -- Up-to-date: /home/wheeltec/wheeltec_ros2/src/install/pcl_ros/include/pcl_ros/publisher.hpp
[1.200s] -- Up-to-date: /home/wheeltec/wheeltec_ros2/src/install/pcl_ros/include/pcl_ros/surface
[1.208s] -- Up-to-date: /home/wheeltec/wheeltec_ros2/src/install/pcl_ros/include/pcl_ros/surface/convex_hull.hpp
[1.209s] -- Up-to-date: /home/wheeltec/wheeltec_ros2/src/install/pcl_ros/include/pcl_ros/surface/moving_least_squares.hpp
[1.209s] -- Up-to-date: /home/wheeltec/wheeltec_ros2/src/install/pcl_ros/include/pcl_ros/pcl_nodelet.hpp
[1.210s] -- Up-to-date: /home/wheeltec/wheeltec_ros2/src/install/pcl_ros/include/pcl_ros/transforms.hpp
[1.210s] -- Up-to-date: /home/wheeltec/wheeltec_ros2/src/install/pcl_ros/include/pcl_ros/segmentation
[1.216s] -- Up-to-date: /home/wheeltec/wheeltec_ros2/src/install/pcl_ros/include/pcl_ros/segmentation/segment_differences.hpp
[1.218s] -- Up-to-date: /home/wheeltec/wheeltec_ros2/src/install/pcl_ros/include/pcl_ros/segmentation/sac_segmentation.hpp
[1.218s] -- Up-to-date: /home/wheeltec/wheeltec_ros2/src/install/pcl_ros/include/pcl_ros/segmentation/extract_clusters.hpp
[1.219s] -- Up-to-date: /home/wheeltec/wheeltec_ros2/src/install/pcl_ros/include/pcl_ros/segmentation/extract_polygonal_prism_data.hpp
[1.219s] -- Up-to-date: /home/wheeltec/wheeltec_ros2/src/install/pcl_ros/lib/libpcl_ros_tf.so
[1.220s] -- Up-to-date: /home/wheeltec/wheeltec_ros2/src/install/pcl_ros/share/pcl_ros/plugins
[1.220s] -- Up-to-date: /home/wheeltec/wheeltec_ros2/src/install/pcl_ros/share/pcl_ros/plugins/nodelet
[1.221s] -- Up-to-date: /home/wheeltec/wheeltec_ros2/src/install/pcl_ros/share/pcl_ros/plugins/nodelet/libpcl_ros_io.xml
[1.221s] -- Up-to-date: /home/wheeltec/wheeltec_ros2/src/install/pcl_ros/share/pcl_ros/plugins/nodelet/libpcl_ros_features.xml
[1.222s] -- Up-to-date: /home/wheeltec/wheeltec_ros2/src/install/pcl_ros/share/pcl_ros/plugins/nodelet/libpcl_ros_segmentation.xml
[1.238s] -- Up-to-date: /home/wheeltec/wheeltec_ros2/src/install/pcl_ros/share/pcl_ros/plugins/nodelet/libpcl_ros_surface.xml
[1.239s] -- Up-to-date: /home/wheeltec/wheeltec_ros2/src/install/pcl_ros/share/pcl_ros/plugins/nodelet/libpcl_ros_filters.xml
[1.239s] -- Up-to-date: /home/wheeltec/wheeltec_ros2/src/install/pcl_ros/share/pcl_ros/samples
[1.240s] -- Up-to-date: /home/wheeltec/wheeltec_ros2/src/install/pcl_ros/share/pcl_ros/samples/pcl_ros
[1.240s] -- Up-to-date: /home/wheeltec/wheeltec_ros2/src/install/pcl_ros/share/pcl_ros/samples/pcl_ros/io
[1.241s] -- Up-to-date: /home/wheeltec/wheeltec_ros2/src/install/pcl_ros/share/pcl_ros/samples/pcl_ros/io/sample_concatenate_data.launch
[1.241s] -- Up-to-date: /home/wheeltec/wheeltec_ros2/src/install/pcl_ros/share/pcl_ros/samples/pcl_ros/filters
[1.242s] -- Up-to-date: /home/wheeltec/wheeltec_ros2/src/install/pcl_ros/share/pcl_ros/samples/pcl_ros/filters/config
[1.242s] -- Up-to-date: /home/wheeltec/wheeltec_ros2/src/install/pcl_ros/share/pcl_ros/samples/pcl_ros/filters/config/statistical_outlier_removal.rviz
[1.243s] -- Up-to-date: /home/wheeltec/wheeltec_ros2/src/install/pcl_ros/share/pcl_ros/samples/pcl_ros/filters/config/voxel_grid.rviz
[1.243s] -- Up-to-date: /home/wheeltec/wheeltec_ros2/src/install/pcl_ros/share/pcl_ros/samples/pcl_ros/filters/sample_voxel_grid.launch
[1.244s] -- Up-to-date: /home/wheeltec/wheeltec_ros2/src/install/pcl_ros/share/pcl_ros/samples/pcl_ros/filters/sample_statistical_outlier_removal.launch
[1.244s] -- Up-to-date: /home/wheeltec/wheeltec_ros2/src/install/pcl_ros/share/pcl_ros/samples/pcl_ros/features
[1.245s] -- Up-to-date: /home/wheeltec/wheeltec_ros2/src/install/pcl_ros/share/pcl_ros/samples/pcl_ros/features/sample_normal_3d.launch
[1.245s] -- Up-to-date: /home/wheeltec/wheeltec_ros2/src/install/pcl_ros/share/pcl_ros/samples/pcl_ros/surface
[1.254s] -- Up-to-date: /home/wheeltec/wheeltec_ros2/src/install/pcl_ros/share/pcl_ros/samples/pcl_ros/surface/sample_convex_hull.launch
[1.254s] -- Up-to-date: /home/wheeltec/wheeltec_ros2/src/install/pcl_ros/share/pcl_ros/samples/pcl_ros/segmentation
[1.255s] -- Up-to-date: /home/wheeltec/wheeltec_ros2/src/install/pcl_ros/share/pcl_ros/samples/pcl_ros/segmentation/sample_extract_clusters.launch
[1.255s] -- Up-to-date: /home/wheeltec/wheeltec_ros2/src/install/pcl_ros/share/pcl_ros/samples/data
[1.255s] -- Up-to-date: /home/wheeltec/wheeltec_ros2/src/install/pcl_ros/share/pcl_ros/samples/data/.gitignore
[1.256s] -- Up-to-date: /home/wheeltec/wheeltec_ros2/src/install/pcl_ros/share/pcl_ros/environment/library_path.sh
[1.257s] -- Up-to-date: /home/wheeltec/wheeltec_ros2/src/install/pcl_ros/share/pcl_ros/environment/library_path.dsv
[1.262s] -- Up-to-date: /home/wheeltec/wheeltec_ros2/src/install/pcl_ros/share/ament_index/resource_index/package_run_dependencies/pcl_ros
[1.262s] -- Up-to-date: /home/wheeltec/wheeltec_ros2/src/install/pcl_ros/share/ament_index/resource_index/parent_prefix_path/pcl_ros
[1.263s] -- Up-to-date: /home/wheeltec/wheeltec_ros2/src/install/pcl_ros/share/pcl_ros/environment/ament_prefix_path.sh
[1.263s] -- Up-to-date: /home/wheeltec/wheeltec_ros2/src/install/pcl_ros/share/pcl_ros/environment/ament_prefix_path.dsv
[1.264s] -- Up-to-date: /home/wheeltec/wheeltec_ros2/src/install/pcl_ros/share/pcl_ros/environment/path.sh
[1.265s] -- Up-to-date: /home/wheeltec/wheeltec_ros2/src/install/pcl_ros/share/pcl_ros/environment/path.dsv
[1.266s] -- Up-to-date: /home/wheeltec/wheeltec_ros2/src/install/pcl_ros/share/pcl_ros/local_setup.bash
[1.266s] -- Up-to-date: /home/wheeltec/wheeltec_ros2/src/install/pcl_ros/share/pcl_ros/local_setup.sh
[1.267s] -- Up-to-date: /home/wheeltec/wheeltec_ros2/src/install/pcl_ros/share/pcl_ros/local_setup.zsh
[1.267s] -- Up-to-date: /home/wheeltec/wheeltec_ros2/src/install/pcl_ros/share/pcl_ros/local_setup.dsv
[1.267s] -- Installing: /home/wheeltec/wheeltec_ros2/src/install/pcl_ros/share/pcl_ros/package.dsv
[1.268s] -- Up-to-date: /home/wheeltec/wheeltec_ros2/src/install/pcl_ros/share/ament_index/resource_index/packages/pcl_ros
[1.268s] -- Up-to-date: /home/wheeltec/wheeltec_ros2/src/install/pcl_ros/share/pcl_ros/cmake/export_pcl_rosExport.cmake
[1.269s] -- Up-to-date: /home/wheeltec/wheeltec_ros2/src/install/pcl_ros/share/pcl_ros/cmake/export_pcl_rosExport-noconfig.cmake
[1.269s] -- Up-to-date: /home/wheeltec/wheeltec_ros2/src/install/pcl_ros/share/pcl_ros/cmake/ament_cmake_export_include_directories-extras.cmake
[1.270s] -- Up-to-date: /home/wheeltec/wheeltec_ros2/src/install/pcl_ros/share/pcl_ros/cmake/ament_cmake_export_libraries-extras.cmake
[1.270s] -- Up-to-date: /home/wheeltec/wheeltec_ros2/src/install/pcl_ros/share/pcl_ros/cmake/ament_cmake_export_dependencies-extras.cmake
[1.270s] -- Up-to-date: /home/wheeltec/wheeltec_ros2/src/install/pcl_ros/share/pcl_ros/cmake/ament_cmake_export_targets-extras.cmake
[1.271s] -- Up-to-date: /home/wheeltec/wheeltec_ros2/src/install/pcl_ros/share/pcl_ros/cmake/pcl_rosConfig.cmake
[1.271s] -- Up-to-date: /home/wheeltec/wheeltec_ros2/src/install/pcl_ros/share/pcl_ros/cmake/pcl_rosConfig-version.cmake
[1.272s] -- Up-to-date: /home/wheeltec/wheeltec_ros2/src/install/pcl_ros/share/pcl_ros/package.xml
[1.289s] Invoked command in '/home/wheeltec/wheeltec_ros2/src/build/pcl_ros' returned '0': AMENT_PREFIX_PATH=/home/wheeltec/wheeltec_ros2/src/install/pcl_conversions CMAKE_PREFIX_PATH=/home/wheeltec/wheeltec_ros2/src/install/pcl_conversions /usr/bin/cmake --install /home/wheeltec/wheeltec_ros2/src/build/pcl_ros
