[0.192s] Invoking command in '/home/wheeltec/wheeltec_ros2/src/build/nav_2d_msgs': CMAKE_PREFIX_PATH=${CMAKE_PREFIX_PATH}:/home/wheeltec/wheeltec_ros2/install/simple_follower_ros2:/home/wheeltec/wheeltec_ros2/install/wheeltec_robot_keyboard:/home/wheeltec/wheeltec_ros2/install/tf2_tools:/home/wheeltec/wheeltec_ros2/install/teleop_twist_keyboard:/home/wheeltec/wheeltec_ros2/install/nav2_simple_commander:/home/wheeltec/wheeltec_ros2/install/nav2_gazebo_spawner:/home/wheeltec/wheeltec_ros2/install/ldlidar_sl_ros2:/home/wheeltec/wheeltec_ros2/install/keyboard_control_emer:/opt/ros/galactic /usr/bin/cmake /home/wheeltec/wheeltec_ros2/src/navigation2-galactic/nav2_dwb_controller/nav_2d_msgs -DCMAKE_INSTALL_PREFIX=/home/wheeltec/wheeltec_ros2/src/install/nav_2d_msgs
[0.946s] -- The C compiler identification is GNU 9.4.0
[1.494s] -- The CXX compiler identification is GNU 9.4.0
[1.529s] -- Check for working C compiler: /usr/bin/cc
[2.017s] -- Check for working C compiler: /usr/bin/cc -- works
[2.022s] -- Detecting C compiler ABI info
[2.457s] -- Detecting C compiler ABI info - done
[2.516s] -- Detecting C compile features
[2.517s] -- Detecting C compile features - done
[2.527s] -- Check for working CXX compiler: /usr/bin/c++
[2.958s] -- Check for working CXX compiler: /usr/bin/c++ -- works
[2.964s] -- Detecting CXX compiler ABI info
[3.450s] -- Detecting CXX compiler ABI info - done
[3.508s] -- Detecting CXX compile features
[3.510s] -- Detecting CXX compile features - done
[3.554s] -- Found geometry_msgs: 2.2.4 (/opt/ros/galactic/share/geometry_msgs/cmake)
[3.776s] -- Found PythonInterp: /usr/bin/python3 (found suitable version "3.8.10", minimum required is "3") 
[3.777s] -- Using PYTHON_EXECUTABLE: /usr/bin/python3
[5.109s] -- Using all available rosidl_typesupport_c: rosidl_typesupport_fastrtps_c;rosidl_typesupport_introspection_c
[5.237s] -- Found rosidl_adapter: 2.2.3 (/opt/ros/galactic/share/rosidl_adapter/cmake)
[5.941s] -- Found OpenSSL: /usr/lib/aarch64-linux-gnu/libcrypto.so (found version "1.1.1f")  
[6.113s] -- Found FastRTPS: /opt/ros/galactic/include  
[6.776s] -- Using all available rosidl_typesupport_cpp: rosidl_typesupport_fastrtps_cpp;rosidl_typesupport_introspection_cpp
[7.342s] -- Found rosidl_default_generators: 1.1.1 (/opt/ros/galactic/share/rosidl_default_generators/cmake)
[7.618s] -- Found PythonInterp: /usr/bin/python3 (found version "3.8.10") 
[8.809s] -- Found ament_cmake_ros: 0.9.2 (/opt/ros/galactic/share/ament_cmake_ros/cmake)
[10.324s] -- Using all available rosidl_typesupport_c: rosidl_typesupport_fastrtps_c;rosidl_typesupport_introspection_c
[10.928s] -- Using all available rosidl_typesupport_cpp: rosidl_typesupport_fastrtps_cpp;rosidl_typesupport_introspection_cpp
[11.114s] -- Found PythonInterp: /usr/bin/python3 (found suitable version "3.8.10", minimum required is "3.5") 
[11.169s] -- Found python_cmake_module: 0.8.1 (/opt/ros/galactic/share/python_cmake_module/cmake)
[11.329s] -- Found PythonLibs: /usr/lib/aarch64-linux-gnu/libpython3.8.so (found suitable version "3.8.10", minimum required is "3.5") 
[11.330s] -- Using PYTHON_EXECUTABLE: /usr/bin/python3
[11.331s] -- Using PYTHON_INCLUDE_DIRS: /usr/include/python3.8
[11.331s] -- Using PYTHON_LIBRARIES: /usr/lib/aarch64-linux-gnu/libpython3.8.so
[11.449s] -- Found PythonExtra: .so  
[13.381s] -- Configuring done
[13.831s] -- Generating done
[14.062s] -- Build files have been written to: /home/wheeltec/wheeltec_ros2/src/build/nav_2d_msgs
[14.093s] Invoked command in '/home/wheeltec/wheeltec_ros2/src/build/nav_2d_msgs' returned '0': CMAKE_PREFIX_PATH=${CMAKE_PREFIX_PATH}:/home/wheeltec/wheeltec_ros2/install/simple_follower_ros2:/home/wheeltec/wheeltec_ros2/install/wheeltec_robot_keyboard:/home/wheeltec/wheeltec_ros2/install/tf2_tools:/home/wheeltec/wheeltec_ros2/install/teleop_twist_keyboard:/home/wheeltec/wheeltec_ros2/install/nav2_simple_commander:/home/wheeltec/wheeltec_ros2/install/nav2_gazebo_spawner:/home/wheeltec/wheeltec_ros2/install/ldlidar_sl_ros2:/home/wheeltec/wheeltec_ros2/install/keyboard_control_emer:/opt/ros/galactic /usr/bin/cmake /home/wheeltec/wheeltec_ros2/src/navigation2-galactic/nav2_dwb_controller/nav_2d_msgs -DCMAKE_INSTALL_PREFIX=/home/wheeltec/wheeltec_ros2/src/install/nav_2d_msgs
[14.096s] Invoking command in '/home/wheeltec/wheeltec_ros2/src/build/nav_2d_msgs': CMAKE_PREFIX_PATH=${CMAKE_PREFIX_PATH}:/home/wheeltec/wheeltec_ros2/install/simple_follower_ros2:/home/wheeltec/wheeltec_ros2/install/wheeltec_robot_keyboard:/home/wheeltec/wheeltec_ros2/install/tf2_tools:/home/wheeltec/wheeltec_ros2/install/teleop_twist_keyboard:/home/wheeltec/wheeltec_ros2/install/nav2_simple_commander:/home/wheeltec/wheeltec_ros2/install/nav2_gazebo_spawner:/home/wheeltec/wheeltec_ros2/install/ldlidar_sl_ros2:/home/wheeltec/wheeltec_ros2/install/keyboard_control_emer:/opt/ros/galactic /usr/bin/cmake --build /home/wheeltec/wheeltec_ros2/src/build/nav_2d_msgs -- -j4 -l4
[14.503s] [35m[1mScanning dependencies of target nav_2d_msgs__cpp[0m
[14.563s] [  1%] [34m[1mGenerating C code for ROS interfaces[0m
[14.578s] [  2%] [34m[1mGenerating C++ code for ROS interfaces[0m
[19.514s] [35m[1mScanning dependencies of target nav_2d_msgs__rosidl_generator_c[0m
[19.831s] [  4%] [32mBuilding C object CMakeFiles/nav_2d_msgs__rosidl_generator_c.dir/rosidl_generator_c/nav_2d_msgs/msg/detail/path2_d__functions.c.o[0m
[19.873s] [  5%] [32mBuilding C object CMakeFiles/nav_2d_msgs__rosidl_generator_c.dir/rosidl_generator_c/nav_2d_msgs/msg/detail/pose2_d32__functions.c.o[0m
[19.882s] [  7%] [32mBuilding C object CMakeFiles/nav_2d_msgs__rosidl_generator_c.dir/rosidl_generator_c/nav_2d_msgs/msg/detail/pose2_d_stamped__functions.c.o[0m
[19.912s] [  7%] Built target nav_2d_msgs__cpp
[20.160s] [  8%] [34m[1mGenerating C++ type support dispatch for ROS interfaces[0m
[20.424s] [  9%] [32mBuilding C object CMakeFiles/nav_2d_msgs__rosidl_generator_c.dir/rosidl_generator_c/nav_2d_msgs/msg/detail/twist2_d__functions.c.o[0m
[20.626s] [ 11%] [32mBuilding C object CMakeFiles/nav_2d_msgs__rosidl_generator_c.dir/rosidl_generator_c/nav_2d_msgs/msg/detail/twist2_d32__functions.c.o[0m
[20.702s] [ 12%] [34m[1mGenerating C++ introspection for ROS interfaces[0m
[21.070s] [ 14%] [34m[1mGenerating C++ type support for eProsima Fast-RTPS[0m
[21.073s] [ 15%] [32mBuilding C object CMakeFiles/nav_2d_msgs__rosidl_generator_c.dir/rosidl_generator_c/nav_2d_msgs/msg/detail/twist2_d_stamped__functions.c.o[0m
[21.714s] [ 16%] [32m[1mLinking C shared library libnav_2d_msgs__rosidl_generator_c.so[0m
[22.472s] [ 16%] Built target nav_2d_msgs__rosidl_generator_c
[22.714s] [ 18%] [34m[1mGenerating C type support dispatch for ROS interfaces[0m
[24.638s] [35m[1mScanning dependencies of target nav_2d_msgs__rosidl_typesupport_cpp[0m
[24.944s] [ 19%] [32mBuilding CXX object CMakeFiles/nav_2d_msgs__rosidl_typesupport_cpp.dir/rosidl_typesupport_cpp/nav_2d_msgs/msg/path2_d__type_support.cpp.o[0m
[27.422s] [35m[1mScanning dependencies of target nav_2d_msgs__rosidl_typesupport_fastrtps_cpp[0m
[27.475s] [35m[1mScanning dependencies of target nav_2d_msgs__rosidl_typesupport_introspection_cpp[0m
[27.757s] [ 21%] [32mBuilding CXX object CMakeFiles/nav_2d_msgs__rosidl_typesupport_fastrtps_cpp.dir/rosidl_typesupport_fastrtps_cpp/nav_2d_msgs/msg/detail/dds_fastrtps/path2_d__type_support.cpp.o[0m
[27.779s] [ 22%] [32mBuilding CXX object CMakeFiles/nav_2d_msgs__rosidl_typesupport_introspection_cpp.dir/rosidl_typesupport_introspection_cpp/nav_2d_msgs/msg/detail/path2_d__type_support.cpp.o[0m
[27.802s] [35m[1mScanning dependencies of target nav_2d_msgs__rosidl_typesupport_c[0m
[28.064s] [ 23%] [32mBuilding CXX object CMakeFiles/nav_2d_msgs__rosidl_typesupport_c.dir/rosidl_typesupport_c/nav_2d_msgs/msg/path2_d__type_support.cpp.o[0m
[28.523s] [ 25%] [32mBuilding CXX object CMakeFiles/nav_2d_msgs__rosidl_typesupport_cpp.dir/rosidl_typesupport_cpp/nav_2d_msgs/msg/pose2_d32__type_support.cpp.o[0m
[28.547s] [ 26%] [32mBuilding CXX object CMakeFiles/nav_2d_msgs__rosidl_typesupport_c.dir/rosidl_typesupport_c/nav_2d_msgs/msg/pose2_d32__type_support.cpp.o[0m
[29.103s] [ 28%] [32mBuilding CXX object CMakeFiles/nav_2d_msgs__rosidl_typesupport_c.dir/rosidl_typesupport_c/nav_2d_msgs/msg/pose2_d_stamped__type_support.cpp.o[0m
[29.579s] [ 29%] [32mBuilding CXX object CMakeFiles/nav_2d_msgs__rosidl_typesupport_c.dir/rosidl_typesupport_c/nav_2d_msgs/msg/twist2_d__type_support.cpp.o[0m
[30.011s] [ 30%] [32mBuilding CXX object CMakeFiles/nav_2d_msgs__rosidl_typesupport_c.dir/rosidl_typesupport_c/nav_2d_msgs/msg/twist2_d32__type_support.cpp.o[0m
[30.403s] [ 32%] [32mBuilding CXX object CMakeFiles/nav_2d_msgs__rosidl_typesupport_c.dir/rosidl_typesupport_c/nav_2d_msgs/msg/twist2_d_stamped__type_support.cpp.o[0m
[30.855s] [ 33%] [32m[1mLinking CXX shared library libnav_2d_msgs__rosidl_typesupport_c.so[0m
[31.543s] [ 35%] [32mBuilding CXX object CMakeFiles/nav_2d_msgs__rosidl_typesupport_introspection_cpp.dir/rosidl_typesupport_introspection_cpp/nav_2d_msgs/msg/detail/pose2_d32__type_support.cpp.o[0m
[31.544s] [ 35%] Built target nav_2d_msgs__rosidl_typesupport_c
[31.846s] [ 36%] [32mBuilding CXX object CMakeFiles/nav_2d_msgs__rosidl_typesupport_cpp.dir/rosidl_typesupport_cpp/nav_2d_msgs/msg/pose2_d_stamped__type_support.cpp.o[0m
[32.468s] [ 38%] [32mBuilding CXX object CMakeFiles/nav_2d_msgs__rosidl_typesupport_fastrtps_cpp.dir/rosidl_typesupport_fastrtps_cpp/nav_2d_msgs/msg/detail/dds_fastrtps/pose2_d32__type_support.cpp.o[0m
[33.639s] [ 39%] [32mBuilding CXX object CMakeFiles/nav_2d_msgs__rosidl_typesupport_introspection_cpp.dir/rosidl_typesupport_introspection_cpp/nav_2d_msgs/msg/detail/pose2_d_stamped__type_support.cpp.o[0m
[34.050s] [ 40%] [32mBuilding CXX object CMakeFiles/nav_2d_msgs__rosidl_typesupport_cpp.dir/rosidl_typesupport_cpp/nav_2d_msgs/msg/twist2_d__type_support.cpp.o[0m
[35.522s] [ 42%] [32mBuilding CXX object CMakeFiles/nav_2d_msgs__rosidl_typesupport_fastrtps_cpp.dir/rosidl_typesupport_fastrtps_cpp/nav_2d_msgs/msg/detail/dds_fastrtps/pose2_d_stamped__type_support.cpp.o[0m
[35.770s] [ 43%] [32mBuilding CXX object CMakeFiles/nav_2d_msgs__rosidl_typesupport_introspection_cpp.dir/rosidl_typesupport_introspection_cpp/nav_2d_msgs/msg/detail/twist2_d__type_support.cpp.o[0m
[36.209s] [ 45%] [32mBuilding CXX object CMakeFiles/nav_2d_msgs__rosidl_typesupport_cpp.dir/rosidl_typesupport_cpp/nav_2d_msgs/msg/twist2_d32__type_support.cpp.o[0m
[37.839s] [ 46%] [32mBuilding CXX object CMakeFiles/nav_2d_msgs__rosidl_typesupport_fastrtps_cpp.dir/rosidl_typesupport_fastrtps_cpp/nav_2d_msgs/msg/detail/dds_fastrtps/twist2_d__type_support.cpp.o[0m
[37.867s] [ 47%] [32mBuilding CXX object CMakeFiles/nav_2d_msgs__rosidl_typesupport_introspection_cpp.dir/rosidl_typesupport_introspection_cpp/nav_2d_msgs/msg/detail/twist2_d32__type_support.cpp.o[0m
[38.236s] [ 49%] [32mBuilding CXX object CMakeFiles/nav_2d_msgs__rosidl_typesupport_cpp.dir/rosidl_typesupport_cpp/nav_2d_msgs/msg/twist2_d_stamped__type_support.cpp.o[0m
[39.667s] [ 50%] [32mBuilding CXX object CMakeFiles/nav_2d_msgs__rosidl_typesupport_introspection_cpp.dir/rosidl_typesupport_introspection_cpp/nav_2d_msgs/msg/detail/twist2_d_stamped__type_support.cpp.o[0m
[39.947s] [ 52%] [32m[1mLinking CXX shared library libnav_2d_msgs__rosidl_typesupport_cpp.so[0m
[40.442s] [ 52%] Built target nav_2d_msgs__rosidl_typesupport_cpp
[41.005s] [ 53%] [32mBuilding CXX object CMakeFiles/nav_2d_msgs__rosidl_typesupport_fastrtps_cpp.dir/rosidl_typesupport_fastrtps_cpp/nav_2d_msgs/msg/detail/dds_fastrtps/twist2_d32__type_support.cpp.o[0m
[41.591s] [ 54%] [32m[1mLinking CXX shared library libnav_2d_msgs__rosidl_typesupport_introspection_cpp.so[0m
[42.315s] [ 54%] Built target nav_2d_msgs__rosidl_typesupport_introspection_cpp
[43.361s] [ 56%] [32mBuilding CXX object CMakeFiles/nav_2d_msgs__rosidl_typesupport_fastrtps_cpp.dir/rosidl_typesupport_fastrtps_cpp/nav_2d_msgs/msg/detail/dds_fastrtps/twist2_d_stamped__type_support.cpp.o[0m
[45.232s] [ 57%] [32m[1mLinking CXX shared library libnav_2d_msgs__rosidl_typesupport_fastrtps_cpp.so[0m
[45.659s] [ 57%] Built target nav_2d_msgs__rosidl_typesupport_fastrtps_cpp
[45.744s] [ 59%] [34m[1mGenerating C introspection for ROS interfaces[0m
[48.369s] [35m[1mScanning dependencies of target nav_2d_msgs__rosidl_typesupport_introspection_c[0m
[48.511s] [ 60%] [32mBuilding C object CMakeFiles/nav_2d_msgs__rosidl_typesupport_introspection_c.dir/rosidl_typesupport_introspection_c/nav_2d_msgs/msg/detail/path2_d__type_support.c.o[0m
[48.681s] [ 61%] [32mBuilding C object CMakeFiles/nav_2d_msgs__rosidl_typesupport_introspection_c.dir/rosidl_typesupport_introspection_c/nav_2d_msgs/msg/detail/pose2_d_stamped__type_support.c.o[0m
[48.837s] [ 63%] [32mBuilding C object CMakeFiles/nav_2d_msgs__rosidl_typesupport_introspection_c.dir/rosidl_typesupport_introspection_c/nav_2d_msgs/msg/detail/twist2_d__type_support.c.o[0m
[48.992s] [ 64%] [32mBuilding C object CMakeFiles/nav_2d_msgs__rosidl_typesupport_introspection_c.dir/rosidl_typesupport_introspection_c/nav_2d_msgs/msg/detail/twist2_d32__type_support.c.o[0m
[49.188s] [ 66%] [32mBuilding C object CMakeFiles/nav_2d_msgs__rosidl_typesupport_introspection_c.dir/rosidl_typesupport_introspection_c/nav_2d_msgs/msg/detail/twist2_d_stamped__type_support.c.o[0m
[49.365s] [ 67%] [32mBuilding C object CMakeFiles/nav_2d_msgs__rosidl_typesupport_introspection_c.dir/rosidl_typesupport_introspection_c/nav_2d_msgs/msg/detail/pose2_d32__type_support.c.o[0m
[49.542s] [ 69%] [32m[1mLinking C shared library libnav_2d_msgs__rosidl_typesupport_introspection_c.so[0m
[49.731s] [ 69%] Built target nav_2d_msgs__rosidl_typesupport_introspection_c
[49.806s] [ 70%] [34m[1mGenerating C type support for eProsima Fast-RTPS[0m
[52.373s] [35m[1mScanning dependencies of target nav_2d_msgs__rosidl_typesupport_fastrtps_c[0m
[52.579s] [ 71%] [32mBuilding CXX object CMakeFiles/nav_2d_msgs__rosidl_typesupport_fastrtps_c.dir/rosidl_typesupport_fastrtps_c/nav_2d_msgs/msg/detail/path2_d__type_support_c.cpp.o[0m
[54.236s] [ 73%] [32mBuilding CXX object CMakeFiles/nav_2d_msgs__rosidl_typesupport_fastrtps_c.dir/rosidl_typesupport_fastrtps_c/nav_2d_msgs/msg/detail/twist2_d__type_support_c.cpp.o[0m
[55.826s] [ 74%] [32mBuilding CXX object CMakeFiles/nav_2d_msgs__rosidl_typesupport_fastrtps_c.dir/rosidl_typesupport_fastrtps_c/nav_2d_msgs/msg/detail/twist2_d32__type_support_c.cpp.o[0m
[57.450s] [ 76%] [32mBuilding CXX object CMakeFiles/nav_2d_msgs__rosidl_typesupport_fastrtps_c.dir/rosidl_typesupport_fastrtps_c/nav_2d_msgs/msg/detail/twist2_d_stamped__type_support_c.cpp.o[0m
[59.192s] [ 77%] [32mBuilding CXX object CMakeFiles/nav_2d_msgs__rosidl_typesupport_fastrtps_c.dir/rosidl_typesupport_fastrtps_c/nav_2d_msgs/msg/detail/pose2_d_stamped__type_support_c.cpp.o[0m
[60.783s] [ 78%] [32mBuilding CXX object CMakeFiles/nav_2d_msgs__rosidl_typesupport_fastrtps_c.dir/rosidl_typesupport_fastrtps_c/nav_2d_msgs/msg/detail/pose2_d32__type_support_c.cpp.o[0m
[62.440s] [ 80%] [32m[1mLinking CXX shared library libnav_2d_msgs__rosidl_typesupport_fastrtps_c.so[0m
[62.887s] [ 80%] Built target nav_2d_msgs__rosidl_typesupport_fastrtps_c
[62.945s] [35m[1mScanning dependencies of target nav_2d_msgs[0m
[63.025s] [ 80%] Built target nav_2d_msgs
[63.099s] [35m[1mScanning dependencies of target nav_2d_msgs__py[0m
[63.177s] [ 81%] [34m[1mGenerating Python code for ROS interfaces[0m
[68.056s] [ 81%] Built target nav_2d_msgs__py
[68.152s] [35m[1mScanning dependencies of target nav_2d_msgs__python[0m
[68.420s] [ 83%] [32mBuilding C object CMakeFiles/nav_2d_msgs__python.dir/rosidl_generator_py/nav_2d_msgs/msg/_path2_d_s.c.o[0m
[69.080s] [ 84%] [32mBuilding C object CMakeFiles/nav_2d_msgs__python.dir/rosidl_generator_py/nav_2d_msgs/msg/_twist2_d_s.c.o[0m
[69.665s] [ 85%] [32mBuilding C object CMakeFiles/nav_2d_msgs__python.dir/rosidl_generator_py/nav_2d_msgs/msg/_twist2_d32_s.c.o[0m
[70.189s] [ 87%] [32mBuilding C object CMakeFiles/nav_2d_msgs__python.dir/rosidl_generator_py/nav_2d_msgs/msg/_twist2_d_stamped_s.c.o[0m
[70.632s] [ 88%] [32mBuilding C object CMakeFiles/nav_2d_msgs__python.dir/rosidl_generator_py/nav_2d_msgs/msg/_pose2_d_stamped_s.c.o[0m
[71.089s] [ 90%] [32mBuilding C object CMakeFiles/nav_2d_msgs__python.dir/rosidl_generator_py/nav_2d_msgs/msg/_pose2_d32_s.c.o[0m
[71.628s] [ 91%] [32m[1mLinking C shared library rosidl_generator_py/nav_2d_msgs/libnav_2d_msgs__python.so[0m
[71.927s] [ 91%] Built target nav_2d_msgs__python
[72.000s] [35m[1mScanning dependencies of target nav_2d_msgs__rosidl_typesupport_introspection_c__pyext[0m
[72.149s] [ 92%] [32mBuilding C object CMakeFiles/nav_2d_msgs__rosidl_typesupport_introspection_c__pyext.dir/rosidl_generator_py/nav_2d_msgs/_nav_2d_msgs_s.ep.rosidl_typesupport_introspection_c.c.o[0m
[72.668s] [ 94%] [32m[1mLinking C shared library rosidl_generator_py/nav_2d_msgs/nav_2d_msgs_s__rosidl_typesupport_introspection_c.cpython-38-aarch64-linux-gnu.so[0m
[72.940s] [ 94%] Built target nav_2d_msgs__rosidl_typesupport_introspection_c__pyext
[73.023s] [35m[1mScanning dependencies of target nav_2d_msgs__rosidl_typesupport_c__pyext[0m
[73.189s] [ 95%] [32mBuilding C object CMakeFiles/nav_2d_msgs__rosidl_typesupport_c__pyext.dir/rosidl_generator_py/nav_2d_msgs/_nav_2d_msgs_s.ep.rosidl_typesupport_c.c.o[0m
[73.687s] [ 97%] [32m[1mLinking C shared library rosidl_generator_py/nav_2d_msgs/nav_2d_msgs_s__rosidl_typesupport_c.cpython-38-aarch64-linux-gnu.so[0m
[73.932s] [ 97%] Built target nav_2d_msgs__rosidl_typesupport_c__pyext
[74.004s] [35m[1mScanning dependencies of target nav_2d_msgs__rosidl_typesupport_fastrtps_c__pyext[0m
[74.214s] [ 98%] [32mBuilding C object CMakeFiles/nav_2d_msgs__rosidl_typesupport_fastrtps_c__pyext.dir/rosidl_generator_py/nav_2d_msgs/_nav_2d_msgs_s.ep.rosidl_typesupport_fastrtps_c.c.o[0m
[74.711s] [100%] [32m[1mLinking CXX shared library rosidl_generator_py/nav_2d_msgs/nav_2d_msgs_s__rosidl_typesupport_fastrtps_c.cpython-38-aarch64-linux-gnu.so[0m
[75.070s] [100%] Built target nav_2d_msgs__rosidl_typesupport_fastrtps_c__pyext
[75.170s] Invoked command in '/home/wheeltec/wheeltec_ros2/src/build/nav_2d_msgs' returned '0': CMAKE_PREFIX_PATH=${CMAKE_PREFIX_PATH}:/home/wheeltec/wheeltec_ros2/install/simple_follower_ros2:/home/wheeltec/wheeltec_ros2/install/wheeltec_robot_keyboard:/home/wheeltec/wheeltec_ros2/install/tf2_tools:/home/wheeltec/wheeltec_ros2/install/teleop_twist_keyboard:/home/wheeltec/wheeltec_ros2/install/nav2_simple_commander:/home/wheeltec/wheeltec_ros2/install/nav2_gazebo_spawner:/home/wheeltec/wheeltec_ros2/install/ldlidar_sl_ros2:/home/wheeltec/wheeltec_ros2/install/keyboard_control_emer:/opt/ros/galactic /usr/bin/cmake --build /home/wheeltec/wheeltec_ros2/src/build/nav_2d_msgs -- -j4 -l4
[75.174s] Invoking command in '/home/wheeltec/wheeltec_ros2/src/build/nav_2d_msgs': CMAKE_PREFIX_PATH=${CMAKE_PREFIX_PATH}:/home/wheeltec/wheeltec_ros2/install/simple_follower_ros2:/home/wheeltec/wheeltec_ros2/install/wheeltec_robot_keyboard:/home/wheeltec/wheeltec_ros2/install/tf2_tools:/home/wheeltec/wheeltec_ros2/install/teleop_twist_keyboard:/home/wheeltec/wheeltec_ros2/install/nav2_simple_commander:/home/wheeltec/wheeltec_ros2/install/nav2_gazebo_spawner:/home/wheeltec/wheeltec_ros2/install/ldlidar_sl_ros2:/home/wheeltec/wheeltec_ros2/install/keyboard_control_emer:/opt/ros/galactic /usr/bin/cmake --install /home/wheeltec/wheeltec_ros2/src/build/nav_2d_msgs
[75.237s] -- Install configuration: ""
[75.238s] -- Installing: /home/wheeltec/wheeltec_ros2/src/install/nav_2d_msgs/share/ament_index/resource_index/rosidl_interfaces/nav_2d_msgs
[75.239s] -- Installing: /home/wheeltec/wheeltec_ros2/src/install/nav_2d_msgs/include/nav_2d_msgs
[75.240s] -- Installing: /home/wheeltec/wheeltec_ros2/src/install/nav_2d_msgs/include/nav_2d_msgs/msg
[75.240s] -- Installing: /home/wheeltec/wheeltec_ros2/src/install/nav_2d_msgs/include/nav_2d_msgs/msg/twist2_d.h
[75.243s] -- Installing: /home/wheeltec/wheeltec_ros2/src/install/nav_2d_msgs/include/nav_2d_msgs/msg/path2_d.h
[75.243s] -- Installing: /home/wheeltec/wheeltec_ros2/src/install/nav_2d_msgs/include/nav_2d_msgs/msg/twist2_d32.h
[75.244s] -- Installing: /home/wheeltec/wheeltec_ros2/src/install/nav_2d_msgs/include/nav_2d_msgs/msg/detail
[75.244s] -- Installing: /home/wheeltec/wheeltec_ros2/src/install/nav_2d_msgs/include/nav_2d_msgs/msg/detail/twist2_d_stamped__functions.c
[75.246s] -- Installing: /home/wheeltec/wheeltec_ros2/src/install/nav_2d_msgs/include/nav_2d_msgs/msg/detail/twist2_d32__functions.c
[75.248s] -- Installing: /home/wheeltec/wheeltec_ros2/src/install/nav_2d_msgs/include/nav_2d_msgs/msg/detail/pose2_d_stamped__functions.h
[75.249s] -- Installing: /home/wheeltec/wheeltec_ros2/src/install/nav_2d_msgs/include/nav_2d_msgs/msg/detail/path2_d__functions.h
[75.251s] -- Installing: /home/wheeltec/wheeltec_ros2/src/install/nav_2d_msgs/include/nav_2d_msgs/msg/detail/twist2_d32__functions.h
[75.253s] -- Installing: /home/wheeltec/wheeltec_ros2/src/install/nav_2d_msgs/include/nav_2d_msgs/msg/detail/path2_d__type_support.h
[75.254s] -- Installing: /home/wheeltec/wheeltec_ros2/src/install/nav_2d_msgs/include/nav_2d_msgs/msg/detail/pose2_d_stamped__functions.c
[75.256s] -- Installing: /home/wheeltec/wheeltec_ros2/src/install/nav_2d_msgs/include/nav_2d_msgs/msg/detail/twist2_d__struct.h
[75.257s] -- Installing: /home/wheeltec/wheeltec_ros2/src/install/nav_2d_msgs/include/nav_2d_msgs/msg/detail/pose2_d32__functions.c
[75.259s] -- Installing: /home/wheeltec/wheeltec_ros2/src/install/nav_2d_msgs/include/nav_2d_msgs/msg/detail/twist2_d_stamped__struct.h
[75.260s] -- Installing: /home/wheeltec/wheeltec_ros2/src/install/nav_2d_msgs/include/nav_2d_msgs/msg/detail/twist2_d__functions.h
[75.262s] -- Installing: /home/wheeltec/wheeltec_ros2/src/install/nav_2d_msgs/include/nav_2d_msgs/msg/detail/pose2_d32__struct.h
[75.263s] -- Installing: /home/wheeltec/wheeltec_ros2/src/install/nav_2d_msgs/include/nav_2d_msgs/msg/detail/twist2_d32__type_support.h
[75.265s] -- Installing: /home/wheeltec/wheeltec_ros2/src/install/nav_2d_msgs/include/nav_2d_msgs/msg/detail/twist2_d_stamped__functions.h
[75.266s] -- Installing: /home/wheeltec/wheeltec_ros2/src/install/nav_2d_msgs/include/nav_2d_msgs/msg/detail/twist2_d__functions.c
[75.268s] -- Installing: /home/wheeltec/wheeltec_ros2/src/install/nav_2d_msgs/include/nav_2d_msgs/msg/detail/pose2_d_stamped__struct.h
[75.269s] -- Installing: /home/wheeltec/wheeltec_ros2/src/install/nav_2d_msgs/include/nav_2d_msgs/msg/detail/pose2_d_stamped__type_support.h
[75.271s] -- Installing: /home/wheeltec/wheeltec_ros2/src/install/nav_2d_msgs/include/nav_2d_msgs/msg/detail/path2_d__struct.h
[75.272s] -- Installing: /home/wheeltec/wheeltec_ros2/src/install/nav_2d_msgs/include/nav_2d_msgs/msg/detail/pose2_d32__functions.h
[75.274s] -- Installing: /home/wheeltec/wheeltec_ros2/src/install/nav_2d_msgs/include/nav_2d_msgs/msg/detail/pose2_d32__type_support.h
[75.276s] -- Installing: /home/wheeltec/wheeltec_ros2/src/install/nav_2d_msgs/include/nav_2d_msgs/msg/detail/twist2_d_stamped__type_support.h
[75.277s] -- Installing: /home/wheeltec/wheeltec_ros2/src/install/nav_2d_msgs/include/nav_2d_msgs/msg/detail/twist2_d__type_support.h
[75.279s] -- Installing: /home/wheeltec/wheeltec_ros2/src/install/nav_2d_msgs/include/nav_2d_msgs/msg/detail/twist2_d32__struct.h
[75.280s] -- Installing: /home/wheeltec/wheeltec_ros2/src/install/nav_2d_msgs/include/nav_2d_msgs/msg/detail/path2_d__functions.c
[75.282s] -- Installing: /home/wheeltec/wheeltec_ros2/src/install/nav_2d_msgs/include/nav_2d_msgs/msg/pose2_d_stamped.h
[75.283s] -- Installing: /home/wheeltec/wheeltec_ros2/src/install/nav_2d_msgs/include/nav_2d_msgs/msg/rosidl_generator_c__visibility_control.h
[75.285s] -- Installing: /home/wheeltec/wheeltec_ros2/src/install/nav_2d_msgs/include/nav_2d_msgs/msg/twist2_d_stamped.h
[75.287s] -- Installing: /home/wheeltec/wheeltec_ros2/src/install/nav_2d_msgs/include/nav_2d_msgs/msg/pose2_d32.h
[75.289s] -- Installing: /home/wheeltec/wheeltec_ros2/src/install/nav_2d_msgs/share/nav_2d_msgs/environment/library_path.sh
[75.290s] -- Installing: /home/wheeltec/wheeltec_ros2/src/install/nav_2d_msgs/share/nav_2d_msgs/environment/library_path.dsv
[75.292s] -- Installing: /home/wheeltec/wheeltec_ros2/src/install/nav_2d_msgs/lib/libnav_2d_msgs__rosidl_generator_c.so
[75.295s] -- Set runtime path of "/home/wheeltec/wheeltec_ros2/src/install/nav_2d_msgs/lib/libnav_2d_msgs__rosidl_generator_c.so" to ""
[75.296s] -- Up-to-date: /home/wheeltec/wheeltec_ros2/src/install/nav_2d_msgs/include/nav_2d_msgs
[75.297s] -- Up-to-date: /home/wheeltec/wheeltec_ros2/src/install/nav_2d_msgs/include/nav_2d_msgs/msg
[75.298s] -- Up-to-date: /home/wheeltec/wheeltec_ros2/src/install/nav_2d_msgs/include/nav_2d_msgs/msg/detail
[75.300s] -- Installing: /home/wheeltec/wheeltec_ros2/src/install/nav_2d_msgs/include/nav_2d_msgs/msg/detail/twist2_d32__rosidl_typesupport_fastrtps_c.h
[75.301s] -- Installing: /home/wheeltec/wheeltec_ros2/src/install/nav_2d_msgs/include/nav_2d_msgs/msg/detail/twist2_d__rosidl_typesupport_fastrtps_c.h
[75.302s] -- Installing: /home/wheeltec/wheeltec_ros2/src/install/nav_2d_msgs/include/nav_2d_msgs/msg/detail/twist2_d_stamped__rosidl_typesupport_fastrtps_c.h
[75.304s] -- Installing: /home/wheeltec/wheeltec_ros2/src/install/nav_2d_msgs/include/nav_2d_msgs/msg/detail/pose2_d32__rosidl_typesupport_fastrtps_c.h
[75.305s] -- Installing: /home/wheeltec/wheeltec_ros2/src/install/nav_2d_msgs/include/nav_2d_msgs/msg/detail/path2_d__rosidl_typesupport_fastrtps_c.h
[75.307s] -- Installing: /home/wheeltec/wheeltec_ros2/src/install/nav_2d_msgs/include/nav_2d_msgs/msg/detail/pose2_d_stamped__rosidl_typesupport_fastrtps_c.h
[75.309s] -- Installing: /home/wheeltec/wheeltec_ros2/src/install/nav_2d_msgs/include/nav_2d_msgs/msg/rosidl_typesupport_fastrtps_c__visibility_control.h
[75.310s] -- Installing: /home/wheeltec/wheeltec_ros2/src/install/nav_2d_msgs/lib/libnav_2d_msgs__rosidl_typesupport_fastrtps_c.so
[75.313s] -- Set runtime path of "/home/wheeltec/wheeltec_ros2/src/install/nav_2d_msgs/lib/libnav_2d_msgs__rosidl_typesupport_fastrtps_c.so" to ""
[75.314s] -- Up-to-date: /home/wheeltec/wheeltec_ros2/src/install/nav_2d_msgs/include/nav_2d_msgs
[75.315s] -- Up-to-date: /home/wheeltec/wheeltec_ros2/src/install/nav_2d_msgs/include/nav_2d_msgs/msg
[75.316s] -- Installing: /home/wheeltec/wheeltec_ros2/src/install/nav_2d_msgs/include/nav_2d_msgs/msg/rosidl_typesupport_fastrtps_cpp__visibility_control.h
[75.317s] -- Up-to-date: /home/wheeltec/wheeltec_ros2/src/install/nav_2d_msgs/include/nav_2d_msgs/msg/detail
[75.318s] -- Installing: /home/wheeltec/wheeltec_ros2/src/install/nav_2d_msgs/include/nav_2d_msgs/msg/detail/twist2_d32__rosidl_typesupport_fastrtps_cpp.hpp
[75.320s] -- Installing: /home/wheeltec/wheeltec_ros2/src/install/nav_2d_msgs/include/nav_2d_msgs/msg/detail/twist2_d__rosidl_typesupport_fastrtps_cpp.hpp
[75.321s] -- Installing: /home/wheeltec/wheeltec_ros2/src/install/nav_2d_msgs/include/nav_2d_msgs/msg/detail/path2_d__rosidl_typesupport_fastrtps_cpp.hpp
[75.323s] -- Installing: /home/wheeltec/wheeltec_ros2/src/install/nav_2d_msgs/include/nav_2d_msgs/msg/detail/twist2_d_stamped__rosidl_typesupport_fastrtps_cpp.hpp
[75.324s] -- Installing: /home/wheeltec/wheeltec_ros2/src/install/nav_2d_msgs/include/nav_2d_msgs/msg/detail/dds_fastrtps
[75.325s] -- Installing: /home/wheeltec/wheeltec_ros2/src/install/nav_2d_msgs/include/nav_2d_msgs/msg/detail/pose2_d_stamped__rosidl_typesupport_fastrtps_cpp.hpp
[75.327s] -- Installing: /home/wheeltec/wheeltec_ros2/src/install/nav_2d_msgs/include/nav_2d_msgs/msg/detail/pose2_d32__rosidl_typesupport_fastrtps_cpp.hpp
[75.329s] -- Installing: /home/wheeltec/wheeltec_ros2/src/install/nav_2d_msgs/lib/libnav_2d_msgs__rosidl_typesupport_fastrtps_cpp.so
[75.332s] -- Set runtime path of "/home/wheeltec/wheeltec_ros2/src/install/nav_2d_msgs/lib/libnav_2d_msgs__rosidl_typesupport_fastrtps_cpp.so" to ""
[75.333s] -- Up-to-date: /home/wheeltec/wheeltec_ros2/src/install/nav_2d_msgs/include/nav_2d_msgs
[75.334s] -- Up-to-date: /home/wheeltec/wheeltec_ros2/src/install/nav_2d_msgs/include/nav_2d_msgs/msg
[75.335s] -- Up-to-date: /home/wheeltec/wheeltec_ros2/src/install/nav_2d_msgs/include/nav_2d_msgs/msg/detail
[75.336s] -- Installing: /home/wheeltec/wheeltec_ros2/src/install/nav_2d_msgs/include/nav_2d_msgs/msg/detail/twist2_d__type_support.c
[75.337s] -- Installing: /home/wheeltec/wheeltec_ros2/src/install/nav_2d_msgs/include/nav_2d_msgs/msg/detail/twist2_d_stamped__type_support.c
[75.339s] -- Installing: /home/wheeltec/wheeltec_ros2/src/install/nav_2d_msgs/include/nav_2d_msgs/msg/detail/twist2_d32__type_support.c
[75.341s] -- Installing: /home/wheeltec/wheeltec_ros2/src/install/nav_2d_msgs/include/nav_2d_msgs/msg/detail/twist2_d_stamped__rosidl_typesupport_introspection_c.h
[75.343s] -- Installing: /home/wheeltec/wheeltec_ros2/src/install/nav_2d_msgs/include/nav_2d_msgs/msg/detail/twist2_d__rosidl_typesupport_introspection_c.h
[75.344s] -- Installing: /home/wheeltec/wheeltec_ros2/src/install/nav_2d_msgs/include/nav_2d_msgs/msg/detail/path2_d__rosidl_typesupport_introspection_c.h
[75.346s] -- Installing: /home/wheeltec/wheeltec_ros2/src/install/nav_2d_msgs/include/nav_2d_msgs/msg/detail/path2_d__type_support.c
[75.348s] -- Installing: /home/wheeltec/wheeltec_ros2/src/install/nav_2d_msgs/include/nav_2d_msgs/msg/detail/twist2_d32__rosidl_typesupport_introspection_c.h
[75.349s] -- Installing: /home/wheeltec/wheeltec_ros2/src/install/nav_2d_msgs/include/nav_2d_msgs/msg/detail/pose2_d32__type_support.c
[75.351s] -- Installing: /home/wheeltec/wheeltec_ros2/src/install/nav_2d_msgs/include/nav_2d_msgs/msg/detail/pose2_d_stamped__type_support.c
[75.352s] -- Installing: /home/wheeltec/wheeltec_ros2/src/install/nav_2d_msgs/include/nav_2d_msgs/msg/detail/pose2_d_stamped__rosidl_typesupport_introspection_c.h
[75.354s] -- Installing: /home/wheeltec/wheeltec_ros2/src/install/nav_2d_msgs/include/nav_2d_msgs/msg/detail/pose2_d32__rosidl_typesupport_introspection_c.h
[75.355s] -- Installing: /home/wheeltec/wheeltec_ros2/src/install/nav_2d_msgs/include/nav_2d_msgs/msg/rosidl_typesupport_introspection_c__visibility_control.h
[75.357s] -- Installing: /home/wheeltec/wheeltec_ros2/src/install/nav_2d_msgs/lib/libnav_2d_msgs__rosidl_typesupport_introspection_c.so
[75.360s] -- Set runtime path of "/home/wheeltec/wheeltec_ros2/src/install/nav_2d_msgs/lib/libnav_2d_msgs__rosidl_typesupport_introspection_c.so" to ""
[75.361s] -- Installing: /home/wheeltec/wheeltec_ros2/src/install/nav_2d_msgs/lib/libnav_2d_msgs__rosidl_typesupport_c.so
[75.363s] -- Set runtime path of "/home/wheeltec/wheeltec_ros2/src/install/nav_2d_msgs/lib/libnav_2d_msgs__rosidl_typesupport_c.so" to ""
[75.365s] -- Up-to-date: /home/wheeltec/wheeltec_ros2/src/install/nav_2d_msgs/include/nav_2d_msgs
[75.366s] -- Up-to-date: /home/wheeltec/wheeltec_ros2/src/install/nav_2d_msgs/include/nav_2d_msgs/msg
[75.367s] -- Installing: /home/wheeltec/wheeltec_ros2/src/install/nav_2d_msgs/include/nav_2d_msgs/msg/path2_d.hpp
[75.368s] -- Installing: /home/wheeltec/wheeltec_ros2/src/install/nav_2d_msgs/include/nav_2d_msgs/msg/twist2_d_stamped.hpp
[75.370s] -- Up-to-date: /home/wheeltec/wheeltec_ros2/src/install/nav_2d_msgs/include/nav_2d_msgs/msg/detail
[75.371s] -- Installing: /home/wheeltec/wheeltec_ros2/src/install/nav_2d_msgs/include/nav_2d_msgs/msg/detail/path2_d__builder.hpp
[75.372s] -- Installing: /home/wheeltec/wheeltec_ros2/src/install/nav_2d_msgs/include/nav_2d_msgs/msg/detail/twist2_d32__builder.hpp
[75.374s] -- Installing: /home/wheeltec/wheeltec_ros2/src/install/nav_2d_msgs/include/nav_2d_msgs/msg/detail/pose2_d32__struct.hpp
[75.375s] -- Installing: /home/wheeltec/wheeltec_ros2/src/install/nav_2d_msgs/include/nav_2d_msgs/msg/detail/twist2_d32__struct.hpp
[75.376s] -- Installing: /home/wheeltec/wheeltec_ros2/src/install/nav_2d_msgs/include/nav_2d_msgs/msg/detail/pose2_d32__builder.hpp
[75.378s] -- Installing: /home/wheeltec/wheeltec_ros2/src/install/nav_2d_msgs/include/nav_2d_msgs/msg/detail/pose2_d_stamped__traits.hpp
[75.380s] -- Installing: /home/wheeltec/wheeltec_ros2/src/install/nav_2d_msgs/include/nav_2d_msgs/msg/detail/path2_d__traits.hpp
[75.381s] -- Installing: /home/wheeltec/wheeltec_ros2/src/install/nav_2d_msgs/include/nav_2d_msgs/msg/detail/pose2_d_stamped__builder.hpp
[75.383s] -- Installing: /home/wheeltec/wheeltec_ros2/src/install/nav_2d_msgs/include/nav_2d_msgs/msg/detail/pose2_d_stamped__struct.hpp
[75.384s] -- Installing: /home/wheeltec/wheeltec_ros2/src/install/nav_2d_msgs/include/nav_2d_msgs/msg/detail/twist2_d__builder.hpp
[75.386s] -- Installing: /home/wheeltec/wheeltec_ros2/src/install/nav_2d_msgs/include/nav_2d_msgs/msg/detail/twist2_d__traits.hpp
[75.387s] -- Installing: /home/wheeltec/wheeltec_ros2/src/install/nav_2d_msgs/include/nav_2d_msgs/msg/detail/path2_d__struct.hpp
[75.389s] -- Installing: /home/wheeltec/wheeltec_ros2/src/install/nav_2d_msgs/include/nav_2d_msgs/msg/detail/pose2_d32__traits.hpp
[75.390s] -- Installing: /home/wheeltec/wheeltec_ros2/src/install/nav_2d_msgs/include/nav_2d_msgs/msg/detail/twist2_d_stamped__builder.hpp
[75.392s] -- Installing: /home/wheeltec/wheeltec_ros2/src/install/nav_2d_msgs/include/nav_2d_msgs/msg/detail/twist2_d_stamped__traits.hpp
[75.394s] -- Installing: /home/wheeltec/wheeltec_ros2/src/install/nav_2d_msgs/include/nav_2d_msgs/msg/detail/twist2_d_stamped__struct.hpp
[75.395s] -- Installing: /home/wheeltec/wheeltec_ros2/src/install/nav_2d_msgs/include/nav_2d_msgs/msg/detail/twist2_d32__traits.hpp
[75.397s] -- Installing: /home/wheeltec/wheeltec_ros2/src/install/nav_2d_msgs/include/nav_2d_msgs/msg/detail/twist2_d__struct.hpp
[75.398s] -- Installing: /home/wheeltec/wheeltec_ros2/src/install/nav_2d_msgs/include/nav_2d_msgs/msg/twist2_d32.hpp
[75.400s] -- Installing: /home/wheeltec/wheeltec_ros2/src/install/nav_2d_msgs/include/nav_2d_msgs/msg/pose2_d32.hpp
[75.401s] -- Installing: /home/wheeltec/wheeltec_ros2/src/install/nav_2d_msgs/include/nav_2d_msgs/msg/twist2_d.hpp
[75.403s] -- Installing: /home/wheeltec/wheeltec_ros2/src/install/nav_2d_msgs/include/nav_2d_msgs/msg/pose2_d_stamped.hpp
[75.405s] -- Up-to-date: /home/wheeltec/wheeltec_ros2/src/install/nav_2d_msgs/include/nav_2d_msgs
[75.406s] -- Up-to-date: /home/wheeltec/wheeltec_ros2/src/install/nav_2d_msgs/include/nav_2d_msgs/msg
[75.407s] -- Up-to-date: /home/wheeltec/wheeltec_ros2/src/install/nav_2d_msgs/include/nav_2d_msgs/msg/detail
[75.409s] -- Installing: /home/wheeltec/wheeltec_ros2/src/install/nav_2d_msgs/include/nav_2d_msgs/msg/detail/twist2_d_stamped__rosidl_typesupport_introspection_cpp.hpp
[75.410s] -- Installing: /home/wheeltec/wheeltec_ros2/src/install/nav_2d_msgs/include/nav_2d_msgs/msg/detail/path2_d__type_support.cpp
[75.412s] -- Installing: /home/wheeltec/wheeltec_ros2/src/install/nav_2d_msgs/include/nav_2d_msgs/msg/detail/twist2_d32__rosidl_typesupport_introspection_cpp.hpp
[75.413s] -- Installing: /home/wheeltec/wheeltec_ros2/src/install/nav_2d_msgs/include/nav_2d_msgs/msg/detail/twist2_d32__type_support.cpp
[75.415s] -- Installing: /home/wheeltec/wheeltec_ros2/src/install/nav_2d_msgs/include/nav_2d_msgs/msg/detail/twist2_d_stamped__type_support.cpp
[75.417s] -- Installing: /home/wheeltec/wheeltec_ros2/src/install/nav_2d_msgs/include/nav_2d_msgs/msg/detail/twist2_d__rosidl_typesupport_introspection_cpp.hpp
[75.418s] -- Installing: /home/wheeltec/wheeltec_ros2/src/install/nav_2d_msgs/include/nav_2d_msgs/msg/detail/pose2_d_stamped__type_support.cpp
[75.420s] -- Installing: /home/wheeltec/wheeltec_ros2/src/install/nav_2d_msgs/include/nav_2d_msgs/msg/detail/pose2_d32__type_support.cpp
[75.421s] -- Installing: /home/wheeltec/wheeltec_ros2/src/install/nav_2d_msgs/include/nav_2d_msgs/msg/detail/path2_d__rosidl_typesupport_introspection_cpp.hpp
[75.423s] -- Installing: /home/wheeltec/wheeltec_ros2/src/install/nav_2d_msgs/include/nav_2d_msgs/msg/detail/twist2_d__type_support.cpp
[75.424s] -- Installing: /home/wheeltec/wheeltec_ros2/src/install/nav_2d_msgs/include/nav_2d_msgs/msg/detail/pose2_d_stamped__rosidl_typesupport_introspection_cpp.hpp
[75.426s] -- Installing: /home/wheeltec/wheeltec_ros2/src/install/nav_2d_msgs/include/nav_2d_msgs/msg/detail/pose2_d32__rosidl_typesupport_introspection_cpp.hpp
[75.428s] -- Installing: /home/wheeltec/wheeltec_ros2/src/install/nav_2d_msgs/lib/libnav_2d_msgs__rosidl_typesupport_introspection_cpp.so
[75.431s] -- Set runtime path of "/home/wheeltec/wheeltec_ros2/src/install/nav_2d_msgs/lib/libnav_2d_msgs__rosidl_typesupport_introspection_cpp.so" to ""
[75.432s] -- Installing: /home/wheeltec/wheeltec_ros2/src/install/nav_2d_msgs/lib/libnav_2d_msgs__rosidl_typesupport_cpp.so
[75.435s] -- Set runtime path of "/home/wheeltec/wheeltec_ros2/src/install/nav_2d_msgs/lib/libnav_2d_msgs__rosidl_typesupport_cpp.so" to ""
[75.436s] -- Installing: /home/wheeltec/wheeltec_ros2/src/install/nav_2d_msgs/share/nav_2d_msgs/environment/pythonpath.sh
[75.438s] -- Installing: /home/wheeltec/wheeltec_ros2/src/install/nav_2d_msgs/share/nav_2d_msgs/environment/pythonpath.dsv
[75.440s] -- Installing: /home/wheeltec/wheeltec_ros2/src/install/nav_2d_msgs/lib/python3.8/site-packages/nav_2d_msgs/__init__.py
[75.650s] Compiling '/home/wheeltec/wheeltec_ros2/src/install/nav_2d_msgs/lib/python3.8/site-packages/nav_2d_msgs/__init__.py'...
[75.678s] -- Installing: /home/wheeltec/wheeltec_ros2/src/install/nav_2d_msgs/lib/python3.8/site-packages/nav_2d_msgs/msg
[75.679s] -- Installing: /home/wheeltec/wheeltec_ros2/src/install/nav_2d_msgs/lib/python3.8/site-packages/nav_2d_msgs/msg/__init__.py
[75.680s] -- Installing: /home/wheeltec/wheeltec_ros2/src/install/nav_2d_msgs/lib/python3.8/site-packages/nav_2d_msgs/msg/_pose2_d_stamped_s.c
[75.680s] -- Installing: /home/wheeltec/wheeltec_ros2/src/install/nav_2d_msgs/lib/python3.8/site-packages/nav_2d_msgs/msg/_pose2_d32_s.c
[75.683s] -- Installing: /home/wheeltec/wheeltec_ros2/src/install/nav_2d_msgs/lib/python3.8/site-packages/nav_2d_msgs/msg/_twist2_d32_s.c
[75.684s] -- Installing: /home/wheeltec/wheeltec_ros2/src/install/nav_2d_msgs/lib/python3.8/site-packages/nav_2d_msgs/msg/_twist2_d.py
[75.685s] -- Installing: /home/wheeltec/wheeltec_ros2/src/install/nav_2d_msgs/lib/python3.8/site-packages/nav_2d_msgs/msg/_twist2_d_s.c
[75.686s] -- Installing: /home/wheeltec/wheeltec_ros2/src/install/nav_2d_msgs/lib/python3.8/site-packages/nav_2d_msgs/msg/_twist2_d_stamped.py
[75.687s] -- Installing: /home/wheeltec/wheeltec_ros2/src/install/nav_2d_msgs/lib/python3.8/site-packages/nav_2d_msgs/msg/_pose2_d32.py
[75.688s] -- Installing: /home/wheeltec/wheeltec_ros2/src/install/nav_2d_msgs/lib/python3.8/site-packages/nav_2d_msgs/msg/_path2_d_s.c
[75.688s] -- Installing: /home/wheeltec/wheeltec_ros2/src/install/nav_2d_msgs/lib/python3.8/site-packages/nav_2d_msgs/msg/_path2_d.py
[75.689s] -- Installing: /home/wheeltec/wheeltec_ros2/src/install/nav_2d_msgs/lib/python3.8/site-packages/nav_2d_msgs/msg/_twist2_d32.py
[75.689s] -- Installing: /home/wheeltec/wheeltec_ros2/src/install/nav_2d_msgs/lib/python3.8/site-packages/nav_2d_msgs/msg/_pose2_d_stamped.py
[75.690s] -- Installing: /home/wheeltec/wheeltec_ros2/src/install/nav_2d_msgs/lib/python3.8/site-packages/nav_2d_msgs/msg/_twist2_d_stamped_s.c
[75.694s] -- Installing: /home/wheeltec/wheeltec_ros2/src/install/nav_2d_msgs/lib/python3.8/site-packages/nav_2d_msgs/nav_2d_msgs_s__rosidl_typesupport_fastrtps_c.cpython-38-aarch64-linux-gnu.so
[75.696s] -- Set runtime path of "/home/wheeltec/wheeltec_ros2/src/install/nav_2d_msgs/lib/python3.8/site-packages/nav_2d_msgs/nav_2d_msgs_s__rosidl_typesupport_fastrtps_c.cpython-38-aarch64-linux-gnu.so" to ""
[75.697s] -- Installing: /home/wheeltec/wheeltec_ros2/src/install/nav_2d_msgs/lib/python3.8/site-packages/nav_2d_msgs/nav_2d_msgs_s__rosidl_typesupport_introspection_c.cpython-38-aarch64-linux-gnu.so
[75.701s] -- Set runtime path of "/home/wheeltec/wheeltec_ros2/src/install/nav_2d_msgs/lib/python3.8/site-packages/nav_2d_msgs/nav_2d_msgs_s__rosidl_typesupport_introspection_c.cpython-38-aarch64-linux-gnu.so" to ""
[75.703s] -- Installing: /home/wheeltec/wheeltec_ros2/src/install/nav_2d_msgs/lib/python3.8/site-packages/nav_2d_msgs/nav_2d_msgs_s__rosidl_typesupport_c.cpython-38-aarch64-linux-gnu.so
[75.708s] -- Set runtime path of "/home/wheeltec/wheeltec_ros2/src/install/nav_2d_msgs/lib/python3.8/site-packages/nav_2d_msgs/nav_2d_msgs_s__rosidl_typesupport_c.cpython-38-aarch64-linux-gnu.so" to ""
[75.710s] -- Installing: /home/wheeltec/wheeltec_ros2/src/install/nav_2d_msgs/lib/libnav_2d_msgs__python.so
[75.718s] -- Set runtime path of "/home/wheeltec/wheeltec_ros2/src/install/nav_2d_msgs/lib/libnav_2d_msgs__python.so" to ""
[75.720s] -- Installing: /home/wheeltec/wheeltec_ros2/src/install/nav_2d_msgs/share/nav_2d_msgs/msg/Path2D.idl
[75.723s] -- Installing: /home/wheeltec/wheeltec_ros2/src/install/nav_2d_msgs/share/nav_2d_msgs/msg/Pose2D32.idl
[75.725s] -- Installing: /home/wheeltec/wheeltec_ros2/src/install/nav_2d_msgs/share/nav_2d_msgs/msg/Pose2DStamped.idl
[75.728s] -- Installing: /home/wheeltec/wheeltec_ros2/src/install/nav_2d_msgs/share/nav_2d_msgs/msg/Twist2D.idl
[75.736s] -- Installing: /home/wheeltec/wheeltec_ros2/src/install/nav_2d_msgs/share/nav_2d_msgs/msg/Twist2D32.idl
[75.739s] -- Installing: /home/wheeltec/wheeltec_ros2/src/install/nav_2d_msgs/share/nav_2d_msgs/msg/Twist2DStamped.idl
[75.741s] -- Installing: /home/wheeltec/wheeltec_ros2/src/install/nav_2d_msgs/share/nav_2d_msgs/msg/Path2D.msg
[75.743s] -- Installing: /home/wheeltec/wheeltec_ros2/src/install/nav_2d_msgs/share/nav_2d_msgs/msg/Pose2D32.msg
[75.746s] -- Installing: /home/wheeltec/wheeltec_ros2/src/install/nav_2d_msgs/share/nav_2d_msgs/msg/Pose2DStamped.msg
[75.749s] -- Installing: /home/wheeltec/wheeltec_ros2/src/install/nav_2d_msgs/share/nav_2d_msgs/msg/Twist2D.msg
[75.752s] -- Installing: /home/wheeltec/wheeltec_ros2/src/install/nav_2d_msgs/share/nav_2d_msgs/msg/Twist2D32.msg
[75.756s] -- Installing: /home/wheeltec/wheeltec_ros2/src/install/nav_2d_msgs/share/nav_2d_msgs/msg/Twist2DStamped.msg
[75.760s] -- Installing: /home/wheeltec/wheeltec_ros2/src/install/nav_2d_msgs/share/ament_index/resource_index/package_run_dependencies/nav_2d_msgs
[75.763s] -- Installing: /home/wheeltec/wheeltec_ros2/src/install/nav_2d_msgs/share/ament_index/resource_index/parent_prefix_path/nav_2d_msgs
[75.766s] -- Installing: /home/wheeltec/wheeltec_ros2/src/install/nav_2d_msgs/share/nav_2d_msgs/environment/ament_prefix_path.sh
[75.769s] -- Installing: /home/wheeltec/wheeltec_ros2/src/install/nav_2d_msgs/share/nav_2d_msgs/environment/ament_prefix_path.dsv
[75.771s] -- Installing: /home/wheeltec/wheeltec_ros2/src/install/nav_2d_msgs/share/nav_2d_msgs/environment/path.sh
[75.773s] -- Installing: /home/wheeltec/wheeltec_ros2/src/install/nav_2d_msgs/share/nav_2d_msgs/environment/path.dsv
[75.778s] -- Installing: /home/wheeltec/wheeltec_ros2/src/install/nav_2d_msgs/share/nav_2d_msgs/local_setup.bash
[75.780s] -- Installing: /home/wheeltec/wheeltec_ros2/src/install/nav_2d_msgs/share/nav_2d_msgs/local_setup.sh
[75.785s] -- Installing: /home/wheeltec/wheeltec_ros2/src/install/nav_2d_msgs/share/nav_2d_msgs/local_setup.zsh
[75.787s] -- Installing: /home/wheeltec/wheeltec_ros2/src/install/nav_2d_msgs/share/nav_2d_msgs/local_setup.dsv
[75.790s] -- Installing: /home/wheeltec/wheeltec_ros2/src/install/nav_2d_msgs/share/nav_2d_msgs/package.dsv
[75.793s] -- Installing: /home/wheeltec/wheeltec_ros2/src/install/nav_2d_msgs/share/ament_index/resource_index/packages/nav_2d_msgs
[75.796s] -- Installing: /home/wheeltec/wheeltec_ros2/src/install/nav_2d_msgs/share/nav_2d_msgs/cmake/nav_2d_msgs__rosidl_generator_cExport.cmake
[75.800s] -- Installing: /home/wheeltec/wheeltec_ros2/src/install/nav_2d_msgs/share/nav_2d_msgs/cmake/nav_2d_msgs__rosidl_generator_cExport-noconfig.cmake
[75.802s] -- Installing: /home/wheeltec/wheeltec_ros2/src/install/nav_2d_msgs/share/nav_2d_msgs/cmake/nav_2d_msgs__rosidl_typesupport_introspection_cExport.cmake
[75.806s] -- Installing: /home/wheeltec/wheeltec_ros2/src/install/nav_2d_msgs/share/nav_2d_msgs/cmake/nav_2d_msgs__rosidl_typesupport_introspection_cExport-noconfig.cmake
[75.808s] -- Installing: /home/wheeltec/wheeltec_ros2/src/install/nav_2d_msgs/share/nav_2d_msgs/cmake/nav_2d_msgs__rosidl_typesupport_cExport.cmake
[75.811s] -- Installing: /home/wheeltec/wheeltec_ros2/src/install/nav_2d_msgs/share/nav_2d_msgs/cmake/nav_2d_msgs__rosidl_typesupport_cExport-noconfig.cmake
[75.814s] -- Installing: /home/wheeltec/wheeltec_ros2/src/install/nav_2d_msgs/share/nav_2d_msgs/cmake/nav_2d_msgs__rosidl_generator_cppExport.cmake
[75.816s] -- Installing: /home/wheeltec/wheeltec_ros2/src/install/nav_2d_msgs/share/nav_2d_msgs/cmake/nav_2d_msgs__rosidl_typesupport_introspection_cppExport.cmake
[75.819s] -- Installing: /home/wheeltec/wheeltec_ros2/src/install/nav_2d_msgs/share/nav_2d_msgs/cmake/nav_2d_msgs__rosidl_typesupport_introspection_cppExport-noconfig.cmake
[75.822s] -- Installing: /home/wheeltec/wheeltec_ros2/src/install/nav_2d_msgs/share/nav_2d_msgs/cmake/nav_2d_msgs__rosidl_typesupport_cppExport.cmake
[75.824s] -- Installing: /home/wheeltec/wheeltec_ros2/src/install/nav_2d_msgs/share/nav_2d_msgs/cmake/nav_2d_msgs__rosidl_typesupport_cppExport-noconfig.cmake
[75.827s] -- Installing: /home/wheeltec/wheeltec_ros2/src/install/nav_2d_msgs/share/nav_2d_msgs/cmake/rosidl_cmake-extras.cmake
[75.829s] -- Installing: /home/wheeltec/wheeltec_ros2/src/install/nav_2d_msgs/share/nav_2d_msgs/cmake/ament_cmake_export_dependencies-extras.cmake
[75.832s] -- Installing: /home/wheeltec/wheeltec_ros2/src/install/nav_2d_msgs/share/nav_2d_msgs/cmake/ament_cmake_export_libraries-extras.cmake
[75.834s] -- Installing: /home/wheeltec/wheeltec_ros2/src/install/nav_2d_msgs/share/nav_2d_msgs/cmake/ament_cmake_export_targets-extras.cmake
[75.837s] -- Installing: /home/wheeltec/wheeltec_ros2/src/install/nav_2d_msgs/share/nav_2d_msgs/cmake/ament_cmake_export_include_directories-extras.cmake
[75.839s] -- Installing: /home/wheeltec/wheeltec_ros2/src/install/nav_2d_msgs/share/nav_2d_msgs/cmake/rosidl_cmake_export_typesupport_libraries-extras.cmake
[75.842s] -- Installing: /home/wheeltec/wheeltec_ros2/src/install/nav_2d_msgs/share/nav_2d_msgs/cmake/rosidl_cmake_export_typesupport_targets-extras.cmake
[75.845s] -- Installing: /home/wheeltec/wheeltec_ros2/src/install/nav_2d_msgs/share/nav_2d_msgs/cmake/nav_2d_msgsConfig.cmake
[75.848s] -- Installing: /home/wheeltec/wheeltec_ros2/src/install/nav_2d_msgs/share/nav_2d_msgs/cmake/nav_2d_msgsConfig-version.cmake
[75.850s] -- Installing: /home/wheeltec/wheeltec_ros2/src/install/nav_2d_msgs/share/nav_2d_msgs/package.xml
[75.867s] Invoked command in '/home/wheeltec/wheeltec_ros2/src/build/nav_2d_msgs' returned '0': CMAKE_PREFIX_PATH=${CMAKE_PREFIX_PATH}:/home/wheeltec/wheeltec_ros2/install/simple_follower_ros2:/home/wheeltec/wheeltec_ros2/install/wheeltec_robot_keyboard:/home/wheeltec/wheeltec_ros2/install/tf2_tools:/home/wheeltec/wheeltec_ros2/install/teleop_twist_keyboard:/home/wheeltec/wheeltec_ros2/install/nav2_simple_commander:/home/wheeltec/wheeltec_ros2/install/nav2_gazebo_spawner:/home/wheeltec/wheeltec_ros2/install/ldlidar_sl_ros2:/home/wheeltec/wheeltec_ros2/install/keyboard_control_emer:/opt/ros/galactic /usr/bin/cmake --install /home/wheeltec/wheeltec_ros2/src/build/nav_2d_msgs
