[0.054s] Invoking command in '/home/wheeltec/wheeltec_ros2/src/build/ldlidar_sl_ros2': /usr/bin/cmake --build /home/wheeltec/wheeltec_ros2/src/build/ldlidar_sl_ros2 -- -j4 -l4
[0.336s] [100%] Built target ldlidar_sl_ros2_node
[0.384s] Invoked command in '/home/wheeltec/wheeltec_ros2/src/build/ldlidar_sl_ros2' returned '0': /usr/bin/cmake --build /home/wheeltec/wheeltec_ros2/src/build/ldlidar_sl_ros2 -- -j4 -l4
[0.396s] Invoking command in '/home/wheeltec/wheeltec_ros2/src/build/ldlidar_sl_ros2': /usr/bin/cmake --install /home/wheeltec/wheeltec_ros2/src/build/ldlidar_sl_ros2
[0.434s] -- Install configuration: ""
[0.440s] -- Up-to-date: /home/wheeltec/wheeltec_ros2/src/install/ldlidar_sl_ros2/lib/ldlidar_sl_ros2/ldlidar_sl_ros2_node
[0.445s] -- Up-to-date: /home/wheeltec/wheeltec_ros2/src/install/ldlidar_sl_ros2/share/ldlidar_sl_ros2//launch
[0.447s] -- Up-to-date: /home/wheeltec/wheeltec_ros2/src/install/ldlidar_sl_ros2/share/ldlidar_sl_ros2//launch/ld14.launch.py
[0.448s] -- Up-to-date: /home/wheeltec/wheeltec_ros2/src/install/ldlidar_sl_ros2/share/ldlidar_sl_ros2//launch/viewer_ld14.launch.py
[0.452s] -- Up-to-date: /home/wheeltec/wheeltec_ros2/src/install/ldlidar_sl_ros2/share/ldlidar_sl_ros2//rviz2
[0.455s] -- Up-to-date: /home/wheeltec/wheeltec_ros2/src/install/ldlidar_sl_ros2/share/ldlidar_sl_ros2//rviz2/ldlidar.rviz
[0.456s] -- Up-to-date: /home/wheeltec/wheeltec_ros2/src/install/ldlidar_sl_ros2/share/ldlidar_sl_ros2//scripts
[0.458s] -- Up-to-date: /home/wheeltec/wheeltec_ros2/src/install/ldlidar_sl_ros2/share/ldlidar_sl_ros2//scripts/ldlidar.rules
[0.459s] -- Up-to-date: /home/wheeltec/wheeltec_ros2/src/install/ldlidar_sl_ros2/share/ldlidar_sl_ros2//scripts/create_udev_rules.sh
[0.460s] -- Up-to-date: /home/wheeltec/wheeltec_ros2/src/install/ldlidar_sl_ros2/share/ldlidar_sl_ros2//scripts/delete_udev_rules.sh
[0.463s] -- Up-to-date: /home/wheeltec/wheeltec_ros2/src/install/ldlidar_sl_ros2/share/ament_index/resource_index/package_run_dependencies/ldlidar_sl_ros2
[0.464s] -- Up-to-date: /home/wheeltec/wheeltec_ros2/src/install/ldlidar_sl_ros2/share/ament_index/resource_index/parent_prefix_path/ldlidar_sl_ros2
[0.466s] -- Up-to-date: /home/wheeltec/wheeltec_ros2/src/install/ldlidar_sl_ros2/share/ldlidar_sl_ros2/environment/ament_prefix_path.sh
[0.467s] -- Up-to-date: /home/wheeltec/wheeltec_ros2/src/install/ldlidar_sl_ros2/share/ldlidar_sl_ros2/environment/ament_prefix_path.dsv
[0.468s] -- Up-to-date: /home/wheeltec/wheeltec_ros2/src/install/ldlidar_sl_ros2/share/ldlidar_sl_ros2/environment/path.sh
[0.469s] -- Up-to-date: /home/wheeltec/wheeltec_ros2/src/install/ldlidar_sl_ros2/share/ldlidar_sl_ros2/environment/path.dsv
[0.470s] -- Up-to-date: /home/wheeltec/wheeltec_ros2/src/install/ldlidar_sl_ros2/share/ldlidar_sl_ros2/local_setup.bash
[0.471s] -- Up-to-date: /home/wheeltec/wheeltec_ros2/src/install/ldlidar_sl_ros2/share/ldlidar_sl_ros2/local_setup.sh
[0.472s] -- Up-to-date: /home/wheeltec/wheeltec_ros2/src/install/ldlidar_sl_ros2/share/ldlidar_sl_ros2/local_setup.zsh
[0.473s] -- Up-to-date: /home/wheeltec/wheeltec_ros2/src/install/ldlidar_sl_ros2/share/ldlidar_sl_ros2/local_setup.dsv
[0.474s] -- Installing: /home/wheeltec/wheeltec_ros2/src/install/ldlidar_sl_ros2/share/ldlidar_sl_ros2/package.dsv
[0.477s] -- Up-to-date: /home/wheeltec/wheeltec_ros2/src/install/ldlidar_sl_ros2/share/ament_index/resource_index/packages/ldlidar_sl_ros2
[0.479s] -- Up-to-date: /home/wheeltec/wheeltec_ros2/src/install/ldlidar_sl_ros2/share/ldlidar_sl_ros2/cmake/ldlidar_sl_ros2Config.cmake
[0.480s] -- Up-to-date: /home/wheeltec/wheeltec_ros2/src/install/ldlidar_sl_ros2/share/ldlidar_sl_ros2/cmake/ldlidar_sl_ros2Config-version.cmake
[0.481s] -- Up-to-date: /home/wheeltec/wheeltec_ros2/src/install/ldlidar_sl_ros2/share/ldlidar_sl_ros2/package.xml
[0.494s] Invoked command in '/home/wheeltec/wheeltec_ros2/src/build/ldlidar_sl_ros2' returned '0': /usr/bin/cmake --install /home/wheeltec/wheeltec_ros2/src/build/ldlidar_sl_ros2
