[4.289s] Invoking command in '/home/wheeltec/wheeltec_ros2/src/teleop_twist_keyboard': PYTHONPATH=/home/wheeltec/wheeltec_ros2/src/build/teleop_twist_keyboard/prefix_override:/usr/lib/python3/dist-packages/colcon_core/task/python/colcon_distutils_commands:/home/wheeltec/wheeltec_ros2/src/install/teleop_twist_keyboard/lib/python3.8/site-packages: /usr/bin/python3 -W ignore:setup.py install is deprecated -W ignore:easy_install command is deprecated setup.py egg_info --egg-base ../build/teleop_twist_keyboard build --build-base /home/wheeltec/wheeltec_ros2/src/build/teleop_twist_keyboard/build install --record /home/wheeltec/wheeltec_ros2/src/build/teleop_twist_keyboard/install.log --single-version-externally-managed install_data
[6.332s] running egg_info
[6.392s] writing ../build/teleop_twist_keyboard/teleop_twist_keyboard.egg-info/PKG-INFO
[6.397s] writing dependency_links to ../build/teleop_twist_keyboard/teleop_twist_keyboard.egg-info/dependency_links.txt
[6.398s] writing entry points to ../build/teleop_twist_keyboard/teleop_twist_keyboard.egg-info/entry_points.txt
[6.400s] writing requirements to ../build/teleop_twist_keyboard/teleop_twist_keyboard.egg-info/requires.txt
[6.401s] writing top-level names to ../build/teleop_twist_keyboard/teleop_twist_keyboard.egg-info/top_level.txt
[6.518s] reading manifest file '../build/teleop_twist_keyboard/teleop_twist_keyboard.egg-info/SOURCES.txt'
[6.522s] adding license file 'LICENSE'
[6.526s] writing manifest file '../build/teleop_twist_keyboard/teleop_twist_keyboard.egg-info/SOURCES.txt'
[6.528s] running build
[6.529s] running build_py
[6.533s] running install
[6.567s] running install_lib
[6.622s] running install_data
[6.625s] running install_egg_info
[6.682s] removing '/home/wheeltec/wheeltec_ros2/src/install/teleop_twist_keyboard/lib/python3.8/site-packages/teleop_twist_keyboard-2.4.0-py3.8.egg-info' (and everything under it)
[6.685s] Copying ../build/teleop_twist_keyboard/teleop_twist_keyboard.egg-info to /home/wheeltec/wheeltec_ros2/src/install/teleop_twist_keyboard/lib/python3.8/site-packages/teleop_twist_keyboard-2.4.0-py3.8.egg-info
[6.692s] running install_scripts
[6.960s] Installing teleop_twist_keyboard script to /home/wheeltec/wheeltec_ros2/src/install/teleop_twist_keyboard/lib/teleop_twist_keyboard
[6.965s] writing list of installed files to '/home/wheeltec/wheeltec_ros2/src/build/teleop_twist_keyboard/install.log'
[7.152s] Invoked command in '/home/wheeltec/wheeltec_ros2/src/teleop_twist_keyboard' returned '0': PYTHONPATH=/home/wheeltec/wheeltec_ros2/src/build/teleop_twist_keyboard/prefix_override:/usr/lib/python3/dist-packages/colcon_core/task/python/colcon_distutils_commands:/home/wheeltec/wheeltec_ros2/src/install/teleop_twist_keyboard/lib/python3.8/site-packages: /usr/bin/python3 -W ignore:setup.py install is deprecated -W ignore:easy_install command is deprecated setup.py egg_info --egg-base ../build/teleop_twist_keyboard build --build-base /home/wheeltec/wheeltec_ros2/src/build/teleop_twist_keyboard/build install --record /home/wheeltec/wheeltec_ros2/src/build/teleop_twist_keyboard/install.log --single-version-externally-managed install_data
