[0.191s] Invoking command in '/home/wheeltec/wheeltec_ros2/src/build/web_video_server': /usr/bin/cmake --build /home/wheeltec/wheeltec_ros2/src/build/web_video_server -- -j4 -l4
[0.766s] [  9%] [32mBuilding CXX object CMakeFiles/web_video_server.dir/src/ros_compressed_streamer.cpp.o[0m
[25.558s] [01m[K/home/wheeltec/wheeltec_ros2/src/wheeltec_web_video/src/ros_compressed_streamer.cpp:[m[K In member function ‘[01m[Kvirtual void web_video_server::RosCompressedStreamer::restreamFrame(double)[m[K’:
[25.558s] [01m[K/home/wheeltec/wheeltec_ros2/src/wheeltec_web_video/src/ros_compressed_streamer.cpp:30:45:[m[K [01;35m[Kwarning: [m[K‘[01m[Krclcpp::Duration::Duration(rcl_duration_value_t)[m[K’ is deprecated: Use Duration::from_nanoseconds instead or std::chrono_literals. For example:rclcpp::Duration::from_nanoseconds(int64_variable);rclcpp::Duration(0ns); [[01;35m[K-Wdeprecated-declarations[m[K]
[25.559s]    30 |   if ( last_frame + rclcpp::Duration(max_age[01;35m[K)[m[K < nh_->now() ) {
[25.559s]       |                                             [01;35m[K^[m[K
[25.560s] In file included from [01m[K/opt/ros/galactic/include/rclcpp/qos.hpp:20[m[K,
[25.560s]                  from [01m[K/opt/ros/galactic/include/rclcpp/node_interfaces/node_graph_interface.hpp:31[m[K,
[25.561s]                  from [01m[K/opt/ros/galactic/include/rclcpp/client.hpp:34[m[K,
[25.561s]                  from [01m[K/opt/ros/galactic/include/rclcpp/callback_group.hpp:23[m[K,
[25.561s]                  from [01m[K/opt/ros/galactic/include/rclcpp/any_executable.hpp:20[m[K,
[25.561s]                  from [01m[K/opt/ros/galactic/include/rclcpp/memory_strategy.hpp:25[m[K,
[25.562s]                  from [01m[K/opt/ros/galactic/include/rclcpp/memory_strategies.hpp:18[m[K,
[25.562s]                  from [01m[K/opt/ros/galactic/include/rclcpp/executor_options.hpp:20[m[K,
[25.562s]                  from [01m[K/opt/ros/galactic/include/rclcpp/executor.hpp:36[m[K,
[25.563s]                  from [01m[K/opt/ros/galactic/include/rclcpp/executors/multi_threaded_executor.hpp:26[m[K,
[25.563s]                  from [01m[K/opt/ros/galactic/include/rclcpp/executors.hpp:21[m[K,
[25.563s]                  from [01m[K/opt/ros/galactic/include/rclcpp/rclcpp.hpp:156[m[K,
[25.564s]                  from [01m[K/home/wheeltec/wheeltec_ros2/src/wheeltec_web_video/include/web_video_server/image_streamer.h:4[m[K,
[25.564s]                  from [01m[K/home/wheeltec/wheeltec_ros2/src/wheeltec_web_video/include/web_video_server/ros_compressed_streamer.h:5[m[K,
[25.564s]                  from [01m[K/home/wheeltec/wheeltec_ros2/src/wheeltec_web_video/src/ros_compressed_streamer.cpp:1[m[K:
[25.565s] [01m[K/opt/ros/galactic/include/rclcpp/duration.hpp:46:12:[m[K [01;36m[Knote: [m[Kdeclared here
[25.565s]    46 |   explicit [01;36m[KDuration[m[K(rcl_duration_value_t nanoseconds);
[25.565s]       |            [01;36m[K^~~~~~~~[m[K
[49.323s] [ 18%] [32mBuilding CXX object CMakeFiles/web_video_server.dir/src/png_streamers.cpp.o[0m
[74.647s] [ 27%] [32m[1mLinking CXX executable web_video_server[0m
[79.879s] [100%] Built target web_video_server
