[0.051s] Invoking command in '/home/wheeltec/wheeltec_ros2/src/build/wheeltec_robot_urdf': /usr/bin/cmake --build /home/wheeltec/wheeltec_ros2/src/build/wheeltec_robot_urdf -- -j4 -l4
[0.370s] Invoked command in '/home/wheeltec/wheeltec_ros2/src/build/wheeltec_robot_urdf' returned '0': /usr/bin/cmake --build /home/wheeltec/wheeltec_ros2/src/build/wheeltec_robot_urdf -- -j4 -l4
[0.385s] Invoking command in '/home/wheeltec/wheeltec_ros2/src/build/wheeltec_robot_urdf': /usr/bin/cmake --install /home/wheeltec/wheeltec_ros2/src/build/wheeltec_robot_urdf
[0.424s] -- Install configuration: ""
[0.427s] -- Up-to-date: /home/wheeltec/wheeltec_ros2/src/install/wheeltec_robot_urdf/share/wheeltec_robot_urdf/meshes
[0.429s] -- Up-to-date: /home/wheeltec/wheeltec_ros2/src/install/wheeltec_robot_urdf/share/wheeltec_robot_urdf/meshes/sensors
[0.431s] -- Up-to-date: /home/wheeltec/wheeltec_ros2/src/install/wheeltec_robot_urdf/share/wheeltec_robot_urdf/meshes/sensors/r200.jpg
[0.432s] -- Up-to-date: /home/wheeltec/wheeltec_ros2/src/install/wheeltec_robot_urdf/share/wheeltec_robot_urdf/meshes/sensors/lds.stl
[0.434s] -- Up-to-date: /home/wheeltec/wheeltec_ros2/src/install/wheeltec_robot_urdf/share/wheeltec_robot_urdf/meshes/sensors/r200.dae
[0.435s] -- Up-to-date: /home/wheeltec/wheeltec_ros2/src/install/wheeltec_robot_urdf/share/wheeltec_robot_urdf/meshes/sensors/astra.dae
[0.439s] -- Up-to-date: /home/wheeltec/wheeltec_ros2/src/install/wheeltec_robot_urdf/share/wheeltec_robot_urdf/meshes/sensors/astra.jpg
[0.440s] -- Up-to-date: /home/wheeltec/wheeltec_ros2/src/install/wheeltec_robot_urdf/share/wheeltec_robot_urdf/meshes/wheels
[0.442s] -- Up-to-date: /home/wheeltec/wheeltec_ros2/src/install/wheeltec_robot_urdf/share/wheeltec_robot_urdf/meshes/wheels/left_tire.stl
[0.444s] -- Up-to-date: /home/wheeltec/wheeltec_ros2/src/install/wheeltec_robot_urdf/share/wheeltec_robot_urdf/meshes/wheels/right_tire.stl
[0.445s] -- Up-to-date: /home/wheeltec/wheeltec_ros2/src/install/wheeltec_robot_urdf/share/wheeltec_robot_urdf/meshes/bases
[0.447s] -- Up-to-date: /home/wheeltec/wheeltec_ros2/src/install/wheeltec_robot_urdf/share/wheeltec_robot_urdf/meshes/bases/burger_base.stl
[0.448s] -- Up-to-date: /home/wheeltec/wheeltec_ros2/src/install/wheeltec_robot_urdf/share/wheeltec_robot_urdf/meshes/bases/waffle_base.stl
[0.449s] -- Up-to-date: /home/wheeltec/wheeltec_ros2/src/install/wheeltec_robot_urdf/share/wheeltec_robot_urdf/meshes/bases/waffle_pi_base.stl
[0.450s] -- Up-to-date: /home/wheeltec/wheeltec_ros2/src/install/wheeltec_robot_urdf/share/wheeltec_robot_urdf/rviz
[0.454s] -- Up-to-date: /home/wheeltec/wheeltec_ros2/src/install/wheeltec_robot_urdf/share/wheeltec_robot_urdf/rviz/model.rviz
[0.455s] -- Up-to-date: /home/wheeltec/wheeltec_ros2/src/install/wheeltec_robot_urdf/share/wheeltec_robot_urdf/urdf
[0.457s] -- Up-to-date: /home/wheeltec/wheeltec_ros2/src/install/wheeltec_robot_urdf/share/wheeltec_robot_urdf/urdf/flagship_four_wheel_diff_dl_robot.urdf
[0.458s] -- Up-to-date: /home/wheeltec/wheeltec_ros2/src/install/wheeltec_robot_urdf/share/wheeltec_robot_urdf/urdf/mini_4wd_robot.urdf
[0.461s] -- Up-to-date: /home/wheeltec/wheeltec_ros2/src/install/wheeltec_robot_urdf/share/wheeltec_robot_urdf/urdf/flagship_four_wheel_diff_bs_robot.urdf
[0.462s] -- Up-to-date: /home/wheeltec/wheeltec_ros2/src/install/wheeltec_robot_urdf/share/wheeltec_robot_urdf/urdf/mini_4wd_moveit.urdf
[0.463s] -- Up-to-date: /home/wheeltec/wheeltec_ros2/src/install/wheeltec_robot_urdf/share/wheeltec_robot_urdf/urdf/top_mec_bs_robot.urdf
[0.464s] -- Up-to-date: /home/wheeltec/wheeltec_ros2/src/install/wheeltec_robot_urdf/share/wheeltec_robot_urdf/urdf/mini_akm_robot.urdf
[0.465s] -- Up-to-date: /home/wheeltec/wheeltec_ros2/src/install/wheeltec_robot_urdf/share/wheeltec_robot_urdf/urdf/senior_akm_robot.urdf
[0.467s] -- Up-to-date: /home/wheeltec/wheeltec_ros2/src/install/wheeltec_robot_urdf/share/wheeltec_robot_urdf/urdf/mec_EightDrive_robot.urdf
[0.467s] -- Up-to-date: /home/wheeltec/wheeltec_ros2/src/install/wheeltec_robot_urdf/share/wheeltec_robot_urdf/urdf/flagship_mec_bs_robot.urdf
[0.468s] -- Up-to-date: /home/wheeltec/wheeltec_ros2/src/install/wheeltec_robot_urdf/share/wheeltec_robot_urdf/urdf/mini_mec_moveit.urdf
[0.476s] -- Up-to-date: /home/wheeltec/wheeltec_ros2/src/install/wheeltec_robot_urdf/share/wheeltec_robot_urdf/urdf/four_wheel_diff_robot.urdf
[0.477s] -- Up-to-date: /home/wheeltec/wheeltec_ros2/src/install/wheeltec_robot_urdf/share/wheeltec_robot_urdf/urdf/flagship_4wd_bs_robot.urdf
[0.477s] -- Up-to-date: /home/wheeltec/wheeltec_ros2/src/install/wheeltec_robot_urdf/share/wheeltec_robot_urdf/urdf/mini_diff_robot.urdf
[0.477s] -- Up-to-date: /home/wheeltec/wheeltec_ros2/src/install/wheeltec_robot_urdf/share/wheeltec_robot_urdf/urdf/top_akm_dl_robot.urdf
[0.481s] -- Up-to-date: /home/wheeltec/wheeltec_ros2/src/install/wheeltec_robot_urdf/share/wheeltec_robot_urdf/urdf/top_akm_bs_robot.urdf
[0.482s] -- Up-to-date: /home/wheeltec/wheeltec_ros2/src/install/wheeltec_robot_urdf/share/wheeltec_robot_urdf/urdf/flagship_mec_dl_robot.urdf
[0.482s] -- Up-to-date: /home/wheeltec/wheeltec_ros2/src/install/wheeltec_robot_urdf/share/wheeltec_robot_urdf/urdf/top_4wd_dl_robot.urdf
[0.483s] -- Up-to-date: /home/wheeltec/wheeltec_ros2/src/install/wheeltec_robot_urdf/share/wheeltec_robot_urdf/urdf/four_wheel_diff_dl_robot.urdf
[0.489s] -- Up-to-date: /home/wheeltec/wheeltec_ros2/src/install/wheeltec_robot_urdf/share/wheeltec_robot_urdf/urdf/brushless_senior_diff.urdf
[0.489s] -- Up-to-date: /home/wheeltec/wheeltec_ros2/src/install/wheeltec_robot_urdf/share/wheeltec_robot_urdf/urdf/senior_4wd_dl_robot.urdf
[0.493s] -- Up-to-date: /home/wheeltec/wheeltec_ros2/src/install/wheeltec_robot_urdf/share/wheeltec_robot_urdf/urdf/turtlebot3_waffle_pi.urdf
[0.493s] -- Up-to-date: /home/wheeltec/wheeltec_ros2/src/install/wheeltec_robot_urdf/share/wheeltec_robot_urdf/urdf/common_properties.urdf
[0.494s] -- Up-to-date: /home/wheeltec/wheeltec_ros2/src/install/wheeltec_robot_urdf/share/wheeltec_robot_urdf/urdf/mini_mec_robot.urdf
[0.494s] -- Up-to-date: /home/wheeltec/wheeltec_ros2/src/install/wheeltec_robot_urdf/share/wheeltec_robot_urdf/urdf/turtlebot3_burger.urdf
[0.496s] -- Up-to-date: /home/wheeltec/wheeltec_ros2/src/install/wheeltec_robot_urdf/share/wheeltec_robot_urdf/urdf/four_wheel_diff_bs_robot.urdf
[0.497s] -- Up-to-date: /home/wheeltec/wheeltec_ros2/src/install/wheeltec_robot_urdf/share/wheeltec_robot_urdf/urdf/mini_tank_moveit.urdf
[0.498s] -- Up-to-date: /home/wheeltec/wheeltec_ros2/src/install/wheeltec_robot_urdf/share/wheeltec_robot_urdf/urdf/senior_omni_robot.urdf
[0.498s] -- Up-to-date: /home/wheeltec/wheeltec_ros2/src/install/wheeltec_robot_urdf/share/wheeltec_robot_urdf/urdf/top_mec_dl_robot.urdf
[0.499s] -- Up-to-date: /home/wheeltec/wheeltec_ros2/src/install/wheeltec_robot_urdf/share/wheeltec_robot_urdf/urdf/senior_mec_dl_robot.urdf
[0.499s] -- Up-to-date: /home/wheeltec/wheeltec_ros2/src/install/wheeltec_robot_urdf/share/wheeltec_robot_urdf/urdf/senior_diff_robot.urdf
[0.506s] -- Up-to-date: /home/wheeltec/wheeltec_ros2/src/install/wheeltec_robot_urdf/share/wheeltec_robot_urdf/urdf/turtlebot3_waffle.urdf
[0.508s] -- Up-to-date: /home/wheeltec/wheeltec_ros2/src/install/wheeltec_robot_urdf/share/wheeltec_robot_urdf/urdf/top_diff_robot.urdf
[0.511s] -- Up-to-date: /home/wheeltec/wheeltec_ros2/src/install/wheeltec_robot_urdf/share/wheeltec_robot_urdf/urdf/flagship_4wd_dl_robot.urdf
[0.513s] -- Up-to-date: /home/wheeltec/wheeltec_ros2/src/install/wheeltec_robot_urdf/share/wheeltec_robot_urdf/urdf/senior_mec_robot.urdf
[0.514s] -- Up-to-date: /home/wheeltec/wheeltec_ros2/src/install/wheeltec_robot_urdf/share/wheeltec_robot_urdf/urdf/mini_omni_robot.urdf
[0.514s] -- Up-to-date: /home/wheeltec/wheeltec_ros2/src/install/wheeltec_robot_urdf/share/wheeltec_robot_urdf/urdf/top_4wd_bs_robot.urdf
[0.523s] -- Up-to-date: /home/wheeltec/wheeltec_ros2/src/install/wheeltec_robot_urdf/share/wheeltec_robot_urdf/urdf/senior_4wd_bs_robot.urdf
[0.524s] -- Up-to-date: /home/wheeltec/wheeltec_ros2/src/install/wheeltec_robot_urdf/share/wheeltec_robot_urdf/urdf/top_omni_robot.urdf
[0.524s] -- Up-to-date: /home/wheeltec/wheeltec_ros2/src/install/wheeltec_robot_urdf/share/ament_index/resource_index/package_run_dependencies/wheeltec_robot_urdf
[0.525s] -- Up-to-date: /home/wheeltec/wheeltec_ros2/src/install/wheeltec_robot_urdf/share/ament_index/resource_index/parent_prefix_path/wheeltec_robot_urdf
[0.525s] -- Up-to-date: /home/wheeltec/wheeltec_ros2/src/install/wheeltec_robot_urdf/share/wheeltec_robot_urdf/environment/ament_prefix_path.sh
[0.525s] -- Up-to-date: /home/wheeltec/wheeltec_ros2/src/install/wheeltec_robot_urdf/share/wheeltec_robot_urdf/environment/ament_prefix_path.dsv
[0.526s] -- Up-to-date: /home/wheeltec/wheeltec_ros2/src/install/wheeltec_robot_urdf/share/wheeltec_robot_urdf/environment/path.sh
[0.526s] -- Up-to-date: /home/wheeltec/wheeltec_ros2/src/install/wheeltec_robot_urdf/share/wheeltec_robot_urdf/environment/path.dsv
[0.527s] -- Up-to-date: /home/wheeltec/wheeltec_ros2/src/install/wheeltec_robot_urdf/share/wheeltec_robot_urdf/local_setup.bash
[0.527s] -- Up-to-date: /home/wheeltec/wheeltec_ros2/src/install/wheeltec_robot_urdf/share/wheeltec_robot_urdf/local_setup.sh
[0.527s] -- Up-to-date: /home/wheeltec/wheeltec_ros2/src/install/wheeltec_robot_urdf/share/wheeltec_robot_urdf/local_setup.zsh
[0.528s] -- Up-to-date: /home/wheeltec/wheeltec_ros2/src/install/wheeltec_robot_urdf/share/wheeltec_robot_urdf/local_setup.dsv
[0.529s] -- Installing: /home/wheeltec/wheeltec_ros2/src/install/wheeltec_robot_urdf/share/wheeltec_robot_urdf/package.dsv
[0.530s] -- Up-to-date: /home/wheeltec/wheeltec_ros2/src/install/wheeltec_robot_urdf/share/ament_index/resource_index/packages/wheeltec_robot_urdf
[0.530s] -- Up-to-date: /home/wheeltec/wheeltec_ros2/src/install/wheeltec_robot_urdf/share/wheeltec_robot_urdf/cmake/wheeltec_robot_urdfConfig.cmake
[0.531s] -- Up-to-date: /home/wheeltec/wheeltec_ros2/src/install/wheeltec_robot_urdf/share/wheeltec_robot_urdf/cmake/wheeltec_robot_urdfConfig-version.cmake
[0.531s] -- Up-to-date: /home/wheeltec/wheeltec_ros2/src/install/wheeltec_robot_urdf/share/wheeltec_robot_urdf/package.xml
[0.539s] Invoked command in '/home/wheeltec/wheeltec_ros2/src/build/wheeltec_robot_urdf' returned '0': /usr/bin/cmake --install /home/wheeltec/wheeltec_ros2/src/build/wheeltec_robot_urdf
