[0.825s] DEBUG:colcon:Command line arguments: ['/usr/bin/colcon', 'build']
[0.825s] DEBUG:colcon:Parsed command line arguments: Namespace(allow_overriding=[], ament_cmake_args=None, base_paths=['.'], build_base='build', catkin_cmake_args=None, catkin_skip_building_tests=False, cmake_args=None, cmake_clean_cache=False, cmake_clean_first=False, cmake_force_configure=False, cmake_target=None, cmake_target_skip_unavailable=False, continue_on_error=False, event_handlers=None, executor='parallel', ignore_user_meta=False, install_base='install', log_base=None, log_level=None, main=<bound method BuildVerb.main of <colcon_core.verb.build.BuildVerb object at 0x7fb58fd2b0>>, merge_install=False, metas=['./colcon.meta'], packages_above=None, packages_above_and_dependencies=None, packages_above_depth=None, packages_end=None, packages_ignore=None, packages_ignore_regex=None, packages_select=None, packages_select_build_failed=False, packages_select_by_dep=None, packages_select_regex=None, packages_select_test_failures=False, packages_skip=None, packages_skip_build_finished=False, packages_skip_by_dep=None, packages_skip_regex=None, packages_skip_test_passed=False, packages_skip_up_to=None, packages_start=None, packages_up_to=None, packages_up_to_regex=None, parallel_workers=4, paths=None, symlink_install=False, test_result_base=None, verb_extension=<colcon_core.verb.build.BuildVerb object at 0x7fb58fd2b0>, verb_name='build', verb_parser=<colcon_defaults.argument_parser.defaults.DefaultArgumentsDecorator object at 0x7fb5725190>)
[1.905s] Level 1:colcon.colcon_core.package_discovery:discover_packages(colcon_meta) check parameters
[1.906s] Level 1:colcon.colcon_core.package_discovery:discover_packages(recursive) check parameters
[1.906s] Level 1:colcon.colcon_core.package_discovery:discover_packages(ignore) check parameters
[1.906s] Level 1:colcon.colcon_core.package_discovery:discover_packages(path) check parameters
[1.906s] Level 1:colcon.colcon_core.package_discovery:discover_packages(colcon_meta) discover
[1.906s] Level 1:colcon.colcon_core.package_discovery:discover_packages(recursive) discover
[1.906s] INFO:colcon.colcon_core.package_discovery:Crawling recursively for packages in '/home/wheeltec/wheeltec_ros2/src/laser_scan_reader'
[1.907s] Level 1:colcon.colcon_core.package_identification:_identify(.) by extensions ['ignore', 'ignore_ament_install']
[1.907s] Level 1:colcon.colcon_core.package_identification:_identify(.) by extension 'ignore'
[1.907s] Level 1:colcon.colcon_core.package_identification:_identify(.) by extension 'ignore_ament_install'
[1.908s] Level 1:colcon.colcon_core.package_identification:_identify(.) by extensions ['colcon_pkg']
[1.908s] Level 1:colcon.colcon_core.package_identification:_identify(.) by extension 'colcon_pkg'
[1.908s] Level 1:colcon.colcon_core.package_identification:_identify(.) by extensions ['colcon_meta']
[1.908s] Level 1:colcon.colcon_core.package_identification:_identify(.) by extension 'colcon_meta'
[1.908s] Level 1:colcon.colcon_core.package_identification:_identify(.) by extensions ['ros']
[1.908s] Level 1:colcon.colcon_core.package_identification:_identify(.) by extension 'ros'
[1.975s] DEBUG:colcon.colcon_core.package_identification:Package '.' with type 'ros.ament_python' and name 'laser_scan_reader'
[1.975s] Level 1:colcon.colcon_core.package_discovery:discover_packages(recursive) using defaults
[1.975s] Level 1:colcon.colcon_core.package_discovery:discover_packages(ignore) discover
[1.975s] Level 1:colcon.colcon_core.package_discovery:discover_packages(ignore) using defaults
[1.975s] Level 1:colcon.colcon_core.package_discovery:discover_packages(path) discover
[1.975s] Level 1:colcon.colcon_core.package_discovery:discover_packages(path) using defaults
[2.054s] Level 1:colcon.colcon_core.package_discovery:discover_packages(prefix_path) check parameters
[2.054s] Level 1:colcon.colcon_core.package_discovery:discover_packages(prefix_path) discover
[2.080s] DEBUG:colcon.colcon_installed_package_information.package_discovery:Found 70 installed packages in /home/wheeltec/wheeltec_ros2/install
[2.089s] DEBUG:colcon.colcon_installed_package_information.package_discovery:Found 345 installed packages in /opt/ros/galactic
[2.106s] Level 1:colcon.colcon_core.package_discovery:discover_packages(prefix_path) using defaults
[2.384s] Level 5:colcon.colcon_core.verb:set package 'laser_scan_reader' build argument 'cmake_args' from command line to 'None'
[2.384s] Level 5:colcon.colcon_core.verb:set package 'laser_scan_reader' build argument 'cmake_target' from command line to 'None'
[2.385s] Level 5:colcon.colcon_core.verb:set package 'laser_scan_reader' build argument 'cmake_target_skip_unavailable' from command line to 'False'
[2.385s] Level 5:colcon.colcon_core.verb:set package 'laser_scan_reader' build argument 'cmake_clean_cache' from command line to 'False'
[2.385s] Level 5:colcon.colcon_core.verb:set package 'laser_scan_reader' build argument 'cmake_clean_first' from command line to 'False'
[2.385s] Level 5:colcon.colcon_core.verb:set package 'laser_scan_reader' build argument 'cmake_force_configure' from command line to 'False'
[2.385s] Level 5:colcon.colcon_core.verb:set package 'laser_scan_reader' build argument 'ament_cmake_args' from command line to 'None'
[2.385s] Level 5:colcon.colcon_core.verb:set package 'laser_scan_reader' build argument 'catkin_cmake_args' from command line to 'None'
[2.385s] Level 5:colcon.colcon_core.verb:set package 'laser_scan_reader' build argument 'catkin_skip_building_tests' from command line to 'False'
[2.385s] DEBUG:colcon.colcon_core.verb:Building package 'laser_scan_reader' with the following arguments: {'ament_cmake_args': None, 'build_base': '/home/wheeltec/wheeltec_ros2/src/laser_scan_reader/build/laser_scan_reader', 'catkin_cmake_args': None, 'catkin_skip_building_tests': False, 'cmake_args': None, 'cmake_clean_cache': False, 'cmake_clean_first': False, 'cmake_force_configure': False, 'cmake_target': None, 'cmake_target_skip_unavailable': False, 'install_base': '/home/wheeltec/wheeltec_ros2/src/laser_scan_reader/install/laser_scan_reader', 'merge_install': False, 'path': '/home/wheeltec/wheeltec_ros2/src/laser_scan_reader', 'symlink_install': False, 'test_result_base': None}
[2.386s] INFO:colcon.colcon_core.executor:Executing jobs using 'parallel' executor
[2.389s] DEBUG:colcon.colcon_parallel_executor.executor.parallel:run_until_complete
[2.390s] INFO:colcon.colcon_ros.task.ament_python.build:Building ROS package in '/home/wheeltec/wheeltec_ros2/src/laser_scan_reader' with build type 'ament_python'
[2.390s] Level 1:colcon.colcon_core.shell:create_environment_hook('laser_scan_reader', 'ament_prefix_path')
[2.398s] INFO:colcon.colcon_core.plugin_system:Skipping extension 'colcon_core.shell.bat': Not used on non-Windows systems
[2.399s] INFO:colcon.colcon_core.shell:Creating environment hook '/home/wheeltec/wheeltec_ros2/src/laser_scan_reader/install/laser_scan_reader/share/laser_scan_reader/hook/ament_prefix_path.ps1'
[2.402s] INFO:colcon.colcon_core.shell:Creating environment descriptor '/home/wheeltec/wheeltec_ros2/src/laser_scan_reader/install/laser_scan_reader/share/laser_scan_reader/hook/ament_prefix_path.dsv'
[2.403s] INFO:colcon.colcon_core.shell:Creating environment hook '/home/wheeltec/wheeltec_ros2/src/laser_scan_reader/install/laser_scan_reader/share/laser_scan_reader/hook/ament_prefix_path.sh'
[2.407s] INFO:colcon.colcon_core.shell:Skip shell extension 'powershell' for command environment: Not usable outside of PowerShell
[2.407s] DEBUG:colcon.colcon_core.shell:Skip shell extension 'dsv' for command environment
[3.918s] INFO:colcon.colcon_core.task.python.build:Building Python package in '/home/wheeltec/wheeltec_ros2/src/laser_scan_reader'
[3.919s] INFO:colcon.colcon_core.shell:Skip shell extension 'powershell' for command environment: Not usable outside of PowerShell
[3.919s] DEBUG:colcon.colcon_core.shell:Skip shell extension 'dsv' for command environment
[6.777s] DEBUG:colcon.colcon_core.event_handler.log_command:Invoking command in '/home/wheeltec/wheeltec_ros2/src/laser_scan_reader': PYTHONPATH=/home/wheeltec/wheeltec_ros2/src/laser_scan_reader/build/laser_scan_reader/prefix_override:/usr/lib/python3/dist-packages/colcon_core/task/python/colcon_distutils_commands:/home/wheeltec/wheeltec_ros2/src/laser_scan_reader/install/laser_scan_reader/lib/python3.8/site-packages:${PYTHONPATH} /usr/bin/python3 -W ignore:setup.py install is deprecated setup.py egg_info --egg-base build/laser_scan_reader build --build-base /home/wheeltec/wheeltec_ros2/src/laser_scan_reader/build/laser_scan_reader/build install --record /home/wheeltec/wheeltec_ros2/src/laser_scan_reader/build/laser_scan_reader/install.log --single-version-externally-managed install_data
[9.195s] DEBUG:colcon.colcon_core.event_handler.log_command:Invoked command in '/home/wheeltec/wheeltec_ros2/src/laser_scan_reader' returned '0': PYTHONPATH=/home/wheeltec/wheeltec_ros2/src/laser_scan_reader/build/laser_scan_reader/prefix_override:/usr/lib/python3/dist-packages/colcon_core/task/python/colcon_distutils_commands:/home/wheeltec/wheeltec_ros2/src/laser_scan_reader/install/laser_scan_reader/lib/python3.8/site-packages:${PYTHONPATH} /usr/bin/python3 -W ignore:setup.py install is deprecated setup.py egg_info --egg-base build/laser_scan_reader build --build-base /home/wheeltec/wheeltec_ros2/src/laser_scan_reader/build/laser_scan_reader/build install --record /home/wheeltec/wheeltec_ros2/src/laser_scan_reader/build/laser_scan_reader/install.log --single-version-externally-managed install_data
[9.205s] Level 1:colcon.colcon_core.environment:checking '/home/wheeltec/wheeltec_ros2/src/laser_scan_reader/install/laser_scan_reader' for CMake module files
[9.206s] Level 1:colcon.colcon_core.environment:checking '/home/wheeltec/wheeltec_ros2/src/laser_scan_reader/install/laser_scan_reader' for CMake config files
[9.209s] Level 1:colcon.colcon_core.environment:checking '/home/wheeltec/wheeltec_ros2/src/laser_scan_reader/install/laser_scan_reader/lib'
[9.209s] Level 1:colcon.colcon_core.environment:checking '/home/wheeltec/wheeltec_ros2/src/laser_scan_reader/install/laser_scan_reader/bin'
[9.209s] Level 1:colcon.colcon_core.environment:checking '/home/wheeltec/wheeltec_ros2/src/laser_scan_reader/install/laser_scan_reader/lib/pkgconfig/laser_scan_reader.pc'
[9.210s] Level 1:colcon.colcon_core.environment:checking '/home/wheeltec/wheeltec_ros2/src/laser_scan_reader/install/laser_scan_reader/lib/python3.8/site-packages'
[9.210s] Level 1:colcon.colcon_core.shell:create_environment_hook('laser_scan_reader', 'pythonpath')
[9.211s] INFO:colcon.colcon_core.shell:Creating environment hook '/home/wheeltec/wheeltec_ros2/src/laser_scan_reader/install/laser_scan_reader/share/laser_scan_reader/hook/pythonpath.ps1'
[9.213s] INFO:colcon.colcon_core.shell:Creating environment descriptor '/home/wheeltec/wheeltec_ros2/src/laser_scan_reader/install/laser_scan_reader/share/laser_scan_reader/hook/pythonpath.dsv'
[9.214s] INFO:colcon.colcon_core.shell:Creating environment hook '/home/wheeltec/wheeltec_ros2/src/laser_scan_reader/install/laser_scan_reader/share/laser_scan_reader/hook/pythonpath.sh'
[9.216s] Level 1:colcon.colcon_core.environment:checking '/home/wheeltec/wheeltec_ros2/src/laser_scan_reader/install/laser_scan_reader/bin'
[9.216s] Level 1:colcon.colcon_core.environment:create_environment_scripts_only(laser_scan_reader)
[9.217s] INFO:colcon.colcon_core.shell:Creating package script '/home/wheeltec/wheeltec_ros2/src/laser_scan_reader/install/laser_scan_reader/share/laser_scan_reader/package.ps1'
[9.220s] INFO:colcon.colcon_core.shell:Creating package descriptor '/home/wheeltec/wheeltec_ros2/src/laser_scan_reader/install/laser_scan_reader/share/laser_scan_reader/package.dsv'
[9.222s] INFO:colcon.colcon_core.shell:Creating package script '/home/wheeltec/wheeltec_ros2/src/laser_scan_reader/install/laser_scan_reader/share/laser_scan_reader/package.sh'
[9.225s] INFO:colcon.colcon_core.shell:Creating package script '/home/wheeltec/wheeltec_ros2/src/laser_scan_reader/install/laser_scan_reader/share/laser_scan_reader/package.bash'
[9.228s] INFO:colcon.colcon_core.shell:Creating package script '/home/wheeltec/wheeltec_ros2/src/laser_scan_reader/install/laser_scan_reader/share/laser_scan_reader/package.zsh'
[9.230s] Level 1:colcon.colcon_core.environment:create_file_with_runtime_dependencies(/home/wheeltec/wheeltec_ros2/src/laser_scan_reader/install/laser_scan_reader/share/colcon-core/packages/laser_scan_reader)
[9.232s] DEBUG:colcon.colcon_parallel_executor.executor.parallel:closing loop
[9.234s] DEBUG:colcon.colcon_parallel_executor.executor.parallel:loop closed
[9.234s] DEBUG:colcon.colcon_parallel_executor.executor.parallel:run_until_complete finished with '0'
[9.234s] DEBUG:colcon.colcon_core.event_reactor:joining thread
[9.255s] INFO:colcon.colcon_core.plugin_system:Skipping extension 'colcon_notification.desktop_notification.terminal_notifier': Not used on non-Darwin systems
[9.256s] INFO:colcon.colcon_core.plugin_system:Skipping extension 'colcon_notification.desktop_notification.win32': Not used on non-Windows systems
[9.256s] INFO:colcon.colcon_notification.desktop_notification:Sending desktop notification using 'notify2'
[9.320s] DEBUG:colcon.colcon_core.event_reactor:joined thread
[9.321s] INFO:colcon.colcon_core.shell:Creating prefix script '/home/wheeltec/wheeltec_ros2/src/laser_scan_reader/install/local_setup.ps1'
[9.325s] INFO:colcon.colcon_core.shell:Creating prefix util module '/home/wheeltec/wheeltec_ros2/src/laser_scan_reader/install/_local_setup_util_ps1.py'
[9.332s] INFO:colcon.colcon_core.shell:Creating prefix chain script '/home/wheeltec/wheeltec_ros2/src/laser_scan_reader/install/setup.ps1'
[9.350s] INFO:colcon.colcon_core.shell:Creating prefix script '/home/wheeltec/wheeltec_ros2/src/laser_scan_reader/install/local_setup.sh'
[9.353s] INFO:colcon.colcon_core.shell:Creating prefix util module '/home/wheeltec/wheeltec_ros2/src/laser_scan_reader/install/_local_setup_util_sh.py'
[9.355s] INFO:colcon.colcon_core.shell:Creating prefix chain script '/home/wheeltec/wheeltec_ros2/src/laser_scan_reader/install/setup.sh'
[9.373s] INFO:colcon.colcon_core.shell:Creating prefix script '/home/wheeltec/wheeltec_ros2/src/laser_scan_reader/install/local_setup.bash'
[9.375s] INFO:colcon.colcon_core.shell:Creating prefix chain script '/home/wheeltec/wheeltec_ros2/src/laser_scan_reader/install/setup.bash'
[9.391s] INFO:colcon.colcon_core.shell:Creating prefix script '/home/wheeltec/wheeltec_ros2/src/laser_scan_reader/install/local_setup.zsh'
[9.394s] INFO:colcon.colcon_core.shell:Creating prefix chain script '/home/wheeltec/wheeltec_ros2/src/laser_scan_reader/install/setup.zsh'
