[0.139s] Invoking command in '/home/wheeltec/wheeltec_ros2/src/build/astra_camera_msgs': CMAKE_PREFIX_PATH=${CMAKE_PREFIX_PATH}:/home/wheeltec/wheeltec_ros2/install/simple_follower_ros2:/home/wheeltec/wheeltec_ros2/install/wheeltec_robot_keyboard:/home/wheeltec/wheeltec_ros2/install/tf2_tools:/home/wheeltec/wheeltec_ros2/install/teleop_twist_keyboard:/home/wheeltec/wheeltec_ros2/install/nav2_simple_commander:/home/wheeltec/wheeltec_ros2/install/nav2_gazebo_spawner:/home/wheeltec/wheeltec_ros2/install/ldlidar_sl_ros2:/home/wheeltec/wheeltec_ros2/install/keyboard_control_emer:/opt/ros/galactic /usr/bin/cmake /home/wheeltec/wheeltec_ros2/src/ros2_astra_camera/astra_camera_msgs -DCMAKE_INSTALL_PREFIX=/home/wheeltec/wheeltec_ros2/src/install/astra_camera_msgs
[0.730s] -- The C compiler identification is GNU 9.4.0
[1.150s] -- The CXX compiler identification is GNU 9.4.0
[1.187s] -- Check for working C compiler: /usr/bin/cc
[1.919s] -- Check for working C compiler: /usr/bin/cc -- works
[1.927s] -- Detecting C compiler ABI info
[2.579s] -- Detecting C compiler ABI info - done
[2.681s] -- Detecting C compile features
[2.695s] -- Detecting C compile features - done
[2.712s] -- Check for working CXX compiler: /usr/bin/c++
[3.593s] -- Check for working CXX compiler: /usr/bin/c++ -- works
[3.598s] -- Detecting CXX compiler ABI info
[4.207s] -- Detecting CXX compiler ABI info - done
[4.295s] -- Detecting CXX compile features
[4.297s] -- Detecting CXX compile features - done
[4.386s] -- Found ament_cmake: 1.1.6 (/opt/ros/galactic/share/ament_cmake/cmake)
[4.664s] -- Found PythonInterp: /usr/bin/python3 (found suitable version "3.8.10", minimum required is "3") 
[4.666s] -- Using PYTHON_EXECUTABLE: /usr/bin/python3
[5.558s] -- Found rosidl_default_generators: 1.1.1 (/opt/ros/galactic/share/rosidl_default_generators/cmake)
[5.674s] -- Using all available rosidl_typesupport_c: rosidl_typesupport_fastrtps_c;rosidl_typesupport_introspection_c
[5.805s] -- Found rosidl_adapter: 2.2.3 (/opt/ros/galactic/share/rosidl_adapter/cmake)
[6.740s] -- Found OpenSSL: /usr/lib/aarch64-linux-gnu/libcrypto.so (found version "1.1.1f")  
[6.915s] -- Found FastRTPS: /opt/ros/galactic/include  
[7.595s] -- Using all available rosidl_typesupport_cpp: rosidl_typesupport_fastrtps_cpp;rosidl_typesupport_introspection_cpp
[7.875s] -- Found sensor_msgs: 2.2.4 (/opt/ros/galactic/share/sensor_msgs/cmake)
[8.863s] -- Found PythonInterp: /usr/bin/python3 (found version "3.8.10") 
[10.469s] -- Found ament_cmake_ros: 0.9.2 (/opt/ros/galactic/share/ament_cmake_ros/cmake)
[12.562s] -- Using all available rosidl_typesupport_c: rosidl_typesupport_fastrtps_c;rosidl_typesupport_introspection_c
[13.533s] -- Using all available rosidl_typesupport_cpp: rosidl_typesupport_fastrtps_cpp;rosidl_typesupport_introspection_cpp
[13.752s] -- Found PythonInterp: /usr/bin/python3 (found suitable version "3.8.10", minimum required is "3.5") 
[13.791s] -- Found python_cmake_module: 0.8.1 (/opt/ros/galactic/share/python_cmake_module/cmake)
[13.985s] -- Found PythonLibs: /usr/lib/aarch64-linux-gnu/libpython3.8.so (found suitable version "3.8.10", minimum required is "3.5") 
[13.986s] -- Using PYTHON_EXECUTABLE: /usr/bin/python3
[13.986s] -- Using PYTHON_INCLUDE_DIRS: /usr/include/python3.8
[13.986s] -- Using PYTHON_LIBRARIES: /usr/lib/aarch64-linux-gnu/libpython3.8.so
[14.132s] -- Found PythonExtra: .so  
[16.875s] -- Found ament_lint_auto: 0.10.7 (/opt/ros/galactic/share/ament_lint_auto/cmake)
[17.328s] -- Added test 'copyright' to check source files copyright and LICENSE
[17.345s] -- Added test 'lint_cmake' to check CMake code style
[17.355s] -- Added test 'xmllint' to check XML markup files
[17.388s] -- Configuring done
[17.918s] -- Generating done
[18.022s] -- Build files have been written to: /home/wheeltec/wheeltec_ros2/src/build/astra_camera_msgs
[18.070s] Invoked command in '/home/wheeltec/wheeltec_ros2/src/build/astra_camera_msgs' returned '0': CMAKE_PREFIX_PATH=${CMAKE_PREFIX_PATH}:/home/wheeltec/wheeltec_ros2/install/simple_follower_ros2:/home/wheeltec/wheeltec_ros2/install/wheeltec_robot_keyboard:/home/wheeltec/wheeltec_ros2/install/tf2_tools:/home/wheeltec/wheeltec_ros2/install/teleop_twist_keyboard:/home/wheeltec/wheeltec_ros2/install/nav2_simple_commander:/home/wheeltec/wheeltec_ros2/install/nav2_gazebo_spawner:/home/wheeltec/wheeltec_ros2/install/ldlidar_sl_ros2:/home/wheeltec/wheeltec_ros2/install/keyboard_control_emer:/opt/ros/galactic /usr/bin/cmake /home/wheeltec/wheeltec_ros2/src/ros2_astra_camera/astra_camera_msgs -DCMAKE_INSTALL_PREFIX=/home/wheeltec/wheeltec_ros2/src/install/astra_camera_msgs
[18.074s] Invoking command in '/home/wheeltec/wheeltec_ros2/src/build/astra_camera_msgs': CMAKE_PREFIX_PATH=${CMAKE_PREFIX_PATH}:/home/wheeltec/wheeltec_ros2/install/simple_follower_ros2:/home/wheeltec/wheeltec_ros2/install/wheeltec_robot_keyboard:/home/wheeltec/wheeltec_ros2/install/tf2_tools:/home/wheeltec/wheeltec_ros2/install/teleop_twist_keyboard:/home/wheeltec/wheeltec_ros2/install/nav2_simple_commander:/home/wheeltec/wheeltec_ros2/install/nav2_gazebo_spawner:/home/wheeltec/wheeltec_ros2/install/ldlidar_sl_ros2:/home/wheeltec/wheeltec_ros2/install/keyboard_control_emer:/opt/ros/galactic /usr/bin/cmake --build /home/wheeltec/wheeltec_ros2/src/build/astra_camera_msgs -- -j4 -l4
[18.336s] [35m[1mScanning dependencies of target astra_camera_msgs__cpp[0m
[18.410s] [  1%] [34m[1mGenerating C++ code for ROS interfaces[0m
[23.906s] [  1%] Built target astra_camera_msgs__cpp
[23.988s] [  2%] [34m[1mGenerating C code for ROS interfaces[0m
[31.338s] [35m[1mScanning dependencies of target astra_camera_msgs__rosidl_generator_c[0m
[31.473s] [  3%] [32mBuilding C object CMakeFiles/astra_camera_msgs__rosidl_generator_c.dir/rosidl_generator_c/astra_camera_msgs/msg/detail/device_info__functions.c.o[0m
[31.818s] [  4%] [32mBuilding C object CMakeFiles/astra_camera_msgs__rosidl_generator_c.dir/rosidl_generator_c/astra_camera_msgs/msg/detail/extrinsics__functions.c.o[0m
[32.056s] [  5%] [32mBuilding C object CMakeFiles/astra_camera_msgs__rosidl_generator_c.dir/rosidl_generator_c/astra_camera_msgs/msg/detail/metadata__functions.c.o[0m
[32.267s] [  6%] [32mBuilding C object CMakeFiles/astra_camera_msgs__rosidl_generator_c.dir/rosidl_generator_c/astra_camera_msgs/srv/detail/get_device_info__functions.c.o[0m
[32.531s] [  7%] [32mBuilding C object CMakeFiles/astra_camera_msgs__rosidl_generator_c.dir/rosidl_generator_c/astra_camera_msgs/srv/detail/get_camera_info__functions.c.o[0m
[32.822s] [  8%] [32mBuilding C object CMakeFiles/astra_camera_msgs__rosidl_generator_c.dir/rosidl_generator_c/astra_camera_msgs/srv/detail/get_camera_params__functions.c.o[0m
[33.152s] [  9%] [32mBuilding C object CMakeFiles/astra_camera_msgs__rosidl_generator_c.dir/rosidl_generator_c/astra_camera_msgs/srv/detail/get_int32__functions.c.o[0m
[33.404s] [ 10%] [32mBuilding C object CMakeFiles/astra_camera_msgs__rosidl_generator_c.dir/rosidl_generator_c/astra_camera_msgs/srv/detail/get_string__functions.c.o[0m
[33.666s] [ 11%] [32mBuilding C object CMakeFiles/astra_camera_msgs__rosidl_generator_c.dir/rosidl_generator_c/astra_camera_msgs/srv/detail/set_int32__functions.c.o[0m
[33.916s] [ 12%] [32m[1mLinking C shared library libastra_camera_msgs__rosidl_generator_c.so[0m
[34.156s] [ 12%] Built target astra_camera_msgs__rosidl_generator_c
[34.262s] [ 13%] [34m[1mGenerating C++ introspection for ROS interfaces[0m
[38.176s] [35m[1mScanning dependencies of target astra_camera_msgs__rosidl_typesupport_introspection_cpp[0m
[38.380s] [ 14%] [32mBuilding CXX object CMakeFiles/astra_camera_msgs__rosidl_typesupport_introspection_cpp.dir/rosidl_typesupport_introspection_cpp/astra_camera_msgs/msg/detail/device_info__type_support.cpp.o[0m
[39.728s] [ 15%] [32mBuilding CXX object CMakeFiles/astra_camera_msgs__rosidl_typesupport_introspection_cpp.dir/rosidl_typesupport_introspection_cpp/astra_camera_msgs/msg/detail/extrinsics__type_support.cpp.o[0m
[41.065s] [ 16%] [32mBuilding CXX object CMakeFiles/astra_camera_msgs__rosidl_typesupport_introspection_cpp.dir/rosidl_typesupport_introspection_cpp/astra_camera_msgs/msg/detail/metadata__type_support.cpp.o[0m
[42.326s] [ 17%] [32mBuilding CXX object CMakeFiles/astra_camera_msgs__rosidl_typesupport_introspection_cpp.dir/rosidl_typesupport_introspection_cpp/astra_camera_msgs/srv/detail/get_device_info__type_support.cpp.o[0m
[43.790s] [ 18%] [32mBuilding CXX object CMakeFiles/astra_camera_msgs__rosidl_typesupport_introspection_cpp.dir/rosidl_typesupport_introspection_cpp/astra_camera_msgs/srv/detail/get_camera_info__type_support.cpp.o[0m
[45.236s] [ 20%] [32mBuilding CXX object CMakeFiles/astra_camera_msgs__rosidl_typesupport_introspection_cpp.dir/rosidl_typesupport_introspection_cpp/astra_camera_msgs/srv/detail/get_camera_params__type_support.cpp.o[0m
[46.626s] [ 21%] [32mBuilding CXX object CMakeFiles/astra_camera_msgs__rosidl_typesupport_introspection_cpp.dir/rosidl_typesupport_introspection_cpp/astra_camera_msgs/srv/detail/get_int32__type_support.cpp.o[0m
[47.951s] [ 22%] [32mBuilding CXX object CMakeFiles/astra_camera_msgs__rosidl_typesupport_introspection_cpp.dir/rosidl_typesupport_introspection_cpp/astra_camera_msgs/srv/detail/get_string__type_support.cpp.o[0m
[49.229s] [ 23%] [32mBuilding CXX object CMakeFiles/astra_camera_msgs__rosidl_typesupport_introspection_cpp.dir/rosidl_typesupport_introspection_cpp/astra_camera_msgs/srv/detail/set_int32__type_support.cpp.o[0m
[50.611s] [ 24%] [32m[1mLinking CXX shared library libastra_camera_msgs__rosidl_typesupport_introspection_cpp.so[0m
[50.979s] [ 24%] Built target astra_camera_msgs__rosidl_typesupport_introspection_cpp
[51.053s] [ 25%] [34m[1mGenerating C introspection for ROS interfaces[0m
[55.079s] [35m[1mScanning dependencies of target astra_camera_msgs__rosidl_typesupport_introspection_c[0m
[55.191s] [ 26%] [32mBuilding C object CMakeFiles/astra_camera_msgs__rosidl_typesupport_introspection_c.dir/rosidl_typesupport_introspection_c/astra_camera_msgs/msg/detail/device_info__type_support.c.o[0m
[55.406s] [ 27%] [32mBuilding C object CMakeFiles/astra_camera_msgs__rosidl_typesupport_introspection_c.dir/rosidl_typesupport_introspection_c/astra_camera_msgs/msg/detail/extrinsics__type_support.c.o[0m
[55.572s] [ 28%] [32mBuilding C object CMakeFiles/astra_camera_msgs__rosidl_typesupport_introspection_c.dir/rosidl_typesupport_introspection_c/astra_camera_msgs/msg/detail/metadata__type_support.c.o[0m
[55.748s] [ 29%] [32mBuilding C object CMakeFiles/astra_camera_msgs__rosidl_typesupport_introspection_c.dir/rosidl_typesupport_introspection_c/astra_camera_msgs/srv/detail/get_device_info__type_support.c.o[0m
[55.925s] [ 30%] [32mBuilding C object CMakeFiles/astra_camera_msgs__rosidl_typesupport_introspection_c.dir/rosidl_typesupport_introspection_c/astra_camera_msgs/srv/detail/get_camera_info__type_support.c.o[0m
[56.113s] [ 31%] [32mBuilding C object CMakeFiles/astra_camera_msgs__rosidl_typesupport_introspection_c.dir/rosidl_typesupport_introspection_c/astra_camera_msgs/srv/detail/get_camera_params__type_support.c.o[0m
[56.290s] [ 32%] [32mBuilding C object CMakeFiles/astra_camera_msgs__rosidl_typesupport_introspection_c.dir/rosidl_typesupport_introspection_c/astra_camera_msgs/srv/detail/get_int32__type_support.c.o[0m
[56.476s] [ 33%] [32mBuilding C object CMakeFiles/astra_camera_msgs__rosidl_typesupport_introspection_c.dir/rosidl_typesupport_introspection_c/astra_camera_msgs/srv/detail/get_string__type_support.c.o[0m
[56.652s] [ 34%] [32mBuilding C object CMakeFiles/astra_camera_msgs__rosidl_typesupport_introspection_c.dir/rosidl_typesupport_introspection_c/astra_camera_msgs/srv/detail/set_int32__type_support.c.o[0m
[56.823s] [ 35%] [32m[1mLinking C shared library libastra_camera_msgs__rosidl_typesupport_introspection_c.so[0m
[57.018s] [ 35%] Built target astra_camera_msgs__rosidl_typesupport_introspection_c
[57.090s] [ 36%] [34m[1mGenerating C type support dispatch for ROS interfaces[0m
[59.867s] [35m[1mScanning dependencies of target astra_camera_msgs__rosidl_typesupport_c[0m
[60.028s] [ 37%] [32mBuilding CXX object CMakeFiles/astra_camera_msgs__rosidl_typesupport_c.dir/rosidl_typesupport_c/astra_camera_msgs/msg/device_info__type_support.cpp.o[0m
[60.189s] [ 38%] [32mBuilding CXX object CMakeFiles/astra_camera_msgs__rosidl_typesupport_c.dir/rosidl_typesupport_c/astra_camera_msgs/msg/extrinsics__type_support.cpp.o[0m
[60.351s] [ 40%] [32mBuilding CXX object CMakeFiles/astra_camera_msgs__rosidl_typesupport_c.dir/rosidl_typesupport_c/astra_camera_msgs/msg/metadata__type_support.cpp.o[0m
[60.514s] [ 41%] [32mBuilding CXX object CMakeFiles/astra_camera_msgs__rosidl_typesupport_c.dir/rosidl_typesupport_c/astra_camera_msgs/srv/get_device_info__type_support.cpp.o[0m
[60.685s] [ 42%] [32mBuilding CXX object CMakeFiles/astra_camera_msgs__rosidl_typesupport_c.dir/rosidl_typesupport_c/astra_camera_msgs/srv/get_camera_info__type_support.cpp.o[0m
[60.849s] [ 43%] [32mBuilding CXX object CMakeFiles/astra_camera_msgs__rosidl_typesupport_c.dir/rosidl_typesupport_c/astra_camera_msgs/srv/get_camera_params__type_support.cpp.o[0m
[61.019s] [ 44%] [32mBuilding CXX object CMakeFiles/astra_camera_msgs__rosidl_typesupport_c.dir/rosidl_typesupport_c/astra_camera_msgs/srv/get_int32__type_support.cpp.o[0m
[61.186s] [ 45%] [32mBuilding CXX object CMakeFiles/astra_camera_msgs__rosidl_typesupport_c.dir/rosidl_typesupport_c/astra_camera_msgs/srv/get_string__type_support.cpp.o[0m
[61.351s] [ 46%] [32mBuilding CXX object CMakeFiles/astra_camera_msgs__rosidl_typesupport_c.dir/rosidl_typesupport_c/astra_camera_msgs/srv/set_int32__type_support.cpp.o[0m
[61.518s] [ 47%] [32m[1mLinking CXX shared library libastra_camera_msgs__rosidl_typesupport_c.so[0m
[61.753s] [ 47%] Built target astra_camera_msgs__rosidl_typesupport_c
[61.833s] [ 48%] [34m[1mGenerating C++ type support for eProsima Fast-RTPS[0m
[66.284s] [35m[1mScanning dependencies of target astra_camera_msgs__rosidl_typesupport_fastrtps_cpp[0m
[66.458s] [ 49%] [32mBuilding CXX object CMakeFiles/astra_camera_msgs__rosidl_typesupport_fastrtps_cpp.dir/rosidl_typesupport_fastrtps_cpp/astra_camera_msgs/msg/detail/dds_fastrtps/device_info__type_support.cpp.o[0m
[68.446s] [ 50%] [32mBuilding CXX object CMakeFiles/astra_camera_msgs__rosidl_typesupport_fastrtps_cpp.dir/rosidl_typesupport_fastrtps_cpp/astra_camera_msgs/msg/detail/dds_fastrtps/metadata__type_support.cpp.o[0m
[70.373s] [ 51%] [32mBuilding CXX object CMakeFiles/astra_camera_msgs__rosidl_typesupport_fastrtps_cpp.dir/rosidl_typesupport_fastrtps_cpp/astra_camera_msgs/srv/detail/dds_fastrtps/get_device_info__type_support.cpp.o[0m
[72.338s] [ 52%] [32mBuilding CXX object CMakeFiles/astra_camera_msgs__rosidl_typesupport_fastrtps_cpp.dir/rosidl_typesupport_fastrtps_cpp/astra_camera_msgs/srv/detail/dds_fastrtps/get_camera_info__type_support.cpp.o[0m
[74.339s] [ 53%] [32mBuilding CXX object CMakeFiles/astra_camera_msgs__rosidl_typesupport_fastrtps_cpp.dir/rosidl_typesupport_fastrtps_cpp/astra_camera_msgs/srv/detail/dds_fastrtps/get_camera_params__type_support.cpp.o[0m
[76.410s] [ 54%] [32mBuilding CXX object CMakeFiles/astra_camera_msgs__rosidl_typesupport_fastrtps_cpp.dir/rosidl_typesupport_fastrtps_cpp/astra_camera_msgs/srv/detail/dds_fastrtps/get_int32__type_support.cpp.o[0m
[78.379s] [ 55%] [32mBuilding CXX object CMakeFiles/astra_camera_msgs__rosidl_typesupport_fastrtps_cpp.dir/rosidl_typesupport_fastrtps_cpp/astra_camera_msgs/srv/detail/dds_fastrtps/get_string__type_support.cpp.o[0m
[80.931s] [ 56%] [32mBuilding CXX object CMakeFiles/astra_camera_msgs__rosidl_typesupport_fastrtps_cpp.dir/rosidl_typesupport_fastrtps_cpp/astra_camera_msgs/srv/detail/dds_fastrtps/set_int32__type_support.cpp.o[0m
[83.344s] [ 57%] [32mBuilding CXX object CMakeFiles/astra_camera_msgs__rosidl_typesupport_fastrtps_cpp.dir/rosidl_typesupport_fastrtps_cpp/astra_camera_msgs/msg/detail/dds_fastrtps/extrinsics__type_support.cpp.o[0m
[85.439s] [ 58%] [32m[1mLinking CXX shared library libastra_camera_msgs__rosidl_typesupport_fastrtps_cpp.so[0m
[85.893s] [ 58%] Built target astra_camera_msgs__rosidl_typesupport_fastrtps_cpp
[86.030s] [ 60%] [34m[1mGenerating C++ type support dispatch for ROS interfaces[0m
[89.453s] [35m[1mScanning dependencies of target astra_camera_msgs__rosidl_typesupport_cpp[0m
[89.603s] [ 61%] [32mBuilding CXX object CMakeFiles/astra_camera_msgs__rosidl_typesupport_cpp.dir/rosidl_typesupport_cpp/astra_camera_msgs/msg/device_info__type_support.cpp.o[0m
[90.867s] [ 62%] [32mBuilding CXX object CMakeFiles/astra_camera_msgs__rosidl_typesupport_cpp.dir/rosidl_typesupport_cpp/astra_camera_msgs/msg/metadata__type_support.cpp.o[0m
[92.326s] [ 63%] [32mBuilding CXX object CMakeFiles/astra_camera_msgs__rosidl_typesupport_cpp.dir/rosidl_typesupport_cpp/astra_camera_msgs/srv/get_device_info__type_support.cpp.o[0m
[93.817s] [ 64%] [32mBuilding CXX object CMakeFiles/astra_camera_msgs__rosidl_typesupport_cpp.dir/rosidl_typesupport_cpp/astra_camera_msgs/srv/get_camera_info__type_support.cpp.o[0m
[95.113s] [ 65%] [32mBuilding CXX object CMakeFiles/astra_camera_msgs__rosidl_typesupport_cpp.dir/rosidl_typesupport_cpp/astra_camera_msgs/srv/get_camera_params__type_support.cpp.o[0m
[96.306s] [ 66%] [32mBuilding CXX object CMakeFiles/astra_camera_msgs__rosidl_typesupport_cpp.dir/rosidl_typesupport_cpp/astra_camera_msgs/srv/get_int32__type_support.cpp.o[0m
[97.577s] [ 67%] [32mBuilding CXX object CMakeFiles/astra_camera_msgs__rosidl_typesupport_cpp.dir/rosidl_typesupport_cpp/astra_camera_msgs/srv/get_string__type_support.cpp.o[0m
[98.878s] [ 68%] [32mBuilding CXX object CMakeFiles/astra_camera_msgs__rosidl_typesupport_cpp.dir/rosidl_typesupport_cpp/astra_camera_msgs/srv/set_int32__type_support.cpp.o[0m
[100.186s] [ 69%] [32mBuilding CXX object CMakeFiles/astra_camera_msgs__rosidl_typesupport_cpp.dir/rosidl_typesupport_cpp/astra_camera_msgs/msg/extrinsics__type_support.cpp.o[0m
[101.443s] [ 70%] [32m[1mLinking CXX shared library libastra_camera_msgs__rosidl_typesupport_cpp.so[0m
[101.661s] [ 70%] Built target astra_camera_msgs__rosidl_typesupport_cpp
[101.731s] [ 71%] [34m[1mGenerating C type support for eProsima Fast-RTPS[0m
[105.902s] [35m[1mScanning dependencies of target astra_camera_msgs__rosidl_typesupport_fastrtps_c[0m
[106.133s] [ 72%] [32mBuilding CXX object CMakeFiles/astra_camera_msgs__rosidl_typesupport_fastrtps_c.dir/rosidl_typesupport_fastrtps_c/astra_camera_msgs/msg/detail/device_info__type_support_c.cpp.o[0m
[107.772s] [ 73%] [32mBuilding CXX object CMakeFiles/astra_camera_msgs__rosidl_typesupport_fastrtps_c.dir/rosidl_typesupport_fastrtps_c/astra_camera_msgs/srv/detail/get_device_info__type_support_c.cpp.o[0m
[109.376s] [ 74%] [32mBuilding CXX object CMakeFiles/astra_camera_msgs__rosidl_typesupport_fastrtps_c.dir/rosidl_typesupport_fastrtps_c/astra_camera_msgs/srv/detail/get_camera_info__type_support_c.cpp.o[0m
[110.958s] [ 75%] [32mBuilding CXX object CMakeFiles/astra_camera_msgs__rosidl_typesupport_fastrtps_c.dir/rosidl_typesupport_fastrtps_c/astra_camera_msgs/srv/detail/get_camera_params__type_support_c.cpp.o[0m
[112.559s] [ 76%] [32mBuilding CXX object CMakeFiles/astra_camera_msgs__rosidl_typesupport_fastrtps_c.dir/rosidl_typesupport_fastrtps_c/astra_camera_msgs/srv/detail/get_int32__type_support_c.cpp.o[0m
[114.342s] [ 77%] [32mBuilding CXX object CMakeFiles/astra_camera_msgs__rosidl_typesupport_fastrtps_c.dir/rosidl_typesupport_fastrtps_c/astra_camera_msgs/srv/detail/get_string__type_support_c.cpp.o[0m
[115.975s] [ 78%] [32mBuilding CXX object CMakeFiles/astra_camera_msgs__rosidl_typesupport_fastrtps_c.dir/rosidl_typesupport_fastrtps_c/astra_camera_msgs/srv/detail/set_int32__type_support_c.cpp.o[0m
[117.636s] [ 80%] [32mBuilding CXX object CMakeFiles/astra_camera_msgs__rosidl_typesupport_fastrtps_c.dir/rosidl_typesupport_fastrtps_c/astra_camera_msgs/msg/detail/metadata__type_support_c.cpp.o[0m
[119.431s] [ 81%] [32mBuilding CXX object CMakeFiles/astra_camera_msgs__rosidl_typesupport_fastrtps_c.dir/rosidl_typesupport_fastrtps_c/astra_camera_msgs/msg/detail/extrinsics__type_support_c.cpp.o[0m
[120.934s] [ 82%] [32m[1mLinking CXX shared library libastra_camera_msgs__rosidl_typesupport_fastrtps_c.so[0m
[121.338s] [ 82%] Built target astra_camera_msgs__rosidl_typesupport_fastrtps_c
[121.403s] [35m[1mScanning dependencies of target astra_camera_msgs[0m
[121.472s] [ 82%] Built target astra_camera_msgs
[121.540s] [35m[1mScanning dependencies of target astra_camera_msgs__py[0m
[121.611s] [ 83%] [34m[1mGenerating Python code for ROS interfaces[0m
[135.122s] [ 83%] Built target astra_camera_msgs__py
[135.122s] [35m[1mScanning dependencies of target astra_camera_msgs__python[0m
[135.123s] [ 84%] [32mBuilding C object CMakeFiles/astra_camera_msgs__python.dir/rosidl_generator_py/astra_camera_msgs/msg/_device_info_s.c.o[0m
[135.123s] [ 85%] [32mBuilding C object CMakeFiles/astra_camera_msgs__python.dir/rosidl_generator_py/astra_camera_msgs/srv/_get_device_info_s.c.o[0m
[135.124s] [ 86%] [32mBuilding C object CMakeFiles/astra_camera_msgs__python.dir/rosidl_generator_py/astra_camera_msgs/srv/_get_camera_info_s.c.o[0m
[135.125s] [ 87%] [32mBuilding C object CMakeFiles/astra_camera_msgs__python.dir/rosidl_generator_py/astra_camera_msgs/srv/_get_camera_params_s.c.o[0m
[135.126s] [ 88%] [32mBuilding C object CMakeFiles/astra_camera_msgs__python.dir/rosidl_generator_py/astra_camera_msgs/srv/_get_int32_s.c.o[0m
[135.127s] [ 89%] [32mBuilding C object CMakeFiles/astra_camera_msgs__python.dir/rosidl_generator_py/astra_camera_msgs/srv/_get_string_s.c.o[0m
[135.144s] [ 90%] [32mBuilding C object CMakeFiles/astra_camera_msgs__python.dir/rosidl_generator_py/astra_camera_msgs/srv/_set_int32_s.c.o[0m
[135.564s] [ 91%] [32mBuilding C object CMakeFiles/astra_camera_msgs__python.dir/rosidl_generator_py/astra_camera_msgs/msg/_metadata_s.c.o[0m
[136.017s] [ 92%] [32mBuilding C object CMakeFiles/astra_camera_msgs__python.dir/rosidl_generator_py/astra_camera_msgs/msg/_extrinsics_s.c.o[0m
[136.515s] [ 93%] [32m[1mLinking C shared library rosidl_generator_py/astra_camera_msgs/libastra_camera_msgs__python.so[0m
[136.805s] [ 93%] Built target astra_camera_msgs__python
[136.872s] [35m[1mScanning dependencies of target astra_camera_msgs__rosidl_typesupport_fastrtps_c__pyext[0m
[137.065s] [ 94%] [32mBuilding C object CMakeFiles/astra_camera_msgs__rosidl_typesupport_fastrtps_c__pyext.dir/rosidl_generator_py/astra_camera_msgs/_astra_camera_msgs_s.ep.rosidl_typesupport_fastrtps_c.c.o[0m
[137.704s] [ 95%] [32m[1mLinking CXX shared library rosidl_generator_py/astra_camera_msgs/astra_camera_msgs_s__rosidl_typesupport_fastrtps_c.cpython-38-aarch64-linux-gnu.so[0m
[138.080s] [ 95%] Built target astra_camera_msgs__rosidl_typesupport_fastrtps_c__pyext
[138.149s] [35m[1mScanning dependencies of target astra_camera_msgs__rosidl_typesupport_introspection_c__pyext[0m
[138.345s] [ 96%] [32mBuilding C object CMakeFiles/astra_camera_msgs__rosidl_typesupport_introspection_c__pyext.dir/rosidl_generator_py/astra_camera_msgs/_astra_camera_msgs_s.ep.rosidl_typesupport_introspection_c.c.o[0m
[138.956s] [ 97%] [32m[1mLinking C shared library rosidl_generator_py/astra_camera_msgs/astra_camera_msgs_s__rosidl_typesupport_introspection_c.cpython-38-aarch64-linux-gnu.so[0m
[139.182s] [ 97%] Built target astra_camera_msgs__rosidl_typesupport_introspection_c__pyext
[139.246s] [35m[1mScanning dependencies of target astra_camera_msgs__rosidl_typesupport_c__pyext[0m
[139.380s] [ 98%] [32mBuilding C object CMakeFiles/astra_camera_msgs__rosidl_typesupport_c__pyext.dir/rosidl_generator_py/astra_camera_msgs/_astra_camera_msgs_s.ep.rosidl_typesupport_c.c.o[0m
[139.981s] [100%] [32m[1mLinking C shared library rosidl_generator_py/astra_camera_msgs/astra_camera_msgs_s__rosidl_typesupport_c.cpython-38-aarch64-linux-gnu.so[0m
[140.205s] [100%] Built target astra_camera_msgs__rosidl_typesupport_c__pyext
[140.297s] Invoked command in '/home/wheeltec/wheeltec_ros2/src/build/astra_camera_msgs' returned '0': CMAKE_PREFIX_PATH=${CMAKE_PREFIX_PATH}:/home/wheeltec/wheeltec_ros2/install/simple_follower_ros2:/home/wheeltec/wheeltec_ros2/install/wheeltec_robot_keyboard:/home/wheeltec/wheeltec_ros2/install/tf2_tools:/home/wheeltec/wheeltec_ros2/install/teleop_twist_keyboard:/home/wheeltec/wheeltec_ros2/install/nav2_simple_commander:/home/wheeltec/wheeltec_ros2/install/nav2_gazebo_spawner:/home/wheeltec/wheeltec_ros2/install/ldlidar_sl_ros2:/home/wheeltec/wheeltec_ros2/install/keyboard_control_emer:/opt/ros/galactic /usr/bin/cmake --build /home/wheeltec/wheeltec_ros2/src/build/astra_camera_msgs -- -j4 -l4
[140.299s] Invoking command in '/home/wheeltec/wheeltec_ros2/src/build/astra_camera_msgs': CMAKE_PREFIX_PATH=${CMAKE_PREFIX_PATH}:/home/wheeltec/wheeltec_ros2/install/simple_follower_ros2:/home/wheeltec/wheeltec_ros2/install/wheeltec_robot_keyboard:/home/wheeltec/wheeltec_ros2/install/tf2_tools:/home/wheeltec/wheeltec_ros2/install/teleop_twist_keyboard:/home/wheeltec/wheeltec_ros2/install/nav2_simple_commander:/home/wheeltec/wheeltec_ros2/install/nav2_gazebo_spawner:/home/wheeltec/wheeltec_ros2/install/ldlidar_sl_ros2:/home/wheeltec/wheeltec_ros2/install/keyboard_control_emer:/opt/ros/galactic /usr/bin/cmake --install /home/wheeltec/wheeltec_ros2/src/build/astra_camera_msgs
[140.364s] -- Install configuration: ""
[140.368s] -- Installing: /home/wheeltec/wheeltec_ros2/src/install/astra_camera_msgs/share/ament_index/resource_index/rosidl_interfaces/astra_camera_msgs
[140.373s] -- Installing: /home/wheeltec/wheeltec_ros2/src/install/astra_camera_msgs/include/astra_camera_msgs
[140.376s] -- Installing: /home/wheeltec/wheeltec_ros2/src/install/astra_camera_msgs/include/astra_camera_msgs/msg
[140.379s] -- Installing: /home/wheeltec/wheeltec_ros2/src/install/astra_camera_msgs/include/astra_camera_msgs/msg/detail
[140.381s] -- Installing: /home/wheeltec/wheeltec_ros2/src/install/astra_camera_msgs/include/astra_camera_msgs/msg/detail/device_info__functions.c
[140.386s] -- Installing: /home/wheeltec/wheeltec_ros2/src/install/astra_camera_msgs/include/astra_camera_msgs/msg/detail/extrinsics__type_support.h
[140.389s] -- Installing: /home/wheeltec/wheeltec_ros2/src/install/astra_camera_msgs/include/astra_camera_msgs/msg/detail/device_info__struct.h
[140.392s] -- Installing: /home/wheeltec/wheeltec_ros2/src/install/astra_camera_msgs/include/astra_camera_msgs/msg/detail/metadata__functions.c
[140.394s] -- Installing: /home/wheeltec/wheeltec_ros2/src/install/astra_camera_msgs/include/astra_camera_msgs/msg/detail/device_info__type_support.h
[140.397s] -- Installing: /home/wheeltec/wheeltec_ros2/src/install/astra_camera_msgs/include/astra_camera_msgs/msg/detail/metadata__struct.h
[140.399s] -- Installing: /home/wheeltec/wheeltec_ros2/src/install/astra_camera_msgs/include/astra_camera_msgs/msg/detail/extrinsics__functions.h
[140.403s] -- Installing: /home/wheeltec/wheeltec_ros2/src/install/astra_camera_msgs/include/astra_camera_msgs/msg/detail/extrinsics__struct.h
[140.404s] -- Installing: /home/wheeltec/wheeltec_ros2/src/install/astra_camera_msgs/include/astra_camera_msgs/msg/detail/metadata__functions.h
[140.405s] -- Installing: /home/wheeltec/wheeltec_ros2/src/install/astra_camera_msgs/include/astra_camera_msgs/msg/detail/metadata__type_support.h
[140.405s] -- Installing: /home/wheeltec/wheeltec_ros2/src/install/astra_camera_msgs/include/astra_camera_msgs/msg/detail/device_info__functions.h
[140.406s] -- Installing: /home/wheeltec/wheeltec_ros2/src/install/astra_camera_msgs/include/astra_camera_msgs/msg/detail/extrinsics__functions.c
[140.406s] -- Installing: /home/wheeltec/wheeltec_ros2/src/install/astra_camera_msgs/include/astra_camera_msgs/msg/extrinsics.h
[140.407s] -- Installing: /home/wheeltec/wheeltec_ros2/src/install/astra_camera_msgs/include/astra_camera_msgs/msg/rosidl_generator_c__visibility_control.h
[140.407s] -- Installing: /home/wheeltec/wheeltec_ros2/src/install/astra_camera_msgs/include/astra_camera_msgs/msg/metadata.h
[140.408s] -- Installing: /home/wheeltec/wheeltec_ros2/src/install/astra_camera_msgs/include/astra_camera_msgs/msg/device_info.h
[140.409s] -- Installing: /home/wheeltec/wheeltec_ros2/src/install/astra_camera_msgs/include/astra_camera_msgs/srv
[140.409s] -- Installing: /home/wheeltec/wheeltec_ros2/src/install/astra_camera_msgs/include/astra_camera_msgs/srv/get_string.h
[140.410s] -- Installing: /home/wheeltec/wheeltec_ros2/src/install/astra_camera_msgs/include/astra_camera_msgs/srv/detail
[140.410s] -- Installing: /home/wheeltec/wheeltec_ros2/src/install/astra_camera_msgs/include/astra_camera_msgs/srv/detail/set_int32__functions.c
[140.411s] -- Installing: /home/wheeltec/wheeltec_ros2/src/install/astra_camera_msgs/include/astra_camera_msgs/srv/detail/set_int32__functions.h
[140.411s] -- Installing: /home/wheeltec/wheeltec_ros2/src/install/astra_camera_msgs/include/astra_camera_msgs/srv/detail/get_int32__functions.h
[140.412s] -- Installing: /home/wheeltec/wheeltec_ros2/src/install/astra_camera_msgs/include/astra_camera_msgs/srv/detail/get_device_info__functions.c
[140.413s] -- Installing: /home/wheeltec/wheeltec_ros2/src/install/astra_camera_msgs/include/astra_camera_msgs/srv/detail/get_int32__functions.c
[140.413s] -- Installing: /home/wheeltec/wheeltec_ros2/src/install/astra_camera_msgs/include/astra_camera_msgs/srv/detail/get_device_info__functions.h
[140.414s] -- Installing: /home/wheeltec/wheeltec_ros2/src/install/astra_camera_msgs/include/astra_camera_msgs/srv/detail/get_camera_info__struct.h
[140.415s] -- Installing: /home/wheeltec/wheeltec_ros2/src/install/astra_camera_msgs/include/astra_camera_msgs/srv/detail/get_string__struct.h
[140.416s] -- Installing: /home/wheeltec/wheeltec_ros2/src/install/astra_camera_msgs/include/astra_camera_msgs/srv/detail/get_camera_info__functions.h
[140.417s] -- Installing: /home/wheeltec/wheeltec_ros2/src/install/astra_camera_msgs/include/astra_camera_msgs/srv/detail/get_int32__type_support.h
[140.417s] -- Installing: /home/wheeltec/wheeltec_ros2/src/install/astra_camera_msgs/include/astra_camera_msgs/srv/detail/get_device_info__type_support.h
[140.418s] -- Installing: /home/wheeltec/wheeltec_ros2/src/install/astra_camera_msgs/include/astra_camera_msgs/srv/detail/get_string__functions.c
[140.418s] -- Installing: /home/wheeltec/wheeltec_ros2/src/install/astra_camera_msgs/include/astra_camera_msgs/srv/detail/get_device_info__struct.h
[140.430s] -- Installing: /home/wheeltec/wheeltec_ros2/src/install/astra_camera_msgs/include/astra_camera_msgs/srv/detail/get_string__type_support.h
[140.433s] -- Installing: /home/wheeltec/wheeltec_ros2/src/install/astra_camera_msgs/include/astra_camera_msgs/srv/detail/get_camera_params__struct.h
[140.435s] -- Installing: /home/wheeltec/wheeltec_ros2/src/install/astra_camera_msgs/include/astra_camera_msgs/srv/detail/set_int32__type_support.h
[140.436s] -- Installing: /home/wheeltec/wheeltec_ros2/src/install/astra_camera_msgs/include/astra_camera_msgs/srv/detail/get_string__functions.h
[140.437s] -- Installing: /home/wheeltec/wheeltec_ros2/src/install/astra_camera_msgs/include/astra_camera_msgs/srv/detail/get_camera_params__functions.h
[140.437s] -- Installing: /home/wheeltec/wheeltec_ros2/src/install/astra_camera_msgs/include/astra_camera_msgs/srv/detail/get_camera_params__type_support.h
[140.438s] -- Installing: /home/wheeltec/wheeltec_ros2/src/install/astra_camera_msgs/include/astra_camera_msgs/srv/detail/get_int32__struct.h
[140.438s] -- Installing: /home/wheeltec/wheeltec_ros2/src/install/astra_camera_msgs/include/astra_camera_msgs/srv/detail/get_camera_params__functions.c
[140.439s] -- Installing: /home/wheeltec/wheeltec_ros2/src/install/astra_camera_msgs/include/astra_camera_msgs/srv/detail/get_camera_info__type_support.h
[140.439s] -- Installing: /home/wheeltec/wheeltec_ros2/src/install/astra_camera_msgs/include/astra_camera_msgs/srv/detail/set_int32__struct.h
[140.440s] -- Installing: /home/wheeltec/wheeltec_ros2/src/install/astra_camera_msgs/include/astra_camera_msgs/srv/detail/get_camera_info__functions.c
[140.440s] -- Installing: /home/wheeltec/wheeltec_ros2/src/install/astra_camera_msgs/include/astra_camera_msgs/srv/set_int32.h
[140.441s] -- Installing: /home/wheeltec/wheeltec_ros2/src/install/astra_camera_msgs/include/astra_camera_msgs/srv/get_int32.h
[140.441s] -- Installing: /home/wheeltec/wheeltec_ros2/src/install/astra_camera_msgs/include/astra_camera_msgs/srv/get_camera_params.h
[140.441s] -- Installing: /home/wheeltec/wheeltec_ros2/src/install/astra_camera_msgs/include/astra_camera_msgs/srv/get_camera_info.h
[140.442s] -- Installing: /home/wheeltec/wheeltec_ros2/src/install/astra_camera_msgs/include/astra_camera_msgs/srv/get_device_info.h
[140.442s] -- Installing: /home/wheeltec/wheeltec_ros2/src/install/astra_camera_msgs/share/astra_camera_msgs/environment/library_path.sh
[140.442s] -- Installing: /home/wheeltec/wheeltec_ros2/src/install/astra_camera_msgs/share/astra_camera_msgs/environment/library_path.dsv
[140.443s] -- Installing: /home/wheeltec/wheeltec_ros2/src/install/astra_camera_msgs/lib/libastra_camera_msgs__rosidl_generator_c.so
[140.446s] -- Set runtime path of "/home/wheeltec/wheeltec_ros2/src/install/astra_camera_msgs/lib/libastra_camera_msgs__rosidl_generator_c.so" to ""
[140.448s] -- Up-to-date: /home/wheeltec/wheeltec_ros2/src/install/astra_camera_msgs/include/astra_camera_msgs
[140.450s] -- Up-to-date: /home/wheeltec/wheeltec_ros2/src/install/astra_camera_msgs/include/astra_camera_msgs/msg
[140.451s] -- Up-to-date: /home/wheeltec/wheeltec_ros2/src/install/astra_camera_msgs/include/astra_camera_msgs/msg/detail
[140.453s] -- Installing: /home/wheeltec/wheeltec_ros2/src/install/astra_camera_msgs/include/astra_camera_msgs/msg/detail/metadata__rosidl_typesupport_fastrtps_c.h
[140.454s] -- Installing: /home/wheeltec/wheeltec_ros2/src/install/astra_camera_msgs/include/astra_camera_msgs/msg/detail/extrinsics__rosidl_typesupport_fastrtps_c.h
[140.454s] -- Installing: /home/wheeltec/wheeltec_ros2/src/install/astra_camera_msgs/include/astra_camera_msgs/msg/detail/device_info__rosidl_typesupport_fastrtps_c.h
[140.455s] -- Installing: /home/wheeltec/wheeltec_ros2/src/install/astra_camera_msgs/include/astra_camera_msgs/msg/rosidl_typesupport_fastrtps_c__visibility_control.h
[140.455s] -- Up-to-date: /home/wheeltec/wheeltec_ros2/src/install/astra_camera_msgs/include/astra_camera_msgs/srv
[140.456s] -- Up-to-date: /home/wheeltec/wheeltec_ros2/src/install/astra_camera_msgs/include/astra_camera_msgs/srv/detail
[140.456s] -- Installing: /home/wheeltec/wheeltec_ros2/src/install/astra_camera_msgs/include/astra_camera_msgs/srv/detail/get_device_info__rosidl_typesupport_fastrtps_c.h
[140.457s] -- Installing: /home/wheeltec/wheeltec_ros2/src/install/astra_camera_msgs/include/astra_camera_msgs/srv/detail/get_int32__rosidl_typesupport_fastrtps_c.h
[140.457s] -- Installing: /home/wheeltec/wheeltec_ros2/src/install/astra_camera_msgs/include/astra_camera_msgs/srv/detail/get_string__rosidl_typesupport_fastrtps_c.h
[140.458s] -- Installing: /home/wheeltec/wheeltec_ros2/src/install/astra_camera_msgs/include/astra_camera_msgs/srv/detail/set_int32__rosidl_typesupport_fastrtps_c.h
[140.458s] -- Installing: /home/wheeltec/wheeltec_ros2/src/install/astra_camera_msgs/include/astra_camera_msgs/srv/detail/get_camera_params__rosidl_typesupport_fastrtps_c.h
[140.459s] -- Installing: /home/wheeltec/wheeltec_ros2/src/install/astra_camera_msgs/include/astra_camera_msgs/srv/detail/get_camera_info__rosidl_typesupport_fastrtps_c.h
[140.459s] -- Installing: /home/wheeltec/wheeltec_ros2/src/install/astra_camera_msgs/lib/libastra_camera_msgs__rosidl_typesupport_fastrtps_c.so
[140.467s] -- Set runtime path of "/home/wheeltec/wheeltec_ros2/src/install/astra_camera_msgs/lib/libastra_camera_msgs__rosidl_typesupport_fastrtps_c.so" to ""
[140.468s] -- Up-to-date: /home/wheeltec/wheeltec_ros2/src/install/astra_camera_msgs/include/astra_camera_msgs
[140.468s] -- Up-to-date: /home/wheeltec/wheeltec_ros2/src/install/astra_camera_msgs/include/astra_camera_msgs/msg
[140.468s] -- Installing: /home/wheeltec/wheeltec_ros2/src/install/astra_camera_msgs/include/astra_camera_msgs/msg/rosidl_typesupport_fastrtps_cpp__visibility_control.h
[140.469s] -- Up-to-date: /home/wheeltec/wheeltec_ros2/src/install/astra_camera_msgs/include/astra_camera_msgs/msg/detail
[140.469s] -- Installing: /home/wheeltec/wheeltec_ros2/src/install/astra_camera_msgs/include/astra_camera_msgs/msg/detail/metadata__rosidl_typesupport_fastrtps_cpp.hpp
[140.470s] -- Installing: /home/wheeltec/wheeltec_ros2/src/install/astra_camera_msgs/include/astra_camera_msgs/msg/detail/dds_fastrtps
[140.470s] -- Installing: /home/wheeltec/wheeltec_ros2/src/install/astra_camera_msgs/include/astra_camera_msgs/msg/detail/extrinsics__rosidl_typesupport_fastrtps_cpp.hpp
[140.470s] -- Installing: /home/wheeltec/wheeltec_ros2/src/install/astra_camera_msgs/include/astra_camera_msgs/msg/detail/device_info__rosidl_typesupport_fastrtps_cpp.hpp
[140.471s] -- Up-to-date: /home/wheeltec/wheeltec_ros2/src/install/astra_camera_msgs/include/astra_camera_msgs/srv
[140.471s] -- Up-to-date: /home/wheeltec/wheeltec_ros2/src/install/astra_camera_msgs/include/astra_camera_msgs/srv/detail
[140.471s] -- Installing: /home/wheeltec/wheeltec_ros2/src/install/astra_camera_msgs/include/astra_camera_msgs/srv/detail/get_camera_info__rosidl_typesupport_fastrtps_cpp.hpp
[140.472s] -- Installing: /home/wheeltec/wheeltec_ros2/src/install/astra_camera_msgs/include/astra_camera_msgs/srv/detail/get_camera_params__rosidl_typesupport_fastrtps_cpp.hpp
[140.479s] -- Installing: /home/wheeltec/wheeltec_ros2/src/install/astra_camera_msgs/include/astra_camera_msgs/srv/detail/dds_fastrtps
[140.480s] -- Installing: /home/wheeltec/wheeltec_ros2/src/install/astra_camera_msgs/include/astra_camera_msgs/srv/detail/get_string__rosidl_typesupport_fastrtps_cpp.hpp
[140.480s] -- Installing: /home/wheeltec/wheeltec_ros2/src/install/astra_camera_msgs/include/astra_camera_msgs/srv/detail/get_device_info__rosidl_typesupport_fastrtps_cpp.hpp
[140.480s] -- Installing: /home/wheeltec/wheeltec_ros2/src/install/astra_camera_msgs/include/astra_camera_msgs/srv/detail/set_int32__rosidl_typesupport_fastrtps_cpp.hpp
[140.481s] -- Installing: /home/wheeltec/wheeltec_ros2/src/install/astra_camera_msgs/include/astra_camera_msgs/srv/detail/get_int32__rosidl_typesupport_fastrtps_cpp.hpp
[140.481s] -- Installing: /home/wheeltec/wheeltec_ros2/src/install/astra_camera_msgs/lib/libastra_camera_msgs__rosidl_typesupport_fastrtps_cpp.so
[140.481s] -- Set runtime path of "/home/wheeltec/wheeltec_ros2/src/install/astra_camera_msgs/lib/libastra_camera_msgs__rosidl_typesupport_fastrtps_cpp.so" to ""
[140.486s] -- Up-to-date: /home/wheeltec/wheeltec_ros2/src/install/astra_camera_msgs/include/astra_camera_msgs
[140.487s] -- Up-to-date: /home/wheeltec/wheeltec_ros2/src/install/astra_camera_msgs/include/astra_camera_msgs/msg
[140.487s] -- Up-to-date: /home/wheeltec/wheeltec_ros2/src/install/astra_camera_msgs/include/astra_camera_msgs/msg/detail
[140.488s] -- Installing: /home/wheeltec/wheeltec_ros2/src/install/astra_camera_msgs/include/astra_camera_msgs/msg/detail/metadata__type_support.c
[140.488s] -- Installing: /home/wheeltec/wheeltec_ros2/src/install/astra_camera_msgs/include/astra_camera_msgs/msg/detail/metadata__rosidl_typesupport_introspection_c.h
[140.489s] -- Installing: /home/wheeltec/wheeltec_ros2/src/install/astra_camera_msgs/include/astra_camera_msgs/msg/detail/device_info__rosidl_typesupport_introspection_c.h
[140.489s] -- Installing: /home/wheeltec/wheeltec_ros2/src/install/astra_camera_msgs/include/astra_camera_msgs/msg/detail/extrinsics__type_support.c
[140.493s] -- Installing: /home/wheeltec/wheeltec_ros2/src/install/astra_camera_msgs/include/astra_camera_msgs/msg/detail/extrinsics__rosidl_typesupport_introspection_c.h
[140.494s] -- Installing: /home/wheeltec/wheeltec_ros2/src/install/astra_camera_msgs/include/astra_camera_msgs/msg/detail/device_info__type_support.c
[140.494s] -- Installing: /home/wheeltec/wheeltec_ros2/src/install/astra_camera_msgs/include/astra_camera_msgs/msg/rosidl_typesupport_introspection_c__visibility_control.h
[140.495s] -- Up-to-date: /home/wheeltec/wheeltec_ros2/src/install/astra_camera_msgs/include/astra_camera_msgs/srv
[140.495s] -- Up-to-date: /home/wheeltec/wheeltec_ros2/src/install/astra_camera_msgs/include/astra_camera_msgs/srv/detail
[140.496s] -- Installing: /home/wheeltec/wheeltec_ros2/src/install/astra_camera_msgs/include/astra_camera_msgs/srv/detail/get_camera_info__type_support.c
[140.500s] -- Installing: /home/wheeltec/wheeltec_ros2/src/install/astra_camera_msgs/include/astra_camera_msgs/srv/detail/get_string__rosidl_typesupport_introspection_c.h
[140.500s] -- Installing: /home/wheeltec/wheeltec_ros2/src/install/astra_camera_msgs/include/astra_camera_msgs/srv/detail/get_int32__rosidl_typesupport_introspection_c.h
[140.501s] -- Installing: /home/wheeltec/wheeltec_ros2/src/install/astra_camera_msgs/include/astra_camera_msgs/srv/detail/get_device_info__rosidl_typesupport_introspection_c.h
[140.501s] -- Installing: /home/wheeltec/wheeltec_ros2/src/install/astra_camera_msgs/include/astra_camera_msgs/srv/detail/get_camera_params__rosidl_typesupport_introspection_c.h
[140.502s] -- Installing: /home/wheeltec/wheeltec_ros2/src/install/astra_camera_msgs/include/astra_camera_msgs/srv/detail/set_int32__rosidl_typesupport_introspection_c.h
[140.505s] -- Installing: /home/wheeltec/wheeltec_ros2/src/install/astra_camera_msgs/include/astra_camera_msgs/srv/detail/set_int32__type_support.c
[140.506s] -- Installing: /home/wheeltec/wheeltec_ros2/src/install/astra_camera_msgs/include/astra_camera_msgs/srv/detail/get_int32__type_support.c
[140.506s] -- Installing: /home/wheeltec/wheeltec_ros2/src/install/astra_camera_msgs/include/astra_camera_msgs/srv/detail/get_camera_info__rosidl_typesupport_introspection_c.h
[140.506s] -- Installing: /home/wheeltec/wheeltec_ros2/src/install/astra_camera_msgs/include/astra_camera_msgs/srv/detail/get_camera_params__type_support.c
[140.509s] -- Installing: /home/wheeltec/wheeltec_ros2/src/install/astra_camera_msgs/include/astra_camera_msgs/srv/detail/get_device_info__type_support.c
[140.510s] -- Installing: /home/wheeltec/wheeltec_ros2/src/install/astra_camera_msgs/include/astra_camera_msgs/srv/detail/get_string__type_support.c
[140.512s] -- Installing: /home/wheeltec/wheeltec_ros2/src/install/astra_camera_msgs/lib/libastra_camera_msgs__rosidl_typesupport_introspection_c.so
[140.513s] -- Set runtime path of "/home/wheeltec/wheeltec_ros2/src/install/astra_camera_msgs/lib/libastra_camera_msgs__rosidl_typesupport_introspection_c.so" to ""
[140.514s] -- Installing: /home/wheeltec/wheeltec_ros2/src/install/astra_camera_msgs/lib/libastra_camera_msgs__rosidl_typesupport_c.so
[140.517s] -- Set runtime path of "/home/wheeltec/wheeltec_ros2/src/install/astra_camera_msgs/lib/libastra_camera_msgs__rosidl_typesupport_c.so" to ""
[140.518s] -- Up-to-date: /home/wheeltec/wheeltec_ros2/src/install/astra_camera_msgs/include/astra_camera_msgs
[140.519s] -- Up-to-date: /home/wheeltec/wheeltec_ros2/src/install/astra_camera_msgs/include/astra_camera_msgs/msg
[140.520s] -- Installing: /home/wheeltec/wheeltec_ros2/src/install/astra_camera_msgs/include/astra_camera_msgs/msg/device_info.hpp
[140.521s] -- Up-to-date: /home/wheeltec/wheeltec_ros2/src/install/astra_camera_msgs/include/astra_camera_msgs/msg/detail
[140.522s] -- Installing: /home/wheeltec/wheeltec_ros2/src/install/astra_camera_msgs/include/astra_camera_msgs/msg/detail/device_info__builder.hpp
[140.523s] -- Installing: /home/wheeltec/wheeltec_ros2/src/install/astra_camera_msgs/include/astra_camera_msgs/msg/detail/device_info__traits.hpp
[140.525s] -- Installing: /home/wheeltec/wheeltec_ros2/src/install/astra_camera_msgs/include/astra_camera_msgs/msg/detail/metadata__traits.hpp
[140.526s] -- Installing: /home/wheeltec/wheeltec_ros2/src/install/astra_camera_msgs/include/astra_camera_msgs/msg/detail/extrinsics__struct.hpp
[140.527s] -- Installing: /home/wheeltec/wheeltec_ros2/src/install/astra_camera_msgs/include/astra_camera_msgs/msg/detail/device_info__struct.hpp
[140.529s] -- Installing: /home/wheeltec/wheeltec_ros2/src/install/astra_camera_msgs/include/astra_camera_msgs/msg/detail/extrinsics__builder.hpp
[140.530s] -- Installing: /home/wheeltec/wheeltec_ros2/src/install/astra_camera_msgs/include/astra_camera_msgs/msg/detail/metadata__builder.hpp
[140.531s] -- Installing: /home/wheeltec/wheeltec_ros2/src/install/astra_camera_msgs/include/astra_camera_msgs/msg/detail/metadata__struct.hpp
[140.533s] -- Installing: /home/wheeltec/wheeltec_ros2/src/install/astra_camera_msgs/include/astra_camera_msgs/msg/detail/extrinsics__traits.hpp
[140.534s] -- Installing: /home/wheeltec/wheeltec_ros2/src/install/astra_camera_msgs/include/astra_camera_msgs/msg/extrinsics.hpp
[140.535s] -- Installing: /home/wheeltec/wheeltec_ros2/src/install/astra_camera_msgs/include/astra_camera_msgs/msg/metadata.hpp
[140.537s] -- Up-to-date: /home/wheeltec/wheeltec_ros2/src/install/astra_camera_msgs/include/astra_camera_msgs/srv
[140.538s] -- Installing: /home/wheeltec/wheeltec_ros2/src/install/astra_camera_msgs/include/astra_camera_msgs/srv/get_device_info.hpp
[140.539s] -- Up-to-date: /home/wheeltec/wheeltec_ros2/src/install/astra_camera_msgs/include/astra_camera_msgs/srv/detail
[140.540s] -- Installing: /home/wheeltec/wheeltec_ros2/src/install/astra_camera_msgs/include/astra_camera_msgs/srv/detail/get_device_info__traits.hpp
[140.541s] -- Installing: /home/wheeltec/wheeltec_ros2/src/install/astra_camera_msgs/include/astra_camera_msgs/srv/detail/set_int32__traits.hpp
[140.542s] -- Installing: /home/wheeltec/wheeltec_ros2/src/install/astra_camera_msgs/include/astra_camera_msgs/srv/detail/get_string__traits.hpp
[140.544s] -- Installing: /home/wheeltec/wheeltec_ros2/src/install/astra_camera_msgs/include/astra_camera_msgs/srv/detail/get_int32__traits.hpp
[140.545s] -- Installing: /home/wheeltec/wheeltec_ros2/src/install/astra_camera_msgs/include/astra_camera_msgs/srv/detail/get_camera_info__struct.hpp
[140.547s] -- Installing: /home/wheeltec/wheeltec_ros2/src/install/astra_camera_msgs/include/astra_camera_msgs/srv/detail/get_int32__builder.hpp
[140.550s] -- Installing: /home/wheeltec/wheeltec_ros2/src/install/astra_camera_msgs/include/astra_camera_msgs/srv/detail/get_camera_params__struct.hpp
[140.551s] -- Installing: /home/wheeltec/wheeltec_ros2/src/install/astra_camera_msgs/include/astra_camera_msgs/srv/detail/set_int32__struct.hpp
[140.552s] -- Installing: /home/wheeltec/wheeltec_ros2/src/install/astra_camera_msgs/include/astra_camera_msgs/srv/detail/get_camera_params__builder.hpp
[140.554s] -- Installing: /home/wheeltec/wheeltec_ros2/src/install/astra_camera_msgs/include/astra_camera_msgs/srv/detail/get_camera_info__traits.hpp
[140.555s] -- Installing: /home/wheeltec/wheeltec_ros2/src/install/astra_camera_msgs/include/astra_camera_msgs/srv/detail/get_string__builder.hpp
[140.557s] -- Installing: /home/wheeltec/wheeltec_ros2/src/install/astra_camera_msgs/include/astra_camera_msgs/srv/detail/set_int32__builder.hpp
[140.558s] -- Installing: /home/wheeltec/wheeltec_ros2/src/install/astra_camera_msgs/include/astra_camera_msgs/srv/detail/get_camera_info__builder.hpp
[140.559s] -- Installing: /home/wheeltec/wheeltec_ros2/src/install/astra_camera_msgs/include/astra_camera_msgs/srv/detail/get_device_info__struct.hpp
[140.561s] -- Installing: /home/wheeltec/wheeltec_ros2/src/install/astra_camera_msgs/include/astra_camera_msgs/srv/detail/get_int32__struct.hpp
[140.562s] -- Installing: /home/wheeltec/wheeltec_ros2/src/install/astra_camera_msgs/include/astra_camera_msgs/srv/detail/get_device_info__builder.hpp
[140.563s] -- Installing: /home/wheeltec/wheeltec_ros2/src/install/astra_camera_msgs/include/astra_camera_msgs/srv/detail/get_camera_params__traits.hpp
[140.565s] -- Installing: /home/wheeltec/wheeltec_ros2/src/install/astra_camera_msgs/include/astra_camera_msgs/srv/detail/get_string__struct.hpp
[140.566s] -- Installing: /home/wheeltec/wheeltec_ros2/src/install/astra_camera_msgs/include/astra_camera_msgs/srv/get_camera_params.hpp
[140.568s] -- Installing: /home/wheeltec/wheeltec_ros2/src/install/astra_camera_msgs/include/astra_camera_msgs/srv/set_int32.hpp
[140.569s] -- Installing: /home/wheeltec/wheeltec_ros2/src/install/astra_camera_msgs/include/astra_camera_msgs/srv/get_int32.hpp
[140.570s] -- Installing: /home/wheeltec/wheeltec_ros2/src/install/astra_camera_msgs/include/astra_camera_msgs/srv/get_camera_info.hpp
[140.572s] -- Installing: /home/wheeltec/wheeltec_ros2/src/install/astra_camera_msgs/include/astra_camera_msgs/srv/get_string.hpp
[140.573s] -- Up-to-date: /home/wheeltec/wheeltec_ros2/src/install/astra_camera_msgs/include/astra_camera_msgs
[140.574s] -- Up-to-date: /home/wheeltec/wheeltec_ros2/src/install/astra_camera_msgs/include/astra_camera_msgs/msg
[140.575s] -- Up-to-date: /home/wheeltec/wheeltec_ros2/src/install/astra_camera_msgs/include/astra_camera_msgs/msg/detail
[140.576s] -- Installing: /home/wheeltec/wheeltec_ros2/src/install/astra_camera_msgs/include/astra_camera_msgs/msg/detail/metadata__type_support.cpp
[140.578s] -- Installing: /home/wheeltec/wheeltec_ros2/src/install/astra_camera_msgs/include/astra_camera_msgs/msg/detail/extrinsics__rosidl_typesupport_introspection_cpp.hpp
[140.579s] -- Installing: /home/wheeltec/wheeltec_ros2/src/install/astra_camera_msgs/include/astra_camera_msgs/msg/detail/metadata__rosidl_typesupport_introspection_cpp.hpp
[140.581s] -- Installing: /home/wheeltec/wheeltec_ros2/src/install/astra_camera_msgs/include/astra_camera_msgs/msg/detail/device_info__type_support.cpp
[140.582s] -- Installing: /home/wheeltec/wheeltec_ros2/src/install/astra_camera_msgs/include/astra_camera_msgs/msg/detail/extrinsics__type_support.cpp
[140.583s] -- Installing: /home/wheeltec/wheeltec_ros2/src/install/astra_camera_msgs/include/astra_camera_msgs/msg/detail/device_info__rosidl_typesupport_introspection_cpp.hpp
[140.585s] -- Up-to-date: /home/wheeltec/wheeltec_ros2/src/install/astra_camera_msgs/include/astra_camera_msgs/srv
[140.586s] -- Up-to-date: /home/wheeltec/wheeltec_ros2/src/install/astra_camera_msgs/include/astra_camera_msgs/srv/detail
[140.587s] -- Installing: /home/wheeltec/wheeltec_ros2/src/install/astra_camera_msgs/include/astra_camera_msgs/srv/detail/get_device_info__rosidl_typesupport_introspection_cpp.hpp
[140.588s] -- Installing: /home/wheeltec/wheeltec_ros2/src/install/astra_camera_msgs/include/astra_camera_msgs/srv/detail/get_string__rosidl_typesupport_introspection_cpp.hpp
[140.589s] -- Installing: /home/wheeltec/wheeltec_ros2/src/install/astra_camera_msgs/include/astra_camera_msgs/srv/detail/get_camera_params__type_support.cpp
[140.591s] -- Installing: /home/wheeltec/wheeltec_ros2/src/install/astra_camera_msgs/include/astra_camera_msgs/srv/detail/set_int32__rosidl_typesupport_introspection_cpp.hpp
[140.592s] -- Installing: /home/wheeltec/wheeltec_ros2/src/install/astra_camera_msgs/include/astra_camera_msgs/srv/detail/get_string__type_support.cpp
[140.594s] -- Installing: /home/wheeltec/wheeltec_ros2/src/install/astra_camera_msgs/include/astra_camera_msgs/srv/detail/get_int32__rosidl_typesupport_introspection_cpp.hpp
[140.595s] -- Installing: /home/wheeltec/wheeltec_ros2/src/install/astra_camera_msgs/include/astra_camera_msgs/srv/detail/set_int32__type_support.cpp
[140.597s] -- Installing: /home/wheeltec/wheeltec_ros2/src/install/astra_camera_msgs/include/astra_camera_msgs/srv/detail/get_camera_info__type_support.cpp
[140.598s] -- Installing: /home/wheeltec/wheeltec_ros2/src/install/astra_camera_msgs/include/astra_camera_msgs/srv/detail/get_int32__type_support.cpp
[140.599s] -- Installing: /home/wheeltec/wheeltec_ros2/src/install/astra_camera_msgs/include/astra_camera_msgs/srv/detail/get_camera_info__rosidl_typesupport_introspection_cpp.hpp
[140.601s] -- Installing: /home/wheeltec/wheeltec_ros2/src/install/astra_camera_msgs/include/astra_camera_msgs/srv/detail/get_device_info__type_support.cpp
[140.602s] -- Installing: /home/wheeltec/wheeltec_ros2/src/install/astra_camera_msgs/include/astra_camera_msgs/srv/detail/get_camera_params__rosidl_typesupport_introspection_cpp.hpp
[140.604s] -- Installing: /home/wheeltec/wheeltec_ros2/src/install/astra_camera_msgs/lib/libastra_camera_msgs__rosidl_typesupport_introspection_cpp.so
[140.607s] -- Set runtime path of "/home/wheeltec/wheeltec_ros2/src/install/astra_camera_msgs/lib/libastra_camera_msgs__rosidl_typesupport_introspection_cpp.so" to ""
[140.608s] -- Installing: /home/wheeltec/wheeltec_ros2/src/install/astra_camera_msgs/lib/libastra_camera_msgs__rosidl_typesupport_cpp.so
[140.611s] -- Set runtime path of "/home/wheeltec/wheeltec_ros2/src/install/astra_camera_msgs/lib/libastra_camera_msgs__rosidl_typesupport_cpp.so" to ""
[140.612s] -- Installing: /home/wheeltec/wheeltec_ros2/src/install/astra_camera_msgs/share/astra_camera_msgs/environment/pythonpath.sh
[140.614s] -- Installing: /home/wheeltec/wheeltec_ros2/src/install/astra_camera_msgs/share/astra_camera_msgs/environment/pythonpath.dsv
[140.616s] -- Installing: /home/wheeltec/wheeltec_ros2/src/install/astra_camera_msgs/lib/python3.8/site-packages/astra_camera_msgs/__init__.py
[140.805s] Compiling '/home/wheeltec/wheeltec_ros2/src/install/astra_camera_msgs/lib/python3.8/site-packages/astra_camera_msgs/__init__.py'...
[140.828s] -- Installing: /home/wheeltec/wheeltec_ros2/src/install/astra_camera_msgs/lib/python3.8/site-packages/astra_camera_msgs/msg
[140.829s] -- Installing: /home/wheeltec/wheeltec_ros2/src/install/astra_camera_msgs/lib/python3.8/site-packages/astra_camera_msgs/msg/__init__.py
[140.830s] -- Installing: /home/wheeltec/wheeltec_ros2/src/install/astra_camera_msgs/lib/python3.8/site-packages/astra_camera_msgs/msg/_extrinsics.py
[140.830s] -- Installing: /home/wheeltec/wheeltec_ros2/src/install/astra_camera_msgs/lib/python3.8/site-packages/astra_camera_msgs/msg/_metadata_s.c
[140.833s] -- Installing: /home/wheeltec/wheeltec_ros2/src/install/astra_camera_msgs/lib/python3.8/site-packages/astra_camera_msgs/msg/_metadata.py
[140.833s] -- Installing: /home/wheeltec/wheeltec_ros2/src/install/astra_camera_msgs/lib/python3.8/site-packages/astra_camera_msgs/msg/_device_info.py
[140.834s] -- Installing: /home/wheeltec/wheeltec_ros2/src/install/astra_camera_msgs/lib/python3.8/site-packages/astra_camera_msgs/msg/_device_info_s.c
[140.834s] -- Installing: /home/wheeltec/wheeltec_ros2/src/install/astra_camera_msgs/lib/python3.8/site-packages/astra_camera_msgs/msg/_extrinsics_s.c
[140.835s] -- Installing: /home/wheeltec/wheeltec_ros2/src/install/astra_camera_msgs/lib/python3.8/site-packages/astra_camera_msgs/srv
[140.835s] -- Installing: /home/wheeltec/wheeltec_ros2/src/install/astra_camera_msgs/lib/python3.8/site-packages/astra_camera_msgs/srv/_get_camera_params.py
[140.840s] -- Installing: /home/wheeltec/wheeltec_ros2/src/install/astra_camera_msgs/lib/python3.8/site-packages/astra_camera_msgs/srv/__init__.py
[140.841s] -- Installing: /home/wheeltec/wheeltec_ros2/src/install/astra_camera_msgs/lib/python3.8/site-packages/astra_camera_msgs/srv/_get_string.py
[140.841s] -- Installing: /home/wheeltec/wheeltec_ros2/src/install/astra_camera_msgs/lib/python3.8/site-packages/astra_camera_msgs/srv/_get_int32_s.c
[140.842s] -- Installing: /home/wheeltec/wheeltec_ros2/src/install/astra_camera_msgs/lib/python3.8/site-packages/astra_camera_msgs/srv/_get_camera_info_s.c
[140.842s] -- Installing: /home/wheeltec/wheeltec_ros2/src/install/astra_camera_msgs/lib/python3.8/site-packages/astra_camera_msgs/srv/_get_camera_info.py
[140.846s] -- Installing: /home/wheeltec/wheeltec_ros2/src/install/astra_camera_msgs/lib/python3.8/site-packages/astra_camera_msgs/srv/_get_int32.py
[140.846s] -- Installing: /home/wheeltec/wheeltec_ros2/src/install/astra_camera_msgs/lib/python3.8/site-packages/astra_camera_msgs/srv/_get_device_info.py
[140.847s] -- Installing: /home/wheeltec/wheeltec_ros2/src/install/astra_camera_msgs/lib/python3.8/site-packages/astra_camera_msgs/srv/_set_int32.py
[140.847s] -- Installing: /home/wheeltec/wheeltec_ros2/src/install/astra_camera_msgs/lib/python3.8/site-packages/astra_camera_msgs/srv/_get_camera_params_s.c
[140.848s] -- Installing: /home/wheeltec/wheeltec_ros2/src/install/astra_camera_msgs/lib/python3.8/site-packages/astra_camera_msgs/srv/_get_string_s.c
[140.848s] -- Installing: /home/wheeltec/wheeltec_ros2/src/install/astra_camera_msgs/lib/python3.8/site-packages/astra_camera_msgs/srv/_set_int32_s.c
[140.855s] -- Installing: /home/wheeltec/wheeltec_ros2/src/install/astra_camera_msgs/lib/python3.8/site-packages/astra_camera_msgs/srv/_get_device_info_s.c
[140.858s] -- Installing: /home/wheeltec/wheeltec_ros2/src/install/astra_camera_msgs/lib/python3.8/site-packages/astra_camera_msgs/astra_camera_msgs_s__rosidl_typesupport_fastrtps_c.cpython-38-aarch64-linux-gnu.so
[140.858s] -- Set runtime path of "/home/wheeltec/wheeltec_ros2/src/install/astra_camera_msgs/lib/python3.8/site-packages/astra_camera_msgs/astra_camera_msgs_s__rosidl_typesupport_fastrtps_c.cpython-38-aarch64-linux-gnu.so" to ""
[140.859s] -- Installing: /home/wheeltec/wheeltec_ros2/src/install/astra_camera_msgs/lib/python3.8/site-packages/astra_camera_msgs/astra_camera_msgs_s__rosidl_typesupport_introspection_c.cpython-38-aarch64-linux-gnu.so
[140.859s] -- Set runtime path of "/home/wheeltec/wheeltec_ros2/src/install/astra_camera_msgs/lib/python3.8/site-packages/astra_camera_msgs/astra_camera_msgs_s__rosidl_typesupport_introspection_c.cpython-38-aarch64-linux-gnu.so" to ""
[140.860s] -- Installing: /home/wheeltec/wheeltec_ros2/src/install/astra_camera_msgs/lib/python3.8/site-packages/astra_camera_msgs/astra_camera_msgs_s__rosidl_typesupport_c.cpython-38-aarch64-linux-gnu.so
[140.863s] -- Set runtime path of "/home/wheeltec/wheeltec_ros2/src/install/astra_camera_msgs/lib/python3.8/site-packages/astra_camera_msgs/astra_camera_msgs_s__rosidl_typesupport_c.cpython-38-aarch64-linux-gnu.so" to ""
[140.864s] -- Installing: /home/wheeltec/wheeltec_ros2/src/install/astra_camera_msgs/lib/libastra_camera_msgs__python.so
[140.877s] -- Set runtime path of "/home/wheeltec/wheeltec_ros2/src/install/astra_camera_msgs/lib/libastra_camera_msgs__python.so" to ""
[140.877s] -- Installing: /home/wheeltec/wheeltec_ros2/src/install/astra_camera_msgs/share/astra_camera_msgs/msg/DeviceInfo.idl
[140.878s] -- Installing: /home/wheeltec/wheeltec_ros2/src/install/astra_camera_msgs/share/astra_camera_msgs/msg/Extrinsics.idl
[140.878s] -- Installing: /home/wheeltec/wheeltec_ros2/src/install/astra_camera_msgs/share/astra_camera_msgs/msg/Metadata.idl
[140.879s] -- Installing: /home/wheeltec/wheeltec_ros2/src/install/astra_camera_msgs/share/astra_camera_msgs/srv/GetDeviceInfo.idl
[140.879s] -- Installing: /home/wheeltec/wheeltec_ros2/src/install/astra_camera_msgs/share/astra_camera_msgs/srv/GetCameraInfo.idl
[140.879s] -- Installing: /home/wheeltec/wheeltec_ros2/src/install/astra_camera_msgs/share/astra_camera_msgs/srv/GetCameraParams.idl
[140.880s] -- Installing: /home/wheeltec/wheeltec_ros2/src/install/astra_camera_msgs/share/astra_camera_msgs/srv/GetInt32.idl
[140.880s] -- Installing: /home/wheeltec/wheeltec_ros2/src/install/astra_camera_msgs/share/astra_camera_msgs/srv/GetString.idl
[140.881s] -- Installing: /home/wheeltec/wheeltec_ros2/src/install/astra_camera_msgs/share/astra_camera_msgs/srv/SetInt32.idl
[140.881s] -- Installing: /home/wheeltec/wheeltec_ros2/src/install/astra_camera_msgs/share/astra_camera_msgs/msg/DeviceInfo.msg
[140.881s] -- Installing: /home/wheeltec/wheeltec_ros2/src/install/astra_camera_msgs/share/astra_camera_msgs/msg/Extrinsics.msg
[140.882s] -- Installing: /home/wheeltec/wheeltec_ros2/src/install/astra_camera_msgs/share/astra_camera_msgs/msg/Metadata.msg
[140.882s] -- Installing: /home/wheeltec/wheeltec_ros2/src/install/astra_camera_msgs/share/astra_camera_msgs/srv/GetDeviceInfo.srv
[140.882s] -- Installing: /home/wheeltec/wheeltec_ros2/src/install/astra_camera_msgs/share/astra_camera_msgs/srv/GetDeviceInfo_Request.msg
[140.883s] -- Installing: /home/wheeltec/wheeltec_ros2/src/install/astra_camera_msgs/share/astra_camera_msgs/srv/GetDeviceInfo_Response.msg
[140.883s] -- Installing: /home/wheeltec/wheeltec_ros2/src/install/astra_camera_msgs/share/astra_camera_msgs/srv/GetCameraInfo.srv
[140.884s] -- Installing: /home/wheeltec/wheeltec_ros2/src/install/astra_camera_msgs/share/astra_camera_msgs/srv/GetCameraInfo_Request.msg
[140.884s] -- Installing: /home/wheeltec/wheeltec_ros2/src/install/astra_camera_msgs/share/astra_camera_msgs/srv/GetCameraInfo_Response.msg
[140.884s] -- Installing: /home/wheeltec/wheeltec_ros2/src/install/astra_camera_msgs/share/astra_camera_msgs/srv/GetCameraParams.srv
[140.885s] -- Installing: /home/wheeltec/wheeltec_ros2/src/install/astra_camera_msgs/share/astra_camera_msgs/srv/GetCameraParams_Request.msg
[140.885s] -- Installing: /home/wheeltec/wheeltec_ros2/src/install/astra_camera_msgs/share/astra_camera_msgs/srv/GetCameraParams_Response.msg
[140.886s] -- Installing: /home/wheeltec/wheeltec_ros2/src/install/astra_camera_msgs/share/astra_camera_msgs/srv/GetInt32.srv
[140.886s] -- Installing: /home/wheeltec/wheeltec_ros2/src/install/astra_camera_msgs/share/astra_camera_msgs/srv/GetInt32_Request.msg
[140.886s] -- Installing: /home/wheeltec/wheeltec_ros2/src/install/astra_camera_msgs/share/astra_camera_msgs/srv/GetInt32_Response.msg
[140.887s] -- Installing: /home/wheeltec/wheeltec_ros2/src/install/astra_camera_msgs/share/astra_camera_msgs/srv/GetString.srv
[140.887s] -- Installing: /home/wheeltec/wheeltec_ros2/src/install/astra_camera_msgs/share/astra_camera_msgs/srv/GetString_Request.msg
[140.888s] -- Installing: /home/wheeltec/wheeltec_ros2/src/install/astra_camera_msgs/share/astra_camera_msgs/srv/GetString_Response.msg
[140.900s] -- Installing: /home/wheeltec/wheeltec_ros2/src/install/astra_camera_msgs/share/astra_camera_msgs/srv/SetInt32.srv
[140.901s] -- Installing: /home/wheeltec/wheeltec_ros2/src/install/astra_camera_msgs/share/astra_camera_msgs/srv/SetInt32_Request.msg
[140.901s] -- Installing: /home/wheeltec/wheeltec_ros2/src/install/astra_camera_msgs/share/astra_camera_msgs/srv/SetInt32_Response.msg
[140.902s] -- Installing: /home/wheeltec/wheeltec_ros2/src/install/astra_camera_msgs/share/ament_index/resource_index/package_run_dependencies/astra_camera_msgs
[140.902s] -- Installing: /home/wheeltec/wheeltec_ros2/src/install/astra_camera_msgs/share/ament_index/resource_index/parent_prefix_path/astra_camera_msgs
[140.902s] -- Installing: /home/wheeltec/wheeltec_ros2/src/install/astra_camera_msgs/share/astra_camera_msgs/environment/ament_prefix_path.sh
[140.903s] -- Installing: /home/wheeltec/wheeltec_ros2/src/install/astra_camera_msgs/share/astra_camera_msgs/environment/ament_prefix_path.dsv
[140.903s] -- Installing: /home/wheeltec/wheeltec_ros2/src/install/astra_camera_msgs/share/astra_camera_msgs/environment/path.sh
[140.904s] -- Installing: /home/wheeltec/wheeltec_ros2/src/install/astra_camera_msgs/share/astra_camera_msgs/environment/path.dsv
[140.904s] -- Installing: /home/wheeltec/wheeltec_ros2/src/install/astra_camera_msgs/share/astra_camera_msgs/local_setup.bash
[140.905s] -- Installing: /home/wheeltec/wheeltec_ros2/src/install/astra_camera_msgs/share/astra_camera_msgs/local_setup.sh
[140.905s] -- Installing: /home/wheeltec/wheeltec_ros2/src/install/astra_camera_msgs/share/astra_camera_msgs/local_setup.zsh
[140.905s] -- Installing: /home/wheeltec/wheeltec_ros2/src/install/astra_camera_msgs/share/astra_camera_msgs/local_setup.dsv
[140.906s] -- Installing: /home/wheeltec/wheeltec_ros2/src/install/astra_camera_msgs/share/astra_camera_msgs/package.dsv
[140.906s] -- Installing: /home/wheeltec/wheeltec_ros2/src/install/astra_camera_msgs/share/ament_index/resource_index/packages/astra_camera_msgs
[140.907s] -- Installing: /home/wheeltec/wheeltec_ros2/src/install/astra_camera_msgs/share/astra_camera_msgs/cmake/astra_camera_msgs__rosidl_generator_cExport.cmake
[140.908s] -- Installing: /home/wheeltec/wheeltec_ros2/src/install/astra_camera_msgs/share/astra_camera_msgs/cmake/astra_camera_msgs__rosidl_generator_cExport-noconfig.cmake
[140.910s] -- Installing: /home/wheeltec/wheeltec_ros2/src/install/astra_camera_msgs/share/astra_camera_msgs/cmake/astra_camera_msgs__rosidl_typesupport_introspection_cExport.cmake
[140.912s] -- Installing: /home/wheeltec/wheeltec_ros2/src/install/astra_camera_msgs/share/astra_camera_msgs/cmake/astra_camera_msgs__rosidl_typesupport_introspection_cExport-noconfig.cmake
[140.913s] -- Installing: /home/wheeltec/wheeltec_ros2/src/install/astra_camera_msgs/share/astra_camera_msgs/cmake/astra_camera_msgs__rosidl_typesupport_cExport.cmake
[140.915s] -- Installing: /home/wheeltec/wheeltec_ros2/src/install/astra_camera_msgs/share/astra_camera_msgs/cmake/astra_camera_msgs__rosidl_typesupport_cExport-noconfig.cmake
[140.917s] -- Installing: /home/wheeltec/wheeltec_ros2/src/install/astra_camera_msgs/share/astra_camera_msgs/cmake/astra_camera_msgs__rosidl_generator_cppExport.cmake
[140.918s] -- Installing: /home/wheeltec/wheeltec_ros2/src/install/astra_camera_msgs/share/astra_camera_msgs/cmake/astra_camera_msgs__rosidl_typesupport_introspection_cppExport.cmake
[140.920s] -- Installing: /home/wheeltec/wheeltec_ros2/src/install/astra_camera_msgs/share/astra_camera_msgs/cmake/astra_camera_msgs__rosidl_typesupport_introspection_cppExport-noconfig.cmake
[140.922s] -- Installing: /home/wheeltec/wheeltec_ros2/src/install/astra_camera_msgs/share/astra_camera_msgs/cmake/astra_camera_msgs__rosidl_typesupport_cppExport.cmake
[140.923s] -- Installing: /home/wheeltec/wheeltec_ros2/src/install/astra_camera_msgs/share/astra_camera_msgs/cmake/astra_camera_msgs__rosidl_typesupport_cppExport-noconfig.cmake
[140.925s] -- Installing: /home/wheeltec/wheeltec_ros2/src/install/astra_camera_msgs/share/astra_camera_msgs/cmake/rosidl_cmake-extras.cmake
[140.926s] -- Installing: /home/wheeltec/wheeltec_ros2/src/install/astra_camera_msgs/share/astra_camera_msgs/cmake/ament_cmake_export_dependencies-extras.cmake
[140.928s] -- Installing: /home/wheeltec/wheeltec_ros2/src/install/astra_camera_msgs/share/astra_camera_msgs/cmake/ament_cmake_export_libraries-extras.cmake
[140.929s] -- Installing: /home/wheeltec/wheeltec_ros2/src/install/astra_camera_msgs/share/astra_camera_msgs/cmake/ament_cmake_export_targets-extras.cmake
[140.931s] -- Installing: /home/wheeltec/wheeltec_ros2/src/install/astra_camera_msgs/share/astra_camera_msgs/cmake/ament_cmake_export_include_directories-extras.cmake
[140.932s] -- Installing: /home/wheeltec/wheeltec_ros2/src/install/astra_camera_msgs/share/astra_camera_msgs/cmake/rosidl_cmake_export_typesupport_libraries-extras.cmake
[140.934s] -- Installing: /home/wheeltec/wheeltec_ros2/src/install/astra_camera_msgs/share/astra_camera_msgs/cmake/rosidl_cmake_export_typesupport_targets-extras.cmake
[140.935s] -- Installing: /home/wheeltec/wheeltec_ros2/src/install/astra_camera_msgs/share/astra_camera_msgs/cmake/astra_camera_msgsConfig.cmake
[140.936s] -- Installing: /home/wheeltec/wheeltec_ros2/src/install/astra_camera_msgs/share/astra_camera_msgs/cmake/astra_camera_msgsConfig-version.cmake
[140.938s] -- Installing: /home/wheeltec/wheeltec_ros2/src/install/astra_camera_msgs/share/astra_camera_msgs/package.xml
[140.953s] Invoked command in '/home/wheeltec/wheeltec_ros2/src/build/astra_camera_msgs' returned '0': CMAKE_PREFIX_PATH=${CMAKE_PREFIX_PATH}:/home/wheeltec/wheeltec_ros2/install/simple_follower_ros2:/home/wheeltec/wheeltec_ros2/install/wheeltec_robot_keyboard:/home/wheeltec/wheeltec_ros2/install/tf2_tools:/home/wheeltec/wheeltec_ros2/install/teleop_twist_keyboard:/home/wheeltec/wheeltec_ros2/install/nav2_simple_commander:/home/wheeltec/wheeltec_ros2/install/nav2_gazebo_spawner:/home/wheeltec/wheeltec_ros2/install/ldlidar_sl_ros2:/home/wheeltec/wheeltec_ros2/install/keyboard_control_emer:/opt/ros/galactic /usr/bin/cmake --install /home/wheeltec/wheeltec_ros2/src/build/astra_camera_msgs
