[7.083s] Invoking command in '/home/wheeltec/wheeltec_ros2/src/laser_scan_reader': PYTHONPATH=/home/wheeltec/wheeltec_ros2/src/build/laser_scan_reader/prefix_override:/usr/lib/python3/dist-packages/colcon_core/task/python/colcon_distutils_commands:/home/wheeltec/wheeltec_ros2/src/install/laser_scan_reader/lib/python3.8/site-packages:${PYTHONPATH} /usr/bin/python3 -W ignore:setup.py install is deprecated -W ignore:easy_install command is deprecated setup.py egg_info --egg-base ../build/laser_scan_reader build --build-base /home/wheeltec/wheeltec_ros2/src/build/laser_scan_reader/build install --record /home/wheeltec/wheeltec_ros2/src/build/laser_scan_reader/install.log --single-version-externally-managed install_data
[9.623s] running egg_info
[9.627s] creating ../build/laser_scan_reader/laser_scan_reader.egg-info
[9.711s] writing ../build/laser_scan_reader/laser_scan_reader.egg-info/PKG-INFO
[9.712s] writing dependency_links to ../build/laser_scan_reader/laser_scan_reader.egg-info/dependency_links.txt
[9.714s] writing requirements to ../build/laser_scan_reader/laser_scan_reader.egg-info/requires.txt
[9.715s] writing top-level names to ../build/laser_scan_reader/laser_scan_reader.egg-info/top_level.txt
[9.720s] writing manifest file '../build/laser_scan_reader/laser_scan_reader.egg-info/SOURCES.txt'
[9.869s] reading manifest file '../build/laser_scan_reader/laser_scan_reader.egg-info/SOURCES.txt'
[9.874s] writing manifest file '../build/laser_scan_reader/laser_scan_reader.egg-info/SOURCES.txt'
[9.876s] running build
[9.877s] running build_py
[9.878s] creating /home/wheeltec/wheeltec_ros2/src/build/laser_scan_reader/build
[9.879s] creating /home/wheeltec/wheeltec_ros2/src/build/laser_scan_reader/build/lib
[9.880s] creating /home/wheeltec/wheeltec_ros2/src/build/laser_scan_reader/build/lib/laser_scan_reader
[9.881s] copying laser_scan_reader/__init__.py -> /home/wheeltec/wheeltec_ros2/src/build/laser_scan_reader/build/lib/laser_scan_reader
[9.883s] running install
[9.914s] running install_lib
[9.998s] creating /home/wheeltec/wheeltec_ros2/src/install/laser_scan_reader/lib/python3.8/site-packages/laser_scan_reader
[10.000s] copying /home/wheeltec/wheeltec_ros2/src/build/laser_scan_reader/build/lib/laser_scan_reader/__init__.py -> /home/wheeltec/wheeltec_ros2/src/install/laser_scan_reader/lib/python3.8/site-packages/laser_scan_reader
[10.004s] byte-compiling /home/wheeltec/wheeltec_ros2/src/install/laser_scan_reader/lib/python3.8/site-packages/laser_scan_reader/__init__.py to __init__.cpython-38.pyc
[10.007s] running install_data
[10.008s] creating /home/wheeltec/wheeltec_ros2/src/install/laser_scan_reader/share/ament_index
[10.010s] creating /home/wheeltec/wheeltec_ros2/src/install/laser_scan_reader/share/ament_index/resource_index
[10.012s] creating /home/wheeltec/wheeltec_ros2/src/install/laser_scan_reader/share/ament_index/resource_index/packages
[10.014s] copying resource/laser_scan_reader -> /home/wheeltec/wheeltec_ros2/src/install/laser_scan_reader/share/ament_index/resource_index/packages
[10.017s] copying package.xml -> /home/wheeltec/wheeltec_ros2/src/install/laser_scan_reader/share/laser_scan_reader
[10.023s] running install_egg_info
[10.111s] Copying ../build/laser_scan_reader/laser_scan_reader.egg-info to /home/wheeltec/wheeltec_ros2/src/install/laser_scan_reader/lib/python3.8/site-packages/laser_scan_reader-0.0.0-py3.8.egg-info
[10.116s] running install_scripts
[10.538s] writing list of installed files to '/home/wheeltec/wheeltec_ros2/src/build/laser_scan_reader/install.log'
[10.709s] Invoked command in '/home/wheeltec/wheeltec_ros2/src/laser_scan_reader' returned '0': PYTHONPATH=/home/wheeltec/wheeltec_ros2/src/build/laser_scan_reader/prefix_override:/usr/lib/python3/dist-packages/colcon_core/task/python/colcon_distutils_commands:/home/wheeltec/wheeltec_ros2/src/install/laser_scan_reader/lib/python3.8/site-packages:${PYTHONPATH} /usr/bin/python3 -W ignore:setup.py install is deprecated -W ignore:easy_install command is deprecated setup.py egg_info --egg-base ../build/laser_scan_reader build --build-base /home/wheeltec/wheeltec_ros2/src/build/laser_scan_reader/build install --record /home/wheeltec/wheeltec_ros2/src/build/laser_scan_reader/install.log --single-version-externally-managed install_data
