-- The C compiler identification is GNU 9.4.0
-- The CXX compiler identification is GNU 9.4.0
-- Check for working C compiler: /usr/bin/cc
-- Check for working C compiler: /usr/bin/cc -- works
-- Detecting C compiler ABI info
-- Detecting C compiler ABI info - done
-- Detecting C compile features
-- Detecting C compile features - done
-- Check for working CXX compiler: /usr/bin/c++
-- Check for working CXX compiler: /usr/bin/c++ -- works
-- Detecting CXX compiler ABI info
-- Detecting CXX compiler ABI info - done
-- Detecting CXX compile features
-- Detecting CXX compile features - done
-- Found ament_cmake_auto: 1.1.6 (/opt/ros/galactic/share/ament_cmake_auto/cmake)
-- Found PythonInterp: /usr/bin/python3 (found suitable version "3.8.10", minimum required is "3") 
-- Using PYTHON_EXECUTABLE: /usr/bin/python3
-- Using all available rosidl_typesupport_c: rosidl_typesupport_fastrtps_c;rosidl_typesupport_introspection_c
-- Found rosidl_adapter: 2.2.3 (/opt/ros/galactic/share/rosidl_adapter/cmake)
-- Found OpenSSL: /usr/lib/aarch64-linux-gnu/libcrypto.so (found version "1.1.1f")  
-- Found FastRTPS: /opt/ros/galactic/include  
-- Using all available rosidl_typesupport_cpp: rosidl_typesupport_fastrtps_cpp;rosidl_typesupport_introspection_cpp
-- Found rmw_implementation_cmake: 3.3.1 (/opt/ros/galactic/share/rmw_implementation_cmake/cmake)
-- Found rmw_cyclonedds_cpp: 0.22.6 (/opt/ros/galactic/share/rmw_cyclonedds_cpp/cmake)
-- Using RMW implementation 'rmw_cyclonedds_cpp' as default
-- Looking for pthread.h
-- Looking for pthread.h - found
-- Performing Test CMAKE_HAVE_LIBC_PTHREAD
-- Performing Test CMAKE_HAVE_LIBC_PTHREAD - Failed
-- Looking for pthread_create in pthreads
-- Looking for pthread_create in pthreads - not found
-- Looking for pthread_create in pthread
-- Looking for pthread_create in pthread - found
-- Found Threads: TRUE  
-- Found PkgConfig: /usr/bin/pkg-config (found version "0.29.1") 
-- Checking for module 'libavcodec'
--   Found libavcodec, version 58.54.100
-- Checking for module 'libswscale'
--   Found libswscale, version 5.5.100
-- Configuring done
-- Generating done
-- Build files have been written to: /home/wheeltec/wheeltec_ros2/src/build/usb_cam
[35m[1mScanning dependencies of target usb_cam[0m
[ 16%] [32mBuilding CXX object CMakeFiles/usb_cam.dir/src/usb_cam.cpp.o[0m
[ 33%] [32m[1mLinking CXX shared library libusb_cam.so[0m
[ 33%] Built target usb_cam
[35m[1mScanning dependencies of target usb_cam_node_exe[0m
[ 50%] [32mBuilding CXX object CMakeFiles/usb_cam_node_exe.dir/rclcpp_components/node_main_usb_cam_node_exe.cpp.o[0m
[ 66%] [32m[1mLinking CXX executable usb_cam_node_exe[0m
[ 66%] Built target usb_cam_node_exe
[35m[1mScanning dependencies of target usb_cam_node[0m
[ 83%] [32mBuilding CXX object CMakeFiles/usb_cam_node.dir/src/usb_cam_node.cpp.o[0m
[100%] [32m[1mLinking CXX shared library libusb_cam_node.so[0m
[100%] Built target usb_cam_node
-- Install configuration: ""
-- Installing: /home/wheeltec/wheeltec_ros2/src/install/usb_cam/lib/usb_cam/usb_cam_node_exe
-- Set runtime path of "/home/wheeltec/wheeltec_ros2/src/install/usb_cam/lib/usb_cam/usb_cam_node_exe" to ""
-- Installing: /home/wheeltec/wheeltec_ros2/src/install/usb_cam/lib/usb_cam/show_image.py
-- Installing: /home/wheeltec/wheeltec_ros2/src/install/usb_cam/include
-- Installing: /home/wheeltec/wheeltec_ros2/src/install/usb_cam/include/usb_cam
-- Installing: /home/wheeltec/wheeltec_ros2/src/install/usb_cam/include/usb_cam/usb_cam_utils.hpp
-- Installing: /home/wheeltec/wheeltec_ros2/src/install/usb_cam/include/usb_cam/usb_cam.hpp
-- Installing: /home/wheeltec/wheeltec_ros2/src/install/usb_cam/include/usb_cam/usb_cam_node.hpp
-- Installing: /home/wheeltec/wheeltec_ros2/src/install/usb_cam/share/usb_cam/environment/library_path.sh
-- Installing: /home/wheeltec/wheeltec_ros2/src/install/usb_cam/share/usb_cam/environment/library_path.dsv
-- Installing: /home/wheeltec/wheeltec_ros2/src/install/usb_cam/lib/libusb_cam.so
-- Set runtime path of "/home/wheeltec/wheeltec_ros2/src/install/usb_cam/lib/libusb_cam.so" to ""
-- Installing: /home/wheeltec/wheeltec_ros2/src/install/usb_cam/lib/libusb_cam_node.so
-- Set runtime path of "/home/wheeltec/wheeltec_ros2/src/install/usb_cam/lib/libusb_cam_node.so" to ""
-- Installing: /home/wheeltec/wheeltec_ros2/src/install/usb_cam/share/usb_cam/launch
-- Installing: /home/wheeltec/wheeltec_ros2/src/install/usb_cam/share/usb_cam/launch/usb_cam_launch.py
-- Installing: /home/wheeltec/wheeltec_ros2/src/install/usb_cam/share/usb_cam/config
-- Installing: /home/wheeltec/wheeltec_ros2/src/install/usb_cam/share/usb_cam/config/params.yaml
-- Installing: /home/wheeltec/wheeltec_ros2/src/install/usb_cam/share/usb_cam/config/camera_info.yaml
-- Installing: /home/wheeltec/wheeltec_ros2/src/install/usb_cam/share/ament_index/resource_index/package_run_dependencies/usb_cam
-- Installing: /home/wheeltec/wheeltec_ros2/src/install/usb_cam/share/ament_index/resource_index/parent_prefix_path/usb_cam
-- Installing: /home/wheeltec/wheeltec_ros2/src/install/usb_cam/share/usb_cam/environment/ament_prefix_path.sh
-- Installing: /home/wheeltec/wheeltec_ros2/src/install/usb_cam/share/usb_cam/environment/ament_prefix_path.dsv
-- Installing: /home/wheeltec/wheeltec_ros2/src/install/usb_cam/share/usb_cam/environment/path.sh
-- Installing: /home/wheeltec/wheeltec_ros2/src/install/usb_cam/share/usb_cam/environment/path.dsv
-- Installing: /home/wheeltec/wheeltec_ros2/src/install/usb_cam/share/usb_cam/local_setup.bash
-- Installing: /home/wheeltec/wheeltec_ros2/src/install/usb_cam/share/usb_cam/local_setup.sh
-- Installing: /home/wheeltec/wheeltec_ros2/src/install/usb_cam/share/usb_cam/local_setup.zsh
-- Installing: /home/wheeltec/wheeltec_ros2/src/install/usb_cam/share/usb_cam/local_setup.dsv
-- Installing: /home/wheeltec/wheeltec_ros2/src/install/usb_cam/share/usb_cam/package.dsv
-- Installing: /home/wheeltec/wheeltec_ros2/src/install/usb_cam/share/ament_index/resource_index/packages/usb_cam
-- Installing: /home/wheeltec/wheeltec_ros2/src/install/usb_cam/share/ament_index/resource_index/rclcpp_components/usb_cam
-- Installing: /home/wheeltec/wheeltec_ros2/src/install/usb_cam/share/usb_cam/cmake/ament_cmake_export_dependencies-extras.cmake
-- Installing: /home/wheeltec/wheeltec_ros2/src/install/usb_cam/share/usb_cam/cmake/ament_cmake_export_include_directories-extras.cmake
-- Installing: /home/wheeltec/wheeltec_ros2/src/install/usb_cam/share/usb_cam/cmake/ament_cmake_export_libraries-extras.cmake
-- Installing: /home/wheeltec/wheeltec_ros2/src/install/usb_cam/share/usb_cam/cmake/usb_camConfig.cmake
-- Installing: /home/wheeltec/wheeltec_ros2/src/install/usb_cam/share/usb_cam/cmake/usb_camConfig-version.cmake
-- Installing: /home/wheeltec/wheeltec_ros2/src/install/usb_cam/share/usb_cam/package.xml
