[0.105s] Invoking command in '/home/wheeltec/wheeltec_ros2/src/build/wheeltec_robot_msg': /usr/bin/cmake --build /home/wheeltec/wheeltec_ros2/src/build/wheeltec_robot_msg -- -j4 -l4
[0.675s] [  9%] Built target wheeltec_robot_msg__rosidl_generator_c
[0.695s] [ 12%] Built target wheeltec_robot_msg__cpp
[0.809s] [ 22%] Built target wheeltec_robot_msg__rosidl_typesupport_c
[0.938s] [ 32%] Built target wheeltec_robot_msg__rosidl_typesupport_introspection_c
[1.071s] [ 41%] Built target wheeltec_robot_msg__rosidl_typesupport_introspection_cpp
[1.100s] [ 51%] Built target wheeltec_robot_msg__rosidl_typesupport_cpp
[1.121s] [ 61%] Built target wheeltec_robot_msg__rosidl_typesupport_fastrtps_cpp
[1.290s] [ 70%] Built target wheeltec_robot_msg__rosidl_typesupport_fastrtps_c
[1.420s] [ 70%] Built target wheeltec_robot_msg
[1.636s] [ 74%] Built target wheeltec_robot_msg__py
[1.791s] [35m[1mScanning dependencies of target wheeltec_robot_msg__python[0m
[2.052s] [ 77%] [32mBuilding C object CMakeFiles/wheeltec_robot_msg__python.dir/rosidl_generator_py/wheeltec_robot_msg/msg/_data_s.c.o[0m
[3.018s] [ 80%] [32m[1mLinking C shared library rosidl_generator_py/wheeltec_robot_msg/libwheeltec_robot_msg__python.so[0m
[3.327s] [ 80%] Built target wheeltec_robot_msg__python
[3.398s] [35m[1mScanning dependencies of target wheeltec_robot_msg__rosidl_typesupport_c__pyext[0m
[3.419s] [35m[1mScanning dependencies of target wheeltec_robot_msg__rosidl_typesupport_introspection_c__pyext[0m
[3.495s] [35m[1mScanning dependencies of target wheeltec_robot_msg__rosidl_typesupport_fastrtps_c__pyext[0m
[3.632s] [ 83%] [32mBuilding C object CMakeFiles/wheeltec_robot_msg__rosidl_typesupport_c__pyext.dir/rosidl_generator_py/wheeltec_robot_msg/_wheeltec_robot_msg_s.ep.rosidl_typesupport_c.c.o[0m
[3.633s] [ 87%] [32mBuilding C object CMakeFiles/wheeltec_robot_msg__rosidl_typesupport_introspection_c__pyext.dir/rosidl_generator_py/wheeltec_robot_msg/_wheeltec_robot_msg_s.ep.rosidl_typesupport_introspection_c.c.o[0m
[3.647s] [ 90%] [32mBuilding C object CMakeFiles/wheeltec_robot_msg__rosidl_typesupport_fastrtps_c__pyext.dir/rosidl_generator_py/wheeltec_robot_msg/_wheeltec_robot_msg_s.ep.rosidl_typesupport_fastrtps_c.c.o[0m
[4.045s] [ 93%] [32m[1mLinking C shared library rosidl_generator_py/wheeltec_robot_msg/wheeltec_robot_msg_s__rosidl_typesupport_c.cpython-38-aarch64-linux-gnu.so[0m
[4.053s] [ 96%] [32m[1mLinking C shared library rosidl_generator_py/wheeltec_robot_msg/wheeltec_robot_msg_s__rosidl_typesupport_introspection_c.cpython-38-aarch64-linux-gnu.so[0m
[4.258s] [100%] [32m[1mLinking CXX shared library rosidl_generator_py/wheeltec_robot_msg/wheeltec_robot_msg_s__rosidl_typesupport_fastrtps_c.cpython-38-aarch64-linux-gnu.so[0m
[4.534s] [100%] Built target wheeltec_robot_msg__rosidl_typesupport_c__pyext
[4.597s] [100%] Built target wheeltec_robot_msg__rosidl_typesupport_introspection_c__pyext
[4.985s] [100%] Built target wheeltec_robot_msg__rosidl_typesupport_fastrtps_c__pyext
[5.105s] Invoked command in '/home/wheeltec/wheeltec_ros2/src/build/wheeltec_robot_msg' returned '0': /usr/bin/cmake --build /home/wheeltec/wheeltec_ros2/src/build/wheeltec_robot_msg -- -j4 -l4
[5.120s] Invoking command in '/home/wheeltec/wheeltec_ros2/src/build/wheeltec_robot_msg': /usr/bin/cmake --install /home/wheeltec/wheeltec_ros2/src/build/wheeltec_robot_msg
[5.242s] -- Install configuration: ""
[5.243s] -- Up-to-date: /home/wheeltec/wheeltec_ros2/src/install/wheeltec_robot_msg/share/ament_index/resource_index/rosidl_interfaces/wheeltec_robot_msg
[5.248s] -- Up-to-date: /home/wheeltec/wheeltec_ros2/src/install/wheeltec_robot_msg/include/wheeltec_robot_msg
[5.248s] -- Up-to-date: /home/wheeltec/wheeltec_ros2/src/install/wheeltec_robot_msg/include/wheeltec_robot_msg/msg
[5.249s] -- Up-to-date: /home/wheeltec/wheeltec_ros2/src/install/wheeltec_robot_msg/include/wheeltec_robot_msg/msg/detail
[5.249s] -- Up-to-date: /home/wheeltec/wheeltec_ros2/src/install/wheeltec_robot_msg/include/wheeltec_robot_msg/msg/detail/data__functions.c
[5.250s] -- Up-to-date: /home/wheeltec/wheeltec_ros2/src/install/wheeltec_robot_msg/include/wheeltec_robot_msg/msg/detail/data__struct.h
[5.257s] -- Up-to-date: /home/wheeltec/wheeltec_ros2/src/install/wheeltec_robot_msg/include/wheeltec_robot_msg/msg/detail/data__type_support.h
[5.258s] -- Up-to-date: /home/wheeltec/wheeltec_ros2/src/install/wheeltec_robot_msg/include/wheeltec_robot_msg/msg/detail/data__functions.h
[5.258s] -- Up-to-date: /home/wheeltec/wheeltec_ros2/src/install/wheeltec_robot_msg/include/wheeltec_robot_msg/msg/data.h
[5.259s] -- Up-to-date: /home/wheeltec/wheeltec_ros2/src/install/wheeltec_robot_msg/include/wheeltec_robot_msg/msg/rosidl_generator_c__visibility_control.h
[5.271s] -- Up-to-date: /home/wheeltec/wheeltec_ros2/src/install/wheeltec_robot_msg/share/wheeltec_robot_msg/environment/library_path.sh
[5.277s] -- Up-to-date: /home/wheeltec/wheeltec_ros2/src/install/wheeltec_robot_msg/share/wheeltec_robot_msg/environment/library_path.dsv
[5.292s] -- Up-to-date: /home/wheeltec/wheeltec_ros2/src/install/wheeltec_robot_msg/lib/libwheeltec_robot_msg__rosidl_generator_c.so
[5.294s] -- Up-to-date: /home/wheeltec/wheeltec_ros2/src/install/wheeltec_robot_msg/include/wheeltec_robot_msg
[5.294s] -- Up-to-date: /home/wheeltec/wheeltec_ros2/src/install/wheeltec_robot_msg/include/wheeltec_robot_msg/msg
[5.296s] -- Up-to-date: /home/wheeltec/wheeltec_ros2/src/install/wheeltec_robot_msg/include/wheeltec_robot_msg/msg/detail
[5.296s] -- Up-to-date: /home/wheeltec/wheeltec_ros2/src/install/wheeltec_robot_msg/include/wheeltec_robot_msg/msg/detail/data__rosidl_typesupport_fastrtps_c.h
[5.297s] -- Up-to-date: /home/wheeltec/wheeltec_ros2/src/install/wheeltec_robot_msg/include/wheeltec_robot_msg/msg/rosidl_typesupport_fastrtps_c__visibility_control.h
[5.297s] -- Up-to-date: /home/wheeltec/wheeltec_ros2/src/install/wheeltec_robot_msg/lib/libwheeltec_robot_msg__rosidl_typesupport_fastrtps_c.so
[5.297s] -- Up-to-date: /home/wheeltec/wheeltec_ros2/src/install/wheeltec_robot_msg/include/wheeltec_robot_msg
[5.298s] -- Up-to-date: /home/wheeltec/wheeltec_ros2/src/install/wheeltec_robot_msg/include/wheeltec_robot_msg/msg
[5.298s] -- Up-to-date: /home/wheeltec/wheeltec_ros2/src/install/wheeltec_robot_msg/include/wheeltec_robot_msg/msg/rosidl_typesupport_fastrtps_cpp__visibility_control.h
[5.298s] -- Up-to-date: /home/wheeltec/wheeltec_ros2/src/install/wheeltec_robot_msg/include/wheeltec_robot_msg/msg/detail
[5.299s] -- Up-to-date: /home/wheeltec/wheeltec_ros2/src/install/wheeltec_robot_msg/include/wheeltec_robot_msg/msg/detail/data__rosidl_typesupport_fastrtps_cpp.hpp
[5.311s] -- Up-to-date: /home/wheeltec/wheeltec_ros2/src/install/wheeltec_robot_msg/include/wheeltec_robot_msg/msg/detail/dds_fastrtps
[5.312s] -- Up-to-date: /home/wheeltec/wheeltec_ros2/src/install/wheeltec_robot_msg/lib/libwheeltec_robot_msg__rosidl_typesupport_fastrtps_cpp.so
[5.313s] -- Up-to-date: /home/wheeltec/wheeltec_ros2/src/install/wheeltec_robot_msg/include/wheeltec_robot_msg
[5.313s] -- Up-to-date: /home/wheeltec/wheeltec_ros2/src/install/wheeltec_robot_msg/include/wheeltec_robot_msg/msg
[5.313s] -- Up-to-date: /home/wheeltec/wheeltec_ros2/src/install/wheeltec_robot_msg/include/wheeltec_robot_msg/msg/detail
[5.314s] -- Up-to-date: /home/wheeltec/wheeltec_ros2/src/install/wheeltec_robot_msg/include/wheeltec_robot_msg/msg/detail/data__rosidl_typesupport_introspection_c.h
[5.314s] -- Up-to-date: /home/wheeltec/wheeltec_ros2/src/install/wheeltec_robot_msg/include/wheeltec_robot_msg/msg/detail/data__type_support.c
[5.315s] -- Up-to-date: /home/wheeltec/wheeltec_ros2/src/install/wheeltec_robot_msg/include/wheeltec_robot_msg/msg/rosidl_typesupport_introspection_c__visibility_control.h
[5.332s] -- Up-to-date: /home/wheeltec/wheeltec_ros2/src/install/wheeltec_robot_msg/lib/libwheeltec_robot_msg__rosidl_typesupport_introspection_c.so
[5.336s] -- Up-to-date: /home/wheeltec/wheeltec_ros2/src/install/wheeltec_robot_msg/lib/libwheeltec_robot_msg__rosidl_typesupport_c.so
[5.337s] -- Up-to-date: /home/wheeltec/wheeltec_ros2/src/install/wheeltec_robot_msg/include/wheeltec_robot_msg
[5.337s] -- Up-to-date: /home/wheeltec/wheeltec_ros2/src/install/wheeltec_robot_msg/include/wheeltec_robot_msg/msg
[5.338s] -- Up-to-date: /home/wheeltec/wheeltec_ros2/src/install/wheeltec_robot_msg/include/wheeltec_robot_msg/msg/detail
[5.338s] -- Up-to-date: /home/wheeltec/wheeltec_ros2/src/install/wheeltec_robot_msg/include/wheeltec_robot_msg/msg/detail/data__traits.hpp
[5.338s] -- Up-to-date: /home/wheeltec/wheeltec_ros2/src/install/wheeltec_robot_msg/include/wheeltec_robot_msg/msg/detail/data__builder.hpp
[5.339s] -- Up-to-date: /home/wheeltec/wheeltec_ros2/src/install/wheeltec_robot_msg/include/wheeltec_robot_msg/msg/detail/data__struct.hpp
[5.348s] -- Up-to-date: /home/wheeltec/wheeltec_ros2/src/install/wheeltec_robot_msg/include/wheeltec_robot_msg/msg/data.hpp
[5.348s] -- Up-to-date: /home/wheeltec/wheeltec_ros2/src/install/wheeltec_robot_msg/include/wheeltec_robot_msg
[5.349s] -- Up-to-date: /home/wheeltec/wheeltec_ros2/src/install/wheeltec_robot_msg/include/wheeltec_robot_msg/msg
[5.349s] -- Up-to-date: /home/wheeltec/wheeltec_ros2/src/install/wheeltec_robot_msg/include/wheeltec_robot_msg/msg/detail
[5.350s] -- Up-to-date: /home/wheeltec/wheeltec_ros2/src/install/wheeltec_robot_msg/include/wheeltec_robot_msg/msg/detail/data__rosidl_typesupport_introspection_cpp.hpp
[5.350s] -- Up-to-date: /home/wheeltec/wheeltec_ros2/src/install/wheeltec_robot_msg/include/wheeltec_robot_msg/msg/detail/data__type_support.cpp
[5.351s] -- Up-to-date: /home/wheeltec/wheeltec_ros2/src/install/wheeltec_robot_msg/lib/libwheeltec_robot_msg__rosidl_typesupport_introspection_cpp.so
[5.375s] -- Up-to-date: /home/wheeltec/wheeltec_ros2/src/install/wheeltec_robot_msg/lib/libwheeltec_robot_msg__rosidl_typesupport_cpp.so
[5.376s] -- Up-to-date: /home/wheeltec/wheeltec_ros2/src/install/wheeltec_robot_msg/share/wheeltec_robot_msg/environment/pythonpath.sh
[5.376s] -- Up-to-date: /home/wheeltec/wheeltec_ros2/src/install/wheeltec_robot_msg/share/wheeltec_robot_msg/environment/pythonpath.dsv
[5.377s] -- Up-to-date: /home/wheeltec/wheeltec_ros2/src/install/wheeltec_robot_msg/lib/python3.8/site-packages/wheeltec_robot_msg/__init__.py
[5.674s] -- Up-to-date: /home/wheeltec/wheeltec_ros2/src/install/wheeltec_robot_msg/lib/python3.8/site-packages/wheeltec_robot_msg/msg
[5.675s] -- Up-to-date: /home/wheeltec/wheeltec_ros2/src/install/wheeltec_robot_msg/lib/python3.8/site-packages/wheeltec_robot_msg/msg/__init__.py
[5.676s] -- Up-to-date: /home/wheeltec/wheeltec_ros2/src/install/wheeltec_robot_msg/lib/python3.8/site-packages/wheeltec_robot_msg/msg/_data_s.c
[5.677s] -- Up-to-date: /home/wheeltec/wheeltec_ros2/src/install/wheeltec_robot_msg/lib/python3.8/site-packages/wheeltec_robot_msg/msg/_data.py
[5.678s] -- Installing: /home/wheeltec/wheeltec_ros2/src/install/wheeltec_robot_msg/lib/python3.8/site-packages/wheeltec_robot_msg/wheeltec_robot_msg_s__rosidl_typesupport_fastrtps_c.cpython-38-aarch64-linux-gnu.so
[5.680s] -- Set runtime path of "/home/wheeltec/wheeltec_ros2/src/install/wheeltec_robot_msg/lib/python3.8/site-packages/wheeltec_robot_msg/wheeltec_robot_msg_s__rosidl_typesupport_fastrtps_c.cpython-38-aarch64-linux-gnu.so" to ""
[5.682s] -- Installing: /home/wheeltec/wheeltec_ros2/src/install/wheeltec_robot_msg/lib/python3.8/site-packages/wheeltec_robot_msg/wheeltec_robot_msg_s__rosidl_typesupport_introspection_c.cpython-38-aarch64-linux-gnu.so
[5.685s] -- Set runtime path of "/home/wheeltec/wheeltec_ros2/src/install/wheeltec_robot_msg/lib/python3.8/site-packages/wheeltec_robot_msg/wheeltec_robot_msg_s__rosidl_typesupport_introspection_c.cpython-38-aarch64-linux-gnu.so" to ""
[5.690s] -- Installing: /home/wheeltec/wheeltec_ros2/src/install/wheeltec_robot_msg/lib/python3.8/site-packages/wheeltec_robot_msg/wheeltec_robot_msg_s__rosidl_typesupport_c.cpython-38-aarch64-linux-gnu.so
[5.691s] -- Set runtime path of "/home/wheeltec/wheeltec_ros2/src/install/wheeltec_robot_msg/lib/python3.8/site-packages/wheeltec_robot_msg/wheeltec_robot_msg_s__rosidl_typesupport_c.cpython-38-aarch64-linux-gnu.so" to ""
[5.692s] -- Installing: /home/wheeltec/wheeltec_ros2/src/install/wheeltec_robot_msg/lib/libwheeltec_robot_msg__python.so
[5.699s] -- Set runtime path of "/home/wheeltec/wheeltec_ros2/src/install/wheeltec_robot_msg/lib/libwheeltec_robot_msg__python.so" to ""
[5.700s] -- Up-to-date: /home/wheeltec/wheeltec_ros2/src/install/wheeltec_robot_msg/share/wheeltec_robot_msg/msg/Data.idl
[5.701s] -- Up-to-date: /home/wheeltec/wheeltec_ros2/src/install/wheeltec_robot_msg/share/wheeltec_robot_msg/msg/Data.msg
[5.702s] -- Up-to-date: /home/wheeltec/wheeltec_ros2/src/install/wheeltec_robot_msg/share/ament_index/resource_index/package_run_dependencies/wheeltec_robot_msg
[5.702s] -- Up-to-date: /home/wheeltec/wheeltec_ros2/src/install/wheeltec_robot_msg/share/ament_index/resource_index/parent_prefix_path/wheeltec_robot_msg
[5.703s] -- Up-to-date: /home/wheeltec/wheeltec_ros2/src/install/wheeltec_robot_msg/share/wheeltec_robot_msg/environment/ament_prefix_path.sh
[5.707s] -- Up-to-date: /home/wheeltec/wheeltec_ros2/src/install/wheeltec_robot_msg/share/wheeltec_robot_msg/environment/ament_prefix_path.dsv
[5.708s] -- Up-to-date: /home/wheeltec/wheeltec_ros2/src/install/wheeltec_robot_msg/share/wheeltec_robot_msg/environment/path.sh
[5.709s] -- Up-to-date: /home/wheeltec/wheeltec_ros2/src/install/wheeltec_robot_msg/share/wheeltec_robot_msg/environment/path.dsv
[5.709s] -- Up-to-date: /home/wheeltec/wheeltec_ros2/src/install/wheeltec_robot_msg/share/wheeltec_robot_msg/local_setup.bash
[5.710s] -- Up-to-date: /home/wheeltec/wheeltec_ros2/src/install/wheeltec_robot_msg/share/wheeltec_robot_msg/local_setup.sh
[5.710s] -- Up-to-date: /home/wheeltec/wheeltec_ros2/src/install/wheeltec_robot_msg/share/wheeltec_robot_msg/local_setup.zsh
[5.711s] -- Up-to-date: /home/wheeltec/wheeltec_ros2/src/install/wheeltec_robot_msg/share/wheeltec_robot_msg/local_setup.dsv
[5.711s] -- Installing: /home/wheeltec/wheeltec_ros2/src/install/wheeltec_robot_msg/share/wheeltec_robot_msg/package.dsv
[5.717s] -- Up-to-date: /home/wheeltec/wheeltec_ros2/src/install/wheeltec_robot_msg/share/ament_index/resource_index/packages/wheeltec_robot_msg
[5.723s] -- Up-to-date: /home/wheeltec/wheeltec_ros2/src/install/wheeltec_robot_msg/share/wheeltec_robot_msg/cmake/wheeltec_robot_msg__rosidl_generator_cExport.cmake
[5.723s] -- Up-to-date: /home/wheeltec/wheeltec_ros2/src/install/wheeltec_robot_msg/share/wheeltec_robot_msg/cmake/wheeltec_robot_msg__rosidl_generator_cExport-noconfig.cmake
[5.726s] -- Up-to-date: /home/wheeltec/wheeltec_ros2/src/install/wheeltec_robot_msg/share/wheeltec_robot_msg/cmake/wheeltec_robot_msg__rosidl_typesupport_introspection_cExport.cmake
[5.727s] -- Up-to-date: /home/wheeltec/wheeltec_ros2/src/install/wheeltec_robot_msg/share/wheeltec_robot_msg/cmake/wheeltec_robot_msg__rosidl_typesupport_introspection_cExport-noconfig.cmake
[5.729s] -- Up-to-date: /home/wheeltec/wheeltec_ros2/src/install/wheeltec_robot_msg/share/wheeltec_robot_msg/cmake/wheeltec_robot_msg__rosidl_typesupport_cExport.cmake
[5.729s] -- Up-to-date: /home/wheeltec/wheeltec_ros2/src/install/wheeltec_robot_msg/share/wheeltec_robot_msg/cmake/wheeltec_robot_msg__rosidl_typesupport_cExport-noconfig.cmake
[5.730s] -- Up-to-date: /home/wheeltec/wheeltec_ros2/src/install/wheeltec_robot_msg/share/wheeltec_robot_msg/cmake/wheeltec_robot_msg__rosidl_generator_cppExport.cmake
[5.732s] -- Up-to-date: /home/wheeltec/wheeltec_ros2/src/install/wheeltec_robot_msg/share/wheeltec_robot_msg/cmake/wheeltec_robot_msg__rosidl_typesupport_introspection_cppExport.cmake
[5.733s] -- Up-to-date: /home/wheeltec/wheeltec_ros2/src/install/wheeltec_robot_msg/share/wheeltec_robot_msg/cmake/wheeltec_robot_msg__rosidl_typesupport_introspection_cppExport-noconfig.cmake
[5.737s] -- Up-to-date: /home/wheeltec/wheeltec_ros2/src/install/wheeltec_robot_msg/share/wheeltec_robot_msg/cmake/wheeltec_robot_msg__rosidl_typesupport_cppExport.cmake
[5.737s] -- Up-to-date: /home/wheeltec/wheeltec_ros2/src/install/wheeltec_robot_msg/share/wheeltec_robot_msg/cmake/wheeltec_robot_msg__rosidl_typesupport_cppExport-noconfig.cmake
[5.738s] -- Up-to-date: /home/wheeltec/wheeltec_ros2/src/install/wheeltec_robot_msg/share/wheeltec_robot_msg/cmake/rosidl_cmake-extras.cmake
[5.739s] -- Up-to-date: /home/wheeltec/wheeltec_ros2/src/install/wheeltec_robot_msg/share/wheeltec_robot_msg/cmake/ament_cmake_export_dependencies-extras.cmake
[5.739s] -- Up-to-date: /home/wheeltec/wheeltec_ros2/src/install/wheeltec_robot_msg/share/wheeltec_robot_msg/cmake/ament_cmake_export_libraries-extras.cmake
[5.740s] -- Up-to-date: /home/wheeltec/wheeltec_ros2/src/install/wheeltec_robot_msg/share/wheeltec_robot_msg/cmake/ament_cmake_export_targets-extras.cmake
[5.740s] -- Up-to-date: /home/wheeltec/wheeltec_ros2/src/install/wheeltec_robot_msg/share/wheeltec_robot_msg/cmake/ament_cmake_export_include_directories-extras.cmake
[5.741s] -- Up-to-date: /home/wheeltec/wheeltec_ros2/src/install/wheeltec_robot_msg/share/wheeltec_robot_msg/cmake/rosidl_cmake_export_typesupport_libraries-extras.cmake
[5.741s] -- Up-to-date: /home/wheeltec/wheeltec_ros2/src/install/wheeltec_robot_msg/share/wheeltec_robot_msg/cmake/rosidl_cmake_export_typesupport_targets-extras.cmake
[5.741s] -- Up-to-date: /home/wheeltec/wheeltec_ros2/src/install/wheeltec_robot_msg/share/wheeltec_robot_msg/cmake/wheeltec_robot_msgConfig.cmake
[5.742s] -- Up-to-date: /home/wheeltec/wheeltec_ros2/src/install/wheeltec_robot_msg/share/wheeltec_robot_msg/cmake/wheeltec_robot_msgConfig-version.cmake
[5.742s] -- Up-to-date: /home/wheeltec/wheeltec_ros2/src/install/wheeltec_robot_msg/share/wheeltec_robot_msg/package.xml
[5.757s] Invoked command in '/home/wheeltec/wheeltec_ros2/src/build/wheeltec_robot_msg' returned '0': /usr/bin/cmake --install /home/wheeltec/wheeltec_ros2/src/build/wheeltec_robot_msg
