[4.359s] Invoking command in '/home/wheeltec/wheeltec_ros2/src/keyboard_control_emer': PYTHONPATH=/home/wheeltec/wheeltec_ros2/src/build/keyboard_control_emer/prefix_override:/usr/lib/python3/dist-packages/colcon_core/task/python/colcon_distutils_commands:/home/wheeltec/wheeltec_ros2/src/install/keyboard_control_emer/lib/python3.8/site-packages:${PYTHONPATH} /usr/bin/python3 -W ignore:setup.py install is deprecated -W ignore:easy_install command is deprecated setup.py egg_info --egg-base ../build/keyboard_control_emer build --build-base /home/wheeltec/wheeltec_ros2/src/build/keyboard_control_emer/build install --record /home/wheeltec/wheeltec_ros2/src/build/keyboard_control_emer/install.log --single-version-externally-managed install_data
[5.940s] running egg_info
[6.000s] writing ../build/keyboard_control_emer/keyboard_control_emer.egg-info/PKG-INFO
[6.000s] writing dependency_links to ../build/keyboard_control_emer/keyboard_control_emer.egg-info/dependency_links.txt
[6.001s] writing entry points to ../build/keyboard_control_emer/keyboard_control_emer.egg-info/entry_points.txt
[6.002s] writing requirements to ../build/keyboard_control_emer/keyboard_control_emer.egg-info/requires.txt
[6.002s] writing top-level names to ../build/keyboard_control_emer/keyboard_control_emer.egg-info/top_level.txt
[6.124s] reading manifest file '../build/keyboard_control_emer/keyboard_control_emer.egg-info/SOURCES.txt'
[6.130s] writing manifest file '../build/keyboard_control_emer/keyboard_control_emer.egg-info/SOURCES.txt'
[6.131s] running build
[6.131s] running build_py
[6.132s] running install
[6.156s] running install_lib
[6.218s] running install_data
[6.218s] copying package.xml -> /home/wheeltec/wheeltec_ros2/src/install/keyboard_control_emer/share/keyboard_control_emer
[6.219s] running install_egg_info
[6.285s] removing '/home/wheeltec/wheeltec_ros2/src/install/keyboard_control_emer/lib/python3.8/site-packages/keyboard_control_emer-0.0.0-py3.8.egg-info' (and everything under it)
[6.286s] Copying ../build/keyboard_control_emer/keyboard_control_emer.egg-info to /home/wheeltec/wheeltec_ros2/src/install/keyboard_control_emer/lib/python3.8/site-packages/keyboard_control_emer-0.0.0-py3.8.egg-info
[6.292s] running install_scripts
[6.620s] Installing keyboard_control_emer script to /home/wheeltec/wheeltec_ros2/src/install/keyboard_control_emer/lib/keyboard_control_emer
[6.621s] writing list of installed files to '/home/wheeltec/wheeltec_ros2/src/build/keyboard_control_emer/install.log'
[6.763s] Invoked command in '/home/wheeltec/wheeltec_ros2/src/keyboard_control_emer' returned '0': PYTHONPATH=/home/wheeltec/wheeltec_ros2/src/build/keyboard_control_emer/prefix_override:/usr/lib/python3/dist-packages/colcon_core/task/python/colcon_distutils_commands:/home/wheeltec/wheeltec_ros2/src/install/keyboard_control_emer/lib/python3.8/site-packages:${PYTHONPATH} /usr/bin/python3 -W ignore:setup.py install is deprecated -W ignore:easy_install command is deprecated setup.py egg_info --egg-base ../build/keyboard_control_emer build --build-base /home/wheeltec/wheeltec_ros2/src/build/keyboard_control_emer/build install --record /home/wheeltec/wheeltec_ros2/src/build/keyboard_control_emer/install.log --single-version-externally-managed install_data
