[0.095s] Invoking command in '/home/wheeltec/wheeltec_ros2/src/build/nav2_common': /usr/bin/cmake --build /home/wheeltec/wheeltec_ros2/src/build/nav2_common -- -j4 -l4
[0.534s] Built target ament_cmake_python_copy_nav2_common
[1.945s] running egg_info
[1.987s] writing nav2_common.egg-info/PKG-INFO
[1.987s] writing dependency_links to nav2_common.egg-info/dependency_links.txt
[1.987s] writing top-level names to nav2_common.egg-info/top_level.txt
[2.230s] reading manifest file 'nav2_common.egg-info/SOURCES.txt'
[2.236s] writing manifest file 'nav2_common.egg-info/SOURCES.txt'
[2.615s] Built target ament_cmake_python_build_nav2_common_egg
[2.645s] Invoked command in '/home/wheeltec/wheeltec_ros2/src/build/nav2_common' returned '0': /usr/bin/cmake --build /home/wheeltec/wheeltec_ros2/src/build/nav2_common -- -j4 -l4
[2.694s] Invoking command in '/home/wheeltec/wheeltec_ros2/src/build/nav2_common': /usr/bin/cmake --install /home/wheeltec/wheeltec_ros2/src/build/nav2_common
[2.765s] -- Install configuration: ""
[2.771s] -- Up-to-date: /home/wheeltec/wheeltec_ros2/src/install/nav2_common/share/nav2_common/environment/pythonpath.sh
[2.772s] -- Up-to-date: /home/wheeltec/wheeltec_ros2/src/install/nav2_common/share/nav2_common/environment/pythonpath.dsv
[2.772s] -- Up-to-date: /home/wheeltec/wheeltec_ros2/src/install/nav2_common/lib/python3.8/site-packages//nav2_common.egg-info
[2.773s] -- Installing: /home/wheeltec/wheeltec_ros2/src/install/nav2_common/lib/python3.8/site-packages//nav2_common.egg-info/PKG-INFO
[2.774s] -- Installing: /home/wheeltec/wheeltec_ros2/src/install/nav2_common/lib/python3.8/site-packages//nav2_common.egg-info/top_level.txt
[2.774s] -- Installing: /home/wheeltec/wheeltec_ros2/src/install/nav2_common/lib/python3.8/site-packages//nav2_common.egg-info/dependency_links.txt
[2.775s] -- Installing: /home/wheeltec/wheeltec_ros2/src/install/nav2_common/lib/python3.8/site-packages//nav2_common.egg-info/SOURCES.txt
[2.776s] -- Up-to-date: /home/wheeltec/wheeltec_ros2/src/install/nav2_common/lib/python3.8/site-packages/nav2_common
[2.778s] -- Up-to-date: /home/wheeltec/wheeltec_ros2/src/install/nav2_common/lib/python3.8/site-packages/nav2_common/launch
[2.779s] -- Up-to-date: /home/wheeltec/wheeltec_ros2/src/install/nav2_common/lib/python3.8/site-packages/nav2_common/launch/__init__.py
[2.779s] -- Up-to-date: /home/wheeltec/wheeltec_ros2/src/install/nav2_common/lib/python3.8/site-packages/nav2_common/launch/rewritten_yaml.py
[2.780s] -- Up-to-date: /home/wheeltec/wheeltec_ros2/src/install/nav2_common/lib/python3.8/site-packages/nav2_common/launch/replace_string.py
[2.780s] -- Up-to-date: /home/wheeltec/wheeltec_ros2/src/install/nav2_common/lib/python3.8/site-packages/nav2_common/launch/has_node_params.py
[2.781s] -- Up-to-date: /home/wheeltec/wheeltec_ros2/src/install/nav2_common/lib/python3.8/site-packages/nav2_common/__init__.py
[2.930s] Listing '/home/wheeltec/wheeltec_ros2/src/install/nav2_common/lib/python3.8/site-packages/nav2_common'...
[2.931s] Listing '/home/wheeltec/wheeltec_ros2/src/install/nav2_common/lib/python3.8/site-packages/nav2_common/launch'...
[2.980s] -- Up-to-date: /home/wheeltec/wheeltec_ros2/src/install/nav2_common/share/ament_index/resource_index/package_run_dependencies/nav2_common
[2.981s] -- Up-to-date: /home/wheeltec/wheeltec_ros2/src/install/nav2_common/share/ament_index/resource_index/parent_prefix_path/nav2_common
[2.982s] -- Up-to-date: /home/wheeltec/wheeltec_ros2/src/install/nav2_common/share/nav2_common/environment/ament_prefix_path.sh
[2.983s] -- Up-to-date: /home/wheeltec/wheeltec_ros2/src/install/nav2_common/share/nav2_common/environment/ament_prefix_path.dsv
[2.983s] -- Up-to-date: /home/wheeltec/wheeltec_ros2/src/install/nav2_common/share/nav2_common/environment/path.sh
[2.984s] -- Up-to-date: /home/wheeltec/wheeltec_ros2/src/install/nav2_common/share/nav2_common/environment/path.dsv
[2.985s] -- Up-to-date: /home/wheeltec/wheeltec_ros2/src/install/nav2_common/share/nav2_common/local_setup.bash
[2.985s] -- Up-to-date: /home/wheeltec/wheeltec_ros2/src/install/nav2_common/share/nav2_common/local_setup.sh
[2.986s] -- Up-to-date: /home/wheeltec/wheeltec_ros2/src/install/nav2_common/share/nav2_common/local_setup.zsh
[2.986s] -- Up-to-date: /home/wheeltec/wheeltec_ros2/src/install/nav2_common/share/nav2_common/local_setup.dsv
[2.987s] -- Installing: /home/wheeltec/wheeltec_ros2/src/install/nav2_common/share/nav2_common/package.dsv
[2.988s] -- Up-to-date: /home/wheeltec/wheeltec_ros2/src/install/nav2_common/share/ament_index/resource_index/packages/nav2_common
[2.990s] -- Up-to-date: /home/wheeltec/wheeltec_ros2/src/install/nav2_common/share/nav2_common/cmake/nav2_common-extras.cmake
[2.990s] -- Up-to-date: /home/wheeltec/wheeltec_ros2/src/install/nav2_common/share/nav2_common/cmake/nav2_commonConfig.cmake
[2.991s] -- Up-to-date: /home/wheeltec/wheeltec_ros2/src/install/nav2_common/share/nav2_common/cmake/nav2_commonConfig-version.cmake
[2.991s] -- Up-to-date: /home/wheeltec/wheeltec_ros2/src/install/nav2_common/share/nav2_common/package.xml
[2.992s] -- Up-to-date: /home/wheeltec/wheeltec_ros2/src/install/nav2_common/share/nav2_common/cmake
[2.992s] -- Up-to-date: /home/wheeltec/wheeltec_ros2/src/install/nav2_common/share/nav2_common/cmake/nav2_package.cmake
[3.005s] Invoked command in '/home/wheeltec/wheeltec_ros2/src/build/nav2_common' returned '0': /usr/bin/cmake --install /home/wheeltec/wheeltec_ros2/src/build/nav2_common
