[0.090s] Invoking command in '/home/wheeltec/wheeltec_ros2/src/build/wheeltec_rrt_msg': /usr/bin/cmake --build /home/wheeltec/wheeltec_ros2/src/build/wheeltec_rrt_msg -- -j4 -l4
[0.552s] [ 11%] Built target wheeltec_rrt_msg__rosidl_generator_c
[0.753s] [ 12%] Built target wheeltec_rrt_msg__cpp
[0.962s] [ 23%] Built target wheeltec_rrt_msg__rosidl_typesupport_introspection_c
[1.268s] [ 34%] Built target wheeltec_rrt_msg__rosidl_typesupport_fastrtps_cpp
[1.509s] [ 46%] Built target wheeltec_rrt_msg__rosidl_typesupport_introspection_cpp
[1.748s] [ 57%] Built target wheeltec_rrt_msg__rosidl_typesupport_fastrtps_c
[1.901s] [ 68%] Built target wheeltec_rrt_msg__rosidl_typesupport_cpp
[2.068s] [ 79%] Built target wheeltec_rrt_msg__rosidl_typesupport_c
[2.194s] [ 79%] Built target wheeltec_rrt_msg
[2.384s] [ 80%] Built target wheeltec_rrt_msg__py
[2.462s] [35m[1mScanning dependencies of target wheeltec_rrt_msg__python[0m
[2.605s] [ 82%] [32mBuilding C object CMakeFiles/wheeltec_rrt_msg__python.dir/rosidl_generator_py/wheeltec_rrt_msg/action/_change_position_s.c.o[0m
[3.419s] [ 84%] [32mBuilding C object CMakeFiles/wheeltec_rrt_msg__python.dir/rosidl_generator_py/wheeltec_rrt_msg/srv/_delete_shape_s.c.o[0m
[3.816s] [ 85%] [32mBuilding C object CMakeFiles/wheeltec_rrt_msg__python.dir/rosidl_generator_py/wheeltec_rrt_msg/msg/_point_array_s.c.o[0m
[4.192s] [ 87%] [32mBuilding C object CMakeFiles/wheeltec_rrt_msg__python.dir/rosidl_generator_py/wheeltec_rrt_msg/action/_pick_coloured_box_s.c.o[0m
[4.771s] [ 88%] [32mBuilding C object CMakeFiles/wheeltec_rrt_msg__python.dir/rosidl_generator_py/wheeltec_rrt_msg/action/_find_coloured_box_s.c.o[0m
[5.349s] [ 90%] [32m[1mLinking C shared library rosidl_generator_py/wheeltec_rrt_msg/libwheeltec_rrt_msg__python.so[0m
[5.579s] [ 90%] Built target wheeltec_rrt_msg__python
[5.627s] [35m[1mScanning dependencies of target wheeltec_rrt_msg__rosidl_typesupport_c__pyext[0m
[5.699s] [ 92%] [32mBuilding C object CMakeFiles/wheeltec_rrt_msg__rosidl_typesupport_c__pyext.dir/rosidl_generator_py/wheeltec_rrt_msg/_wheeltec_rrt_msg_s.ep.rosidl_typesupport_c.c.o[0m
[6.436s] [ 93%] [32m[1mLinking C shared library rosidl_generator_py/wheeltec_rrt_msg/wheeltec_rrt_msg_s__rosidl_typesupport_c.cpython-38-aarch64-linux-gnu.so[0m
[6.647s] [ 93%] Built target wheeltec_rrt_msg__rosidl_typesupport_c__pyext
[6.694s] [35m[1mScanning dependencies of target wheeltec_rrt_msg__rosidl_typesupport_introspection_c__pyext[0m
[6.763s] [ 95%] [32mBuilding C object CMakeFiles/wheeltec_rrt_msg__rosidl_typesupport_introspection_c__pyext.dir/rosidl_generator_py/wheeltec_rrt_msg/_wheeltec_rrt_msg_s.ep.rosidl_typesupport_introspection_c.c.o[0m
[7.488s] [ 96%] [32m[1mLinking C shared library rosidl_generator_py/wheeltec_rrt_msg/wheeltec_rrt_msg_s__rosidl_typesupport_introspection_c.cpython-38-aarch64-linux-gnu.so[0m
[7.701s] [ 96%] Built target wheeltec_rrt_msg__rosidl_typesupport_introspection_c__pyext
[7.744s] [35m[1mScanning dependencies of target wheeltec_rrt_msg__rosidl_typesupport_fastrtps_c__pyext[0m
[7.833s] [ 98%] [32mBuilding C object CMakeFiles/wheeltec_rrt_msg__rosidl_typesupport_fastrtps_c__pyext.dir/rosidl_generator_py/wheeltec_rrt_msg/_wheeltec_rrt_msg_s.ep.rosidl_typesupport_fastrtps_c.c.o[0m
[8.583s] [100%] [32m[1mLinking CXX shared library rosidl_generator_py/wheeltec_rrt_msg/wheeltec_rrt_msg_s__rosidl_typesupport_fastrtps_c.cpython-38-aarch64-linux-gnu.so[0m
[8.918s] [100%] Built target wheeltec_rrt_msg__rosidl_typesupport_fastrtps_c__pyext
