[0.088s] Invoking command in '/home/wheeltec/wheeltec_ros2/src/build/wheeltec_rrt_msg': CMAKE_PREFIX_PATH=${CMAKE_PREFIX_PATH}:/home/wheeltec/wheeltec_ros2/install/simple_follower_ros2:/home/wheeltec/wheeltec_ros2/install/wheeltec_robot_keyboard:/home/wheeltec/wheeltec_ros2/install/tf2_tools:/home/wheeltec/wheeltec_ros2/install/teleop_twist_keyboard:/home/wheeltec/wheeltec_ros2/install/nav2_simple_commander:/home/wheeltec/wheeltec_ros2/install/nav2_gazebo_spawner:/home/wheeltec/wheeltec_ros2/install/ldlidar_sl_ros2:/home/wheeltec/wheeltec_ros2/install/keyboard_control_emer:/opt/ros/galactic /usr/bin/cmake /home/wheeltec/wheeltec_ros2/src/wheeltec_rrt_msg -DCMAKE_INSTALL_PREFIX=/home/wheeltec/wheeltec_ros2/src/install/wheeltec_rrt_msg
[0.397s] -- The C compiler identification is GNU 9.4.0
[0.699s] -- The CXX compiler identification is GNU 9.4.0
[0.739s] -- Check for working C compiler: /usr/bin/cc
[1.130s] -- Check for working C compiler: /usr/bin/cc -- works
[1.135s] -- Detecting C compiler ABI info
[1.508s] -- Detecting C compiler ABI info - done
[1.573s] -- Detecting C compile features
[1.576s] -- Detecting C compile features - done
[1.590s] -- Check for working CXX compiler: /usr/bin/c++
[2.020s] -- Check for working CXX compiler: /usr/bin/c++ -- works
[2.030s] -- Detecting CXX compiler ABI info
[2.487s] -- Detecting CXX compiler ABI info - done
[2.541s] -- Detecting CXX compile features
[2.544s] -- Detecting CXX compile features - done
[2.596s] -- Found rosidl_default_generators: 1.1.1 (/opt/ros/galactic/share/rosidl_default_generators/cmake)
[2.638s] -- Found ament_cmake_core: 1.1.6 (/opt/ros/galactic/share/ament_cmake_core/cmake)
[2.776s] -- Found PythonInterp: /usr/bin/python3 (found suitable version "3.8.10", minimum required is "3") 
[2.777s] -- Using PYTHON_EXECUTABLE: /usr/bin/python3
[3.240s] -- Using all available rosidl_typesupport_c: rosidl_typesupport_fastrtps_c;rosidl_typesupport_introspection_c
[3.425s] -- Found rosidl_adapter: 2.2.3 (/opt/ros/galactic/share/rosidl_adapter/cmake)
[5.010s] -- Found OpenSSL: /usr/lib/aarch64-linux-gnu/libcrypto.so (found version "1.1.1f")  
[5.187s] -- Found FastRTPS: /opt/ros/galactic/include  
[5.876s] -- Using all available rosidl_typesupport_cpp: rosidl_typesupport_fastrtps_cpp;rosidl_typesupport_introspection_cpp
[6.154s] -- Found std_msgs: 2.2.4 (/opt/ros/galactic/share/std_msgs/cmake)
[6.426s] -- Found nav_msgs: 2.2.4 (/opt/ros/galactic/share/nav_msgs/cmake)
[7.108s] -- Found PythonInterp: /usr/bin/python3 (found version "3.8.10") 
[8.772s] -- Found ament_cmake_ros: 0.9.2 (/opt/ros/galactic/share/ament_cmake_ros/cmake)
[11.007s] -- Using all available rosidl_typesupport_c: rosidl_typesupport_fastrtps_c;rosidl_typesupport_introspection_c
[11.925s] -- Using all available rosidl_typesupport_cpp: rosidl_typesupport_fastrtps_cpp;rosidl_typesupport_introspection_cpp
[12.178s] -- Found PythonInterp: /usr/bin/python3 (found suitable version "3.8.10", minimum required is "3.5") 
[12.222s] -- Found python_cmake_module: 0.8.1 (/opt/ros/galactic/share/python_cmake_module/cmake)
[12.410s] -- Found PythonLibs: /usr/lib/aarch64-linux-gnu/libpython3.8.so (found suitable version "3.8.10", minimum required is "3.5") 
[12.412s] -- Using PYTHON_EXECUTABLE: /usr/bin/python3
[12.414s] -- Using PYTHON_INCLUDE_DIRS: /usr/include/python3.8
[12.416s] -- Using PYTHON_LIBRARIES: /usr/lib/aarch64-linux-gnu/libpython3.8.so
[12.555s] -- Found PythonExtra: .so  
