[0.088s] Invoking command in '/home/wheeltec/wheeltec_ros2/src/build/openslam_gmapping': /usr/bin/cmake --build /home/wheeltec/wheeltec_ros2/src/build/openslam_gmapping -- -j4 -l4
[0.710s] [ 13%] Built target utils
[0.786s] [ 27%] Built target sensor_base
[1.037s] [ 40%] Built target sensor_range
[1.117s] [ 54%] Built target sensor_odometry
[1.284s] [ 77%] Built target scanmatcher
[1.577s] [100%] Built target gridfastslam
[1.735s] Invoked command in '/home/wheeltec/wheeltec_ros2/src/build/openslam_gmapping' returned '0': /usr/bin/cmake --build /home/wheeltec/wheeltec_ros2/src/build/openslam_gmapping -- -j4 -l4
[1.791s] Invoking command in '/home/wheeltec/wheeltec_ros2/src/build/openslam_gmapping': /usr/bin/cmake --install /home/wheeltec/wheeltec_ros2/src/build/openslam_gmapping
[1.989s] -- Install configuration: ""
[1.991s] -- Up-to-date: /home/wheeltec/wheeltec_ros2/src/install/openslam_gmapping/share/openslam_gmapping/environment/library_path.sh
[1.991s] -- Up-to-date: /home/wheeltec/wheeltec_ros2/src/install/openslam_gmapping/share/openslam_gmapping/environment/library_path.dsv
[1.992s] -- Up-to-date: /home/wheeltec/wheeltec_ros2/src/install/openslam_gmapping/include/
[1.993s] -- Up-to-date: /home/wheeltec/wheeltec_ros2/src/install/openslam_gmapping/include//gmapping
[1.993s] -- Up-to-date: /home/wheeltec/wheeltec_ros2/src/install/openslam_gmapping/include//gmapping/gridfastslam
[1.994s] -- Up-to-date: /home/wheeltec/wheeltec_ros2/src/install/openslam_gmapping/include//gmapping/gridfastslam/gridslamprocessor.hxx
[1.994s] -- Up-to-date: /home/wheeltec/wheeltec_ros2/src/install/openslam_gmapping/include//gmapping/gridfastslam/motionmodel.h
[1.994s] -- Up-to-date: /home/wheeltec/wheeltec_ros2/src/install/openslam_gmapping/include//gmapping/gridfastslam/gridslamprocessor.h
[1.995s] -- Up-to-date: /home/wheeltec/wheeltec_ros2/src/install/openslam_gmapping/include//gmapping/utils
[1.995s] -- Up-to-date: /home/wheeltec/wheeltec_ros2/src/install/openslam_gmapping/include//gmapping/utils/macro_params.h
[2.007s] -- Up-to-date: /home/wheeltec/wheeltec_ros2/src/install/openslam_gmapping/include//gmapping/utils/point.h
[2.008s] -- Up-to-date: /home/wheeltec/wheeltec_ros2/src/install/openslam_gmapping/include//gmapping/utils/gvalues.h
[2.008s] -- Up-to-date: /home/wheeltec/wheeltec_ros2/src/install/openslam_gmapping/include//gmapping/utils/stat.h
[2.009s] -- Up-to-date: /home/wheeltec/wheeltec_ros2/src/install/openslam_gmapping/include//gmapping/utils/commandline.h
[2.009s] -- Up-to-date: /home/wheeltec/wheeltec_ros2/src/install/openslam_gmapping/include//gmapping/utils/autoptr.h
[2.010s] -- Up-to-date: /home/wheeltec/wheeltec_ros2/src/install/openslam_gmapping/include//gmapping/particlefilter
[2.010s] -- Up-to-date: /home/wheeltec/wheeltec_ros2/src/install/openslam_gmapping/include//gmapping/particlefilter/particlefilter.h
[2.011s] -- Up-to-date: /home/wheeltec/wheeltec_ros2/src/install/openslam_gmapping/include//gmapping/sensor
[2.011s] -- Up-to-date: /home/wheeltec/wheeltec_ros2/src/install/openslam_gmapping/include//gmapping/sensor/sensor_range
[2.012s] -- Up-to-date: /home/wheeltec/wheeltec_ros2/src/install/openslam_gmapping/include//gmapping/sensor/sensor_range/rangereading.h
[2.012s] -- Up-to-date: /home/wheeltec/wheeltec_ros2/src/install/openslam_gmapping/include//gmapping/sensor/sensor_range/rangesensor.h
[2.013s] -- Up-to-date: /home/wheeltec/wheeltec_ros2/src/install/openslam_gmapping/include//gmapping/sensor/sensor_odometry
[2.032s] -- Up-to-date: /home/wheeltec/wheeltec_ros2/src/install/openslam_gmapping/include//gmapping/sensor/sensor_odometry/odometrysensor.h
[2.034s] -- Up-to-date: /home/wheeltec/wheeltec_ros2/src/install/openslam_gmapping/include//gmapping/sensor/sensor_odometry/odometryreading.h
[2.034s] -- Up-to-date: /home/wheeltec/wheeltec_ros2/src/install/openslam_gmapping/include//gmapping/sensor/sensor_base
[2.035s] -- Up-to-date: /home/wheeltec/wheeltec_ros2/src/install/openslam_gmapping/include//gmapping/sensor/sensor_base/sensor.h
[2.035s] -- Up-to-date: /home/wheeltec/wheeltec_ros2/src/install/openslam_gmapping/include//gmapping/sensor/sensor_base/sensorreading.h
[2.036s] -- Up-to-date: /home/wheeltec/wheeltec_ros2/src/install/openslam_gmapping/include//gmapping/grid
[2.037s] -- Up-to-date: /home/wheeltec/wheeltec_ros2/src/install/openslam_gmapping/include//gmapping/grid/accessstate.h
[2.037s] -- Up-to-date: /home/wheeltec/wheeltec_ros2/src/install/openslam_gmapping/include//gmapping/grid/array2d.h
[2.038s] -- Up-to-date: /home/wheeltec/wheeltec_ros2/src/install/openslam_gmapping/include//gmapping/grid/map.h
[2.038s] -- Up-to-date: /home/wheeltec/wheeltec_ros2/src/install/openslam_gmapping/include//gmapping/grid/harray2d.h
[2.045s] -- Up-to-date: /home/wheeltec/wheeltec_ros2/src/install/openslam_gmapping/include//gmapping/log
[2.046s] -- Up-to-date: /home/wheeltec/wheeltec_ros2/src/install/openslam_gmapping/include//gmapping/log/configuration.h
[2.046s] -- Up-to-date: /home/wheeltec/wheeltec_ros2/src/install/openslam_gmapping/include//gmapping/log/sensorlog.h
[2.053s] -- Up-to-date: /home/wheeltec/wheeltec_ros2/src/install/openslam_gmapping/include//gmapping/scanmatcher
[2.054s] -- Up-to-date: /home/wheeltec/wheeltec_ros2/src/install/openslam_gmapping/include//gmapping/scanmatcher/icp.h
[2.054s] -- Up-to-date: /home/wheeltec/wheeltec_ros2/src/install/openslam_gmapping/include//gmapping/scanmatcher/smmap.h
[2.056s] -- Up-to-date: /home/wheeltec/wheeltec_ros2/src/install/openslam_gmapping/include//gmapping/scanmatcher/scanmatcher.h
[2.057s] -- Up-to-date: /home/wheeltec/wheeltec_ros2/src/install/openslam_gmapping/share/ament_index/resource_index/package_run_dependencies/openslam_gmapping
[2.057s] -- Up-to-date: /home/wheeltec/wheeltec_ros2/src/install/openslam_gmapping/share/ament_index/resource_index/parent_prefix_path/openslam_gmapping
[2.058s] -- Up-to-date: /home/wheeltec/wheeltec_ros2/src/install/openslam_gmapping/share/openslam_gmapping/environment/ament_prefix_path.sh
[2.058s] -- Up-to-date: /home/wheeltec/wheeltec_ros2/src/install/openslam_gmapping/share/openslam_gmapping/environment/ament_prefix_path.dsv
[2.059s] -- Up-to-date: /home/wheeltec/wheeltec_ros2/src/install/openslam_gmapping/share/openslam_gmapping/environment/path.sh
[2.059s] -- Up-to-date: /home/wheeltec/wheeltec_ros2/src/install/openslam_gmapping/share/openslam_gmapping/environment/path.dsv
[2.060s] -- Up-to-date: /home/wheeltec/wheeltec_ros2/src/install/openslam_gmapping/share/openslam_gmapping/local_setup.bash
[2.060s] -- Up-to-date: /home/wheeltec/wheeltec_ros2/src/install/openslam_gmapping/share/openslam_gmapping/local_setup.sh
[2.061s] -- Up-to-date: /home/wheeltec/wheeltec_ros2/src/install/openslam_gmapping/share/openslam_gmapping/local_setup.zsh
[2.062s] -- Up-to-date: /home/wheeltec/wheeltec_ros2/src/install/openslam_gmapping/share/openslam_gmapping/local_setup.dsv
[2.062s] -- Installing: /home/wheeltec/wheeltec_ros2/src/install/openslam_gmapping/share/openslam_gmapping/package.dsv
[2.062s] -- Up-to-date: /home/wheeltec/wheeltec_ros2/src/install/openslam_gmapping/share/ament_index/resource_index/packages/openslam_gmapping
[2.063s] -- Up-to-date: /home/wheeltec/wheeltec_ros2/src/install/openslam_gmapping/share/openslam_gmapping/cmake/ament_cmake_export_libraries-extras.cmake
[2.063s] -- Up-to-date: /home/wheeltec/wheeltec_ros2/src/install/openslam_gmapping/share/openslam_gmapping/cmake/ament_cmake_export_include_directories-extras.cmake
[2.073s] -- Up-to-date: /home/wheeltec/wheeltec_ros2/src/install/openslam_gmapping/share/openslam_gmapping/cmake/openslam_gmappingConfig.cmake
[2.073s] -- Up-to-date: /home/wheeltec/wheeltec_ros2/src/install/openslam_gmapping/share/openslam_gmapping/cmake/openslam_gmappingConfig-version.cmake
[2.074s] -- Up-to-date: /home/wheeltec/wheeltec_ros2/src/install/openslam_gmapping/share/openslam_gmapping/package.xml
[2.074s] -- Up-to-date: /home/wheeltec/wheeltec_ros2/src/install/openslam_gmapping/lib/libgridfastslam.a
[2.075s] -- Up-to-date: /home/wheeltec/wheeltec_ros2/src/install/openslam_gmapping/lib/libscanmatcher.a
[2.075s] -- Up-to-date: /home/wheeltec/wheeltec_ros2/src/install/openslam_gmapping/share/openslam_gmapping/environment/library_path.sh
[2.076s] -- Up-to-date: /home/wheeltec/wheeltec_ros2/src/install/openslam_gmapping/share/openslam_gmapping/environment/library_path.dsv
[2.077s] -- Up-to-date: /home/wheeltec/wheeltec_ros2/src/install/openslam_gmapping/lib/libsensor_base.a
[2.077s] -- Up-to-date: /home/wheeltec/wheeltec_ros2/src/install/openslam_gmapping/share/openslam_gmapping/environment/library_path.sh
[2.078s] -- Up-to-date: /home/wheeltec/wheeltec_ros2/src/install/openslam_gmapping/share/openslam_gmapping/environment/library_path.dsv
[2.078s] -- Up-to-date: /home/wheeltec/wheeltec_ros2/src/install/openslam_gmapping/lib/libsensor_odometry.a
[2.079s] -- Up-to-date: /home/wheeltec/wheeltec_ros2/src/install/openslam_gmapping/lib/libsensor_range.a
[2.079s] -- Up-to-date: /home/wheeltec/wheeltec_ros2/src/install/openslam_gmapping/lib/libutils.a
[2.079s] -- Up-to-date: /home/wheeltec/wheeltec_ros2/src/install/openslam_gmapping/share/openslam_gmapping/environment/library_path.sh
[2.080s] -- Up-to-date: /home/wheeltec/wheeltec_ros2/src/install/openslam_gmapping/share/openslam_gmapping/environment/library_path.dsv
[2.095s] Invoked command in '/home/wheeltec/wheeltec_ros2/src/build/openslam_gmapping' returned '0': /usr/bin/cmake --install /home/wheeltec/wheeltec_ros2/src/build/openslam_gmapping
