[0.805s] DEBUG:colcon:Command line arguments: ['/usr/bin/colcon', 'build', '--packages-select', 'keyboard_control_emer']
[0.805s] DEBUG:colcon:Parsed command line arguments: Namespace(allow_overriding=[], ament_cmake_args=None, base_paths=['.'], build_base='build', catkin_cmake_args=None, catkin_skip_building_tests=False, cmake_args=None, cmake_clean_cache=False, cmake_clean_first=False, cmake_force_configure=False, cmake_target=None, cmake_target_skip_unavailable=False, continue_on_error=False, event_handlers=None, executor='parallel', ignore_user_meta=False, install_base='install', log_base=None, log_level=None, main=<bound method BuildVerb.main of <colcon_core.verb.build.BuildVerb object at 0x7f8a936c10>>, merge_install=False, metas=['./colcon.meta'], packages_above=None, packages_above_and_dependencies=None, packages_above_depth=None, packages_end=None, packages_ignore=None, packages_ignore_regex=None, packages_select=['keyboard_control_emer'], packages_select_build_failed=False, packages_select_by_dep=None, packages_select_regex=None, packages_select_test_failures=False, packages_skip=None, packages_skip_build_finished=False, packages_skip_by_dep=None, packages_skip_regex=None, packages_skip_test_passed=False, packages_skip_up_to=None, packages_start=None, packages_up_to=None, packages_up_to_regex=None, parallel_workers=4, paths=None, symlink_install=False, test_result_base=None, verb_extension=<colcon_core.verb.build.BuildVerb object at 0x7f8a936c10>, verb_name='build', verb_parser=<colcon_defaults.argument_parser.defaults.DefaultArgumentsDecorator object at 0x7f8a8c5040>)
[1.869s] Level 1:colcon.colcon_core.package_discovery:discover_packages(colcon_meta) check parameters
[1.870s] Level 1:colcon.colcon_core.package_discovery:discover_packages(recursive) check parameters
[1.870s] Level 1:colcon.colcon_core.package_discovery:discover_packages(ignore) check parameters
[1.870s] Level 1:colcon.colcon_core.package_discovery:discover_packages(path) check parameters
[1.870s] Level 1:colcon.colcon_core.package_discovery:discover_packages(colcon_meta) discover
[1.871s] Level 1:colcon.colcon_core.package_discovery:discover_packages(recursive) discover
[1.871s] INFO:colcon.colcon_core.package_discovery:Crawling recursively for packages in '/home/wheeltec/wheeltec_ros2/src/keyboard_control_emer'
[1.871s] Level 1:colcon.colcon_core.package_identification:_identify(.) by extensions ['ignore', 'ignore_ament_install']
[1.871s] Level 1:colcon.colcon_core.package_identification:_identify(.) by extension 'ignore'
[1.872s] Level 1:colcon.colcon_core.package_identification:_identify(.) by extension 'ignore_ament_install'
[1.872s] Level 1:colcon.colcon_core.package_identification:_identify(.) by extensions ['colcon_pkg']
[1.872s] Level 1:colcon.colcon_core.package_identification:_identify(.) by extension 'colcon_pkg'
[1.872s] Level 1:colcon.colcon_core.package_identification:_identify(.) by extensions ['colcon_meta']
[1.872s] Level 1:colcon.colcon_core.package_identification:_identify(.) by extension 'colcon_meta'
[1.872s] Level 1:colcon.colcon_core.package_identification:_identify(.) by extensions ['ros']
[1.873s] Level 1:colcon.colcon_core.package_identification:_identify(.) by extension 'ros'
[1.946s] DEBUG:colcon.colcon_core.package_identification:Package '.' with type 'ros.ament_python' and name 'keyboard_control_emer'
[1.947s] Level 1:colcon.colcon_core.package_discovery:discover_packages(recursive) using defaults
[1.947s] Level 1:colcon.colcon_core.package_discovery:discover_packages(ignore) discover
[1.948s] Level 1:colcon.colcon_core.package_discovery:discover_packages(ignore) using defaults
[1.948s] Level 1:colcon.colcon_core.package_discovery:discover_packages(path) discover
[1.948s] Level 1:colcon.colcon_core.package_discovery:discover_packages(path) using defaults
[2.038s] Level 1:colcon.colcon_core.package_discovery:discover_packages(prefix_path) check parameters
[2.038s] Level 1:colcon.colcon_core.package_discovery:discover_packages(prefix_path) discover
[2.064s] DEBUG:colcon.colcon_installed_package_information.package_discovery:Found 72 installed packages in /home/wheeltec/wheeltec_ros2/install
[2.073s] DEBUG:colcon.colcon_installed_package_information.package_discovery:Found 343 installed packages in /opt/ros/galactic
[2.090s] Level 1:colcon.colcon_core.package_discovery:discover_packages(prefix_path) using defaults
[2.358s] Level 5:colcon.colcon_core.verb:set package 'keyboard_control_emer' build argument 'cmake_args' from command line to 'None'
[2.358s] Level 5:colcon.colcon_core.verb:set package 'keyboard_control_emer' build argument 'cmake_target' from command line to 'None'
[2.358s] Level 5:colcon.colcon_core.verb:set package 'keyboard_control_emer' build argument 'cmake_target_skip_unavailable' from command line to 'False'
[2.359s] Level 5:colcon.colcon_core.verb:set package 'keyboard_control_emer' build argument 'cmake_clean_cache' from command line to 'False'
[2.359s] Level 5:colcon.colcon_core.verb:set package 'keyboard_control_emer' build argument 'cmake_clean_first' from command line to 'False'
[2.359s] Level 5:colcon.colcon_core.verb:set package 'keyboard_control_emer' build argument 'cmake_force_configure' from command line to 'False'
[2.359s] Level 5:colcon.colcon_core.verb:set package 'keyboard_control_emer' build argument 'ament_cmake_args' from command line to 'None'
[2.359s] Level 5:colcon.colcon_core.verb:set package 'keyboard_control_emer' build argument 'catkin_cmake_args' from command line to 'None'
[2.359s] Level 5:colcon.colcon_core.verb:set package 'keyboard_control_emer' build argument 'catkin_skip_building_tests' from command line to 'False'
[2.359s] DEBUG:colcon.colcon_core.verb:Building package 'keyboard_control_emer' with the following arguments: {'ament_cmake_args': None, 'build_base': '/home/wheeltec/wheeltec_ros2/src/keyboard_control_emer/build/keyboard_control_emer', 'catkin_cmake_args': None, 'catkin_skip_building_tests': False, 'cmake_args': None, 'cmake_clean_cache': False, 'cmake_clean_first': False, 'cmake_force_configure': False, 'cmake_target': None, 'cmake_target_skip_unavailable': False, 'install_base': '/home/wheeltec/wheeltec_ros2/src/keyboard_control_emer/install/keyboard_control_emer', 'merge_install': False, 'path': '/home/wheeltec/wheeltec_ros2/src/keyboard_control_emer', 'symlink_install': False, 'test_result_base': None}
[2.360s] INFO:colcon.colcon_core.executor:Executing jobs using 'parallel' executor
[2.363s] DEBUG:colcon.colcon_parallel_executor.executor.parallel:run_until_complete
[2.363s] INFO:colcon.colcon_ros.task.ament_python.build:Building ROS package in '/home/wheeltec/wheeltec_ros2/src/keyboard_control_emer' with build type 'ament_python'
[2.364s] Level 1:colcon.colcon_core.shell:create_environment_hook('keyboard_control_emer', 'ament_prefix_path')
[2.373s] INFO:colcon.colcon_core.plugin_system:Skipping extension 'colcon_core.shell.bat': Not used on non-Windows systems
[2.374s] INFO:colcon.colcon_core.shell:Creating environment hook '/home/wheeltec/wheeltec_ros2/src/keyboard_control_emer/install/keyboard_control_emer/share/keyboard_control_emer/hook/ament_prefix_path.ps1'
[2.376s] INFO:colcon.colcon_core.shell:Creating environment descriptor '/home/wheeltec/wheeltec_ros2/src/keyboard_control_emer/install/keyboard_control_emer/share/keyboard_control_emer/hook/ament_prefix_path.dsv'
[2.378s] INFO:colcon.colcon_core.shell:Creating environment hook '/home/wheeltec/wheeltec_ros2/src/keyboard_control_emer/install/keyboard_control_emer/share/keyboard_control_emer/hook/ament_prefix_path.sh'
[2.380s] INFO:colcon.colcon_core.shell:Skip shell extension 'powershell' for command environment: Not usable outside of PowerShell
[2.381s] DEBUG:colcon.colcon_core.shell:Skip shell extension 'dsv' for command environment
[3.950s] INFO:colcon.colcon_core.task.python.build:Building Python package in '/home/wheeltec/wheeltec_ros2/src/keyboard_control_emer'
[3.952s] INFO:colcon.colcon_core.shell:Skip shell extension 'powershell' for command environment: Not usable outside of PowerShell
[3.952s] DEBUG:colcon.colcon_core.shell:Skip shell extension 'dsv' for command environment
[6.786s] DEBUG:colcon.colcon_core.event_handler.log_command:Invoking command in '/home/wheeltec/wheeltec_ros2/src/keyboard_control_emer': PYTHONPATH=/home/wheeltec/wheeltec_ros2/src/keyboard_control_emer/build/keyboard_control_emer/prefix_override:/usr/lib/python3/dist-packages/colcon_core/task/python/colcon_distutils_commands:/home/wheeltec/wheeltec_ros2/src/keyboard_control_emer/install/keyboard_control_emer/lib/python3.8/site-packages:${PYTHONPATH} /usr/bin/python3 -W ignore:setup.py install is deprecated -W ignore:easy_install command is deprecated setup.py egg_info --egg-base build/keyboard_control_emer build --build-base /home/wheeltec/wheeltec_ros2/src/keyboard_control_emer/build/keyboard_control_emer/build install --record /home/wheeltec/wheeltec_ros2/src/keyboard_control_emer/build/keyboard_control_emer/install.log --single-version-externally-managed install_data
[9.192s] DEBUG:colcon.colcon_core.event_handler.log_command:Invoked command in '/home/wheeltec/wheeltec_ros2/src/keyboard_control_emer' returned '0': PYTHONPATH=/home/wheeltec/wheeltec_ros2/src/keyboard_control_emer/build/keyboard_control_emer/prefix_override:/usr/lib/python3/dist-packages/colcon_core/task/python/colcon_distutils_commands:/home/wheeltec/wheeltec_ros2/src/keyboard_control_emer/install/keyboard_control_emer/lib/python3.8/site-packages:${PYTHONPATH} /usr/bin/python3 -W ignore:setup.py install is deprecated -W ignore:easy_install command is deprecated setup.py egg_info --egg-base build/keyboard_control_emer build --build-base /home/wheeltec/wheeltec_ros2/src/keyboard_control_emer/build/keyboard_control_emer/build install --record /home/wheeltec/wheeltec_ros2/src/keyboard_control_emer/build/keyboard_control_emer/install.log --single-version-externally-managed install_data
[9.202s] Level 1:colcon.colcon_core.environment:checking '/home/wheeltec/wheeltec_ros2/src/keyboard_control_emer/install/keyboard_control_emer' for CMake module files
[9.204s] Level 1:colcon.colcon_core.environment:checking '/home/wheeltec/wheeltec_ros2/src/keyboard_control_emer/install/keyboard_control_emer' for CMake config files
[9.206s] Level 1:colcon.colcon_core.environment:checking '/home/wheeltec/wheeltec_ros2/src/keyboard_control_emer/install/keyboard_control_emer/lib'
[9.207s] Level 1:colcon.colcon_core.environment:checking '/home/wheeltec/wheeltec_ros2/src/keyboard_control_emer/install/keyboard_control_emer/bin'
[9.207s] Level 1:colcon.colcon_core.environment:checking '/home/wheeltec/wheeltec_ros2/src/keyboard_control_emer/install/keyboard_control_emer/lib/pkgconfig/keyboard_control_emer.pc'
[9.208s] Level 1:colcon.colcon_core.environment:checking '/home/wheeltec/wheeltec_ros2/src/keyboard_control_emer/install/keyboard_control_emer/lib/python3.8/site-packages'
[9.208s] Level 1:colcon.colcon_core.shell:create_environment_hook('keyboard_control_emer', 'pythonpath')
[9.209s] INFO:colcon.colcon_core.shell:Creating environment hook '/home/wheeltec/wheeltec_ros2/src/keyboard_control_emer/install/keyboard_control_emer/share/keyboard_control_emer/hook/pythonpath.ps1'
[9.212s] INFO:colcon.colcon_core.shell:Creating environment descriptor '/home/wheeltec/wheeltec_ros2/src/keyboard_control_emer/install/keyboard_control_emer/share/keyboard_control_emer/hook/pythonpath.dsv'
[9.213s] INFO:colcon.colcon_core.shell:Creating environment hook '/home/wheeltec/wheeltec_ros2/src/keyboard_control_emer/install/keyboard_control_emer/share/keyboard_control_emer/hook/pythonpath.sh'
[9.215s] Level 1:colcon.colcon_core.environment:checking '/home/wheeltec/wheeltec_ros2/src/keyboard_control_emer/install/keyboard_control_emer/bin'
[9.215s] Level 1:colcon.colcon_core.environment:create_environment_scripts_only(keyboard_control_emer)
[9.217s] INFO:colcon.colcon_core.shell:Creating package script '/home/wheeltec/wheeltec_ros2/src/keyboard_control_emer/install/keyboard_control_emer/share/keyboard_control_emer/package.ps1'
[9.220s] INFO:colcon.colcon_core.shell:Creating package descriptor '/home/wheeltec/wheeltec_ros2/src/keyboard_control_emer/install/keyboard_control_emer/share/keyboard_control_emer/package.dsv'
[9.222s] INFO:colcon.colcon_core.shell:Creating package script '/home/wheeltec/wheeltec_ros2/src/keyboard_control_emer/install/keyboard_control_emer/share/keyboard_control_emer/package.sh'
[9.225s] INFO:colcon.colcon_core.shell:Creating package script '/home/wheeltec/wheeltec_ros2/src/keyboard_control_emer/install/keyboard_control_emer/share/keyboard_control_emer/package.bash'
[9.228s] INFO:colcon.colcon_core.shell:Creating package script '/home/wheeltec/wheeltec_ros2/src/keyboard_control_emer/install/keyboard_control_emer/share/keyboard_control_emer/package.zsh'
[9.230s] Level 1:colcon.colcon_core.environment:create_file_with_runtime_dependencies(/home/wheeltec/wheeltec_ros2/src/keyboard_control_emer/install/keyboard_control_emer/share/colcon-core/packages/keyboard_control_emer)
[9.231s] DEBUG:colcon.colcon_parallel_executor.executor.parallel:closing loop
[9.232s] DEBUG:colcon.colcon_parallel_executor.executor.parallel:loop closed
[9.232s] DEBUG:colcon.colcon_parallel_executor.executor.parallel:run_until_complete finished with '0'
[9.233s] DEBUG:colcon.colcon_core.event_reactor:joining thread
[9.254s] INFO:colcon.colcon_core.plugin_system:Skipping extension 'colcon_notification.desktop_notification.terminal_notifier': Not used on non-Darwin systems
[9.255s] INFO:colcon.colcon_core.plugin_system:Skipping extension 'colcon_notification.desktop_notification.win32': Not used on non-Windows systems
[9.255s] INFO:colcon.colcon_notification.desktop_notification:Sending desktop notification using 'notify2'
[9.289s] DEBUG:colcon.colcon_core.event_reactor:joined thread
[9.290s] INFO:colcon.colcon_core.shell:Creating prefix script '/home/wheeltec/wheeltec_ros2/src/keyboard_control_emer/install/local_setup.ps1'
[9.294s] INFO:colcon.colcon_core.shell:Creating prefix util module '/home/wheeltec/wheeltec_ros2/src/keyboard_control_emer/install/_local_setup_util_ps1.py'
[9.299s] INFO:colcon.colcon_core.shell:Creating prefix chain script '/home/wheeltec/wheeltec_ros2/src/keyboard_control_emer/install/setup.ps1'
[9.315s] INFO:colcon.colcon_core.shell:Creating prefix script '/home/wheeltec/wheeltec_ros2/src/keyboard_control_emer/install/local_setup.sh'
[9.317s] INFO:colcon.colcon_core.shell:Creating prefix util module '/home/wheeltec/wheeltec_ros2/src/keyboard_control_emer/install/_local_setup_util_sh.py'
[9.319s] INFO:colcon.colcon_core.shell:Creating prefix chain script '/home/wheeltec/wheeltec_ros2/src/keyboard_control_emer/install/setup.sh'
[9.334s] INFO:colcon.colcon_core.shell:Creating prefix script '/home/wheeltec/wheeltec_ros2/src/keyboard_control_emer/install/local_setup.bash'
[9.336s] INFO:colcon.colcon_core.shell:Creating prefix chain script '/home/wheeltec/wheeltec_ros2/src/keyboard_control_emer/install/setup.bash'
[9.351s] INFO:colcon.colcon_core.shell:Creating prefix script '/home/wheeltec/wheeltec_ros2/src/keyboard_control_emer/install/local_setup.zsh'
[9.353s] INFO:colcon.colcon_core.shell:Creating prefix chain script '/home/wheeltec/wheeltec_ros2/src/keyboard_control_emer/install/setup.zsh'
