[0.096s] Invoking command in '/home/wheeltec/wheeltec_ros2/src/build/wheeltec_robot_rrt': CMAKE_PREFIX_PATH=${CMAKE_PREFIX_PATH}:/home/wheeltec/wheeltec_ros2/install/simple_follower_ros2:/home/wheeltec/wheeltec_ros2/install/wheeltec_robot_keyboard:/home/wheeltec/wheeltec_ros2/install/tf2_tools:/home/wheeltec/wheeltec_ros2/install/teleop_twist_keyboard:/home/wheeltec/wheeltec_ros2/install/nav2_simple_commander:/home/wheeltec/wheeltec_ros2/install/nav2_gazebo_spawner:/home/wheeltec/wheeltec_ros2/install/ldlidar_sl_ros2:/home/wheeltec/wheeltec_ros2/install/keyboard_control_emer:/opt/ros/galactic /usr/bin/cmake /home/wheeltec/wheeltec_ros2/src/wheeltec_robot_rrt2 -DCMAKE_INSTALL_PREFIX=/home/wheeltec/wheeltec_ros2/src/install/wheeltec_robot_rrt
[0.509s] -- The C compiler identification is GNU 9.4.0
[1.091s] -- The CXX compiler identification is GNU 9.4.0
[1.150s] -- Check for working C compiler: /usr/bin/cc
[1.944s] -- Check for working C compiler: /usr/bin/cc -- works
[1.947s] -- Detecting C compiler ABI info
[2.762s] -- Detecting C compiler ABI info - done
[2.866s] -- Detecting C compile features
[2.869s] -- Detecting C compile features - done
[2.889s] -- Check for working CXX compiler: /usr/bin/c++
[3.664s] -- Check for working CXX compiler: /usr/bin/c++ -- works
[3.676s] -- Detecting CXX compiler ABI info
[4.595s] -- Detecting CXX compiler ABI info - done
[4.694s] -- Detecting CXX compile features
[4.703s] -- Detecting CXX compile features - done
[4.791s] -- Found ament_cmake: 1.1.6 (/opt/ros/galactic/share/ament_cmake/cmake)
[5.116s] -- Found PythonInterp: /usr/bin/python3 (found suitable version "3.8.10", minimum required is "3") 
[5.118s] -- Using PYTHON_EXECUTABLE: /usr/bin/python3
[6.406s] -- Found rclcpp: 9.2.2 (/opt/ros/galactic/share/rclcpp/cmake)
[7.388s] -- Using all available rosidl_typesupport_c: rosidl_typesupport_fastrtps_c;rosidl_typesupport_introspection_c
[7.588s] -- Found rosidl_adapter: 2.2.3 (/opt/ros/galactic/share/rosidl_adapter/cmake)
[9.023s] -- Found OpenSSL: /usr/lib/aarch64-linux-gnu/libcrypto.so (found version "1.1.1f")  
[9.328s] -- Found FastRTPS: /opt/ros/galactic/include  
[10.077s] -- Using all available rosidl_typesupport_cpp: rosidl_typesupport_fastrtps_cpp;rosidl_typesupport_introspection_cpp
[10.748s] -- Found rmw_implementation_cmake: 3.3.1 (/opt/ros/galactic/share/rmw_implementation_cmake/cmake)
[10.816s] -- Found rmw_cyclonedds_cpp: 0.22.6 (/opt/ros/galactic/share/rmw_cyclonedds_cpp/cmake)
[11.049s] -- Using RMW implementation 'rmw_cyclonedds_cpp' as default
[11.053s] -- Looking for pthread.h
[11.722s] -- Looking for pthread.h - found
[11.724s] -- Performing Test CMAKE_HAVE_LIBC_PTHREAD
[12.499s] -- Performing Test CMAKE_HAVE_LIBC_PTHREAD - Failed
[12.508s] -- Looking for pthread_create in pthreads
[13.271s] -- Looking for pthread_create in pthreads - not found
[13.273s] -- Looking for pthread_create in pthread
[14.115s] -- Looking for pthread_create in pthread - found
[14.123s] -- Found Threads: TRUE  
[15.323s] -- Found rclcpp_action: 9.2.2 (/opt/ros/galactic/share/rclcpp_action/cmake)
[15.961s] -- Found filters: 2.1.0 (/opt/ros/galactic/share/filters/cmake)
[16.022s] -- Found geometry_msgs: 2.2.4 (/opt/ros/galactic/share/geometry_msgs/cmake)
[16.205s] -- Found wheeltec_rrt_msg: 0.0.0 (/home/wheeltec/wheeltec_ros2/install/wheeltec_rrt_msg/share/wheeltec_rrt_msg/cmake)
[17.614s] -- Found tf2_ros: 0.17.5 (/opt/ros/galactic/share/tf2_ros/cmake)
[19.280s] -- Found tf2_geometry_msgs: 0.17.5 (/opt/ros/galactic/share/tf2_geometry_msgs/cmake)
[19.406s] -- Found eigen3_cmake_module: 0.1.1 (/opt/ros/galactic/share/eigen3_cmake_module/cmake)
[19.466s] -- Found Eigen3: TRUE (found version "3.3.7") 
[19.638s] -- Found visualization_msgs: 2.2.4 (/opt/ros/galactic/share/visualization_msgs/cmake)
[20.004s] -- Found nav2_msgs: 1.0.12 (/home/wheeltec/wheeltec_ros2/install/nav2_msgs/share/nav2_msgs/cmake)
[21.033s] -- Found laser_geometry: 2.2.1 (/opt/ros/galactic/share/laser_geometry/cmake)
[21.091s] -- Found sensor_msgs: 2.2.4 (/opt/ros/galactic/share/sensor_msgs/cmake)
[21.512s] -- Found OpenCV: /usr (found suitable version "4.2.0", minimum required is "4.2.0") 
[21.556s] -- Found cv_bridge: 3.1.3 (/opt/ros/galactic/share/cv_bridge/cmake)
[21.689s] -- Found nav2_behavior_tree: 1.0.12 (/home/wheeltec/wheeltec_ros2/install/nav2_behavior_tree/share/nav2_behavior_tree/cmake)
[34.802s] -- Found ament_lint_auto: 0.10.7 (/opt/ros/galactic/share/ament_lint_auto/cmake)
[35.524s] -- Added test 'copyright' to check source files copyright and LICENSE
[35.542s] -- Added test 'cppcheck' to perform static code analysis on C / C++ code
[35.550s] -- Configured cppcheck include dirs: /home/wheeltec/wheeltec_ros2/src/wheeltec_robot_rrt2/src/rrt_exploration/include
[35.552s] -- Configured cppcheck exclude dirs and/or files: 
[35.569s] -- Added test 'cpplint' to check C / C++ code against the Google style
[35.570s] -- Configured cpplint exclude dirs and/or files: 
[35.578s] -- Added test 'flake8' to check Python code syntax and style conventions
[35.588s] -- Added test 'lint_cmake' to check CMake code style
[35.596s] -- Added test 'pep257' to check Python code against some of the style conventions in PEP 257
[35.613s] -- Added test 'uncrustify' to check C / C++ code style
[35.615s] -- Configured uncrustify additional arguments: 
[35.624s] -- Added test 'xmllint' to check XML markup files
[35.659s] -- Configuring done
[36.874s] -- Generating done
[37.312s] -- Build files have been written to: /home/wheeltec/wheeltec_ros2/src/build/wheeltec_robot_rrt
[37.373s] Invoked command in '/home/wheeltec/wheeltec_ros2/src/build/wheeltec_robot_rrt' returned '0': CMAKE_PREFIX_PATH=${CMAKE_PREFIX_PATH}:/home/wheeltec/wheeltec_ros2/install/simple_follower_ros2:/home/wheeltec/wheeltec_ros2/install/wheeltec_robot_keyboard:/home/wheeltec/wheeltec_ros2/install/tf2_tools:/home/wheeltec/wheeltec_ros2/install/teleop_twist_keyboard:/home/wheeltec/wheeltec_ros2/install/nav2_simple_commander:/home/wheeltec/wheeltec_ros2/install/nav2_gazebo_spawner:/home/wheeltec/wheeltec_ros2/install/ldlidar_sl_ros2:/home/wheeltec/wheeltec_ros2/install/keyboard_control_emer:/opt/ros/galactic /usr/bin/cmake /home/wheeltec/wheeltec_ros2/src/wheeltec_robot_rrt2 -DCMAKE_INSTALL_PREFIX=/home/wheeltec/wheeltec_ros2/src/install/wheeltec_robot_rrt
[37.377s] Invoking command in '/home/wheeltec/wheeltec_ros2/src/build/wheeltec_robot_rrt': CMAKE_PREFIX_PATH=${CMAKE_PREFIX_PATH}:/home/wheeltec/wheeltec_ros2/install/simple_follower_ros2:/home/wheeltec/wheeltec_ros2/install/wheeltec_robot_keyboard:/home/wheeltec/wheeltec_ros2/install/tf2_tools:/home/wheeltec/wheeltec_ros2/install/teleop_twist_keyboard:/home/wheeltec/wheeltec_ros2/install/nav2_simple_commander:/home/wheeltec/wheeltec_ros2/install/nav2_gazebo_spawner:/home/wheeltec/wheeltec_ros2/install/ldlidar_sl_ros2:/home/wheeltec/wheeltec_ros2/install/keyboard_control_emer:/opt/ros/galactic /usr/bin/cmake --build /home/wheeltec/wheeltec_ros2/src/build/wheeltec_robot_rrt -- -j4 -l4
[37.690s] [35m[1mScanning dependencies of target robot_pose_publisher[0m
[38.079s] [  3%] [32mBuilding CXX object CMakeFiles/robot_pose_publisher.dir/src/robot_pose_publisher.cpp.o[0m
[47.867s] [01m[K/home/wheeltec/wheeltec_ros2/src/wheeltec_robot_rrt2/src/robot_pose_publisher.cpp:[m[K In constructor ‘[01m[KBoxPickupPosePublisher::BoxPickupPosePublisher()[m[K’:
[47.868s] [01m[K/home/wheeltec/wheeltec_ros2/src/wheeltec_robot_rrt2/src/robot_pose_publisher.cpp:215:10:[m[K [01;35m[Kwarning: [m[K‘[01m[KBoxPickupPosePublisher::canTransformBasefootprint[m[K’ will be initialized after [[01;35m[K-Wreorder[m[K]
[47.868s]   215 |     bool [01;35m[KcanTransformBasefootprint[m[K = false;
[47.869s]       |          [01;35m[K^~~~~~~~~~~~~~~~~~~~~~~~~[m[K
[47.872s] [01m[K/home/wheeltec/wheeltec_ros2/src/wheeltec_robot_rrt2/src/robot_pose_publisher.cpp:213:21:[m[K [01;35m[Kwarning: [m[K  ‘[01m[Ktf2_ros::Buffer BoxPickupPosePublisher::tf_buffer_[m[K’ [[01;35m[K-Wreorder[m[K]
[47.872s]   213 |     tf2_ros::Buffer [01;35m[Ktf_buffer_[m[K;
[47.873s]       |                     [01;35m[K^~~~~~~~~~[m[K
[47.873s] [01m[K/home/wheeltec/wheeltec_ros2/src/wheeltec_robot_rrt2/src/robot_pose_publisher.cpp:18:5:[m[K [01;35m[Kwarning: [m[K  when initialized here [[01;35m[K-Wreorder[m[K]
[47.874s]    18 |     [01;35m[KBoxPickupPosePublisher[m[K()
[47.874s]       |     [01;35m[K^~~~~~~~~~~~~~~~~~~~~~[m[K
[47.930s] [01m[K/home/wheeltec/wheeltec_ros2/src/wheeltec_robot_rrt2/src/robot_pose_publisher.cpp:[m[K In member function ‘[01m[Kvoid BoxPickupPosePublisher::get_base_footprint_transform(geometry_msgs::msg::TransformStamped&)[m[K’:
[47.930s] [01m[K/home/wheeltec/wheeltec_ros2/src/wheeltec_robot_rrt2/src/robot_pose_publisher.cpp:109:44:[m[K [01;35m[Kwarning: [m[Kcatching polymorphic type ‘[01m[Kclass tf2::TransformException[m[K’ by value [[01;35m[K-Wcatch-value=[m[K]
[47.931s]   109 |             catch (tf2::TransformException [01;35m[Kex[m[K)
[47.933s]       |                                            [01;35m[K^~[m[K
[47.941s] [01m[K/home/wheeltec/wheeltec_ros2/src/wheeltec_robot_rrt2/src/robot_pose_publisher.cpp:[m[K In member function ‘[01m[Kvoid BoxPickupPosePublisher::get_goal_pose(const float&, const float&, const float&, const float&, geometry_msgs::msg::Pose&)[m[K’:
[47.942s] [01m[K/home/wheeltec/wheeltec_ros2/src/wheeltec_robot_rrt2/src/robot_pose_publisher.cpp:132:15:[m[K [01;35m[Kwarning: [m[Kunused variable ‘[01m[Kunit_through_vector_z[m[K’ [[01;35m[K-Wunused-variable[m[K]
[47.942s]   132 |         float [01;35m[Kunit_through_vector_z[m[K = 0.0;
[47.942s]       |               [01;35m[K^~~~~~~~~~~~~~~~~~~~~[m[K
[47.979s] [01m[K/home/wheeltec/wheeltec_ros2/src/wheeltec_robot_rrt2/src/robot_pose_publisher.cpp:[m[K In member function ‘[01m[Kvoid BoxPickupPosePublisher::lidar_camera_fusion_sub_topic_callback(sensor_msgs::msg::PointCloud2_<std::allocator<void> >::SharedPtr)[m[K’:
[47.980s] [01m[K/home/wheeltec/wheeltec_ros2/src/wheeltec_robot_rrt2/src/robot_pose_publisher.cpp:186:33:[m[K [01;35m[Kwarning: [m[Kcomparison of integer expressions of different signedness: ‘[01m[Kint[m[K’ and ‘[01m[Kstd::vector<std::vector<float> >::size_type[m[K’ {aka ‘[01m[Klong unsigned int[m[K’} [[01;35m[K-Wsign-compare[m[K]
[47.980s]   186 |                 for(int i = 0; [01;35m[Ki< red_line.size()[m[K; i++){
[47.981s]       |                                [01;35m[K~^~~~~~~~~~~~~~~~~[m[K
