[  6%] Built target robot_pose_publisher
[ 12%] Built target mean_shift
[ 18%] Built target mtrand
[ 25%] Built target find_coloured_box
[ 31%] Built target approach_coloured_box
[ 37%] Built target find_robot_action_server
[ 43%] Built target pick_robot_action_server
[ 50%] Built target wait_for_fin
[ 56%] Built target pick_coloured_box
[ 62%] Built target robot_picker
[ 68%] Built target robot
[ 75%] Built target utils
[ 81%] Built target assigner
[ 87%] Built target local_rrt
[ 93%] Built target global_rrt
[100%] Built target filter
-- Install configuration: ""
-- Installing: /home/wheeltec/wheeltec_ros2/src/install/wheeltec_robot_rrt/lib/libfind_coloured_box.so
-- Set runtime path of "/home/wheeltec/wheeltec_ros2/src/install/wheeltec_robot_rrt/lib/libfind_coloured_box.so" to ""
-- Installing: /home/wheeltec/wheeltec_ros2/src/install/wheeltec_robot_rrt/lib/libapproach_coloured_box.so
-- Set runtime path of "/home/wheeltec/wheeltec_ros2/src/install/wheeltec_robot_rrt/lib/libapproach_coloured_box.so" to ""
-- Installing: /home/wheeltec/wheeltec_ros2/src/install/wheeltec_robot_rrt/lib/libpick_coloured_box.so
-- Set runtime path of "/home/wheeltec/wheeltec_ros2/src/install/wheeltec_robot_rrt/lib/libpick_coloured_box.so" to ""
-- Installing: /home/wheeltec/wheeltec_ros2/src/install/wheeltec_robot_rrt/lib/wheeltec_robot_rrt/robot_picker
-- Set runtime path of "/home/wheeltec/wheeltec_ros2/src/install/wheeltec_robot_rrt/lib/wheeltec_robot_rrt/robot_picker" to ""
-- Installing: /home/wheeltec/wheeltec_ros2/src/install/wheeltec_robot_rrt/lib/wheeltec_robot_rrt/find_robot_action_server
-- Set runtime path of "/home/wheeltec/wheeltec_ros2/src/install/wheeltec_robot_rrt/lib/wheeltec_robot_rrt/find_robot_action_server" to ""
-- Installing: /home/wheeltec/wheeltec_ros2/src/install/wheeltec_robot_rrt/lib/wheeltec_robot_rrt/pick_robot_action_server
-- Set runtime path of "/home/wheeltec/wheeltec_ros2/src/install/wheeltec_robot_rrt/lib/wheeltec_robot_rrt/pick_robot_action_server" to ""
-- Installing: /home/wheeltec/wheeltec_ros2/src/install/wheeltec_robot_rrt/lib/wheeltec_robot_rrt/wait_for_fin
-- Set runtime path of "/home/wheeltec/wheeltec_ros2/src/install/wheeltec_robot_rrt/lib/wheeltec_robot_rrt/wait_for_fin" to ""
-- Installing: /home/wheeltec/wheeltec_ros2/src/install/wheeltec_robot_rrt/lib/wheeltec_robot_rrt/local_rrt
-- Set runtime path of "/home/wheeltec/wheeltec_ros2/src/install/wheeltec_robot_rrt/lib/wheeltec_robot_rrt/local_rrt" to ""
-- Installing: /home/wheeltec/wheeltec_ros2/src/install/wheeltec_robot_rrt/lib/wheeltec_robot_rrt/global_rrt
-- Set runtime path of "/home/wheeltec/wheeltec_ros2/src/install/wheeltec_robot_rrt/lib/wheeltec_robot_rrt/global_rrt" to ""
-- Installing: /home/wheeltec/wheeltec_ros2/src/install/wheeltec_robot_rrt/lib/wheeltec_robot_rrt/filter
-- Set runtime path of "/home/wheeltec/wheeltec_ros2/src/install/wheeltec_robot_rrt/lib/wheeltec_robot_rrt/filter" to ""
-- Installing: /home/wheeltec/wheeltec_ros2/src/install/wheeltec_robot_rrt/lib/wheeltec_robot_rrt/assigner
-- Set runtime path of "/home/wheeltec/wheeltec_ros2/src/install/wheeltec_robot_rrt/lib/wheeltec_robot_rrt/assigner" to ""
-- Installing: /home/wheeltec/wheeltec_ros2/src/install/wheeltec_robot_rrt/lib/wheeltec_robot_rrt/robot_pose_publisher
-- Set runtime path of "/home/wheeltec/wheeltec_ros2/src/install/wheeltec_robot_rrt/lib/wheeltec_robot_rrt/robot_pose_publisher" to ""
-- Installing: /home/wheeltec/wheeltec_ros2/src/install/wheeltec_robot_rrt/share/wheeltec_robot_rrt//launch
-- Installing: /home/wheeltec/wheeltec_ros2/src/install/wheeltec_robot_rrt/share/wheeltec_robot_rrt//launch/rrt_exploration
-- Installing: /home/wheeltec/wheeltec_ros2/src/install/wheeltec_robot_rrt/share/wheeltec_robot_rrt//launch/rrt_exploration/wheeltec_rrt_slam.launch.py
-- Installing: /home/wheeltec/wheeltec_ros2/src/install/wheeltec_robot_rrt/share/wheeltec_robot_rrt//launch/rrt_exploration/action_servers.launch.py
-- Installing: /home/wheeltec/wheeltec_ros2/src/install/wheeltec_robot_rrt/share/wheeltec_robot_rrt//launch/rrt_exploration/rrt_exploration.launch.py
-- Installing: /home/wheeltec/wheeltec_ros2/src/install/wheeltec_robot_rrt/share/wheeltec_robot_rrt//launch/rrt_exploration/visual_slam_start.py
-- Installing: /home/wheeltec/wheeltec_ros2/src/install/wheeltec_robot_rrt/share/wheeltec_robot_rrt//launch/rrt_exploration/rrt_assigner.launch.py
-- Installing: /home/wheeltec/wheeltec_ros2/src/install/wheeltec_robot_rrt/share/wheeltec_robot_rrt//launch/navigation
-- Installing: /home/wheeltec/wheeltec_ros2/src/install/wheeltec_robot_rrt/share/wheeltec_robot_rrt//launch/navigation/nav2_localization_launch.py
-- Installing: /home/wheeltec/wheeltec_ros2/src/install/wheeltec_robot_rrt/share/wheeltec_robot_rrt//launch/navigation/nav2_bringup_launch.py
-- Installing: /home/wheeltec/wheeltec_ros2/src/install/wheeltec_robot_rrt/share/wheeltec_robot_rrt//launch/navigation/nav2_navigation_launch.py
-- Installing: /home/wheeltec/wheeltec_ros2/src/install/wheeltec_robot_rrt/share/wheeltec_robot_rrt//launch/navigation/nav2_slam_launch.py
-- Installing: /home/wheeltec/wheeltec_ros2/src/install/wheeltec_robot_rrt/share/wheeltec_robot_rrt//config
-- Installing: /home/wheeltec/wheeltec_ros2/src/install/wheeltec_robot_rrt/share/wheeltec_robot_rrt//config/ekf.yaml
-- Installing: /home/wheeltec/wheeltec_ros2/src/install/wheeltec_robot_rrt/share/wheeltec_robot_rrt//config/rtabmap.yaml
-- Installing: /home/wheeltec/wheeltec_ros2/src/install/wheeltec_robot_rrt/share/wheeltec_robot_rrt//config/exploration_params.yaml
-- Installing: /home/wheeltec/wheeltec_ros2/src/install/wheeltec_robot_rrt/share/wheeltec_robot_rrt//config/nav2_params.yaml
-- Installing: /home/wheeltec/wheeltec_ros2/src/install/wheeltec_robot_rrt/share/wheeltec_robot_rrt//behaviour_trees
-- Installing: /home/wheeltec/wheeltec_ros2/src/install/wheeltec_robot_rrt/share/wheeltec_robot_rrt//behaviour_trees/rrt_navigate_w_replanning_time.xml
-- Installing: /home/wheeltec/wheeltec_ros2/src/install/wheeltec_robot_rrt/share/wheeltec_robot_rrt//behaviour_trees/navigate_w_replanning_time.xml
-- Installing: /home/wheeltec/wheeltec_ros2/src/install/wheeltec_robot_rrt/share/wheeltec_robot_rrt//behaviour_trees/robot_picker_behaviour_tree.xml
-- Installing: /home/wheeltec/wheeltec_ros2/src/install/wheeltec_robot_rrt/lib/libutils.so
-- Set runtime path of "/home/wheeltec/wheeltec_ros2/src/install/wheeltec_robot_rrt/lib/libutils.so" to ""
-- Installing: /home/wheeltec/wheeltec_ros2/src/install/wheeltec_robot_rrt/lib/libmtrand.so
-- Installing: /home/wheeltec/wheeltec_ros2/src/install/wheeltec_robot_rrt/lib/libmean_shift.so
-- Installing: /home/wheeltec/wheeltec_ros2/src/install/wheeltec_robot_rrt/lib/librobot.so
-- Set runtime path of "/home/wheeltec/wheeltec_ros2/src/install/wheeltec_robot_rrt/lib/librobot.so" to ""
-- Installing: /home/wheeltec/wheeltec_ros2/src/install/wheeltec_robot_rrt/lib/wheeltec_robot_rrt/boundary_publisher.py
-- Installing: /home/wheeltec/wheeltec_ros2/src/install/wheeltec_robot_rrt/share/ament_index/resource_index/package_run_dependencies/wheeltec_robot_rrt
-- Installing: /home/wheeltec/wheeltec_ros2/src/install/wheeltec_robot_rrt/share/ament_index/resource_index/parent_prefix_path/wheeltec_robot_rrt
-- Installing: /home/wheeltec/wheeltec_ros2/src/install/wheeltec_robot_rrt/share/wheeltec_robot_rrt/environment/ament_prefix_path.sh
-- Installing: /home/wheeltec/wheeltec_ros2/src/install/wheeltec_robot_rrt/share/wheeltec_robot_rrt/environment/ament_prefix_path.dsv
-- Installing: /home/wheeltec/wheeltec_ros2/src/install/wheeltec_robot_rrt/share/wheeltec_robot_rrt/environment/path.sh
-- Installing: /home/wheeltec/wheeltec_ros2/src/install/wheeltec_robot_rrt/share/wheeltec_robot_rrt/environment/path.dsv
-- Installing: /home/wheeltec/wheeltec_ros2/src/install/wheeltec_robot_rrt/share/wheeltec_robot_rrt/local_setup.bash
-- Installing: /home/wheeltec/wheeltec_ros2/src/install/wheeltec_robot_rrt/share/wheeltec_robot_rrt/local_setup.sh
-- Installing: /home/wheeltec/wheeltec_ros2/src/install/wheeltec_robot_rrt/share/wheeltec_robot_rrt/local_setup.zsh
-- Installing: /home/wheeltec/wheeltec_ros2/src/install/wheeltec_robot_rrt/share/wheeltec_robot_rrt/local_setup.dsv
-- Installing: /home/wheeltec/wheeltec_ros2/src/install/wheeltec_robot_rrt/share/wheeltec_robot_rrt/package.dsv
-- Installing: /home/wheeltec/wheeltec_ros2/src/install/wheeltec_robot_rrt/share/ament_index/resource_index/packages/wheeltec_robot_rrt
-- Installing: /home/wheeltec/wheeltec_ros2/src/install/wheeltec_robot_rrt/share/wheeltec_robot_rrt/cmake/wheeltec_robot_rrtConfig.cmake
-- Installing: /home/wheeltec/wheeltec_ros2/src/install/wheeltec_robot_rrt/share/wheeltec_robot_rrt/cmake/wheeltec_robot_rrtConfig-version.cmake
-- Installing: /home/wheeltec/wheeltec_ros2/src/install/wheeltec_robot_rrt/share/wheeltec_robot_rrt/package.xml
