[5.609s] Invoking command in '/home/wheeltec/wheeltec_ros2/src/navigation2-galactic/nav2_bringup/nav2_gazebo_spawner': PYTHONPATH=/home/wheeltec/wheeltec_ros2/src/build/nav2_gazebo_spawner/prefix_override:/usr/lib/python3/dist-packages/colcon_core/task/python/colcon_distutils_commands:/home/wheeltec/wheeltec_ros2/src/install/nav2_gazebo_spawner/lib/python3.8/site-packages:${PYTHONPATH} /usr/bin/python3 -W ignore:setup.py install is deprecated -W ignore:easy_install command is deprecated setup.py egg_info --egg-base ../../../build/nav2_gazebo_spawner build --build-base /home/wheeltec/wheeltec_ros2/src/build/nav2_gazebo_spawner/build install --record /home/wheeltec/wheeltec_ros2/src/build/nav2_gazebo_spawner/install.log --install-scripts $base/lib/nav2_gazebo_spawner --single-version-externally-managed install_data
[6.967s] /home/wheeltec/.local/lib/python3.8/site-packages/setuptools/dist.py:771: UserWarning: Usage of dash-separated 'script-dir' will not be supported in future versions. Please use the underscore name 'script_dir' instead
[6.969s]   warnings.warn(
[7.506s] running egg_info
[7.508s] creating ../../../build/nav2_gazebo_spawner/nav2_gazebo_spawner.egg-info
[7.576s] writing ../../../build/nav2_gazebo_spawner/nav2_gazebo_spawner.egg-info/PKG-INFO
[7.576s] writing dependency_links to ../../../build/nav2_gazebo_spawner/nav2_gazebo_spawner.egg-info/dependency_links.txt
[7.577s] writing entry points to ../../../build/nav2_gazebo_spawner/nav2_gazebo_spawner.egg-info/entry_points.txt
[7.578s] writing requirements to ../../../build/nav2_gazebo_spawner/nav2_gazebo_spawner.egg-info/requires.txt
[7.578s] writing top-level names to ../../../build/nav2_gazebo_spawner/nav2_gazebo_spawner.egg-info/top_level.txt
[7.583s] writing manifest file '../../../build/nav2_gazebo_spawner/nav2_gazebo_spawner.egg-info/SOURCES.txt'
[7.725s] reading manifest file '../../../build/nav2_gazebo_spawner/nav2_gazebo_spawner.egg-info/SOURCES.txt'
[7.730s] writing manifest file '../../../build/nav2_gazebo_spawner/nav2_gazebo_spawner.egg-info/SOURCES.txt'
[7.734s] running build
[7.735s] running build_py
[7.737s] creating /home/wheeltec/wheeltec_ros2/src/build/nav2_gazebo_spawner/build
[7.739s] creating /home/wheeltec/wheeltec_ros2/src/build/nav2_gazebo_spawner/build/lib
[7.741s] creating /home/wheeltec/wheeltec_ros2/src/build/nav2_gazebo_spawner/build/lib/nav2_gazebo_spawner
[7.743s] copying nav2_gazebo_spawner/__init__.py -> /home/wheeltec/wheeltec_ros2/src/build/nav2_gazebo_spawner/build/lib/nav2_gazebo_spawner
[7.746s] copying nav2_gazebo_spawner/nav2_gazebo_spawner.py -> /home/wheeltec/wheeltec_ros2/src/build/nav2_gazebo_spawner/build/lib/nav2_gazebo_spawner
[7.750s] running install
[7.781s] running install_lib
[7.854s] creating /home/wheeltec/wheeltec_ros2/src/install/nav2_gazebo_spawner/lib/python3.8/site-packages/nav2_gazebo_spawner
[7.857s] copying /home/wheeltec/wheeltec_ros2/src/build/nav2_gazebo_spawner/build/lib/nav2_gazebo_spawner/__init__.py -> /home/wheeltec/wheeltec_ros2/src/install/nav2_gazebo_spawner/lib/python3.8/site-packages/nav2_gazebo_spawner
[7.857s] copying /home/wheeltec/wheeltec_ros2/src/build/nav2_gazebo_spawner/build/lib/nav2_gazebo_spawner/nav2_gazebo_spawner.py -> /home/wheeltec/wheeltec_ros2/src/install/nav2_gazebo_spawner/lib/python3.8/site-packages/nav2_gazebo_spawner
[7.858s] byte-compiling /home/wheeltec/wheeltec_ros2/src/install/nav2_gazebo_spawner/lib/python3.8/site-packages/nav2_gazebo_spawner/__init__.py to __init__.cpython-38.pyc
[7.859s] byte-compiling /home/wheeltec/wheeltec_ros2/src/install/nav2_gazebo_spawner/lib/python3.8/site-packages/nav2_gazebo_spawner/nav2_gazebo_spawner.py to nav2_gazebo_spawner.cpython-38.pyc
[7.862s] running install_data
[7.863s] creating /home/wheeltec/wheeltec_ros2/src/install/nav2_gazebo_spawner/share/ament_index
[7.864s] creating /home/wheeltec/wheeltec_ros2/src/install/nav2_gazebo_spawner/share/ament_index/resource_index
[7.865s] creating /home/wheeltec/wheeltec_ros2/src/install/nav2_gazebo_spawner/share/ament_index/resource_index/packages
[7.866s] copying resource/nav2_gazebo_spawner -> /home/wheeltec/wheeltec_ros2/src/install/nav2_gazebo_spawner/share/ament_index/resource_index/packages
[7.868s] copying package.xml -> /home/wheeltec/wheeltec_ros2/src/install/nav2_gazebo_spawner/share/nav2_gazebo_spawner
[7.871s] running install_egg_info
[7.949s] Copying ../../../build/nav2_gazebo_spawner/nav2_gazebo_spawner.egg-info to /home/wheeltec/wheeltec_ros2/src/install/nav2_gazebo_spawner/lib/python3.8/site-packages/nav2_gazebo_spawner-0.3.0-py3.8.egg-info
[7.953s] running install_scripts
[8.348s] Installing nav2_gazebo_spawner script to /home/wheeltec/wheeltec_ros2/src/install/nav2_gazebo_spawner/lib/nav2_gazebo_spawner
[8.350s] writing list of installed files to '/home/wheeltec/wheeltec_ros2/src/build/nav2_gazebo_spawner/install.log'
[8.513s] Invoked command in '/home/wheeltec/wheeltec_ros2/src/navigation2-galactic/nav2_bringup/nav2_gazebo_spawner' returned '0': PYTHONPATH=/home/wheeltec/wheeltec_ros2/src/build/nav2_gazebo_spawner/prefix_override:/usr/lib/python3/dist-packages/colcon_core/task/python/colcon_distutils_commands:/home/wheeltec/wheeltec_ros2/src/install/nav2_gazebo_spawner/lib/python3.8/site-packages:${PYTHONPATH} /usr/bin/python3 -W ignore:setup.py install is deprecated -W ignore:easy_install command is deprecated setup.py egg_info --egg-base ../../../build/nav2_gazebo_spawner build --build-base /home/wheeltec/wheeltec_ros2/src/build/nav2_gazebo_spawner/build install --record /home/wheeltec/wheeltec_ros2/src/build/nav2_gazebo_spawner/install.log --install-scripts $base/lib/nav2_gazebo_spawner --single-version-externally-managed install_data
