[0.049s] Invoking command in '/home/wheeltec/wheeltec_ros2/src/build/lidar_ros2': /usr/bin/cmake --build /home/wheeltec/wheeltec_ros2/src/build/lidar_ros2 -- -j4 -l4
[0.392s] [100%] Built target rplidarNode
[0.434s] Invoked command in '/home/wheeltec/wheeltec_ros2/src/build/lidar_ros2' returned '0': /usr/bin/cmake --build /home/wheeltec/wheeltec_ros2/src/build/lidar_ros2 -- -j4 -l4
[0.451s] Invoking command in '/home/wheeltec/wheeltec_ros2/src/build/lidar_ros2': /usr/bin/cmake --install /home/wheeltec/wheeltec_ros2/src/build/lidar_ros2
[0.489s] -- Install configuration: ""
[0.494s] -- Up-to-date: /home/wheeltec/wheeltec_ros2/src/install/lidar_ros2/lib/lidar_ros2/rplidarNode
[0.499s] -- Up-to-date: /home/wheeltec/wheeltec_ros2/src/install/lidar_ros2/share/lidar_ros2//launch
[0.501s] -- Up-to-date: /home/wheeltec/wheeltec_ros2/src/install/lidar_ros2/share/lidar_ros2//launch/rplidar.launch.py
[0.502s] -- Up-to-date: /home/wheeltec/wheeltec_ros2/src/install/lidar_ros2/share/lidar_ros2//launch/rplidar_a3.launch .py
[0.503s] -- Up-to-date: /home/wheeltec/wheeltec_ros2/src/install/lidar_ros2/share/lidar_ros2//launch/view_rplidar.launch.py
[0.503s] -- Up-to-date: /home/wheeltec/wheeltec_ros2/src/install/lidar_ros2/share/lidar_ros2//rviz
[0.505s] -- Up-to-date: /home/wheeltec/wheeltec_ros2/src/install/lidar_ros2/share/lidar_ros2//rviz/rplidar.rviz
[0.506s] -- Up-to-date: /home/wheeltec/wheeltec_ros2/src/install/lidar_ros2/share/lidar_ros2//sdk
[0.507s] -- Up-to-date: /home/wheeltec/wheeltec_ros2/src/install/lidar_ros2/share/lidar_ros2//sdk/README.txt
[0.510s] -- Up-to-date: /home/wheeltec/wheeltec_ros2/src/install/lidar_ros2/share/lidar_ros2//sdk/src
[0.511s] -- Up-to-date: /home/wheeltec/wheeltec_ros2/src/install/lidar_ros2/share/lidar_ros2//sdk/src/rplidar_driver.cpp
[0.512s] -- Up-to-date: /home/wheeltec/wheeltec_ros2/src/install/lidar_ros2/share/lidar_ros2//sdk/src/arch
[0.513s] -- Up-to-date: /home/wheeltec/wheeltec_ros2/src/install/lidar_ros2/share/lidar_ros2//sdk/src/arch/win32
[0.514s] -- Up-to-date: /home/wheeltec/wheeltec_ros2/src/install/lidar_ros2/share/lidar_ros2//sdk/src/arch/win32/timer.h
[0.515s] -- Up-to-date: /home/wheeltec/wheeltec_ros2/src/install/lidar_ros2/share/lidar_ros2//sdk/src/arch/win32/timer.cpp
[0.516s] -- Up-to-date: /home/wheeltec/wheeltec_ros2/src/install/lidar_ros2/share/lidar_ros2//sdk/src/arch/win32/net_serial.h
[0.517s] -- Up-to-date: /home/wheeltec/wheeltec_ros2/src/install/lidar_ros2/share/lidar_ros2//sdk/src/arch/win32/arch_win32.h
[0.517s] -- Up-to-date: /home/wheeltec/wheeltec_ros2/src/install/lidar_ros2/share/lidar_ros2//sdk/src/arch/win32/net_socket.cpp
[0.518s] -- Up-to-date: /home/wheeltec/wheeltec_ros2/src/install/lidar_ros2/share/lidar_ros2//sdk/src/arch/win32/net_serial.cpp
[0.519s] -- Up-to-date: /home/wheeltec/wheeltec_ros2/src/install/lidar_ros2/share/lidar_ros2//sdk/src/arch/win32/winthread.hpp
[0.519s] -- Up-to-date: /home/wheeltec/wheeltec_ros2/src/install/lidar_ros2/share/lidar_ros2//sdk/src/arch/linux
[0.522s] -- Up-to-date: /home/wheeltec/wheeltec_ros2/src/install/lidar_ros2/share/lidar_ros2//sdk/src/arch/linux/timer.h
[0.523s] -- Up-to-date: /home/wheeltec/wheeltec_ros2/src/install/lidar_ros2/share/lidar_ros2//sdk/src/arch/linux/timer.cpp
[0.524s] -- Up-to-date: /home/wheeltec/wheeltec_ros2/src/install/lidar_ros2/share/lidar_ros2//sdk/src/arch/linux/net_serial.h
[0.524s] -- Up-to-date: /home/wheeltec/wheeltec_ros2/src/install/lidar_ros2/share/lidar_ros2//sdk/src/arch/linux/thread.hpp
[0.525s] -- Up-to-date: /home/wheeltec/wheeltec_ros2/src/install/lidar_ros2/share/lidar_ros2//sdk/src/arch/linux/arch_linux.h
[0.526s] -- Up-to-date: /home/wheeltec/wheeltec_ros2/src/install/lidar_ros2/share/lidar_ros2//sdk/src/arch/linux/net_socket.cpp
[0.527s] -- Up-to-date: /home/wheeltec/wheeltec_ros2/src/install/lidar_ros2/share/lidar_ros2//sdk/src/arch/linux/net_serial.cpp
[0.527s] -- Up-to-date: /home/wheeltec/wheeltec_ros2/src/install/lidar_ros2/share/lidar_ros2//sdk/src/arch/macOS
[0.530s] -- Up-to-date: /home/wheeltec/wheeltec_ros2/src/install/lidar_ros2/share/lidar_ros2//sdk/src/arch/macOS/timer.h
[0.531s] -- Up-to-date: /home/wheeltec/wheeltec_ros2/src/install/lidar_ros2/share/lidar_ros2//sdk/src/arch/macOS/timer.cpp
[0.532s] -- Up-to-date: /home/wheeltec/wheeltec_ros2/src/install/lidar_ros2/share/lidar_ros2//sdk/src/arch/macOS/net_serial.h
[0.533s] -- Up-to-date: /home/wheeltec/wheeltec_ros2/src/install/lidar_ros2/share/lidar_ros2//sdk/src/arch/macOS/thread.hpp
[0.536s] -- Up-to-date: /home/wheeltec/wheeltec_ros2/src/install/lidar_ros2/share/lidar_ros2//sdk/src/arch/macOS/arch_macOS.h
[0.538s] -- Up-to-date: /home/wheeltec/wheeltec_ros2/src/install/lidar_ros2/share/lidar_ros2//sdk/src/arch/macOS/net_socket.cpp
[0.539s] -- Up-to-date: /home/wheeltec/wheeltec_ros2/src/install/lidar_ros2/share/lidar_ros2//sdk/src/arch/macOS/net_serial.cpp
[0.539s] -- Up-to-date: /home/wheeltec/wheeltec_ros2/src/install/lidar_ros2/share/lidar_ros2//sdk/src/sdkcommon.h
[0.539s] -- Up-to-date: /home/wheeltec/wheeltec_ros2/src/install/lidar_ros2/share/lidar_ros2//sdk/src/rplidar_driver_TCP.h
[0.541s] -- Up-to-date: /home/wheeltec/wheeltec_ros2/src/install/lidar_ros2/share/lidar_ros2//sdk/src/rplidar_driver_impl.h
[0.542s] -- Up-to-date: /home/wheeltec/wheeltec_ros2/src/install/lidar_ros2/share/lidar_ros2//sdk/src/rplidar_driver_serial.h
[0.542s] -- Up-to-date: /home/wheeltec/wheeltec_ros2/src/install/lidar_ros2/share/lidar_ros2//sdk/src/hal
[0.543s] -- Up-to-date: /home/wheeltec/wheeltec_ros2/src/install/lidar_ros2/share/lidar_ros2//sdk/src/hal/thread.h
[0.543s] -- Up-to-date: /home/wheeltec/wheeltec_ros2/src/install/lidar_ros2/share/lidar_ros2//sdk/src/hal/locker.h
[0.543s] -- Up-to-date: /home/wheeltec/wheeltec_ros2/src/install/lidar_ros2/share/lidar_ros2//sdk/src/hal/event.h
[0.544s] -- Up-to-date: /home/wheeltec/wheeltec_ros2/src/install/lidar_ros2/share/lidar_ros2//sdk/src/hal/abs_rxtx.h
[0.544s] -- Up-to-date: /home/wheeltec/wheeltec_ros2/src/install/lidar_ros2/share/lidar_ros2//sdk/src/hal/byteops.h
[0.545s] -- Up-to-date: /home/wheeltec/wheeltec_ros2/src/install/lidar_ros2/share/lidar_ros2//sdk/src/hal/socket.h
[0.545s] -- Up-to-date: /home/wheeltec/wheeltec_ros2/src/install/lidar_ros2/share/lidar_ros2//sdk/src/hal/types.h
[0.545s] -- Up-to-date: /home/wheeltec/wheeltec_ros2/src/install/lidar_ros2/share/lidar_ros2//sdk/src/hal/util.h
[0.548s] -- Up-to-date: /home/wheeltec/wheeltec_ros2/src/install/lidar_ros2/share/lidar_ros2//sdk/src/hal/thread.cpp
[0.557s] -- Up-to-date: /home/wheeltec/wheeltec_ros2/src/install/lidar_ros2/share/lidar_ros2//sdk/src/hal/assert.h
[0.558s] -- Up-to-date: /home/wheeltec/wheeltec_ros2/src/install/lidar_ros2/share/lidar_ros2//sdk/include
[0.559s] -- Up-to-date: /home/wheeltec/wheeltec_ros2/src/install/lidar_ros2/share/lidar_ros2//sdk/include/rplidar_driver.h
[0.559s] -- Up-to-date: /home/wheeltec/wheeltec_ros2/src/install/lidar_ros2/share/lidar_ros2//sdk/include/rplidar.h
[0.560s] -- Up-to-date: /home/wheeltec/wheeltec_ros2/src/install/lidar_ros2/share/lidar_ros2//sdk/include/rptypes.h
[0.560s] -- Up-to-date: /home/wheeltec/wheeltec_ros2/src/install/lidar_ros2/share/lidar_ros2//sdk/include/rplidar_cmd.h
[0.560s] -- Up-to-date: /home/wheeltec/wheeltec_ros2/src/install/lidar_ros2/share/lidar_ros2//sdk/include/rplidar_protocol.h
[0.561s] -- Up-to-date: /home/wheeltec/wheeltec_ros2/src/install/lidar_ros2/share/ament_index/resource_index/package_run_dependencies/lidar_ros2
[0.580s] -- Up-to-date: /home/wheeltec/wheeltec_ros2/src/install/lidar_ros2/share/ament_index/resource_index/parent_prefix_path/lidar_ros2
[0.580s] -- Up-to-date: /home/wheeltec/wheeltec_ros2/src/install/lidar_ros2/share/lidar_ros2/environment/ament_prefix_path.sh
[0.581s] -- Up-to-date: /home/wheeltec/wheeltec_ros2/src/install/lidar_ros2/share/lidar_ros2/environment/ament_prefix_path.dsv
[0.581s] -- Up-to-date: /home/wheeltec/wheeltec_ros2/src/install/lidar_ros2/share/lidar_ros2/environment/path.sh
[0.582s] -- Up-to-date: /home/wheeltec/wheeltec_ros2/src/install/lidar_ros2/share/lidar_ros2/environment/path.dsv
[0.582s] -- Up-to-date: /home/wheeltec/wheeltec_ros2/src/install/lidar_ros2/share/lidar_ros2/local_setup.bash
[0.582s] -- Up-to-date: /home/wheeltec/wheeltec_ros2/src/install/lidar_ros2/share/lidar_ros2/local_setup.sh
[0.583s] -- Up-to-date: /home/wheeltec/wheeltec_ros2/src/install/lidar_ros2/share/lidar_ros2/local_setup.zsh
[0.583s] -- Up-to-date: /home/wheeltec/wheeltec_ros2/src/install/lidar_ros2/share/lidar_ros2/local_setup.dsv
[0.584s] -- Installing: /home/wheeltec/wheeltec_ros2/src/install/lidar_ros2/share/lidar_ros2/package.dsv
[0.584s] -- Up-to-date: /home/wheeltec/wheeltec_ros2/src/install/lidar_ros2/share/ament_index/resource_index/packages/lidar_ros2
[0.584s] -- Up-to-date: /home/wheeltec/wheeltec_ros2/src/install/lidar_ros2/share/lidar_ros2/cmake/lidar_ros2Config.cmake
[0.585s] -- Up-to-date: /home/wheeltec/wheeltec_ros2/src/install/lidar_ros2/share/lidar_ros2/cmake/lidar_ros2Config-version.cmake
[0.585s] -- Up-to-date: /home/wheeltec/wheeltec_ros2/src/install/lidar_ros2/share/lidar_ros2/package.xml
[0.586s] Invoked command in '/home/wheeltec/wheeltec_ros2/src/build/lidar_ros2' returned '0': /usr/bin/cmake --install /home/wheeltec/wheeltec_ros2/src/build/lidar_ros2
