[0.054s] Invoking command in '/home/wheeltec/wheeltec_ros2/src/build/wheeltec_joy': /usr/bin/cmake --build /home/wheeltec/wheeltec_ros2/src/build/wheeltec_joy -- -j4 -l4
[0.584s] [100%] Built target wheeltec_joy
[0.626s] Invoked command in '/home/wheeltec/wheeltec_ros2/src/build/wheeltec_joy' returned '0': /usr/bin/cmake --build /home/wheeltec/wheeltec_ros2/src/build/wheeltec_joy -- -j4 -l4
[0.641s] Invoking command in '/home/wheeltec/wheeltec_ros2/src/build/wheeltec_joy': /usr/bin/cmake --install /home/wheeltec/wheeltec_ros2/src/build/wheeltec_joy
[0.686s] -- Install configuration: ""
[0.694s] -- Up-to-date: /home/wheeltec/wheeltec_ros2/src/install/wheeltec_joy/lib/wheeltec_joy/wheeltec_joy
[0.696s] -- Up-to-date: /home/wheeltec/wheeltec_ros2/src/install/wheeltec_joy/share/wheeltec_joy/launch
[0.697s] -- Up-to-date: /home/wheeltec/wheeltec_ros2/src/install/wheeltec_joy/share/wheeltec_joy/launch/wheeltec_joy.launch.py
[0.698s] -- Up-to-date: /home/wheeltec/wheeltec_ros2/src/install/wheeltec_joy/share/wheeltec_joy/launch/only_joy.launch.py
[0.699s] -- Up-to-date: /home/wheeltec/wheeltec_ros2/src/install/wheeltec_joy/share/ament_index/resource_index/package_run_dependencies/wheeltec_joy
[0.700s] -- Up-to-date: /home/wheeltec/wheeltec_ros2/src/install/wheeltec_joy/share/ament_index/resource_index/parent_prefix_path/wheeltec_joy
[0.701s] -- Up-to-date: /home/wheeltec/wheeltec_ros2/src/install/wheeltec_joy/share/wheeltec_joy/environment/ament_prefix_path.sh
[0.702s] -- Up-to-date: /home/wheeltec/wheeltec_ros2/src/install/wheeltec_joy/share/wheeltec_joy/environment/ament_prefix_path.dsv
[0.702s] -- Up-to-date: /home/wheeltec/wheeltec_ros2/src/install/wheeltec_joy/share/wheeltec_joy/environment/path.sh
[0.703s] -- Up-to-date: /home/wheeltec/wheeltec_ros2/src/install/wheeltec_joy/share/wheeltec_joy/environment/path.dsv
[0.704s] -- Up-to-date: /home/wheeltec/wheeltec_ros2/src/install/wheeltec_joy/share/wheeltec_joy/local_setup.bash
[0.704s] -- Up-to-date: /home/wheeltec/wheeltec_ros2/src/install/wheeltec_joy/share/wheeltec_joy/local_setup.sh
[0.705s] -- Up-to-date: /home/wheeltec/wheeltec_ros2/src/install/wheeltec_joy/share/wheeltec_joy/local_setup.zsh
[0.705s] -- Up-to-date: /home/wheeltec/wheeltec_ros2/src/install/wheeltec_joy/share/wheeltec_joy/local_setup.dsv
[0.706s] -- Installing: /home/wheeltec/wheeltec_ros2/src/install/wheeltec_joy/share/wheeltec_joy/package.dsv
[0.707s] -- Up-to-date: /home/wheeltec/wheeltec_ros2/src/install/wheeltec_joy/share/ament_index/resource_index/packages/wheeltec_joy
[0.708s] -- Up-to-date: /home/wheeltec/wheeltec_ros2/src/install/wheeltec_joy/share/wheeltec_joy/cmake/wheeltec_joyConfig.cmake
[0.708s] -- Up-to-date: /home/wheeltec/wheeltec_ros2/src/install/wheeltec_joy/share/wheeltec_joy/cmake/wheeltec_joyConfig-version.cmake
[0.709s] -- Up-to-date: /home/wheeltec/wheeltec_ros2/src/install/wheeltec_joy/share/wheeltec_joy/package.xml
[0.722s] Invoked command in '/home/wheeltec/wheeltec_ros2/src/build/wheeltec_joy' returned '0': /usr/bin/cmake --install /home/wheeltec/wheeltec_ros2/src/build/wheeltec_joy
