[0.144s] Invoking command in '/home/wheeltec/wheeltec_ros2/src/build/nav_2d_msgs': /usr/bin/cmake --build /home/wheeltec/wheeltec_ros2/src/build/nav_2d_msgs -- -j4 -l4
[0.629s] [  1%] Built target nav_2d_msgs__cpp
[0.788s] [ 12%] Built target nav_2d_msgs__rosidl_generator_c
[0.840s] [ 23%] Built target nav_2d_msgs__rosidl_typesupport_introspection_cpp
[0.848s] [ 35%] Built target nav_2d_msgs__rosidl_typesupport_cpp
[1.004s] [ 46%] Built target nav_2d_msgs__rosidl_typesupport_fastrtps_cpp
[1.047s] [ 57%] Built target nav_2d_msgs__rosidl_typesupport_c
[1.081s] [ 69%] Built target nav_2d_msgs__rosidl_typesupport_introspection_c
[1.204s] [ 80%] Built target nav_2d_msgs__rosidl_typesupport_fastrtps_c
[1.299s] [ 80%] Built target nav_2d_msgs
[1.411s] [ 81%] Built target nav_2d_msgs__py
[1.468s] [35m[1mScanning dependencies of target nav_2d_msgs__python[0m
[1.643s] [ 83%] [32mBuilding C object CMakeFiles/nav_2d_msgs__python.dir/rosidl_generator_py/nav_2d_msgs/msg/_path2_d_s.c.o[0m
[1.668s] [ 85%] [32mBuilding C object CMakeFiles/nav_2d_msgs__python.dir/rosidl_generator_py/nav_2d_msgs/msg/_pose2_d_stamped_s.c.o[0m
[1.669s] [ 85%] [32mBuilding C object CMakeFiles/nav_2d_msgs__python.dir/rosidl_generator_py/nav_2d_msgs/msg/_pose2_d32_s.c.o[0m
[1.695s] [ 87%] [32mBuilding C object CMakeFiles/nav_2d_msgs__python.dir/rosidl_generator_py/nav_2d_msgs/msg/_twist2_d_s.c.o[0m
[2.725s] [ 88%] [32mBuilding C object CMakeFiles/nav_2d_msgs__python.dir/rosidl_generator_py/nav_2d_msgs/msg/_twist2_d32_s.c.o[0m
[2.739s] [ 90%] [32mBuilding C object CMakeFiles/nav_2d_msgs__python.dir/rosidl_generator_py/nav_2d_msgs/msg/_twist2_d_stamped_s.c.o[0m
[3.295s] [ 91%] [32m[1mLinking C shared library rosidl_generator_py/nav_2d_msgs/libnav_2d_msgs__python.so[0m
[3.590s] [ 91%] Built target nav_2d_msgs__python
[3.719s] [35m[1mScanning dependencies of target nav_2d_msgs__rosidl_typesupport_introspection_c__pyext[0m
[3.765s] [35m[1mScanning dependencies of target nav_2d_msgs__rosidl_typesupport_c__pyext[0m
[3.766s] [35m[1mScanning dependencies of target nav_2d_msgs__rosidl_typesupport_fastrtps_c__pyext[0m
[3.951s] [ 92%] [32mBuilding C object CMakeFiles/nav_2d_msgs__rosidl_typesupport_fastrtps_c__pyext.dir/rosidl_generator_py/nav_2d_msgs/_nav_2d_msgs_s.ep.rosidl_typesupport_fastrtps_c.c.o[0m
[3.956s] [ 94%] [32mBuilding C object CMakeFiles/nav_2d_msgs__rosidl_typesupport_c__pyext.dir/rosidl_generator_py/nav_2d_msgs/_nav_2d_msgs_s.ep.rosidl_typesupport_c.c.o[0m
[4.048s] [ 95%] [32mBuilding C object CMakeFiles/nav_2d_msgs__rosidl_typesupport_introspection_c__pyext.dir/rosidl_generator_py/nav_2d_msgs/_nav_2d_msgs_s.ep.rosidl_typesupport_introspection_c.c.o[0m
[4.658s] [ 97%] [32m[1mLinking C shared library rosidl_generator_py/nav_2d_msgs/nav_2d_msgs_s__rosidl_typesupport_c.cpython-38-aarch64-linux-gnu.so[0m
[4.979s] [ 98%] [32m[1mLinking CXX shared library rosidl_generator_py/nav_2d_msgs/nav_2d_msgs_s__rosidl_typesupport_fastrtps_c.cpython-38-aarch64-linux-gnu.so[0m
[4.993s] [100%] [32m[1mLinking C shared library rosidl_generator_py/nav_2d_msgs/nav_2d_msgs_s__rosidl_typesupport_introspection_c.cpython-38-aarch64-linux-gnu.so[0m
[4.998s] [100%] Built target nav_2d_msgs__rosidl_typesupport_c__pyext
[5.249s] [100%] Built target nav_2d_msgs__rosidl_typesupport_introspection_c__pyext
[5.324s] [100%] Built target nav_2d_msgs__rosidl_typesupport_fastrtps_c__pyext
[5.371s] Invoked command in '/home/wheeltec/wheeltec_ros2/src/build/nav_2d_msgs' returned '0': /usr/bin/cmake --build /home/wheeltec/wheeltec_ros2/src/build/nav_2d_msgs -- -j4 -l4
[5.377s] Invoking command in '/home/wheeltec/wheeltec_ros2/src/build/nav_2d_msgs': /usr/bin/cmake --install /home/wheeltec/wheeltec_ros2/src/build/nav_2d_msgs
[5.444s] -- Install configuration: ""
[5.449s] -- Up-to-date: /home/wheeltec/wheeltec_ros2/src/install/nav_2d_msgs/share/ament_index/resource_index/rosidl_interfaces/nav_2d_msgs
[5.456s] -- Up-to-date: /home/wheeltec/wheeltec_ros2/src/install/nav_2d_msgs/include/nav_2d_msgs
[5.457s] -- Up-to-date: /home/wheeltec/wheeltec_ros2/src/install/nav_2d_msgs/include/nav_2d_msgs/msg
[5.458s] -- Up-to-date: /home/wheeltec/wheeltec_ros2/src/install/nav_2d_msgs/include/nav_2d_msgs/msg/twist2_d.h
[5.459s] -- Up-to-date: /home/wheeltec/wheeltec_ros2/src/install/nav_2d_msgs/include/nav_2d_msgs/msg/path2_d.h
[5.459s] -- Up-to-date: /home/wheeltec/wheeltec_ros2/src/install/nav_2d_msgs/include/nav_2d_msgs/msg/twist2_d32.h
[5.460s] -- Up-to-date: /home/wheeltec/wheeltec_ros2/src/install/nav_2d_msgs/include/nav_2d_msgs/msg/detail
[5.460s] -- Up-to-date: /home/wheeltec/wheeltec_ros2/src/install/nav_2d_msgs/include/nav_2d_msgs/msg/detail/twist2_d_stamped__functions.c
[5.461s] -- Up-to-date: /home/wheeltec/wheeltec_ros2/src/install/nav_2d_msgs/include/nav_2d_msgs/msg/detail/twist2_d32__functions.c
[5.462s] -- Up-to-date: /home/wheeltec/wheeltec_ros2/src/install/nav_2d_msgs/include/nav_2d_msgs/msg/detail/pose2_d_stamped__functions.h
[5.463s] -- Up-to-date: /home/wheeltec/wheeltec_ros2/src/install/nav_2d_msgs/include/nav_2d_msgs/msg/detail/path2_d__functions.h
[5.464s] -- Up-to-date: /home/wheeltec/wheeltec_ros2/src/install/nav_2d_msgs/include/nav_2d_msgs/msg/detail/twist2_d32__functions.h
[5.464s] -- Up-to-date: /home/wheeltec/wheeltec_ros2/src/install/nav_2d_msgs/include/nav_2d_msgs/msg/detail/path2_d__type_support.h
[5.465s] -- Up-to-date: /home/wheeltec/wheeltec_ros2/src/install/nav_2d_msgs/include/nav_2d_msgs/msg/detail/pose2_d_stamped__functions.c
[5.465s] -- Up-to-date: /home/wheeltec/wheeltec_ros2/src/install/nav_2d_msgs/include/nav_2d_msgs/msg/detail/twist2_d__struct.h
[5.466s] -- Up-to-date: /home/wheeltec/wheeltec_ros2/src/install/nav_2d_msgs/include/nav_2d_msgs/msg/detail/pose2_d32__functions.c
[5.467s] -- Up-to-date: /home/wheeltec/wheeltec_ros2/src/install/nav_2d_msgs/include/nav_2d_msgs/msg/detail/twist2_d_stamped__struct.h
[5.468s] -- Up-to-date: /home/wheeltec/wheeltec_ros2/src/install/nav_2d_msgs/include/nav_2d_msgs/msg/detail/twist2_d__functions.h
[5.472s] -- Up-to-date: /home/wheeltec/wheeltec_ros2/src/install/nav_2d_msgs/include/nav_2d_msgs/msg/detail/pose2_d32__struct.h
[5.478s] -- Up-to-date: /home/wheeltec/wheeltec_ros2/src/install/nav_2d_msgs/include/nav_2d_msgs/msg/detail/twist2_d32__type_support.h
[5.478s] -- Up-to-date: /home/wheeltec/wheeltec_ros2/src/install/nav_2d_msgs/include/nav_2d_msgs/msg/detail/twist2_d_stamped__functions.h
[5.479s] -- Up-to-date: /home/wheeltec/wheeltec_ros2/src/install/nav_2d_msgs/include/nav_2d_msgs/msg/detail/twist2_d__functions.c
[5.480s] -- Up-to-date: /home/wheeltec/wheeltec_ros2/src/install/nav_2d_msgs/include/nav_2d_msgs/msg/detail/pose2_d_stamped__struct.h
[5.480s] -- Up-to-date: /home/wheeltec/wheeltec_ros2/src/install/nav_2d_msgs/include/nav_2d_msgs/msg/detail/pose2_d_stamped__type_support.h
[5.481s] -- Up-to-date: /home/wheeltec/wheeltec_ros2/src/install/nav_2d_msgs/include/nav_2d_msgs/msg/detail/path2_d__struct.h
[5.481s] -- Up-to-date: /home/wheeltec/wheeltec_ros2/src/install/nav_2d_msgs/include/nav_2d_msgs/msg/detail/pose2_d32__functions.h
[5.485s] -- Up-to-date: /home/wheeltec/wheeltec_ros2/src/install/nav_2d_msgs/include/nav_2d_msgs/msg/detail/pose2_d32__type_support.h
[5.486s] -- Up-to-date: /home/wheeltec/wheeltec_ros2/src/install/nav_2d_msgs/include/nav_2d_msgs/msg/detail/twist2_d_stamped__type_support.h
[5.487s] -- Up-to-date: /home/wheeltec/wheeltec_ros2/src/install/nav_2d_msgs/include/nav_2d_msgs/msg/detail/twist2_d__type_support.h
[5.488s] -- Up-to-date: /home/wheeltec/wheeltec_ros2/src/install/nav_2d_msgs/include/nav_2d_msgs/msg/detail/twist2_d32__struct.h
[5.488s] -- Up-to-date: /home/wheeltec/wheeltec_ros2/src/install/nav_2d_msgs/include/nav_2d_msgs/msg/detail/path2_d__functions.c
[5.490s] -- Up-to-date: /home/wheeltec/wheeltec_ros2/src/install/nav_2d_msgs/include/nav_2d_msgs/msg/pose2_d_stamped.h
[5.496s] -- Up-to-date: /home/wheeltec/wheeltec_ros2/src/install/nav_2d_msgs/include/nav_2d_msgs/msg/rosidl_generator_c__visibility_control.h
[5.497s] -- Up-to-date: /home/wheeltec/wheeltec_ros2/src/install/nav_2d_msgs/include/nav_2d_msgs/msg/twist2_d_stamped.h
[5.498s] -- Up-to-date: /home/wheeltec/wheeltec_ros2/src/install/nav_2d_msgs/include/nav_2d_msgs/msg/pose2_d32.h
[5.499s] -- Up-to-date: /home/wheeltec/wheeltec_ros2/src/install/nav_2d_msgs/share/nav_2d_msgs/environment/library_path.sh
[5.500s] -- Up-to-date: /home/wheeltec/wheeltec_ros2/src/install/nav_2d_msgs/share/nav_2d_msgs/environment/library_path.dsv
[5.516s] -- Up-to-date: /home/wheeltec/wheeltec_ros2/src/install/nav_2d_msgs/lib/libnav_2d_msgs__rosidl_generator_c.so
[5.517s] -- Up-to-date: /home/wheeltec/wheeltec_ros2/src/install/nav_2d_msgs/include/nav_2d_msgs
[5.518s] -- Up-to-date: /home/wheeltec/wheeltec_ros2/src/install/nav_2d_msgs/include/nav_2d_msgs/msg
[5.523s] -- Up-to-date: /home/wheeltec/wheeltec_ros2/src/install/nav_2d_msgs/include/nav_2d_msgs/msg/detail
[5.523s] -- Up-to-date: /home/wheeltec/wheeltec_ros2/src/install/nav_2d_msgs/include/nav_2d_msgs/msg/detail/twist2_d32__rosidl_typesupport_fastrtps_c.h
[5.524s] -- Up-to-date: /home/wheeltec/wheeltec_ros2/src/install/nav_2d_msgs/include/nav_2d_msgs/msg/detail/twist2_d__rosidl_typesupport_fastrtps_c.h
[5.524s] -- Up-to-date: /home/wheeltec/wheeltec_ros2/src/install/nav_2d_msgs/include/nav_2d_msgs/msg/detail/twist2_d_stamped__rosidl_typesupport_fastrtps_c.h
[5.525s] -- Up-to-date: /home/wheeltec/wheeltec_ros2/src/install/nav_2d_msgs/include/nav_2d_msgs/msg/detail/pose2_d32__rosidl_typesupport_fastrtps_c.h
[5.525s] -- Up-to-date: /home/wheeltec/wheeltec_ros2/src/install/nav_2d_msgs/include/nav_2d_msgs/msg/detail/path2_d__rosidl_typesupport_fastrtps_c.h
[5.525s] -- Up-to-date: /home/wheeltec/wheeltec_ros2/src/install/nav_2d_msgs/include/nav_2d_msgs/msg/detail/pose2_d_stamped__rosidl_typesupport_fastrtps_c.h
[5.526s] -- Up-to-date: /home/wheeltec/wheeltec_ros2/src/install/nav_2d_msgs/include/nav_2d_msgs/msg/rosidl_typesupport_fastrtps_c__visibility_control.h
[5.528s] -- Up-to-date: /home/wheeltec/wheeltec_ros2/src/install/nav_2d_msgs/lib/libnav_2d_msgs__rosidl_typesupport_fastrtps_c.so
[5.529s] -- Up-to-date: /home/wheeltec/wheeltec_ros2/src/install/nav_2d_msgs/include/nav_2d_msgs
[5.529s] -- Up-to-date: /home/wheeltec/wheeltec_ros2/src/install/nav_2d_msgs/include/nav_2d_msgs/msg
[5.529s] -- Up-to-date: /home/wheeltec/wheeltec_ros2/src/install/nav_2d_msgs/include/nav_2d_msgs/msg/rosidl_typesupport_fastrtps_cpp__visibility_control.h
[5.531s] -- Up-to-date: /home/wheeltec/wheeltec_ros2/src/install/nav_2d_msgs/include/nav_2d_msgs/msg/detail
[5.532s] -- Up-to-date: /home/wheeltec/wheeltec_ros2/src/install/nav_2d_msgs/include/nav_2d_msgs/msg/detail/twist2_d32__rosidl_typesupport_fastrtps_cpp.hpp
[5.546s] -- Up-to-date: /home/wheeltec/wheeltec_ros2/src/install/nav_2d_msgs/include/nav_2d_msgs/msg/detail/twist2_d__rosidl_typesupport_fastrtps_cpp.hpp
[5.547s] -- Up-to-date: /home/wheeltec/wheeltec_ros2/src/install/nav_2d_msgs/include/nav_2d_msgs/msg/detail/path2_d__rosidl_typesupport_fastrtps_cpp.hpp
[5.547s] -- Up-to-date: /home/wheeltec/wheeltec_ros2/src/install/nav_2d_msgs/include/nav_2d_msgs/msg/detail/twist2_d_stamped__rosidl_typesupport_fastrtps_cpp.hpp
[5.548s] -- Up-to-date: /home/wheeltec/wheeltec_ros2/src/install/nav_2d_msgs/include/nav_2d_msgs/msg/detail/dds_fastrtps
[5.548s] -- Up-to-date: /home/wheeltec/wheeltec_ros2/src/install/nav_2d_msgs/include/nav_2d_msgs/msg/detail/pose2_d_stamped__rosidl_typesupport_fastrtps_cpp.hpp
[5.549s] -- Up-to-date: /home/wheeltec/wheeltec_ros2/src/install/nav_2d_msgs/include/nav_2d_msgs/msg/detail/pose2_d32__rosidl_typesupport_fastrtps_cpp.hpp
[5.550s] -- Up-to-date: /home/wheeltec/wheeltec_ros2/src/install/nav_2d_msgs/lib/libnav_2d_msgs__rosidl_typesupport_fastrtps_cpp.so
[5.556s] -- Up-to-date: /home/wheeltec/wheeltec_ros2/src/install/nav_2d_msgs/include/nav_2d_msgs
[5.557s] -- Up-to-date: /home/wheeltec/wheeltec_ros2/src/install/nav_2d_msgs/include/nav_2d_msgs/msg
[5.557s] -- Up-to-date: /home/wheeltec/wheeltec_ros2/src/install/nav_2d_msgs/include/nav_2d_msgs/msg/detail
[5.558s] -- Up-to-date: /home/wheeltec/wheeltec_ros2/src/install/nav_2d_msgs/include/nav_2d_msgs/msg/detail/twist2_d__type_support.c
[5.558s] -- Up-to-date: /home/wheeltec/wheeltec_ros2/src/install/nav_2d_msgs/include/nav_2d_msgs/msg/detail/twist2_d_stamped__type_support.c
[5.559s] -- Up-to-date: /home/wheeltec/wheeltec_ros2/src/install/nav_2d_msgs/include/nav_2d_msgs/msg/detail/twist2_d32__type_support.c
[5.560s] -- Up-to-date: /home/wheeltec/wheeltec_ros2/src/install/nav_2d_msgs/include/nav_2d_msgs/msg/detail/twist2_d_stamped__rosidl_typesupport_introspection_c.h
[5.561s] -- Up-to-date: /home/wheeltec/wheeltec_ros2/src/install/nav_2d_msgs/include/nav_2d_msgs/msg/detail/twist2_d__rosidl_typesupport_introspection_c.h
[5.561s] -- Up-to-date: /home/wheeltec/wheeltec_ros2/src/install/nav_2d_msgs/include/nav_2d_msgs/msg/detail/path2_d__rosidl_typesupport_introspection_c.h
[5.562s] -- Up-to-date: /home/wheeltec/wheeltec_ros2/src/install/nav_2d_msgs/include/nav_2d_msgs/msg/detail/path2_d__type_support.c
[5.563s] -- Up-to-date: /home/wheeltec/wheeltec_ros2/src/install/nav_2d_msgs/include/nav_2d_msgs/msg/detail/twist2_d32__rosidl_typesupport_introspection_c.h
[5.563s] -- Up-to-date: /home/wheeltec/wheeltec_ros2/src/install/nav_2d_msgs/include/nav_2d_msgs/msg/detail/pose2_d32__type_support.c
[5.564s] -- Up-to-date: /home/wheeltec/wheeltec_ros2/src/install/nav_2d_msgs/include/nav_2d_msgs/msg/detail/pose2_d_stamped__type_support.c
[5.565s] -- Up-to-date: /home/wheeltec/wheeltec_ros2/src/install/nav_2d_msgs/include/nav_2d_msgs/msg/detail/pose2_d_stamped__rosidl_typesupport_introspection_c.h
[5.565s] -- Up-to-date: /home/wheeltec/wheeltec_ros2/src/install/nav_2d_msgs/include/nav_2d_msgs/msg/detail/pose2_d32__rosidl_typesupport_introspection_c.h
[5.566s] -- Up-to-date: /home/wheeltec/wheeltec_ros2/src/install/nav_2d_msgs/include/nav_2d_msgs/msg/rosidl_typesupport_introspection_c__visibility_control.h
[5.575s] -- Up-to-date: /home/wheeltec/wheeltec_ros2/src/install/nav_2d_msgs/lib/libnav_2d_msgs__rosidl_typesupport_introspection_c.so
[5.576s] -- Up-to-date: /home/wheeltec/wheeltec_ros2/src/install/nav_2d_msgs/lib/libnav_2d_msgs__rosidl_typesupport_c.so
[5.586s] -- Up-to-date: /home/wheeltec/wheeltec_ros2/src/install/nav_2d_msgs/include/nav_2d_msgs
[5.587s] -- Up-to-date: /home/wheeltec/wheeltec_ros2/src/install/nav_2d_msgs/include/nav_2d_msgs/msg
[5.588s] -- Up-to-date: /home/wheeltec/wheeltec_ros2/src/install/nav_2d_msgs/include/nav_2d_msgs/msg/path2_d.hpp
[5.588s] -- Up-to-date: /home/wheeltec/wheeltec_ros2/src/install/nav_2d_msgs/include/nav_2d_msgs/msg/twist2_d_stamped.hpp
[5.589s] -- Up-to-date: /home/wheeltec/wheeltec_ros2/src/install/nav_2d_msgs/include/nav_2d_msgs/msg/detail
[5.589s] -- Up-to-date: /home/wheeltec/wheeltec_ros2/src/install/nav_2d_msgs/include/nav_2d_msgs/msg/detail/path2_d__builder.hpp
[5.590s] -- Up-to-date: /home/wheeltec/wheeltec_ros2/src/install/nav_2d_msgs/include/nav_2d_msgs/msg/detail/twist2_d32__builder.hpp
[5.591s] -- Up-to-date: /home/wheeltec/wheeltec_ros2/src/install/nav_2d_msgs/include/nav_2d_msgs/msg/detail/pose2_d32__struct.hpp
[5.592s] -- Up-to-date: /home/wheeltec/wheeltec_ros2/src/install/nav_2d_msgs/include/nav_2d_msgs/msg/detail/twist2_d32__struct.hpp
[5.592s] -- Up-to-date: /home/wheeltec/wheeltec_ros2/src/install/nav_2d_msgs/include/nav_2d_msgs/msg/detail/pose2_d32__builder.hpp
[5.593s] -- Up-to-date: /home/wheeltec/wheeltec_ros2/src/install/nav_2d_msgs/include/nav_2d_msgs/msg/detail/pose2_d_stamped__traits.hpp
[5.599s] -- Up-to-date: /home/wheeltec/wheeltec_ros2/src/install/nav_2d_msgs/include/nav_2d_msgs/msg/detail/path2_d__traits.hpp
[5.599s] -- Up-to-date: /home/wheeltec/wheeltec_ros2/src/install/nav_2d_msgs/include/nav_2d_msgs/msg/detail/pose2_d_stamped__builder.hpp
[5.601s] -- Up-to-date: /home/wheeltec/wheeltec_ros2/src/install/nav_2d_msgs/include/nav_2d_msgs/msg/detail/pose2_d_stamped__struct.hpp
[5.601s] -- Up-to-date: /home/wheeltec/wheeltec_ros2/src/install/nav_2d_msgs/include/nav_2d_msgs/msg/detail/twist2_d__builder.hpp
[5.601s] -- Up-to-date: /home/wheeltec/wheeltec_ros2/src/install/nav_2d_msgs/include/nav_2d_msgs/msg/detail/twist2_d__traits.hpp
[5.602s] -- Up-to-date: /home/wheeltec/wheeltec_ros2/src/install/nav_2d_msgs/include/nav_2d_msgs/msg/detail/path2_d__struct.hpp
[5.603s] -- Up-to-date: /home/wheeltec/wheeltec_ros2/src/install/nav_2d_msgs/include/nav_2d_msgs/msg/detail/pose2_d32__traits.hpp
[5.603s] -- Up-to-date: /home/wheeltec/wheeltec_ros2/src/install/nav_2d_msgs/include/nav_2d_msgs/msg/detail/twist2_d_stamped__builder.hpp
[5.604s] -- Up-to-date: /home/wheeltec/wheeltec_ros2/src/install/nav_2d_msgs/include/nav_2d_msgs/msg/detail/twist2_d_stamped__traits.hpp
[5.604s] -- Up-to-date: /home/wheeltec/wheeltec_ros2/src/install/nav_2d_msgs/include/nav_2d_msgs/msg/detail/twist2_d_stamped__struct.hpp
[5.605s] -- Up-to-date: /home/wheeltec/wheeltec_ros2/src/install/nav_2d_msgs/include/nav_2d_msgs/msg/detail/twist2_d32__traits.hpp
[5.605s] -- Up-to-date: /home/wheeltec/wheeltec_ros2/src/install/nav_2d_msgs/include/nav_2d_msgs/msg/detail/twist2_d__struct.hpp
[5.614s] -- Up-to-date: /home/wheeltec/wheeltec_ros2/src/install/nav_2d_msgs/include/nav_2d_msgs/msg/twist2_d32.hpp
[5.614s] -- Up-to-date: /home/wheeltec/wheeltec_ros2/src/install/nav_2d_msgs/include/nav_2d_msgs/msg/pose2_d32.hpp
[5.615s] -- Up-to-date: /home/wheeltec/wheeltec_ros2/src/install/nav_2d_msgs/include/nav_2d_msgs/msg/twist2_d.hpp
[5.615s] -- Up-to-date: /home/wheeltec/wheeltec_ros2/src/install/nav_2d_msgs/include/nav_2d_msgs/msg/pose2_d_stamped.hpp
[5.616s] -- Up-to-date: /home/wheeltec/wheeltec_ros2/src/install/nav_2d_msgs/include/nav_2d_msgs
[5.616s] -- Up-to-date: /home/wheeltec/wheeltec_ros2/src/install/nav_2d_msgs/include/nav_2d_msgs/msg
[5.616s] -- Up-to-date: /home/wheeltec/wheeltec_ros2/src/install/nav_2d_msgs/include/nav_2d_msgs/msg/detail
[5.617s] -- Up-to-date: /home/wheeltec/wheeltec_ros2/src/install/nav_2d_msgs/include/nav_2d_msgs/msg/detail/twist2_d_stamped__rosidl_typesupport_introspection_cpp.hpp
[5.617s] -- Up-to-date: /home/wheeltec/wheeltec_ros2/src/install/nav_2d_msgs/include/nav_2d_msgs/msg/detail/path2_d__type_support.cpp
[5.617s] -- Up-to-date: /home/wheeltec/wheeltec_ros2/src/install/nav_2d_msgs/include/nav_2d_msgs/msg/detail/twist2_d32__rosidl_typesupport_introspection_cpp.hpp
[5.618s] -- Up-to-date: /home/wheeltec/wheeltec_ros2/src/install/nav_2d_msgs/include/nav_2d_msgs/msg/detail/twist2_d32__type_support.cpp
[5.618s] -- Up-to-date: /home/wheeltec/wheeltec_ros2/src/install/nav_2d_msgs/include/nav_2d_msgs/msg/detail/twist2_d_stamped__type_support.cpp
[5.619s] -- Up-to-date: /home/wheeltec/wheeltec_ros2/src/install/nav_2d_msgs/include/nav_2d_msgs/msg/detail/twist2_d__rosidl_typesupport_introspection_cpp.hpp
[5.619s] -- Up-to-date: /home/wheeltec/wheeltec_ros2/src/install/nav_2d_msgs/include/nav_2d_msgs/msg/detail/pose2_d_stamped__type_support.cpp
[5.619s] -- Up-to-date: /home/wheeltec/wheeltec_ros2/src/install/nav_2d_msgs/include/nav_2d_msgs/msg/detail/pose2_d32__type_support.cpp
[5.646s] -- Up-to-date: /home/wheeltec/wheeltec_ros2/src/install/nav_2d_msgs/include/nav_2d_msgs/msg/detail/path2_d__rosidl_typesupport_introspection_cpp.hpp
[5.646s] -- Up-to-date: /home/wheeltec/wheeltec_ros2/src/install/nav_2d_msgs/include/nav_2d_msgs/msg/detail/twist2_d__type_support.cpp
[5.647s] -- Up-to-date: /home/wheeltec/wheeltec_ros2/src/install/nav_2d_msgs/include/nav_2d_msgs/msg/detail/pose2_d_stamped__rosidl_typesupport_introspection_cpp.hpp
[5.647s] -- Up-to-date: /home/wheeltec/wheeltec_ros2/src/install/nav_2d_msgs/include/nav_2d_msgs/msg/detail/pose2_d32__rosidl_typesupport_introspection_cpp.hpp
[5.649s] -- Up-to-date: /home/wheeltec/wheeltec_ros2/src/install/nav_2d_msgs/lib/libnav_2d_msgs__rosidl_typesupport_introspection_cpp.so
[5.650s] -- Up-to-date: /home/wheeltec/wheeltec_ros2/src/install/nav_2d_msgs/lib/libnav_2d_msgs__rosidl_typesupport_cpp.so
[5.650s] -- Up-to-date: /home/wheeltec/wheeltec_ros2/src/install/nav_2d_msgs/share/nav_2d_msgs/environment/pythonpath.sh
[5.651s] -- Up-to-date: /home/wheeltec/wheeltec_ros2/src/install/nav_2d_msgs/share/nav_2d_msgs/environment/pythonpath.dsv
[5.652s] -- Up-to-date: /home/wheeltec/wheeltec_ros2/src/install/nav_2d_msgs/lib/python3.8/site-packages/nav_2d_msgs/__init__.py
[5.927s] -- Up-to-date: /home/wheeltec/wheeltec_ros2/src/install/nav_2d_msgs/lib/python3.8/site-packages/nav_2d_msgs/msg
[5.930s] -- Up-to-date: /home/wheeltec/wheeltec_ros2/src/install/nav_2d_msgs/lib/python3.8/site-packages/nav_2d_msgs/msg/__init__.py
[5.931s] -- Up-to-date: /home/wheeltec/wheeltec_ros2/src/install/nav_2d_msgs/lib/python3.8/site-packages/nav_2d_msgs/msg/_pose2_d_stamped_s.c
[5.932s] -- Up-to-date: /home/wheeltec/wheeltec_ros2/src/install/nav_2d_msgs/lib/python3.8/site-packages/nav_2d_msgs/msg/_pose2_d32_s.c
[5.932s] -- Up-to-date: /home/wheeltec/wheeltec_ros2/src/install/nav_2d_msgs/lib/python3.8/site-packages/nav_2d_msgs/msg/_twist2_d32_s.c
[5.932s] -- Up-to-date: /home/wheeltec/wheeltec_ros2/src/install/nav_2d_msgs/lib/python3.8/site-packages/nav_2d_msgs/msg/_twist2_d.py
[5.936s] -- Up-to-date: /home/wheeltec/wheeltec_ros2/src/install/nav_2d_msgs/lib/python3.8/site-packages/nav_2d_msgs/msg/_twist2_d_s.c
[5.936s] -- Up-to-date: /home/wheeltec/wheeltec_ros2/src/install/nav_2d_msgs/lib/python3.8/site-packages/nav_2d_msgs/msg/_twist2_d_stamped.py
[5.937s] -- Up-to-date: /home/wheeltec/wheeltec_ros2/src/install/nav_2d_msgs/lib/python3.8/site-packages/nav_2d_msgs/msg/_pose2_d32.py
[5.940s] -- Up-to-date: /home/wheeltec/wheeltec_ros2/src/install/nav_2d_msgs/lib/python3.8/site-packages/nav_2d_msgs/msg/_path2_d_s.c
[5.941s] -- Up-to-date: /home/wheeltec/wheeltec_ros2/src/install/nav_2d_msgs/lib/python3.8/site-packages/nav_2d_msgs/msg/_path2_d.py
[5.941s] -- Up-to-date: /home/wheeltec/wheeltec_ros2/src/install/nav_2d_msgs/lib/python3.8/site-packages/nav_2d_msgs/msg/_twist2_d32.py
[5.946s] -- Up-to-date: /home/wheeltec/wheeltec_ros2/src/install/nav_2d_msgs/lib/python3.8/site-packages/nav_2d_msgs/msg/_pose2_d_stamped.py
[5.947s] -- Up-to-date: /home/wheeltec/wheeltec_ros2/src/install/nav_2d_msgs/lib/python3.8/site-packages/nav_2d_msgs/msg/_twist2_d_stamped_s.c
[5.950s] -- Installing: /home/wheeltec/wheeltec_ros2/src/install/nav_2d_msgs/lib/python3.8/site-packages/nav_2d_msgs/nav_2d_msgs_s__rosidl_typesupport_fastrtps_c.cpython-38-aarch64-linux-gnu.so
[5.951s] -- Set runtime path of "/home/wheeltec/wheeltec_ros2/src/install/nav_2d_msgs/lib/python3.8/site-packages/nav_2d_msgs/nav_2d_msgs_s__rosidl_typesupport_fastrtps_c.cpython-38-aarch64-linux-gnu.so" to ""
[5.951s] -- Installing: /home/wheeltec/wheeltec_ros2/src/install/nav_2d_msgs/lib/python3.8/site-packages/nav_2d_msgs/nav_2d_msgs_s__rosidl_typesupport_introspection_c.cpython-38-aarch64-linux-gnu.so
[5.957s] -- Set runtime path of "/home/wheeltec/wheeltec_ros2/src/install/nav_2d_msgs/lib/python3.8/site-packages/nav_2d_msgs/nav_2d_msgs_s__rosidl_typesupport_introspection_c.cpython-38-aarch64-linux-gnu.so" to ""
[5.970s] -- Installing: /home/wheeltec/wheeltec_ros2/src/install/nav_2d_msgs/lib/python3.8/site-packages/nav_2d_msgs/nav_2d_msgs_s__rosidl_typesupport_c.cpython-38-aarch64-linux-gnu.so
[5.971s] -- Set runtime path of "/home/wheeltec/wheeltec_ros2/src/install/nav_2d_msgs/lib/python3.8/site-packages/nav_2d_msgs/nav_2d_msgs_s__rosidl_typesupport_c.cpython-38-aarch64-linux-gnu.so" to ""
[5.977s] -- Installing: /home/wheeltec/wheeltec_ros2/src/install/nav_2d_msgs/lib/libnav_2d_msgs__python.so
[5.980s] -- Set runtime path of "/home/wheeltec/wheeltec_ros2/src/install/nav_2d_msgs/lib/libnav_2d_msgs__python.so" to ""
[5.980s] -- Up-to-date: /home/wheeltec/wheeltec_ros2/src/install/nav_2d_msgs/share/nav_2d_msgs/msg/Path2D.idl
[5.981s] -- Up-to-date: /home/wheeltec/wheeltec_ros2/src/install/nav_2d_msgs/share/nav_2d_msgs/msg/Pose2D32.idl
[5.981s] -- Up-to-date: /home/wheeltec/wheeltec_ros2/src/install/nav_2d_msgs/share/nav_2d_msgs/msg/Pose2DStamped.idl
[5.982s] -- Up-to-date: /home/wheeltec/wheeltec_ros2/src/install/nav_2d_msgs/share/nav_2d_msgs/msg/Twist2D.idl
[5.999s] -- Up-to-date: /home/wheeltec/wheeltec_ros2/src/install/nav_2d_msgs/share/nav_2d_msgs/msg/Twist2D32.idl
[5.999s] -- Up-to-date: /home/wheeltec/wheeltec_ros2/src/install/nav_2d_msgs/share/nav_2d_msgs/msg/Twist2DStamped.idl
[6.001s] -- Up-to-date: /home/wheeltec/wheeltec_ros2/src/install/nav_2d_msgs/share/nav_2d_msgs/msg/Path2D.msg
[6.001s] -- Up-to-date: /home/wheeltec/wheeltec_ros2/src/install/nav_2d_msgs/share/nav_2d_msgs/msg/Pose2D32.msg
[6.001s] -- Up-to-date: /home/wheeltec/wheeltec_ros2/src/install/nav_2d_msgs/share/nav_2d_msgs/msg/Pose2DStamped.msg
[6.002s] -- Up-to-date: /home/wheeltec/wheeltec_ros2/src/install/nav_2d_msgs/share/nav_2d_msgs/msg/Twist2D.msg
[6.002s] -- Up-to-date: /home/wheeltec/wheeltec_ros2/src/install/nav_2d_msgs/share/nav_2d_msgs/msg/Twist2D32.msg
[6.003s] -- Up-to-date: /home/wheeltec/wheeltec_ros2/src/install/nav_2d_msgs/share/nav_2d_msgs/msg/Twist2DStamped.msg
[6.003s] -- Up-to-date: /home/wheeltec/wheeltec_ros2/src/install/nav_2d_msgs/share/ament_index/resource_index/package_run_dependencies/nav_2d_msgs
[6.004s] -- Up-to-date: /home/wheeltec/wheeltec_ros2/src/install/nav_2d_msgs/share/ament_index/resource_index/parent_prefix_path/nav_2d_msgs
[6.005s] -- Up-to-date: /home/wheeltec/wheeltec_ros2/src/install/nav_2d_msgs/share/nav_2d_msgs/environment/ament_prefix_path.sh
[6.005s] -- Up-to-date: /home/wheeltec/wheeltec_ros2/src/install/nav_2d_msgs/share/nav_2d_msgs/environment/ament_prefix_path.dsv
[6.008s] -- Up-to-date: /home/wheeltec/wheeltec_ros2/src/install/nav_2d_msgs/share/nav_2d_msgs/environment/path.sh
[6.009s] -- Up-to-date: /home/wheeltec/wheeltec_ros2/src/install/nav_2d_msgs/share/nav_2d_msgs/environment/path.dsv
[6.018s] -- Up-to-date: /home/wheeltec/wheeltec_ros2/src/install/nav_2d_msgs/share/nav_2d_msgs/local_setup.bash
[6.019s] -- Up-to-date: /home/wheeltec/wheeltec_ros2/src/install/nav_2d_msgs/share/nav_2d_msgs/local_setup.sh
[6.019s] -- Up-to-date: /home/wheeltec/wheeltec_ros2/src/install/nav_2d_msgs/share/nav_2d_msgs/local_setup.zsh
[6.019s] -- Up-to-date: /home/wheeltec/wheeltec_ros2/src/install/nav_2d_msgs/share/nav_2d_msgs/local_setup.dsv
[6.020s] -- Installing: /home/wheeltec/wheeltec_ros2/src/install/nav_2d_msgs/share/nav_2d_msgs/package.dsv
[6.020s] -- Up-to-date: /home/wheeltec/wheeltec_ros2/src/install/nav_2d_msgs/share/ament_index/resource_index/packages/nav_2d_msgs
[6.020s] -- Up-to-date: /home/wheeltec/wheeltec_ros2/src/install/nav_2d_msgs/share/nav_2d_msgs/cmake/nav_2d_msgs__rosidl_generator_cExport.cmake
[6.021s] -- Up-to-date: /home/wheeltec/wheeltec_ros2/src/install/nav_2d_msgs/share/nav_2d_msgs/cmake/nav_2d_msgs__rosidl_generator_cExport-noconfig.cmake
[6.021s] -- Up-to-date: /home/wheeltec/wheeltec_ros2/src/install/nav_2d_msgs/share/nav_2d_msgs/cmake/nav_2d_msgs__rosidl_typesupport_introspection_cExport.cmake
[6.021s] -- Up-to-date: /home/wheeltec/wheeltec_ros2/src/install/nav_2d_msgs/share/nav_2d_msgs/cmake/nav_2d_msgs__rosidl_typesupport_introspection_cExport-noconfig.cmake
[6.021s] -- Up-to-date: /home/wheeltec/wheeltec_ros2/src/install/nav_2d_msgs/share/nav_2d_msgs/cmake/nav_2d_msgs__rosidl_typesupport_cExport.cmake
[6.022s] -- Up-to-date: /home/wheeltec/wheeltec_ros2/src/install/nav_2d_msgs/share/nav_2d_msgs/cmake/nav_2d_msgs__rosidl_typesupport_cExport-noconfig.cmake
[6.038s] -- Up-to-date: /home/wheeltec/wheeltec_ros2/src/install/nav_2d_msgs/share/nav_2d_msgs/cmake/nav_2d_msgs__rosidl_generator_cppExport.cmake
[6.039s] -- Up-to-date: /home/wheeltec/wheeltec_ros2/src/install/nav_2d_msgs/share/nav_2d_msgs/cmake/nav_2d_msgs__rosidl_typesupport_introspection_cppExport.cmake
[6.039s] -- Up-to-date: /home/wheeltec/wheeltec_ros2/src/install/nav_2d_msgs/share/nav_2d_msgs/cmake/nav_2d_msgs__rosidl_typesupport_introspection_cppExport-noconfig.cmake
[6.040s] -- Up-to-date: /home/wheeltec/wheeltec_ros2/src/install/nav_2d_msgs/share/nav_2d_msgs/cmake/nav_2d_msgs__rosidl_typesupport_cppExport.cmake
[6.043s] -- Up-to-date: /home/wheeltec/wheeltec_ros2/src/install/nav_2d_msgs/share/nav_2d_msgs/cmake/nav_2d_msgs__rosidl_typesupport_cppExport-noconfig.cmake
[6.043s] -- Up-to-date: /home/wheeltec/wheeltec_ros2/src/install/nav_2d_msgs/share/nav_2d_msgs/cmake/rosidl_cmake-extras.cmake
[6.044s] -- Up-to-date: /home/wheeltec/wheeltec_ros2/src/install/nav_2d_msgs/share/nav_2d_msgs/cmake/ament_cmake_export_dependencies-extras.cmake
[6.044s] -- Up-to-date: /home/wheeltec/wheeltec_ros2/src/install/nav_2d_msgs/share/nav_2d_msgs/cmake/ament_cmake_export_libraries-extras.cmake
[6.045s] -- Up-to-date: /home/wheeltec/wheeltec_ros2/src/install/nav_2d_msgs/share/nav_2d_msgs/cmake/ament_cmake_export_targets-extras.cmake
[6.045s] -- Up-to-date: /home/wheeltec/wheeltec_ros2/src/install/nav_2d_msgs/share/nav_2d_msgs/cmake/ament_cmake_export_include_directories-extras.cmake
[6.059s] -- Up-to-date: /home/wheeltec/wheeltec_ros2/src/install/nav_2d_msgs/share/nav_2d_msgs/cmake/rosidl_cmake_export_typesupport_libraries-extras.cmake
[6.060s] -- Up-to-date: /home/wheeltec/wheeltec_ros2/src/install/nav_2d_msgs/share/nav_2d_msgs/cmake/rosidl_cmake_export_typesupport_targets-extras.cmake
[6.061s] -- Up-to-date: /home/wheeltec/wheeltec_ros2/src/install/nav_2d_msgs/share/nav_2d_msgs/cmake/nav_2d_msgsConfig.cmake
[6.061s] -- Up-to-date: /home/wheeltec/wheeltec_ros2/src/install/nav_2d_msgs/share/nav_2d_msgs/cmake/nav_2d_msgsConfig-version.cmake
[6.062s] -- Up-to-date: /home/wheeltec/wheeltec_ros2/src/install/nav_2d_msgs/share/nav_2d_msgs/package.xml
[6.063s] Invoked command in '/home/wheeltec/wheeltec_ros2/src/build/nav_2d_msgs' returned '0': /usr/bin/cmake --install /home/wheeltec/wheeltec_ros2/src/build/nav_2d_msgs
