[5.094s] Invoking command in '/home/wheeltec/wheeltec_ros2/src/teleop_twist_keyboard': PYTHONPATH=/home/wheeltec/wheeltec_ros2/src/build/teleop_twist_keyboard/prefix_override:/usr/lib/python3/dist-packages/colcon_core/task/python/colcon_distutils_commands:/home/wheeltec/wheeltec_ros2/src/install/teleop_twist_keyboard/lib/python3.8/site-packages:${PYTHONPATH} /usr/bin/python3 -W ignore:setup.py install is deprecated -W ignore:easy_install command is deprecated setup.py egg_info --egg-base ../build/teleop_twist_keyboard build --build-base /home/wheeltec/wheeltec_ros2/src/build/teleop_twist_keyboard/build install --record /home/wheeltec/wheeltec_ros2/src/build/teleop_twist_keyboard/install.log --single-version-externally-managed install_data
[6.863s] running egg_info
[6.865s] creating ../build/teleop_twist_keyboard/teleop_twist_keyboard.egg-info
[6.925s] writing ../build/teleop_twist_keyboard/teleop_twist_keyboard.egg-info/PKG-INFO
[6.926s] writing dependency_links to ../build/teleop_twist_keyboard/teleop_twist_keyboard.egg-info/dependency_links.txt
[6.926s] writing entry points to ../build/teleop_twist_keyboard/teleop_twist_keyboard.egg-info/entry_points.txt
[6.927s] writing requirements to ../build/teleop_twist_keyboard/teleop_twist_keyboard.egg-info/requires.txt
[6.927s] writing top-level names to ../build/teleop_twist_keyboard/teleop_twist_keyboard.egg-info/top_level.txt
[6.938s] writing manifest file '../build/teleop_twist_keyboard/teleop_twist_keyboard.egg-info/SOURCES.txt'
[7.064s] reading manifest file '../build/teleop_twist_keyboard/teleop_twist_keyboard.egg-info/SOURCES.txt'
[7.064s] adding license file 'LICENSE'
[7.067s] writing manifest file '../build/teleop_twist_keyboard/teleop_twist_keyboard.egg-info/SOURCES.txt'
[7.067s] running build
[7.068s] running build_py
[7.069s] creating /home/wheeltec/wheeltec_ros2/src/build/teleop_twist_keyboard/build
[7.069s] creating /home/wheeltec/wheeltec_ros2/src/build/teleop_twist_keyboard/build/lib
[7.069s] copying teleop_twist_keyboard.py -> /home/wheeltec/wheeltec_ros2/src/build/teleop_twist_keyboard/build/lib
[7.070s] running install
[7.095s] running install_lib
[7.163s] copying /home/wheeltec/wheeltec_ros2/src/build/teleop_twist_keyboard/build/lib/teleop_twist_keyboard.py -> /home/wheeltec/wheeltec_ros2/src/install/teleop_twist_keyboard/lib/python3.8/site-packages
[7.166s] byte-compiling /home/wheeltec/wheeltec_ros2/src/install/teleop_twist_keyboard/lib/python3.8/site-packages/teleop_twist_keyboard.py to teleop_twist_keyboard.cpython-38.pyc
[7.170s] running install_data
[7.170s] creating /home/wheeltec/wheeltec_ros2/src/install/teleop_twist_keyboard/share/ament_index
[7.176s] creating /home/wheeltec/wheeltec_ros2/src/install/teleop_twist_keyboard/share/ament_index/resource_index
[7.176s] creating /home/wheeltec/wheeltec_ros2/src/install/teleop_twist_keyboard/share/ament_index/resource_index/packages
[7.177s] copying resource/teleop_twist_keyboard -> /home/wheeltec/wheeltec_ros2/src/install/teleop_twist_keyboard/share/ament_index/resource_index/packages
[7.177s] copying package.xml -> /home/wheeltec/wheeltec_ros2/src/install/teleop_twist_keyboard/share/teleop_twist_keyboard
[7.177s] running install_egg_info
[7.245s] Copying ../build/teleop_twist_keyboard/teleop_twist_keyboard.egg-info to /home/wheeltec/wheeltec_ros2/src/install/teleop_twist_keyboard/lib/python3.8/site-packages/teleop_twist_keyboard-2.4.0-py3.8.egg-info
[7.249s] running install_scripts
[7.597s] Installing teleop_twist_keyboard script to /home/wheeltec/wheeltec_ros2/src/install/teleop_twist_keyboard/lib/teleop_twist_keyboard
[7.597s] writing list of installed files to '/home/wheeltec/wheeltec_ros2/src/build/teleop_twist_keyboard/install.log'
[7.747s] Invoked command in '/home/wheeltec/wheeltec_ros2/src/teleop_twist_keyboard' returned '0': PYTHONPATH=/home/wheeltec/wheeltec_ros2/src/build/teleop_twist_keyboard/prefix_override:/usr/lib/python3/dist-packages/colcon_core/task/python/colcon_distutils_commands:/home/wheeltec/wheeltec_ros2/src/install/teleop_twist_keyboard/lib/python3.8/site-packages:${PYTHONPATH} /usr/bin/python3 -W ignore:setup.py install is deprecated -W ignore:easy_install command is deprecated setup.py egg_info --egg-base ../build/teleop_twist_keyboard build --build-base /home/wheeltec/wheeltec_ros2/src/build/teleop_twist_keyboard/build install --record /home/wheeltec/wheeltec_ros2/src/build/teleop_twist_keyboard/install.log --single-version-externally-managed install_data
