[5.282s] Invoking command in '/home/wheeltec/wheeltec_ros2/src/navigation2-galactic/nav2_bringup/nav2_gazebo_spawner': PYTHONPATH=/home/wheeltec/wheeltec_ros2/src/build/nav2_gazebo_spawner/prefix_override:/usr/lib/python3/dist-packages/colcon_core/task/python/colcon_distutils_commands:/home/wheeltec/wheeltec_ros2/src/install/nav2_gazebo_spawner/lib/python3.8/site-packages: /usr/bin/python3 -W ignore:setup.py install is deprecated -W ignore:easy_install command is deprecated setup.py egg_info --egg-base ../../../build/nav2_gazebo_spawner build --build-base /home/wheeltec/wheeltec_ros2/src/build/nav2_gazebo_spawner/build install --record /home/wheeltec/wheeltec_ros2/src/build/nav2_gazebo_spawner/install.log --install-scripts $base/lib/nav2_gazebo_spawner --single-version-externally-managed install_data
[6.710s] /home/wheeltec/.local/lib/python3.8/site-packages/setuptools/dist.py:771: UserWarning: Usage of dash-separated 'script-dir' will not be supported in future versions. Please use the underscore name 'script_dir' instead
[6.711s]   warnings.warn(
[7.133s] running egg_info
[7.189s] writing ../../../build/nav2_gazebo_spawner/nav2_gazebo_spawner.egg-info/PKG-INFO
[7.195s] writing dependency_links to ../../../build/nav2_gazebo_spawner/nav2_gazebo_spawner.egg-info/dependency_links.txt
[7.196s] writing entry points to ../../../build/nav2_gazebo_spawner/nav2_gazebo_spawner.egg-info/entry_points.txt
[7.197s] writing requirements to ../../../build/nav2_gazebo_spawner/nav2_gazebo_spawner.egg-info/requires.txt
[7.197s] writing top-level names to ../../../build/nav2_gazebo_spawner/nav2_gazebo_spawner.egg-info/top_level.txt
[7.343s] reading manifest file '../../../build/nav2_gazebo_spawner/nav2_gazebo_spawner.egg-info/SOURCES.txt'
[7.349s] writing manifest file '../../../build/nav2_gazebo_spawner/nav2_gazebo_spawner.egg-info/SOURCES.txt'
[7.350s] running build
[7.350s] running build_py
[7.353s] running install
[7.388s] running install_lib
[7.448s] running install_data
[7.451s] running install_egg_info
[7.517s] removing '/home/wheeltec/wheeltec_ros2/src/install/nav2_gazebo_spawner/lib/python3.8/site-packages/nav2_gazebo_spawner-0.3.0-py3.8.egg-info' (and everything under it)
[7.525s] Copying ../../../build/nav2_gazebo_spawner/nav2_gazebo_spawner.egg-info to /home/wheeltec/wheeltec_ros2/src/install/nav2_gazebo_spawner/lib/python3.8/site-packages/nav2_gazebo_spawner-0.3.0-py3.8.egg-info
[7.530s] running install_scripts
[7.867s] Installing nav2_gazebo_spawner script to /home/wheeltec/wheeltec_ros2/src/install/nav2_gazebo_spawner/lib/nav2_gazebo_spawner
[7.873s] writing list of installed files to '/home/wheeltec/wheeltec_ros2/src/build/nav2_gazebo_spawner/install.log'
[8.124s] Invoked command in '/home/wheeltec/wheeltec_ros2/src/navigation2-galactic/nav2_bringup/nav2_gazebo_spawner' returned '0': PYTHONPATH=/home/wheeltec/wheeltec_ros2/src/build/nav2_gazebo_spawner/prefix_override:/usr/lib/python3/dist-packages/colcon_core/task/python/colcon_distutils_commands:/home/wheeltec/wheeltec_ros2/src/install/nav2_gazebo_spawner/lib/python3.8/site-packages: /usr/bin/python3 -W ignore:setup.py install is deprecated -W ignore:easy_install command is deprecated setup.py egg_info --egg-base ../../../build/nav2_gazebo_spawner build --build-base /home/wheeltec/wheeltec_ros2/src/build/nav2_gazebo_spawner/build install --record /home/wheeltec/wheeltec_ros2/src/build/nav2_gazebo_spawner/install.log --install-scripts $base/lib/nav2_gazebo_spawner --single-version-externally-managed install_data
