[4.336s] Invoking command in '/home/wheeltec/wheeltec_ros2/src/keyboard_control_emer': PYTHONPATH=/home/wheeltec/wheeltec_ros2/src/build/keyboard_control_emer/prefix_override:/usr/lib/python3/dist-packages/colcon_core/task/python/colcon_distutils_commands:/home/wheeltec/wheeltec_ros2/src/install/keyboard_control_emer/lib/python3.8/site-packages:${PYTHONPATH} /usr/bin/python3 -W ignore:setup.py install is deprecated -W ignore:easy_install command is deprecated setup.py egg_info --egg-base ../build/keyboard_control_emer build --build-base /home/wheeltec/wheeltec_ros2/src/build/keyboard_control_emer/build install --record /home/wheeltec/wheeltec_ros2/src/build/keyboard_control_emer/install.log --single-version-externally-managed install_data
[5.895s] running egg_info
[5.897s] creating ../build/keyboard_control_emer/keyboard_control_emer.egg-info
[5.954s] writing ../build/keyboard_control_emer/keyboard_control_emer.egg-info/PKG-INFO
[5.955s] writing dependency_links to ../build/keyboard_control_emer/keyboard_control_emer.egg-info/dependency_links.txt
[5.955s] writing entry points to ../build/keyboard_control_emer/keyboard_control_emer.egg-info/entry_points.txt
[5.956s] writing requirements to ../build/keyboard_control_emer/keyboard_control_emer.egg-info/requires.txt
[5.956s] writing top-level names to ../build/keyboard_control_emer/keyboard_control_emer.egg-info/top_level.txt
[5.960s] writing manifest file '../build/keyboard_control_emer/keyboard_control_emer.egg-info/SOURCES.txt'
[6.075s] reading manifest file '../build/keyboard_control_emer/keyboard_control_emer.egg-info/SOURCES.txt'
[6.078s] writing manifest file '../build/keyboard_control_emer/keyboard_control_emer.egg-info/SOURCES.txt'
[6.079s] running build
[6.080s] running build_py
[6.080s] creating /home/wheeltec/wheeltec_ros2/src/build/keyboard_control_emer/build
[6.080s] creating /home/wheeltec/wheeltec_ros2/src/build/keyboard_control_emer/build/lib
[6.081s] creating /home/wheeltec/wheeltec_ros2/src/build/keyboard_control_emer/build/lib/keyboard_control_emer
[6.081s] copying keyboard_control_emer/__init__.py -> /home/wheeltec/wheeltec_ros2/src/build/keyboard_control_emer/build/lib/keyboard_control_emer
[6.081s] copying keyboard_control_emer/keyboard_control_emer.py -> /home/wheeltec/wheeltec_ros2/src/build/keyboard_control_emer/build/lib/keyboard_control_emer
[6.082s] running install
[6.105s] running install_lib
[6.164s] creating /home/wheeltec/wheeltec_ros2/src/install/keyboard_control_emer/lib/python3.8/site-packages/keyboard_control_emer
[6.165s] copying /home/wheeltec/wheeltec_ros2/src/build/keyboard_control_emer/build/lib/keyboard_control_emer/__init__.py -> /home/wheeltec/wheeltec_ros2/src/install/keyboard_control_emer/lib/python3.8/site-packages/keyboard_control_emer
[6.165s] copying /home/wheeltec/wheeltec_ros2/src/build/keyboard_control_emer/build/lib/keyboard_control_emer/keyboard_control_emer.py -> /home/wheeltec/wheeltec_ros2/src/install/keyboard_control_emer/lib/python3.8/site-packages/keyboard_control_emer
[6.167s] byte-compiling /home/wheeltec/wheeltec_ros2/src/install/keyboard_control_emer/lib/python3.8/site-packages/keyboard_control_emer/__init__.py to __init__.cpython-38.pyc
[6.168s] byte-compiling /home/wheeltec/wheeltec_ros2/src/install/keyboard_control_emer/lib/python3.8/site-packages/keyboard_control_emer/keyboard_control_emer.py to keyboard_control_emer.cpython-38.pyc
[6.171s] running install_data
[6.172s] creating /home/wheeltec/wheeltec_ros2/src/install/keyboard_control_emer/share/ament_index
[6.172s] creating /home/wheeltec/wheeltec_ros2/src/install/keyboard_control_emer/share/ament_index/resource_index
[6.172s] creating /home/wheeltec/wheeltec_ros2/src/install/keyboard_control_emer/share/ament_index/resource_index/packages
[6.173s] copying resource/keyboard_control_emer -> /home/wheeltec/wheeltec_ros2/src/install/keyboard_control_emer/share/ament_index/resource_index/packages
[6.173s] copying package.xml -> /home/wheeltec/wheeltec_ros2/src/install/keyboard_control_emer/share/keyboard_control_emer
[6.173s] running install_egg_info
[6.235s] Copying ../build/keyboard_control_emer/keyboard_control_emer.egg-info to /home/wheeltec/wheeltec_ros2/src/install/keyboard_control_emer/lib/python3.8/site-packages/keyboard_control_emer-0.0.0-py3.8.egg-info
[6.245s] running install_scripts
[6.567s] Installing keyboard_control_emer script to /home/wheeltec/wheeltec_ros2/src/install/keyboard_control_emer/lib/keyboard_control_emer
[6.568s] writing list of installed files to '/home/wheeltec/wheeltec_ros2/src/build/keyboard_control_emer/install.log'
[6.709s] Invoked command in '/home/wheeltec/wheeltec_ros2/src/keyboard_control_emer' returned '0': PYTHONPATH=/home/wheeltec/wheeltec_ros2/src/build/keyboard_control_emer/prefix_override:/usr/lib/python3/dist-packages/colcon_core/task/python/colcon_distutils_commands:/home/wheeltec/wheeltec_ros2/src/install/keyboard_control_emer/lib/python3.8/site-packages:${PYTHONPATH} /usr/bin/python3 -W ignore:setup.py install is deprecated -W ignore:easy_install command is deprecated setup.py egg_info --egg-base ../build/keyboard_control_emer build --build-base /home/wheeltec/wheeltec_ros2/src/build/keyboard_control_emer/build install --record /home/wheeltec/wheeltec_ros2/src/build/keyboard_control_emer/install.log --single-version-externally-managed install_data
