[0.031s] Invoking command in '/home/wheeltec/wheeltec_ros2/src/wheeltec_robot_rrt2/build/wheeltec_robot_rrt': /usr/bin/cmake /home/wheeltec/wheeltec_ros2/src/wheeltec_robot_rrt2 -DCMAKE_INSTALL_PREFIX=/home/wheeltec/wheeltec_ros2/src/wheeltec_robot_rrt2/install/wheeltec_robot_rrt
[0.215s] -- The C compiler identification is GNU 9.4.0
[0.383s] -- The CXX compiler identification is GNU 9.4.0
[0.396s] -- Check for working C compiler: /usr/bin/cc
[0.609s] -- Check for working C compiler: /usr/bin/cc -- works
[0.612s] -- Detecting C compiler ABI info
[0.820s] -- Detecting C compiler ABI info - done
[0.860s] -- Detecting C compile features
[0.861s] -- Detecting C compile features - done
[0.870s] -- Check for working CXX compiler: /usr/bin/c++
[1.110s] -- Check for working CXX compiler: /usr/bin/c++ -- works
[1.114s] -- Detecting CXX compiler ABI info
[1.355s] -- Detecting CXX compiler ABI info - done
[1.396s] -- Detecting CXX compile features
[1.397s] -- Detecting CXX compile features - done
[1.447s] CMake Error at CMakeLists.txt:18 (find_package):
[1.448s]   By not providing "Findament_cmake.cmake" in CMAKE_MODULE_PATH this project
[1.448s]   has asked CMake to find a package configuration file provided by
[1.449s]   "ament_cmake", but CMake did not find one.
[1.449s] 
[1.449s]   Could not find a package configuration file provided by "ament_cmake" with
[1.450s]   any of the following names:
[1.450s] 
[1.451s]     ament_cmakeConfig.cmake
[1.451s]     ament_cmake-config.cmake
[1.451s] 
[1.452s]   Add the installation prefix of "ament_cmake" to CMAKE_PREFIX_PATH or set
[1.452s]   "ament_cmake_DIR" to a directory containing one of the above files.  If
[1.452s]   "ament_cmake" provides a separate development package or SDK, be sure it
[1.453s]   has been installed.
[1.453s] 
[1.453s] 
[1.454s] -- Configuring incomplete, errors occurred!
[1.454s] See also "/home/wheeltec/wheeltec_ros2/src/wheeltec_robot_rrt2/build/wheeltec_robot_rrt/CMakeFiles/CMakeOutput.log".
[1.458s] Invoked command in '/home/wheeltec/wheeltec_ros2/src/wheeltec_robot_rrt2/build/wheeltec_robot_rrt' returned '1': /usr/bin/cmake /home/wheeltec/wheeltec_ros2/src/wheeltec_robot_rrt2 -DCMAKE_INSTALL_PREFIX=/home/wheeltec/wheeltec_ros2/src/wheeltec_robot_rrt2/install/wheeltec_robot_rrt
