[4.859s] Invoking command in '/home/wheeltec/wheeltec_ros2/src/wheeltec_robot_keyboard': PYTHONPATH=/home/wheeltec/wheeltec_ros2/src/build/wheeltec_robot_keyboard/prefix_override:/usr/lib/python3/dist-packages/colcon_core/task/python/colcon_distutils_commands:/home/wheeltec/wheeltec_ros2/src/install/wheeltec_robot_keyboard/lib/python3.8/site-packages: /usr/bin/python3 -W ignore:setup.py install is deprecated -W ignore:easy_install command is deprecated setup.py egg_info --egg-base ../build/wheeltec_robot_keyboard build --build-base /home/wheeltec/wheeltec_ros2/src/build/wheeltec_robot_keyboard/build install --record /home/wheeltec/wheeltec_ros2/src/build/wheeltec_robot_keyboard/install.log --install-scripts $base/lib/wheeltec_robot_keyboard --single-version-externally-managed install_data
[6.182s] /home/wheeltec/.local/lib/python3.8/site-packages/setuptools/dist.py:771: UserWarning: Usage of dash-separated 'script-dir' will not be supported in future versions. Please use the underscore name 'script_dir' instead
[6.183s]   warnings.warn(
[6.617s] running egg_info
[6.665s] writing ../build/wheeltec_robot_keyboard/wheeltec_robot_keyboard.egg-info/PKG-INFO
[6.667s] writing dependency_links to ../build/wheeltec_robot_keyboard/wheeltec_robot_keyboard.egg-info/dependency_links.txt
[6.668s] writing entry points to ../build/wheeltec_robot_keyboard/wheeltec_robot_keyboard.egg-info/entry_points.txt
[6.669s] writing requirements to ../build/wheeltec_robot_keyboard/wheeltec_robot_keyboard.egg-info/requires.txt
[6.669s] writing top-level names to ../build/wheeltec_robot_keyboard/wheeltec_robot_keyboard.egg-info/top_level.txt
[6.779s] reading manifest file '../build/wheeltec_robot_keyboard/wheeltec_robot_keyboard.egg-info/SOURCES.txt'
[6.787s] writing manifest file '../build/wheeltec_robot_keyboard/wheeltec_robot_keyboard.egg-info/SOURCES.txt'
[6.788s] running build
[6.790s] running build_py
[6.791s] running install
[6.822s] running install_lib
[6.880s] running install_data
[6.882s] running install_egg_info
[6.941s] removing '/home/wheeltec/wheeltec_ros2/src/install/wheeltec_robot_keyboard/lib/python3.8/site-packages/wheeltec_robot_keyboard-2.0.1-py3.8.egg-info' (and everything under it)
[6.943s] Copying ../build/wheeltec_robot_keyboard/wheeltec_robot_keyboard.egg-info to /home/wheeltec/wheeltec_ros2/src/install/wheeltec_robot_keyboard/lib/python3.8/site-packages/wheeltec_robot_keyboard-2.0.1-py3.8.egg-info
[6.956s] running install_scripts
[7.372s] Installing wheeltec_keyboard script to /home/wheeltec/wheeltec_ros2/src/install/wheeltec_robot_keyboard/lib/wheeltec_robot_keyboard
[7.384s] writing list of installed files to '/home/wheeltec/wheeltec_ros2/src/build/wheeltec_robot_keyboard/install.log'
[7.574s] Invoked command in '/home/wheeltec/wheeltec_ros2/src/wheeltec_robot_keyboard' returned '0': PYTHONPATH=/home/wheeltec/wheeltec_ros2/src/build/wheeltec_robot_keyboard/prefix_override:/usr/lib/python3/dist-packages/colcon_core/task/python/colcon_distutils_commands:/home/wheeltec/wheeltec_ros2/src/install/wheeltec_robot_keyboard/lib/python3.8/site-packages: /usr/bin/python3 -W ignore:setup.py install is deprecated -W ignore:easy_install command is deprecated setup.py egg_info --egg-base ../build/wheeltec_robot_keyboard build --build-base /home/wheeltec/wheeltec_ros2/src/build/wheeltec_robot_keyboard/build install --record /home/wheeltec/wheeltec_ros2/src/build/wheeltec_robot_keyboard/install.log --install-scripts $base/lib/wheeltec_robot_keyboard --single-version-externally-managed install_data
