[0.192s] Invoking command in '/home/wheeltec/wheeltec_ros2/src/build/ackermann_msgs': /usr/bin/cmake --build /home/wheeltec/wheeltec_ros2/src/build/ackermann_msgs -- -j4 -l4
[0.601s] [  2%] Built target ackermann_msgs__cpp
[0.774s] [ 12%] Built target ackermann_msgs__rosidl_generator_c
[0.856s] [ 23%] Built target ackermann_msgs__rosidl_typesupport_introspection_cpp
[0.915s] [ 33%] Built target ackermann_msgs__rosidl_typesupport_cpp
[0.993s] [ 43%] Built target ackermann_msgs__rosidl_typesupport_fastrtps_cpp
[1.029s] [ 53%] Built target ackermann_msgs__rosidl_typesupport_introspection_c
[1.071s] [ 64%] Built target ackermann_msgs__rosidl_typesupport_c
[1.156s] [ 74%] Built target ackermann_msgs__rosidl_typesupport_fastrtps_c
[1.259s] [ 74%] Built target ackermann_msgs
[1.358s] [ 76%] Built target ackermann_msgs__py
[1.443s] [35m[1mScanning dependencies of target ackermann_msgs__python[0m
[1.578s] [ 79%] [32mBuilding C object CMakeFiles/ackermann_msgs__python.dir/rosidl_generator_py/ackermann_msgs/msg/_ackermann_drive_s.c.o[0m
[1.605s] [ 82%] [32mBuilding C object CMakeFiles/ackermann_msgs__python.dir/rosidl_generator_py/ackermann_msgs/msg/_ackermann_drive_stamped_s.c.o[0m
[2.736s] [ 84%] [32m[1mLinking C shared library rosidl_generator_py/ackermann_msgs/libackermann_msgs__python.so[0m
[3.162s] [ 84%] Built target ackermann_msgs__python
[3.283s] [35m[1mScanning dependencies of target ackermann_msgs__rosidl_typesupport_introspection_c__pyext[0m
[3.290s] [35m[1mScanning dependencies of target ackermann_msgs__rosidl_typesupport_c__pyext[0m
[3.301s] [35m[1mScanning dependencies of target ackermann_msgs__rosidl_typesupport_fastrtps_c__pyext[0m
[3.424s] [ 87%] [32mBuilding C object CMakeFiles/ackermann_msgs__rosidl_typesupport_c__pyext.dir/rosidl_generator_py/ackermann_msgs/_ackermann_msgs_s.ep.rosidl_typesupport_c.c.o[0m
[3.431s] [ 89%] [32mBuilding C object CMakeFiles/ackermann_msgs__rosidl_typesupport_introspection_c__pyext.dir/rosidl_generator_py/ackermann_msgs/_ackermann_msgs_s.ep.rosidl_typesupport_introspection_c.c.o[0m
[3.486s] [ 92%] [32mBuilding C object CMakeFiles/ackermann_msgs__rosidl_typesupport_fastrtps_c__pyext.dir/rosidl_generator_py/ackermann_msgs/_ackermann_msgs_s.ep.rosidl_typesupport_fastrtps_c.c.o[0m
[3.960s] [ 94%] [32m[1mLinking C shared library rosidl_generator_py/ackermann_msgs/ackermann_msgs_s__rosidl_typesupport_c.cpython-38-aarch64-linux-gnu.so[0m
[4.210s] [ 97%] [32m[1mLinking C shared library rosidl_generator_py/ackermann_msgs/ackermann_msgs_s__rosidl_typesupport_introspection_c.cpython-38-aarch64-linux-gnu.so[0m
[4.331s] [100%] [32m[1mLinking CXX shared library rosidl_generator_py/ackermann_msgs/ackermann_msgs_s__rosidl_typesupport_fastrtps_c.cpython-38-aarch64-linux-gnu.so[0m
[4.527s] [100%] Built target ackermann_msgs__rosidl_typesupport_c__pyext
[4.675s] [100%] Built target ackermann_msgs__rosidl_typesupport_introspection_c__pyext
[5.019s] [100%] Built target ackermann_msgs__rosidl_typesupport_fastrtps_c__pyext
[5.087s] Invoked command in '/home/wheeltec/wheeltec_ros2/src/build/ackermann_msgs' returned '0': /usr/bin/cmake --build /home/wheeltec/wheeltec_ros2/src/build/ackermann_msgs -- -j4 -l4
[5.112s] Invoking command in '/home/wheeltec/wheeltec_ros2/src/build/ackermann_msgs': /usr/bin/cmake --install /home/wheeltec/wheeltec_ros2/src/build/ackermann_msgs
[5.176s] -- Install configuration: ""
[5.178s] -- Up-to-date: /home/wheeltec/wheeltec_ros2/src/install/ackermann_msgs/share/ament_index/resource_index/rosidl_interfaces/ackermann_msgs
[5.179s] -- Up-to-date: /home/wheeltec/wheeltec_ros2/src/install/ackermann_msgs/include/ackermann_msgs
[5.180s] -- Up-to-date: /home/wheeltec/wheeltec_ros2/src/install/ackermann_msgs/include/ackermann_msgs/msg
[5.181s] -- Up-to-date: /home/wheeltec/wheeltec_ros2/src/install/ackermann_msgs/include/ackermann_msgs/msg/ackermann_drive.h
[5.182s] -- Up-to-date: /home/wheeltec/wheeltec_ros2/src/install/ackermann_msgs/include/ackermann_msgs/msg/detail
[5.183s] -- Up-to-date: /home/wheeltec/wheeltec_ros2/src/install/ackermann_msgs/include/ackermann_msgs/msg/detail/ackermann_drive__type_support.h
[5.184s] -- Up-to-date: /home/wheeltec/wheeltec_ros2/src/install/ackermann_msgs/include/ackermann_msgs/msg/detail/ackermann_drive__struct.h
[5.185s] -- Up-to-date: /home/wheeltec/wheeltec_ros2/src/install/ackermann_msgs/include/ackermann_msgs/msg/detail/ackermann_drive_stamped__functions.h
[5.185s] -- Up-to-date: /home/wheeltec/wheeltec_ros2/src/install/ackermann_msgs/include/ackermann_msgs/msg/detail/ackermann_drive_stamped__functions.c
[5.186s] -- Up-to-date: /home/wheeltec/wheeltec_ros2/src/install/ackermann_msgs/include/ackermann_msgs/msg/detail/ackermann_drive_stamped__struct.h
[5.186s] -- Up-to-date: /home/wheeltec/wheeltec_ros2/src/install/ackermann_msgs/include/ackermann_msgs/msg/detail/ackermann_drive__functions.c
[5.187s] -- Up-to-date: /home/wheeltec/wheeltec_ros2/src/install/ackermann_msgs/include/ackermann_msgs/msg/detail/ackermann_drive_stamped__type_support.h
[5.188s] -- Up-to-date: /home/wheeltec/wheeltec_ros2/src/install/ackermann_msgs/include/ackermann_msgs/msg/detail/ackermann_drive__functions.h
[5.189s] -- Up-to-date: /home/wheeltec/wheeltec_ros2/src/install/ackermann_msgs/include/ackermann_msgs/msg/rosidl_generator_c__visibility_control.h
[5.190s] -- Up-to-date: /home/wheeltec/wheeltec_ros2/src/install/ackermann_msgs/include/ackermann_msgs/msg/ackermann_drive_stamped.h
[5.190s] -- Up-to-date: /home/wheeltec/wheeltec_ros2/src/install/ackermann_msgs/share/ackermann_msgs/environment/library_path.sh
[5.191s] -- Up-to-date: /home/wheeltec/wheeltec_ros2/src/install/ackermann_msgs/share/ackermann_msgs/environment/library_path.dsv
[5.191s] -- Up-to-date: /home/wheeltec/wheeltec_ros2/src/install/ackermann_msgs/lib/libackermann_msgs__rosidl_generator_c.so
[5.192s] -- Up-to-date: /home/wheeltec/wheeltec_ros2/src/install/ackermann_msgs/include/ackermann_msgs
[5.193s] -- Up-to-date: /home/wheeltec/wheeltec_ros2/src/install/ackermann_msgs/include/ackermann_msgs/msg
[5.193s] -- Up-to-date: /home/wheeltec/wheeltec_ros2/src/install/ackermann_msgs/include/ackermann_msgs/msg/detail
[5.193s] -- Up-to-date: /home/wheeltec/wheeltec_ros2/src/install/ackermann_msgs/include/ackermann_msgs/msg/detail/ackermann_drive_stamped__rosidl_typesupport_fastrtps_c.h
[5.194s] -- Up-to-date: /home/wheeltec/wheeltec_ros2/src/install/ackermann_msgs/include/ackermann_msgs/msg/detail/ackermann_drive__rosidl_typesupport_fastrtps_c.h
[5.201s] -- Up-to-date: /home/wheeltec/wheeltec_ros2/src/install/ackermann_msgs/include/ackermann_msgs/msg/rosidl_typesupport_fastrtps_c__visibility_control.h
[5.201s] -- Up-to-date: /home/wheeltec/wheeltec_ros2/src/install/ackermann_msgs/lib/libackermann_msgs__rosidl_typesupport_fastrtps_c.so
[5.202s] -- Up-to-date: /home/wheeltec/wheeltec_ros2/src/install/ackermann_msgs/include/ackermann_msgs
[5.202s] -- Up-to-date: /home/wheeltec/wheeltec_ros2/src/install/ackermann_msgs/include/ackermann_msgs/msg
[5.203s] -- Up-to-date: /home/wheeltec/wheeltec_ros2/src/install/ackermann_msgs/include/ackermann_msgs/msg/rosidl_typesupport_fastrtps_cpp__visibility_control.h
[5.205s] -- Up-to-date: /home/wheeltec/wheeltec_ros2/src/install/ackermann_msgs/include/ackermann_msgs/msg/detail
[5.207s] -- Up-to-date: /home/wheeltec/wheeltec_ros2/src/install/ackermann_msgs/include/ackermann_msgs/msg/detail/ackermann_drive__rosidl_typesupport_fastrtps_cpp.hpp
[5.207s] -- Up-to-date: /home/wheeltec/wheeltec_ros2/src/install/ackermann_msgs/include/ackermann_msgs/msg/detail/dds_fastrtps
[5.209s] -- Up-to-date: /home/wheeltec/wheeltec_ros2/src/install/ackermann_msgs/include/ackermann_msgs/msg/detail/ackermann_drive_stamped__rosidl_typesupport_fastrtps_cpp.hpp
[5.211s] -- Up-to-date: /home/wheeltec/wheeltec_ros2/src/install/ackermann_msgs/lib/libackermann_msgs__rosidl_typesupport_fastrtps_cpp.so
[5.211s] -- Up-to-date: /home/wheeltec/wheeltec_ros2/src/install/ackermann_msgs/include/ackermann_msgs
[5.211s] -- Up-to-date: /home/wheeltec/wheeltec_ros2/src/install/ackermann_msgs/include/ackermann_msgs/msg
[5.213s] -- Up-to-date: /home/wheeltec/wheeltec_ros2/src/install/ackermann_msgs/include/ackermann_msgs/msg/detail
[5.216s] -- Up-to-date: /home/wheeltec/wheeltec_ros2/src/install/ackermann_msgs/include/ackermann_msgs/msg/detail/ackermann_drive_stamped__rosidl_typesupport_introspection_c.h
[5.217s] -- Up-to-date: /home/wheeltec/wheeltec_ros2/src/install/ackermann_msgs/include/ackermann_msgs/msg/detail/ackermann_drive__type_support.c
[5.220s] -- Up-to-date: /home/wheeltec/wheeltec_ros2/src/install/ackermann_msgs/include/ackermann_msgs/msg/detail/ackermann_drive__rosidl_typesupport_introspection_c.h
[5.220s] -- Up-to-date: /home/wheeltec/wheeltec_ros2/src/install/ackermann_msgs/include/ackermann_msgs/msg/detail/ackermann_drive_stamped__type_support.c
[5.221s] -- Up-to-date: /home/wheeltec/wheeltec_ros2/src/install/ackermann_msgs/include/ackermann_msgs/msg/rosidl_typesupport_introspection_c__visibility_control.h
[5.222s] -- Up-to-date: /home/wheeltec/wheeltec_ros2/src/install/ackermann_msgs/lib/libackermann_msgs__rosidl_typesupport_introspection_c.so
[5.227s] -- Up-to-date: /home/wheeltec/wheeltec_ros2/src/install/ackermann_msgs/lib/libackermann_msgs__rosidl_typesupport_c.so
[5.230s] -- Up-to-date: /home/wheeltec/wheeltec_ros2/src/install/ackermann_msgs/include/ackermann_msgs
[5.231s] -- Up-to-date: /home/wheeltec/wheeltec_ros2/src/install/ackermann_msgs/include/ackermann_msgs/msg
[5.232s] -- Up-to-date: /home/wheeltec/wheeltec_ros2/src/install/ackermann_msgs/include/ackermann_msgs/msg/detail
[5.235s] -- Up-to-date: /home/wheeltec/wheeltec_ros2/src/install/ackermann_msgs/include/ackermann_msgs/msg/detail/ackermann_drive_stamped__struct.hpp
[5.236s] -- Up-to-date: /home/wheeltec/wheeltec_ros2/src/install/ackermann_msgs/include/ackermann_msgs/msg/detail/ackermann_drive__builder.hpp
[5.236s] -- Up-to-date: /home/wheeltec/wheeltec_ros2/src/install/ackermann_msgs/include/ackermann_msgs/msg/detail/ackermann_drive__struct.hpp
[5.237s] -- Up-to-date: /home/wheeltec/wheeltec_ros2/src/install/ackermann_msgs/include/ackermann_msgs/msg/detail/ackermann_drive__traits.hpp
[5.237s] -- Up-to-date: /home/wheeltec/wheeltec_ros2/src/install/ackermann_msgs/include/ackermann_msgs/msg/detail/ackermann_drive_stamped__traits.hpp
[5.238s] -- Up-to-date: /home/wheeltec/wheeltec_ros2/src/install/ackermann_msgs/include/ackermann_msgs/msg/detail/ackermann_drive_stamped__builder.hpp
[5.239s] -- Up-to-date: /home/wheeltec/wheeltec_ros2/src/install/ackermann_msgs/include/ackermann_msgs/msg/ackermann_drive_stamped.hpp
[5.239s] -- Up-to-date: /home/wheeltec/wheeltec_ros2/src/install/ackermann_msgs/include/ackermann_msgs/msg/ackermann_drive.hpp
[5.240s] -- Up-to-date: /home/wheeltec/wheeltec_ros2/src/install/ackermann_msgs/include/ackermann_msgs
[5.242s] -- Up-to-date: /home/wheeltec/wheeltec_ros2/src/install/ackermann_msgs/include/ackermann_msgs/msg
[5.242s] -- Up-to-date: /home/wheeltec/wheeltec_ros2/src/install/ackermann_msgs/include/ackermann_msgs/msg/detail
[5.243s] -- Up-to-date: /home/wheeltec/wheeltec_ros2/src/install/ackermann_msgs/include/ackermann_msgs/msg/detail/ackermann_drive_stamped__rosidl_typesupport_introspection_cpp.hpp
[5.244s] -- Up-to-date: /home/wheeltec/wheeltec_ros2/src/install/ackermann_msgs/include/ackermann_msgs/msg/detail/ackermann_drive_stamped__type_support.cpp
[5.244s] -- Up-to-date: /home/wheeltec/wheeltec_ros2/src/install/ackermann_msgs/include/ackermann_msgs/msg/detail/ackermann_drive__type_support.cpp
[5.245s] -- Up-to-date: /home/wheeltec/wheeltec_ros2/src/install/ackermann_msgs/include/ackermann_msgs/msg/detail/ackermann_drive__rosidl_typesupport_introspection_cpp.hpp
[5.245s] -- Up-to-date: /home/wheeltec/wheeltec_ros2/src/install/ackermann_msgs/lib/libackermann_msgs__rosidl_typesupport_introspection_cpp.so
[5.245s] -- Up-to-date: /home/wheeltec/wheeltec_ros2/src/install/ackermann_msgs/lib/libackermann_msgs__rosidl_typesupport_cpp.so
[5.246s] -- Up-to-date: /home/wheeltec/wheeltec_ros2/src/install/ackermann_msgs/share/ackermann_msgs/environment/pythonpath.sh
[5.246s] -- Up-to-date: /home/wheeltec/wheeltec_ros2/src/install/ackermann_msgs/share/ackermann_msgs/environment/pythonpath.dsv
[5.247s] -- Up-to-date: /home/wheeltec/wheeltec_ros2/src/install/ackermann_msgs/lib/python3.8/site-packages/ackermann_msgs/__init__.py
[5.480s] -- Up-to-date: /home/wheeltec/wheeltec_ros2/src/install/ackermann_msgs/lib/python3.8/site-packages/ackermann_msgs/msg
[5.480s] -- Up-to-date: /home/wheeltec/wheeltec_ros2/src/install/ackermann_msgs/lib/python3.8/site-packages/ackermann_msgs/msg/__init__.py
[5.481s] -- Up-to-date: /home/wheeltec/wheeltec_ros2/src/install/ackermann_msgs/lib/python3.8/site-packages/ackermann_msgs/msg/_ackermann_drive_stamped_s.c
[5.482s] -- Up-to-date: /home/wheeltec/wheeltec_ros2/src/install/ackermann_msgs/lib/python3.8/site-packages/ackermann_msgs/msg/_ackermann_drive_s.c
[5.482s] -- Up-to-date: /home/wheeltec/wheeltec_ros2/src/install/ackermann_msgs/lib/python3.8/site-packages/ackermann_msgs/msg/_ackermann_drive_stamped.py
[5.482s] -- Up-to-date: /home/wheeltec/wheeltec_ros2/src/install/ackermann_msgs/lib/python3.8/site-packages/ackermann_msgs/msg/_ackermann_drive.py
[5.489s] -- Installing: /home/wheeltec/wheeltec_ros2/src/install/ackermann_msgs/lib/python3.8/site-packages/ackermann_msgs/ackermann_msgs_s__rosidl_typesupport_fastrtps_c.cpython-38-aarch64-linux-gnu.so
[5.490s] -- Set runtime path of "/home/wheeltec/wheeltec_ros2/src/install/ackermann_msgs/lib/python3.8/site-packages/ackermann_msgs/ackermann_msgs_s__rosidl_typesupport_fastrtps_c.cpython-38-aarch64-linux-gnu.so" to ""
[5.501s] -- Installing: /home/wheeltec/wheeltec_ros2/src/install/ackermann_msgs/lib/python3.8/site-packages/ackermann_msgs/ackermann_msgs_s__rosidl_typesupport_introspection_c.cpython-38-aarch64-linux-gnu.so
[5.501s] -- Set runtime path of "/home/wheeltec/wheeltec_ros2/src/install/ackermann_msgs/lib/python3.8/site-packages/ackermann_msgs/ackermann_msgs_s__rosidl_typesupport_introspection_c.cpython-38-aarch64-linux-gnu.so" to ""
[5.523s] -- Installing: /home/wheeltec/wheeltec_ros2/src/install/ackermann_msgs/lib/python3.8/site-packages/ackermann_msgs/ackermann_msgs_s__rosidl_typesupport_c.cpython-38-aarch64-linux-gnu.so
[5.524s] -- Set runtime path of "/home/wheeltec/wheeltec_ros2/src/install/ackermann_msgs/lib/python3.8/site-packages/ackermann_msgs/ackermann_msgs_s__rosidl_typesupport_c.cpython-38-aarch64-linux-gnu.so" to ""
[5.534s] -- Installing: /home/wheeltec/wheeltec_ros2/src/install/ackermann_msgs/lib/libackermann_msgs__python.so
[5.540s] -- Set runtime path of "/home/wheeltec/wheeltec_ros2/src/install/ackermann_msgs/lib/libackermann_msgs__python.so" to ""
[5.540s] -- Up-to-date: /home/wheeltec/wheeltec_ros2/src/install/ackermann_msgs/share/ackermann_msgs/msg/AckermannDrive.idl
[5.541s] -- Up-to-date: /home/wheeltec/wheeltec_ros2/src/install/ackermann_msgs/share/ackermann_msgs/msg/AckermannDriveStamped.idl
[5.542s] -- Up-to-date: /home/wheeltec/wheeltec_ros2/src/install/ackermann_msgs/share/ackermann_msgs/msg/AckermannDrive.msg
[5.542s] -- Up-to-date: /home/wheeltec/wheeltec_ros2/src/install/ackermann_msgs/share/ackermann_msgs/msg/AckermannDriveStamped.msg
[5.543s] -- Up-to-date: /home/wheeltec/wheeltec_ros2/src/install/ackermann_msgs/share/ament_index/resource_index/package_run_dependencies/ackermann_msgs
[5.543s] -- Up-to-date: /home/wheeltec/wheeltec_ros2/src/install/ackermann_msgs/share/ament_index/resource_index/parent_prefix_path/ackermann_msgs
[5.543s] -- Up-to-date: /home/wheeltec/wheeltec_ros2/src/install/ackermann_msgs/share/ackermann_msgs/environment/ament_prefix_path.sh
[5.544s] -- Up-to-date: /home/wheeltec/wheeltec_ros2/src/install/ackermann_msgs/share/ackermann_msgs/environment/ament_prefix_path.dsv
[5.544s] -- Up-to-date: /home/wheeltec/wheeltec_ros2/src/install/ackermann_msgs/share/ackermann_msgs/environment/path.sh
[5.545s] -- Up-to-date: /home/wheeltec/wheeltec_ros2/src/install/ackermann_msgs/share/ackermann_msgs/environment/path.dsv
[5.545s] -- Up-to-date: /home/wheeltec/wheeltec_ros2/src/install/ackermann_msgs/share/ackermann_msgs/local_setup.bash
[5.546s] -- Up-to-date: /home/wheeltec/wheeltec_ros2/src/install/ackermann_msgs/share/ackermann_msgs/local_setup.sh
[5.547s] -- Up-to-date: /home/wheeltec/wheeltec_ros2/src/install/ackermann_msgs/share/ackermann_msgs/local_setup.zsh
[5.547s] -- Up-to-date: /home/wheeltec/wheeltec_ros2/src/install/ackermann_msgs/share/ackermann_msgs/local_setup.dsv
[5.548s] -- Installing: /home/wheeltec/wheeltec_ros2/src/install/ackermann_msgs/share/ackermann_msgs/package.dsv
[5.550s] -- Up-to-date: /home/wheeltec/wheeltec_ros2/src/install/ackermann_msgs/share/ament_index/resource_index/packages/ackermann_msgs
[5.551s] -- Up-to-date: /home/wheeltec/wheeltec_ros2/src/install/ackermann_msgs/share/ackermann_msgs/cmake/ackermann_msgs__rosidl_generator_cExport.cmake
[5.551s] -- Up-to-date: /home/wheeltec/wheeltec_ros2/src/install/ackermann_msgs/share/ackermann_msgs/cmake/ackermann_msgs__rosidl_generator_cExport-noconfig.cmake
[5.560s] -- Up-to-date: /home/wheeltec/wheeltec_ros2/src/install/ackermann_msgs/share/ackermann_msgs/cmake/ackermann_msgs__rosidl_typesupport_introspection_cExport.cmake
[5.561s] -- Up-to-date: /home/wheeltec/wheeltec_ros2/src/install/ackermann_msgs/share/ackermann_msgs/cmake/ackermann_msgs__rosidl_typesupport_introspection_cExport-noconfig.cmake
[5.564s] -- Up-to-date: /home/wheeltec/wheeltec_ros2/src/install/ackermann_msgs/share/ackermann_msgs/cmake/ackermann_msgs__rosidl_typesupport_cExport.cmake
[5.565s] -- Up-to-date: /home/wheeltec/wheeltec_ros2/src/install/ackermann_msgs/share/ackermann_msgs/cmake/ackermann_msgs__rosidl_typesupport_cExport-noconfig.cmake
[5.566s] -- Up-to-date: /home/wheeltec/wheeltec_ros2/src/install/ackermann_msgs/share/ackermann_msgs/cmake/ackermann_msgs__rosidl_generator_cppExport.cmake
[5.574s] -- Up-to-date: /home/wheeltec/wheeltec_ros2/src/install/ackermann_msgs/share/ackermann_msgs/cmake/ackermann_msgs__rosidl_typesupport_introspection_cppExport.cmake
[5.574s] -- Up-to-date: /home/wheeltec/wheeltec_ros2/src/install/ackermann_msgs/share/ackermann_msgs/cmake/ackermann_msgs__rosidl_typesupport_introspection_cppExport-noconfig.cmake
[5.576s] -- Up-to-date: /home/wheeltec/wheeltec_ros2/src/install/ackermann_msgs/share/ackermann_msgs/cmake/ackermann_msgs__rosidl_typesupport_cppExport.cmake
[5.594s] -- Up-to-date: /home/wheeltec/wheeltec_ros2/src/install/ackermann_msgs/share/ackermann_msgs/cmake/ackermann_msgs__rosidl_typesupport_cppExport-noconfig.cmake
[5.594s] -- Up-to-date: /home/wheeltec/wheeltec_ros2/src/install/ackermann_msgs/share/ackermann_msgs/cmake/rosidl_cmake-extras.cmake
[5.594s] -- Up-to-date: /home/wheeltec/wheeltec_ros2/src/install/ackermann_msgs/share/ackermann_msgs/cmake/ament_cmake_export_dependencies-extras.cmake
[5.595s] -- Up-to-date: /home/wheeltec/wheeltec_ros2/src/install/ackermann_msgs/share/ackermann_msgs/cmake/ament_cmake_export_libraries-extras.cmake
[5.595s] -- Up-to-date: /home/wheeltec/wheeltec_ros2/src/install/ackermann_msgs/share/ackermann_msgs/cmake/ament_cmake_export_targets-extras.cmake
[5.595s] -- Up-to-date: /home/wheeltec/wheeltec_ros2/src/install/ackermann_msgs/share/ackermann_msgs/cmake/ament_cmake_export_include_directories-extras.cmake
[5.617s] -- Up-to-date: /home/wheeltec/wheeltec_ros2/src/install/ackermann_msgs/share/ackermann_msgs/cmake/rosidl_cmake_export_typesupport_libraries-extras.cmake
[5.618s] -- Up-to-date: /home/wheeltec/wheeltec_ros2/src/install/ackermann_msgs/share/ackermann_msgs/cmake/rosidl_cmake_export_typesupport_targets-extras.cmake
[5.618s] -- Up-to-date: /home/wheeltec/wheeltec_ros2/src/install/ackermann_msgs/share/ackermann_msgs/cmake/ackermann_msgsConfig.cmake
[5.619s] -- Up-to-date: /home/wheeltec/wheeltec_ros2/src/install/ackermann_msgs/share/ackermann_msgs/cmake/ackermann_msgsConfig-version.cmake
[5.619s] -- Up-to-date: /home/wheeltec/wheeltec_ros2/src/install/ackermann_msgs/share/ackermann_msgs/package.xml
[5.622s] Invoked command in '/home/wheeltec/wheeltec_ros2/src/build/ackermann_msgs' returned '0': /usr/bin/cmake --install /home/wheeltec/wheeltec_ros2/src/build/ackermann_msgs
