[4.350s] Invoking command in '/home/wheeltec/wheeltec_ros2/src/teleop_twist_keyboard': PYTHONPATH=/home/wheeltec/wheeltec_ros2/src/build/teleop_twist_keyboard/prefix_override:/usr/lib/python3/dist-packages/colcon_core/task/python/colcon_distutils_commands:/home/wheeltec/wheeltec_ros2/src/install/teleop_twist_keyboard/lib/python3.8/site-packages:${PYTHONPATH} /usr/bin/python3 -W ignore:setup.py install is deprecated -W ignore:easy_install command is deprecated setup.py egg_info --egg-base ../build/teleop_twist_keyboard build --build-base /home/wheeltec/wheeltec_ros2/src/build/teleop_twist_keyboard/build install --record /home/wheeltec/wheeltec_ros2/src/build/teleop_twist_keyboard/install.log --single-version-externally-managed install_data
[5.929s] running egg_info
[5.932s] creating ../build/teleop_twist_keyboard/teleop_twist_keyboard.egg-info
[5.988s] writing ../build/teleop_twist_keyboard/teleop_twist_keyboard.egg-info/PKG-INFO
[5.989s] writing dependency_links to ../build/teleop_twist_keyboard/teleop_twist_keyboard.egg-info/dependency_links.txt
[5.989s] writing entry points to ../build/teleop_twist_keyboard/teleop_twist_keyboard.egg-info/entry_points.txt
[5.990s] writing requirements to ../build/teleop_twist_keyboard/teleop_twist_keyboard.egg-info/requires.txt
[5.990s] writing top-level names to ../build/teleop_twist_keyboard/teleop_twist_keyboard.egg-info/top_level.txt
[5.995s] writing manifest file '../build/teleop_twist_keyboard/teleop_twist_keyboard.egg-info/SOURCES.txt'
[6.110s] reading manifest file '../build/teleop_twist_keyboard/teleop_twist_keyboard.egg-info/SOURCES.txt'
[6.111s] adding license file 'LICENSE'
[6.113s] writing manifest file '../build/teleop_twist_keyboard/teleop_twist_keyboard.egg-info/SOURCES.txt'
[6.114s] running build
[6.114s] running build_py
[6.115s] creating /home/wheeltec/wheeltec_ros2/src/build/teleop_twist_keyboard/build
[6.115s] creating /home/wheeltec/wheeltec_ros2/src/build/teleop_twist_keyboard/build/lib
[6.115s] copying teleop_twist_keyboard.py -> /home/wheeltec/wheeltec_ros2/src/build/teleop_twist_keyboard/build/lib
[6.116s] running install
[6.139s] running install_lib
[6.198s] copying /home/wheeltec/wheeltec_ros2/src/build/teleop_twist_keyboard/build/lib/teleop_twist_keyboard.py -> /home/wheeltec/wheeltec_ros2/src/install/teleop_twist_keyboard/lib/python3.8/site-packages
[6.200s] byte-compiling /home/wheeltec/wheeltec_ros2/src/install/teleop_twist_keyboard/lib/python3.8/site-packages/teleop_twist_keyboard.py to teleop_twist_keyboard.cpython-38.pyc
[6.204s] running install_data
[6.205s] creating /home/wheeltec/wheeltec_ros2/src/install/teleop_twist_keyboard/share/ament_index
[6.205s] creating /home/wheeltec/wheeltec_ros2/src/install/teleop_twist_keyboard/share/ament_index/resource_index
[6.205s] creating /home/wheeltec/wheeltec_ros2/src/install/teleop_twist_keyboard/share/ament_index/resource_index/packages
[6.206s] copying resource/teleop_twist_keyboard -> /home/wheeltec/wheeltec_ros2/src/install/teleop_twist_keyboard/share/ament_index/resource_index/packages
[6.206s] copying package.xml -> /home/wheeltec/wheeltec_ros2/src/install/teleop_twist_keyboard/share/teleop_twist_keyboard
[6.207s] running install_egg_info
[6.267s] Copying ../build/teleop_twist_keyboard/teleop_twist_keyboard.egg-info to /home/wheeltec/wheeltec_ros2/src/install/teleop_twist_keyboard/lib/python3.8/site-packages/teleop_twist_keyboard-2.4.0-py3.8.egg-info
[6.270s] running install_scripts
[6.592s] Installing teleop_twist_keyboard script to /home/wheeltec/wheeltec_ros2/src/install/teleop_twist_keyboard/lib/teleop_twist_keyboard
[6.593s] writing list of installed files to '/home/wheeltec/wheeltec_ros2/src/build/teleop_twist_keyboard/install.log'
[6.740s] Invoked command in '/home/wheeltec/wheeltec_ros2/src/teleop_twist_keyboard' returned '0': PYTHONPATH=/home/wheeltec/wheeltec_ros2/src/build/teleop_twist_keyboard/prefix_override:/usr/lib/python3/dist-packages/colcon_core/task/python/colcon_distutils_commands:/home/wheeltec/wheeltec_ros2/src/install/teleop_twist_keyboard/lib/python3.8/site-packages:${PYTHONPATH} /usr/bin/python3 -W ignore:setup.py install is deprecated -W ignore:easy_install command is deprecated setup.py egg_info --egg-base ../build/teleop_twist_keyboard build --build-base /home/wheeltec/wheeltec_ros2/src/build/teleop_twist_keyboard/build install --record /home/wheeltec/wheeltec_ros2/src/build/teleop_twist_keyboard/install.log --single-version-externally-managed install_data
