[0.108s] Invoking command in '/home/wheeltec/wheeltec_ros2/src/build/wheeltec_cartographer': CMAKE_PREFIX_PATH=${CMAKE_PREFIX_PATH}:/home/wheeltec/wheeltec_ros2/install/simple_follower_ros2:/home/wheeltec/wheeltec_ros2/install/wheeltec_robot_keyboard:/home/wheeltec/wheeltec_ros2/install/tf2_tools:/home/wheeltec/wheeltec_ros2/install/teleop_twist_keyboard:/home/wheeltec/wheeltec_ros2/install/nav2_simple_commander:/home/wheeltec/wheeltec_ros2/install/nav2_gazebo_spawner:/home/wheeltec/wheeltec_ros2/install/ldlidar_sl_ros2:/home/wheeltec/wheeltec_ros2/install/keyboard_control_emer:/opt/ros/galactic /usr/bin/cmake /home/wheeltec/wheeltec_ros2/src/wheeltec_robot_slam/wheeltec_cartographer -DCMAKE_INSTALL_PREFIX=/home/wheeltec/wheeltec_ros2/src/install/wheeltec_cartographer
[0.764s] -- The C compiler identification is GNU 9.4.0
[1.114s] -- The CXX compiler identification is GNU 9.4.0
[1.251s] -- Check for working C compiler: /usr/bin/cc
[1.730s] -- Check for working C compiler: /usr/bin/cc -- works
[1.738s] -- Detecting C compiler ABI info
[2.158s] -- Detecting C compiler ABI info - done
[2.209s] -- Detecting C compile features
[2.213s] -- Detecting C compile features - done
[2.232s] -- Check for working CXX compiler: /usr/bin/c++
[2.700s] -- Check for working CXX compiler: /usr/bin/c++ -- works
[2.714s] -- Detecting CXX compiler ABI info
[3.224s] -- Detecting CXX compiler ABI info - done
[3.279s] -- Detecting CXX compile features
[3.283s] -- Detecting CXX compile features - done
[3.339s] -- Found ament_cmake: 1.1.6 (/opt/ros/galactic/share/ament_cmake/cmake)
[3.607s] -- Found PythonInterp: /usr/bin/python3 (found suitable version "3.8.10", minimum required is "3") 
[3.610s] -- Using PYTHON_EXECUTABLE: /usr/bin/python3
[4.842s] -- Found ament_lint_auto: 0.10.7 (/opt/ros/galactic/share/ament_lint_auto/cmake)
[5.770s] -- Added test 'copyright' to check source files copyright and LICENSE
[5.791s] -- Added test 'flake8' to check Python code syntax and style conventions
[5.801s] -- Added test 'lint_cmake' to check CMake code style
[5.812s] -- Added test 'pep257' to check Python code against some of the style conventions in PEP 257
[5.826s] -- Added test 'xmllint' to check XML markup files
[5.858s] -- Configuring done
[5.888s] -- Generating done
[5.901s] -- Build files have been written to: /home/wheeltec/wheeltec_ros2/src/build/wheeltec_cartographer
[5.927s] Invoked command in '/home/wheeltec/wheeltec_ros2/src/build/wheeltec_cartographer' returned '0': CMAKE_PREFIX_PATH=${CMAKE_PREFIX_PATH}:/home/wheeltec/wheeltec_ros2/install/simple_follower_ros2:/home/wheeltec/wheeltec_ros2/install/wheeltec_robot_keyboard:/home/wheeltec/wheeltec_ros2/install/tf2_tools:/home/wheeltec/wheeltec_ros2/install/teleop_twist_keyboard:/home/wheeltec/wheeltec_ros2/install/nav2_simple_commander:/home/wheeltec/wheeltec_ros2/install/nav2_gazebo_spawner:/home/wheeltec/wheeltec_ros2/install/ldlidar_sl_ros2:/home/wheeltec/wheeltec_ros2/install/keyboard_control_emer:/opt/ros/galactic /usr/bin/cmake /home/wheeltec/wheeltec_ros2/src/wheeltec_robot_slam/wheeltec_cartographer -DCMAKE_INSTALL_PREFIX=/home/wheeltec/wheeltec_ros2/src/install/wheeltec_cartographer
[5.932s] Invoking command in '/home/wheeltec/wheeltec_ros2/src/build/wheeltec_cartographer': CMAKE_PREFIX_PATH=${CMAKE_PREFIX_PATH}:/home/wheeltec/wheeltec_ros2/install/simple_follower_ros2:/home/wheeltec/wheeltec_ros2/install/wheeltec_robot_keyboard:/home/wheeltec/wheeltec_ros2/install/tf2_tools:/home/wheeltec/wheeltec_ros2/install/teleop_twist_keyboard:/home/wheeltec/wheeltec_ros2/install/nav2_simple_commander:/home/wheeltec/wheeltec_ros2/install/nav2_gazebo_spawner:/home/wheeltec/wheeltec_ros2/install/ldlidar_sl_ros2:/home/wheeltec/wheeltec_ros2/install/keyboard_control_emer:/opt/ros/galactic /usr/bin/cmake --build /home/wheeltec/wheeltec_ros2/src/build/wheeltec_cartographer -- -j4 -l4
[6.416s] Invoked command in '/home/wheeltec/wheeltec_ros2/src/build/wheeltec_cartographer' returned '0': CMAKE_PREFIX_PATH=${CMAKE_PREFIX_PATH}:/home/wheeltec/wheeltec_ros2/install/simple_follower_ros2:/home/wheeltec/wheeltec_ros2/install/wheeltec_robot_keyboard:/home/wheeltec/wheeltec_ros2/install/tf2_tools:/home/wheeltec/wheeltec_ros2/install/teleop_twist_keyboard:/home/wheeltec/wheeltec_ros2/install/nav2_simple_commander:/home/wheeltec/wheeltec_ros2/install/nav2_gazebo_spawner:/home/wheeltec/wheeltec_ros2/install/ldlidar_sl_ros2:/home/wheeltec/wheeltec_ros2/install/keyboard_control_emer:/opt/ros/galactic /usr/bin/cmake --build /home/wheeltec/wheeltec_ros2/src/build/wheeltec_cartographer -- -j4 -l4
[6.420s] Invoking command in '/home/wheeltec/wheeltec_ros2/src/build/wheeltec_cartographer': CMAKE_PREFIX_PATH=${CMAKE_PREFIX_PATH}:/home/wheeltec/wheeltec_ros2/install/simple_follower_ros2:/home/wheeltec/wheeltec_ros2/install/wheeltec_robot_keyboard:/home/wheeltec/wheeltec_ros2/install/tf2_tools:/home/wheeltec/wheeltec_ros2/install/teleop_twist_keyboard:/home/wheeltec/wheeltec_ros2/install/nav2_simple_commander:/home/wheeltec/wheeltec_ros2/install/nav2_gazebo_spawner:/home/wheeltec/wheeltec_ros2/install/ldlidar_sl_ros2:/home/wheeltec/wheeltec_ros2/install/keyboard_control_emer:/opt/ros/galactic /usr/bin/cmake --install /home/wheeltec/wheeltec_ros2/src/build/wheeltec_cartographer
[6.486s] -- Install configuration: ""
[6.488s] -- Installing: /home/wheeltec/wheeltec_ros2/src/install/wheeltec_cartographer/share/wheeltec_cartographer/launch
[6.492s] -- Installing: /home/wheeltec/wheeltec_ros2/src/install/wheeltec_cartographer/share/wheeltec_cartographer/launch/turtlebot3_scan.launch.py
[6.500s] -- Installing: /home/wheeltec/wheeltec_ros2/src/install/wheeltec_cartographer/share/wheeltec_cartographer/launch/realsense_d400.launch.py
[6.500s] -- Installing: /home/wheeltec/wheeltec_ros2/src/install/wheeltec_cartographer/share/wheeltec_cartographer/launch/cartographer.launch.py
[6.501s] -- Installing: /home/wheeltec/wheeltec_ros2/src/install/wheeltec_cartographer/share/wheeltec_cartographer/launch/slam_rtabmap.launch.py
[6.504s] -- Installing: /home/wheeltec/wheeltec_ros2/src/install/wheeltec_cartographer/share/wheeltec_cartographer/config
[6.504s] -- Installing: /home/wheeltec/wheeltec_ros2/src/install/wheeltec_cartographer/share/wheeltec_cartographer/config/cartographer.lua
[6.505s] -- Installing: /home/wheeltec/wheeltec_ros2/src/install/wheeltec_cartographer/share/ament_index/resource_index/package_run_dependencies/wheeltec_cartographer
[6.506s] -- Installing: /home/wheeltec/wheeltec_ros2/src/install/wheeltec_cartographer/share/ament_index/resource_index/parent_prefix_path/wheeltec_cartographer
[6.508s] -- Installing: /home/wheeltec/wheeltec_ros2/src/install/wheeltec_cartographer/share/wheeltec_cartographer/environment/ament_prefix_path.sh
[6.509s] -- Installing: /home/wheeltec/wheeltec_ros2/src/install/wheeltec_cartographer/share/wheeltec_cartographer/environment/ament_prefix_path.dsv
[6.510s] -- Installing: /home/wheeltec/wheeltec_ros2/src/install/wheeltec_cartographer/share/wheeltec_cartographer/environment/path.sh
[6.512s] -- Installing: /home/wheeltec/wheeltec_ros2/src/install/wheeltec_cartographer/share/wheeltec_cartographer/environment/path.dsv
[6.513s] -- Installing: /home/wheeltec/wheeltec_ros2/src/install/wheeltec_cartographer/share/wheeltec_cartographer/local_setup.bash
[6.513s] -- Installing: /home/wheeltec/wheeltec_ros2/src/install/wheeltec_cartographer/share/wheeltec_cartographer/local_setup.sh
[6.514s] -- Installing: /home/wheeltec/wheeltec_ros2/src/install/wheeltec_cartographer/share/wheeltec_cartographer/local_setup.zsh
[6.514s] -- Installing: /home/wheeltec/wheeltec_ros2/src/install/wheeltec_cartographer/share/wheeltec_cartographer/local_setup.dsv
[6.515s] -- Installing: /home/wheeltec/wheeltec_ros2/src/install/wheeltec_cartographer/share/wheeltec_cartographer/package.dsv
[6.515s] -- Installing: /home/wheeltec/wheeltec_ros2/src/install/wheeltec_cartographer/share/ament_index/resource_index/packages/wheeltec_cartographer
[6.516s] -- Installing: /home/wheeltec/wheeltec_ros2/src/install/wheeltec_cartographer/share/wheeltec_cartographer/cmake/wheeltec_cartographerConfig.cmake
[6.516s] -- Installing: /home/wheeltec/wheeltec_ros2/src/install/wheeltec_cartographer/share/wheeltec_cartographer/cmake/wheeltec_cartographerConfig-version.cmake
[6.530s] -- Installing: /home/wheeltec/wheeltec_ros2/src/install/wheeltec_cartographer/share/wheeltec_cartographer/package.xml
[6.542s] Invoked command in '/home/wheeltec/wheeltec_ros2/src/build/wheeltec_cartographer' returned '0': CMAKE_PREFIX_PATH=${CMAKE_PREFIX_PATH}:/home/wheeltec/wheeltec_ros2/install/simple_follower_ros2:/home/wheeltec/wheeltec_ros2/install/wheeltec_robot_keyboard:/home/wheeltec/wheeltec_ros2/install/tf2_tools:/home/wheeltec/wheeltec_ros2/install/teleop_twist_keyboard:/home/wheeltec/wheeltec_ros2/install/nav2_simple_commander:/home/wheeltec/wheeltec_ros2/install/nav2_gazebo_spawner:/home/wheeltec/wheeltec_ros2/install/ldlidar_sl_ros2:/home/wheeltec/wheeltec_ros2/install/keyboard_control_emer:/opt/ros/galactic /usr/bin/cmake --install /home/wheeltec/wheeltec_ros2/src/build/wheeltec_cartographer
