[0.050s] Invoking command in '/home/wheeltec/wheeltec_ros2/src/build/ldlidar_stl_ros2': /usr/bin/cmake --build /home/wheeltec/wheeltec_ros2/src/build/ldlidar_stl_ros2 -- -j4 -l4
[0.348s] [100%] Built target ldlidar_stl_ros2_node
[0.393s] Invoked command in '/home/wheeltec/wheeltec_ros2/src/build/ldlidar_stl_ros2' returned '0': /usr/bin/cmake --build /home/wheeltec/wheeltec_ros2/src/build/ldlidar_stl_ros2 -- -j4 -l4
[0.406s] Invoking command in '/home/wheeltec/wheeltec_ros2/src/build/ldlidar_stl_ros2': /usr/bin/cmake --install /home/wheeltec/wheeltec_ros2/src/build/ldlidar_stl_ros2
[0.436s] -- Install configuration: ""
[0.442s] -- Up-to-date: /home/wheeltec/wheeltec_ros2/src/install/ldlidar_stl_ros2/lib/ldlidar_stl_ros2/ldlidar_stl_ros2_node
[0.444s] -- Up-to-date: /home/wheeltec/wheeltec_ros2/src/install/ldlidar_stl_ros2/share/ldlidar_stl_ros2//launch
[0.445s] -- Up-to-date: /home/wheeltec/wheeltec_ros2/src/install/ldlidar_stl_ros2/share/ldlidar_stl_ros2//launch/ld19.launch.py
[0.445s] -- Up-to-date: /home/wheeltec/wheeltec_ros2/src/install/ldlidar_stl_ros2/share/ldlidar_stl_ros2//launch/viewer_ld06.launch.py
[0.446s] -- Up-to-date: /home/wheeltec/wheeltec_ros2/src/install/ldlidar_stl_ros2/share/ldlidar_stl_ros2//launch/viewer_ld19.launch.py
[0.446s] -- Up-to-date: /home/wheeltec/wheeltec_ros2/src/install/ldlidar_stl_ros2/share/ldlidar_stl_ros2//launch/ld06.launch.py
[0.447s] -- Up-to-date: /home/wheeltec/wheeltec_ros2/src/install/ldlidar_stl_ros2/share/ldlidar_stl_ros2//rviz2
[0.448s] -- Up-to-date: /home/wheeltec/wheeltec_ros2/src/install/ldlidar_stl_ros2/share/ldlidar_stl_ros2//rviz2/ldlidar.rviz
[0.449s] -- Up-to-date: /home/wheeltec/wheeltec_ros2/src/install/ldlidar_stl_ros2/share/ament_index/resource_index/package_run_dependencies/ldlidar_stl_ros2
[0.450s] -- Up-to-date: /home/wheeltec/wheeltec_ros2/src/install/ldlidar_stl_ros2/share/ament_index/resource_index/parent_prefix_path/ldlidar_stl_ros2
[0.451s] -- Up-to-date: /home/wheeltec/wheeltec_ros2/src/install/ldlidar_stl_ros2/share/ldlidar_stl_ros2/environment/ament_prefix_path.sh
[0.451s] -- Up-to-date: /home/wheeltec/wheeltec_ros2/src/install/ldlidar_stl_ros2/share/ldlidar_stl_ros2/environment/ament_prefix_path.dsv
[0.452s] -- Up-to-date: /home/wheeltec/wheeltec_ros2/src/install/ldlidar_stl_ros2/share/ldlidar_stl_ros2/environment/path.sh
[0.452s] -- Up-to-date: /home/wheeltec/wheeltec_ros2/src/install/ldlidar_stl_ros2/share/ldlidar_stl_ros2/environment/path.dsv
[0.452s] -- Up-to-date: /home/wheeltec/wheeltec_ros2/src/install/ldlidar_stl_ros2/share/ldlidar_stl_ros2/local_setup.bash
[0.453s] -- Up-to-date: /home/wheeltec/wheeltec_ros2/src/install/ldlidar_stl_ros2/share/ldlidar_stl_ros2/local_setup.sh
[0.453s] -- Up-to-date: /home/wheeltec/wheeltec_ros2/src/install/ldlidar_stl_ros2/share/ldlidar_stl_ros2/local_setup.zsh
[0.454s] -- Up-to-date: /home/wheeltec/wheeltec_ros2/src/install/ldlidar_stl_ros2/share/ldlidar_stl_ros2/local_setup.dsv
[0.454s] -- Installing: /home/wheeltec/wheeltec_ros2/src/install/ldlidar_stl_ros2/share/ldlidar_stl_ros2/package.dsv
[0.455s] -- Up-to-date: /home/wheeltec/wheeltec_ros2/src/install/ldlidar_stl_ros2/share/ament_index/resource_index/packages/ldlidar_stl_ros2
[0.455s] -- Up-to-date: /home/wheeltec/wheeltec_ros2/src/install/ldlidar_stl_ros2/share/ldlidar_stl_ros2/cmake/ldlidar_stl_ros2Config.cmake
[0.456s] -- Up-to-date: /home/wheeltec/wheeltec_ros2/src/install/ldlidar_stl_ros2/share/ldlidar_stl_ros2/cmake/ldlidar_stl_ros2Config-version.cmake
[0.456s] -- Up-to-date: /home/wheeltec/wheeltec_ros2/src/install/ldlidar_stl_ros2/share/ldlidar_stl_ros2/package.xml
[0.469s] Invoked command in '/home/wheeltec/wheeltec_ros2/src/build/ldlidar_stl_ros2' returned '0': /usr/bin/cmake --install /home/wheeltec/wheeltec_ros2/src/build/ldlidar_stl_ros2
