[0.805s] DEBUG:colcon:Command line arguments: ['/usr/bin/colcon', 'build', '--packages-select', 'keyboard_control_emer']
[0.806s] DEBUG:colcon:Parsed command line arguments: Namespace(allow_overriding=[], ament_cmake_args=None, base_paths=['.'], build_base='build', catkin_cmake_args=None, catkin_skip_building_tests=False, cmake_args=None, cmake_clean_cache=False, cmake_clean_first=False, cmake_force_configure=False, cmake_target=None, cmake_target_skip_unavailable=False, continue_on_error=False, event_handlers=None, executor='parallel', ignore_user_meta=False, install_base='install', log_base=None, log_level=None, main=<bound method BuildVerb.main of <colcon_core.verb.build.BuildVerb object at 0x7f9144bc40>>, merge_install=False, metas=['./colcon.meta'], packages_above=None, packages_above_and_dependencies=None, packages_above_depth=None, packages_end=None, packages_ignore=None, packages_ignore_regex=None, packages_select=['keyboard_control_emer'], packages_select_build_failed=False, packages_select_by_dep=None, packages_select_regex=None, packages_select_test_failures=False, packages_skip=None, packages_skip_build_finished=False, packages_skip_by_dep=None, packages_skip_regex=None, packages_skip_test_passed=False, packages_skip_up_to=None, packages_start=None, packages_up_to=None, packages_up_to_regex=None, parallel_workers=4, paths=None, symlink_install=False, test_result_base=None, verb_extension=<colcon_core.verb.build.BuildVerb object at 0x7f9144bc40>, verb_name='build', verb_parser=<colcon_defaults.argument_parser.defaults.DefaultArgumentsDecorator object at 0x7f913da040>)
[1.878s] Level 1:colcon.colcon_core.package_discovery:discover_packages(colcon_meta) check parameters
[1.878s] Level 1:colcon.colcon_core.package_discovery:discover_packages(recursive) check parameters
[1.878s] Level 1:colcon.colcon_core.package_discovery:discover_packages(ignore) check parameters
[1.878s] Level 1:colcon.colcon_core.package_discovery:discover_packages(path) check parameters
[1.878s] Level 1:colcon.colcon_core.package_discovery:discover_packages(colcon_meta) discover
[1.879s] Level 1:colcon.colcon_core.package_discovery:discover_packages(recursive) discover
[1.879s] INFO:colcon.colcon_core.package_discovery:Crawling recursively for packages in '/home/wheeltec/wheeltec_ros2/src/keyboard_control_emer'
[1.879s] Level 1:colcon.colcon_core.package_identification:_identify(.) by extensions ['ignore', 'ignore_ament_install']
[1.880s] Level 1:colcon.colcon_core.package_identification:_identify(.) by extension 'ignore'
[1.880s] Level 1:colcon.colcon_core.package_identification:_identify(.) by extension 'ignore_ament_install'
[1.880s] Level 1:colcon.colcon_core.package_identification:_identify(.) by extensions ['colcon_pkg']
[1.880s] Level 1:colcon.colcon_core.package_identification:_identify(.) by extension 'colcon_pkg'
[1.881s] Level 1:colcon.colcon_core.package_identification:_identify(.) by extensions ['colcon_meta']
[1.881s] Level 1:colcon.colcon_core.package_identification:_identify(.) by extension 'colcon_meta'
[1.881s] Level 1:colcon.colcon_core.package_identification:_identify(.) by extensions ['ros']
[1.881s] Level 1:colcon.colcon_core.package_identification:_identify(.) by extension 'ros'
[1.944s] DEBUG:colcon.colcon_core.package_identification:Package '.' with type 'ros.ament_python' and name 'keyboard_control_emer'
[1.944s] Level 1:colcon.colcon_core.package_discovery:discover_packages(recursive) using defaults
[1.944s] Level 1:colcon.colcon_core.package_discovery:discover_packages(ignore) discover
[1.945s] Level 1:colcon.colcon_core.package_discovery:discover_packages(ignore) using defaults
[1.945s] Level 1:colcon.colcon_core.package_discovery:discover_packages(path) discover
[1.945s] Level 1:colcon.colcon_core.package_discovery:discover_packages(path) using defaults
[2.023s] Level 1:colcon.colcon_core.package_discovery:discover_packages(prefix_path) check parameters
[2.023s] Level 1:colcon.colcon_core.package_discovery:discover_packages(prefix_path) discover
[2.049s] DEBUG:colcon.colcon_installed_package_information.package_discovery:Found 72 installed packages in /home/wheeltec/wheeltec_ros2/install
[2.059s] DEBUG:colcon.colcon_installed_package_information.package_discovery:Found 343 installed packages in /opt/ros/galactic
[2.075s] Level 1:colcon.colcon_core.package_discovery:discover_packages(prefix_path) using defaults
[2.346s] Level 5:colcon.colcon_core.verb:set package 'keyboard_control_emer' build argument 'cmake_args' from command line to 'None'
[2.347s] Level 5:colcon.colcon_core.verb:set package 'keyboard_control_emer' build argument 'cmake_target' from command line to 'None'
[2.347s] Level 5:colcon.colcon_core.verb:set package 'keyboard_control_emer' build argument 'cmake_target_skip_unavailable' from command line to 'False'
[2.347s] Level 5:colcon.colcon_core.verb:set package 'keyboard_control_emer' build argument 'cmake_clean_cache' from command line to 'False'
[2.347s] Level 5:colcon.colcon_core.verb:set package 'keyboard_control_emer' build argument 'cmake_clean_first' from command line to 'False'
[2.347s] Level 5:colcon.colcon_core.verb:set package 'keyboard_control_emer' build argument 'cmake_force_configure' from command line to 'False'
[2.347s] Level 5:colcon.colcon_core.verb:set package 'keyboard_control_emer' build argument 'ament_cmake_args' from command line to 'None'
[2.347s] Level 5:colcon.colcon_core.verb:set package 'keyboard_control_emer' build argument 'catkin_cmake_args' from command line to 'None'
[2.347s] Level 5:colcon.colcon_core.verb:set package 'keyboard_control_emer' build argument 'catkin_skip_building_tests' from command line to 'False'
[2.348s] DEBUG:colcon.colcon_core.verb:Building package 'keyboard_control_emer' with the following arguments: {'ament_cmake_args': None, 'build_base': '/home/wheeltec/wheeltec_ros2/src/keyboard_control_emer/build/keyboard_control_emer', 'catkin_cmake_args': None, 'catkin_skip_building_tests': False, 'cmake_args': None, 'cmake_clean_cache': False, 'cmake_clean_first': False, 'cmake_force_configure': False, 'cmake_target': None, 'cmake_target_skip_unavailable': False, 'install_base': '/home/wheeltec/wheeltec_ros2/src/keyboard_control_emer/install/keyboard_control_emer', 'merge_install': False, 'path': '/home/wheeltec/wheeltec_ros2/src/keyboard_control_emer', 'symlink_install': False, 'test_result_base': None}
[2.348s] INFO:colcon.colcon_core.executor:Executing jobs using 'parallel' executor
[2.351s] DEBUG:colcon.colcon_parallel_executor.executor.parallel:run_until_complete
[2.352s] INFO:colcon.colcon_ros.task.ament_python.build:Building ROS package in '/home/wheeltec/wheeltec_ros2/src/keyboard_control_emer' with build type 'ament_python'
[2.352s] Level 1:colcon.colcon_core.shell:create_environment_hook('keyboard_control_emer', 'ament_prefix_path')
[2.361s] INFO:colcon.colcon_core.plugin_system:Skipping extension 'colcon_core.shell.bat': Not used on non-Windows systems
[2.362s] INFO:colcon.colcon_core.shell:Creating environment hook '/home/wheeltec/wheeltec_ros2/src/keyboard_control_emer/install/keyboard_control_emer/share/keyboard_control_emer/hook/ament_prefix_path.ps1'
[2.364s] INFO:colcon.colcon_core.shell:Creating environment descriptor '/home/wheeltec/wheeltec_ros2/src/keyboard_control_emer/install/keyboard_control_emer/share/keyboard_control_emer/hook/ament_prefix_path.dsv'
[2.366s] INFO:colcon.colcon_core.shell:Creating environment hook '/home/wheeltec/wheeltec_ros2/src/keyboard_control_emer/install/keyboard_control_emer/share/keyboard_control_emer/hook/ament_prefix_path.sh'
[2.369s] INFO:colcon.colcon_core.shell:Skip shell extension 'powershell' for command environment: Not usable outside of PowerShell
[2.369s] DEBUG:colcon.colcon_core.shell:Skip shell extension 'dsv' for command environment
[3.863s] INFO:colcon.colcon_core.task.python.build:Building Python package in '/home/wheeltec/wheeltec_ros2/src/keyboard_control_emer'
[3.864s] INFO:colcon.colcon_core.shell:Skip shell extension 'powershell' for command environment: Not usable outside of PowerShell
[3.864s] DEBUG:colcon.colcon_core.shell:Skip shell extension 'dsv' for command environment
[6.716s] DEBUG:colcon.colcon_core.event_handler.log_command:Invoking command in '/home/wheeltec/wheeltec_ros2/src/keyboard_control_emer': PYTHONPATH=/home/wheeltec/wheeltec_ros2/src/keyboard_control_emer/build/keyboard_control_emer/prefix_override:/usr/lib/python3/dist-packages/colcon_core/task/python/colcon_distutils_commands:/home/wheeltec/wheeltec_ros2/src/keyboard_control_emer/install/keyboard_control_emer/lib/python3.8/site-packages:${PYTHONPATH} /usr/bin/python3 -W ignore:setup.py install is deprecated -W ignore:easy_install command is deprecated setup.py egg_info --egg-base build/keyboard_control_emer build --build-base /home/wheeltec/wheeltec_ros2/src/keyboard_control_emer/build/keyboard_control_emer/build install --record /home/wheeltec/wheeltec_ros2/src/keyboard_control_emer/build/keyboard_control_emer/install.log --single-version-externally-managed install_data
[9.100s] DEBUG:colcon.colcon_core.event_handler.log_command:Invoked command in '/home/wheeltec/wheeltec_ros2/src/keyboard_control_emer' returned '0': PYTHONPATH=/home/wheeltec/wheeltec_ros2/src/keyboard_control_emer/build/keyboard_control_emer/prefix_override:/usr/lib/python3/dist-packages/colcon_core/task/python/colcon_distutils_commands:/home/wheeltec/wheeltec_ros2/src/keyboard_control_emer/install/keyboard_control_emer/lib/python3.8/site-packages:${PYTHONPATH} /usr/bin/python3 -W ignore:setup.py install is deprecated -W ignore:easy_install command is deprecated setup.py egg_info --egg-base build/keyboard_control_emer build --build-base /home/wheeltec/wheeltec_ros2/src/keyboard_control_emer/build/keyboard_control_emer/build install --record /home/wheeltec/wheeltec_ros2/src/keyboard_control_emer/build/keyboard_control_emer/install.log --single-version-externally-managed install_data
[9.109s] Level 1:colcon.colcon_core.environment:checking '/home/wheeltec/wheeltec_ros2/src/keyboard_control_emer/install/keyboard_control_emer' for CMake module files
[9.111s] Level 1:colcon.colcon_core.environment:checking '/home/wheeltec/wheeltec_ros2/src/keyboard_control_emer/install/keyboard_control_emer' for CMake config files
[9.114s] Level 1:colcon.colcon_core.environment:checking '/home/wheeltec/wheeltec_ros2/src/keyboard_control_emer/install/keyboard_control_emer/lib'
[9.114s] Level 1:colcon.colcon_core.environment:checking '/home/wheeltec/wheeltec_ros2/src/keyboard_control_emer/install/keyboard_control_emer/bin'
[9.115s] Level 1:colcon.colcon_core.environment:checking '/home/wheeltec/wheeltec_ros2/src/keyboard_control_emer/install/keyboard_control_emer/lib/pkgconfig/keyboard_control_emer.pc'
[9.116s] Level 1:colcon.colcon_core.environment:checking '/home/wheeltec/wheeltec_ros2/src/keyboard_control_emer/install/keyboard_control_emer/lib/python3.8/site-packages'
[9.116s] Level 1:colcon.colcon_core.shell:create_environment_hook('keyboard_control_emer', 'pythonpath')
[9.117s] INFO:colcon.colcon_core.shell:Creating environment hook '/home/wheeltec/wheeltec_ros2/src/keyboard_control_emer/install/keyboard_control_emer/share/keyboard_control_emer/hook/pythonpath.ps1'
[9.119s] INFO:colcon.colcon_core.shell:Creating environment descriptor '/home/wheeltec/wheeltec_ros2/src/keyboard_control_emer/install/keyboard_control_emer/share/keyboard_control_emer/hook/pythonpath.dsv'
[9.120s] INFO:colcon.colcon_core.shell:Creating environment hook '/home/wheeltec/wheeltec_ros2/src/keyboard_control_emer/install/keyboard_control_emer/share/keyboard_control_emer/hook/pythonpath.sh'
[9.122s] Level 1:colcon.colcon_core.environment:checking '/home/wheeltec/wheeltec_ros2/src/keyboard_control_emer/install/keyboard_control_emer/bin'
[9.123s] Level 1:colcon.colcon_core.environment:create_environment_scripts_only(keyboard_control_emer)
[9.125s] INFO:colcon.colcon_core.shell:Creating package script '/home/wheeltec/wheeltec_ros2/src/keyboard_control_emer/install/keyboard_control_emer/share/keyboard_control_emer/package.ps1'
[9.128s] INFO:colcon.colcon_core.shell:Creating package descriptor '/home/wheeltec/wheeltec_ros2/src/keyboard_control_emer/install/keyboard_control_emer/share/keyboard_control_emer/package.dsv'
[9.130s] INFO:colcon.colcon_core.shell:Creating package script '/home/wheeltec/wheeltec_ros2/src/keyboard_control_emer/install/keyboard_control_emer/share/keyboard_control_emer/package.sh'
[9.133s] INFO:colcon.colcon_core.shell:Creating package script '/home/wheeltec/wheeltec_ros2/src/keyboard_control_emer/install/keyboard_control_emer/share/keyboard_control_emer/package.bash'
[9.136s] INFO:colcon.colcon_core.shell:Creating package script '/home/wheeltec/wheeltec_ros2/src/keyboard_control_emer/install/keyboard_control_emer/share/keyboard_control_emer/package.zsh'
[9.139s] Level 1:colcon.colcon_core.environment:create_file_with_runtime_dependencies(/home/wheeltec/wheeltec_ros2/src/keyboard_control_emer/install/keyboard_control_emer/share/colcon-core/packages/keyboard_control_emer)
[9.140s] DEBUG:colcon.colcon_parallel_executor.executor.parallel:closing loop
[9.141s] DEBUG:colcon.colcon_parallel_executor.executor.parallel:loop closed
[9.141s] DEBUG:colcon.colcon_parallel_executor.executor.parallel:run_until_complete finished with '0'
[9.141s] DEBUG:colcon.colcon_core.event_reactor:joining thread
[9.162s] INFO:colcon.colcon_core.plugin_system:Skipping extension 'colcon_notification.desktop_notification.terminal_notifier': Not used on non-Darwin systems
[9.162s] INFO:colcon.colcon_core.plugin_system:Skipping extension 'colcon_notification.desktop_notification.win32': Not used on non-Windows systems
[9.163s] INFO:colcon.colcon_notification.desktop_notification:Sending desktop notification using 'notify2'
[9.198s] DEBUG:colcon.colcon_core.event_reactor:joined thread
[9.199s] INFO:colcon.colcon_core.shell:Creating prefix script '/home/wheeltec/wheeltec_ros2/src/keyboard_control_emer/install/local_setup.ps1'
[9.202s] INFO:colcon.colcon_core.shell:Creating prefix util module '/home/wheeltec/wheeltec_ros2/src/keyboard_control_emer/install/_local_setup_util_ps1.py'
[9.208s] INFO:colcon.colcon_core.shell:Creating prefix chain script '/home/wheeltec/wheeltec_ros2/src/keyboard_control_emer/install/setup.ps1'
[9.223s] INFO:colcon.colcon_core.shell:Creating prefix script '/home/wheeltec/wheeltec_ros2/src/keyboard_control_emer/install/local_setup.sh'
[9.225s] INFO:colcon.colcon_core.shell:Creating prefix util module '/home/wheeltec/wheeltec_ros2/src/keyboard_control_emer/install/_local_setup_util_sh.py'
[9.228s] INFO:colcon.colcon_core.shell:Creating prefix chain script '/home/wheeltec/wheeltec_ros2/src/keyboard_control_emer/install/setup.sh'
[9.244s] INFO:colcon.colcon_core.shell:Creating prefix script '/home/wheeltec/wheeltec_ros2/src/keyboard_control_emer/install/local_setup.bash'
[9.246s] INFO:colcon.colcon_core.shell:Creating prefix chain script '/home/wheeltec/wheeltec_ros2/src/keyboard_control_emer/install/setup.bash'
[9.261s] INFO:colcon.colcon_core.shell:Creating prefix script '/home/wheeltec/wheeltec_ros2/src/keyboard_control_emer/install/local_setup.zsh'
[9.263s] INFO:colcon.colcon_core.shell:Creating prefix chain script '/home/wheeltec/wheeltec_ros2/src/keyboard_control_emer/install/setup.zsh'
