[0.084s] Invoking command in '/home/wheeltec/wheeltec_ros2/src/build/lidar_ros2': CMAKE_PREFIX_PATH=${CMAKE_PREFIX_PATH}:/home/wheeltec/wheeltec_ros2/install/simple_follower_ros2:/home/wheeltec/wheeltec_ros2/install/wheeltec_robot_keyboard:/home/wheeltec/wheeltec_ros2/install/tf2_tools:/home/wheeltec/wheeltec_ros2/install/teleop_twist_keyboard:/home/wheeltec/wheeltec_ros2/install/nav2_simple_commander:/home/wheeltec/wheeltec_ros2/install/nav2_gazebo_spawner:/home/wheeltec/wheeltec_ros2/install/ldlidar_sl_ros2:/home/wheeltec/wheeltec_ros2/install/keyboard_control_emer:/opt/ros/galactic /usr/bin/cmake /home/wheeltec/wheeltec_ros2/src/wheeltec_lidar_ros2/rplidar_A1 -DCMAKE_INSTALL_PREFIX=/home/wheeltec/wheeltec_ros2/src/install/lidar_ros2
[0.380s] -- The C compiler identification is GNU 9.4.0
[0.650s] -- The CXX compiler identification is GNU 9.4.0
[0.687s] -- Check for working C compiler: /usr/bin/cc
[1.179s] -- Check for working C compiler: /usr/bin/cc -- works
[1.187s] -- Detecting C compiler ABI info
[1.564s] -- Detecting C compiler ABI info - done
[1.641s] -- Detecting C compile features
[1.644s] -- Detecting C compile features - done
[1.654s] -- Check for working CXX compiler: /usr/bin/c++
[2.055s] -- Check for working CXX compiler: /usr/bin/c++ -- works
[2.061s] -- Detecting CXX compiler ABI info
[2.547s] -- Detecting CXX compiler ABI info - done
[2.606s] -- Detecting CXX compile features
[2.610s] -- Detecting CXX compile features - done
[2.661s] -- Found ament_cmake: 1.1.6 (/opt/ros/galactic/share/ament_cmake/cmake)
[2.894s] -- Found PythonInterp: /usr/bin/python3 (found suitable version "3.8.10", minimum required is "3") 
[2.894s] -- Using PYTHON_EXECUTABLE: /usr/bin/python3
[3.801s] -- Found rclcpp: 9.2.2 (/opt/ros/galactic/share/rclcpp/cmake)
[4.506s] -- Using all available rosidl_typesupport_c: rosidl_typesupport_fastrtps_c;rosidl_typesupport_introspection_c
[4.636s] -- Found rosidl_adapter: 2.2.3 (/opt/ros/galactic/share/rosidl_adapter/cmake)
[5.622s] -- Found OpenSSL: /usr/lib/aarch64-linux-gnu/libcrypto.so (found version "1.1.1f")  
[5.839s] -- Found FastRTPS: /opt/ros/galactic/include  
[6.559s] -- Using all available rosidl_typesupport_cpp: rosidl_typesupport_fastrtps_cpp;rosidl_typesupport_introspection_cpp
[7.119s] -- Found rmw_implementation_cmake: 3.3.1 (/opt/ros/galactic/share/rmw_implementation_cmake/cmake)
[7.181s] -- Found rmw_cyclonedds_cpp: 0.22.6 (/opt/ros/galactic/share/rmw_cyclonedds_cpp/cmake)
[7.321s] -- Using RMW implementation 'rmw_cyclonedds_cpp' as default
[7.324s] -- Looking for pthread.h
[7.722s] -- Looking for pthread.h - found
[7.725s] -- Performing Test CMAKE_HAVE_LIBC_PTHREAD
[8.163s] -- Performing Test CMAKE_HAVE_LIBC_PTHREAD - Failed
[8.165s] -- Looking for pthread_create in pthreads
[8.515s] -- Looking for pthread_create in pthreads - not found
[8.517s] -- Looking for pthread_create in pthread
[8.926s] -- Looking for pthread_create in pthread - found
[8.928s] -- Found Threads: TRUE  
[9.872s] -- Found sensor_msgs: 2.2.4 (/opt/ros/galactic/share/sensor_msgs/cmake)
[10.444s] -- Found std_srvs: 2.2.4 (/opt/ros/galactic/share/std_srvs/cmake)
[10.549s] -- Found ament_lint_auto: 0.10.7 (/opt/ros/galactic/share/ament_lint_auto/cmake)
[11.281s] -- Added test 'copyright' to check source files copyright and LICENSE
[11.314s] -- Added test 'cppcheck' to perform static code analysis on C / C++ code
[11.315s] -- Configured cppcheck include dirs: $<BUILD_INTERFACE:/home/wheeltec/wheeltec_ros2/src/wheeltec_lidar_ros2/rplidar_A1/include>;$<BUILD_INTERFACE:/home/wheeltec/wheeltec_ros2/src/wheeltec_lidar_ros2/rplidar_A1/sdk/include>;$<BUILD_INTERFACE:/home/wheeltec/wheeltec_ros2/src/wheeltec_lidar_ros2/rplidar_A1/sdk/src>
[11.315s] -- Configured cppcheck exclude dirs and/or files: 
[11.324s] -- Added test 'cpplint' to check C / C++ code against the Google style
[11.324s] -- Configured cpplint exclude dirs and/or files: 
[11.332s] -- Added test 'flake8' to check Python code syntax and style conventions
[11.341s] -- Added test 'lint_cmake' to check CMake code style
[11.350s] -- Added test 'pep257' to check Python code against some of the style conventions in PEP 257
[11.369s] -- Added test 'uncrustify' to check C / C++ code style
[11.369s] -- Configured uncrustify additional arguments: 
[11.376s] -- Added test 'xmllint' to check XML markup files
[11.402s] -- Configuring done
[11.466s] -- Generating done
[11.482s] -- Build files have been written to: /home/wheeltec/wheeltec_ros2/src/build/lidar_ros2
[11.524s] Invoked command in '/home/wheeltec/wheeltec_ros2/src/build/lidar_ros2' returned '0': CMAKE_PREFIX_PATH=${CMAKE_PREFIX_PATH}:/home/wheeltec/wheeltec_ros2/install/simple_follower_ros2:/home/wheeltec/wheeltec_ros2/install/wheeltec_robot_keyboard:/home/wheeltec/wheeltec_ros2/install/tf2_tools:/home/wheeltec/wheeltec_ros2/install/teleop_twist_keyboard:/home/wheeltec/wheeltec_ros2/install/nav2_simple_commander:/home/wheeltec/wheeltec_ros2/install/nav2_gazebo_spawner:/home/wheeltec/wheeltec_ros2/install/ldlidar_sl_ros2:/home/wheeltec/wheeltec_ros2/install/keyboard_control_emer:/opt/ros/galactic /usr/bin/cmake /home/wheeltec/wheeltec_ros2/src/wheeltec_lidar_ros2/rplidar_A1 -DCMAKE_INSTALL_PREFIX=/home/wheeltec/wheeltec_ros2/src/install/lidar_ros2
[11.527s] Invoking command in '/home/wheeltec/wheeltec_ros2/src/build/lidar_ros2': CMAKE_PREFIX_PATH=${CMAKE_PREFIX_PATH}:/home/wheeltec/wheeltec_ros2/install/simple_follower_ros2:/home/wheeltec/wheeltec_ros2/install/wheeltec_robot_keyboard:/home/wheeltec/wheeltec_ros2/install/tf2_tools:/home/wheeltec/wheeltec_ros2/install/teleop_twist_keyboard:/home/wheeltec/wheeltec_ros2/install/nav2_simple_commander:/home/wheeltec/wheeltec_ros2/install/nav2_gazebo_spawner:/home/wheeltec/wheeltec_ros2/install/ldlidar_sl_ros2:/home/wheeltec/wheeltec_ros2/install/keyboard_control_emer:/opt/ros/galactic /usr/bin/cmake --build /home/wheeltec/wheeltec_ros2/src/build/lidar_ros2 -- -j4 -l4
[11.780s] [35m[1mScanning dependencies of target rplidarNode[0m
[12.143s] [ 14%] [32mBuilding CXX object CMakeFiles/rplidarNode.dir/src/rplidar_node.cpp.o[0m
[20.655s] In file included from [01m[K/home/wheeltec/wheeltec_ros2/src/wheeltec_lidar_ros2/rplidar_A1/sdk/include/rplidar.h:39[m[K,
[20.655s]                  from [01m[K/home/wheeltec/wheeltec_ros2/src/wheeltec_lidar_ros2/rplidar_A1/include/rplidar_ros/rplidar_node.hpp:43[m[K,
[20.656s]                  from [01m[K/home/wheeltec/wheeltec_ros2/src/wheeltec_lidar_ros2/rplidar_A1/src/rplidar_node.cpp:38[m[K:
[20.656s] [01m[K/home/wheeltec/wheeltec_ros2/src/wheeltec_lidar_ros2/rplidar_A1/sdk/include/rplidar_protocol.h:59:14:[m[K [01;35m[Kwarning: [m[KISO C++ forbids zero-size array ‘[01m[Kdata[m[K’ [[01;35m[K-Wpedantic[m[K]
[20.659s]    59 |     _u8 data[[01;35m[K0[m[K];
[20.659s]       |              [01;35m[K^[m[K
[20.661s] In file included from [01m[K/home/wheeltec/wheeltec_ros2/src/wheeltec_lidar_ros2/rplidar_A1/sdk/include/rplidar.h:40[m[K,
[20.662s]                  from [01m[K/home/wheeltec/wheeltec_ros2/src/wheeltec_lidar_ros2/rplidar_A1/include/rplidar_ros/rplidar_node.hpp:43[m[K,
[20.662s]                  from [01m[K/home/wheeltec/wheeltec_ros2/src/wheeltec_lidar_ros2/rplidar_A1/src/rplidar_node.cpp:38[m[K:
[20.662s] [01m[K/home/wheeltec/wheeltec_ros2/src/wheeltec_lidar_ros2/rplidar_A1/sdk/include/rplidar_cmd.h:260:18:[m[K [01;35m[Kwarning: [m[KISO C++ forbids zero-size array ‘[01m[Kpayload[m[K’ [[01;35m[K-Wpedantic[m[K]
[20.663s]   260 |     _u8  payload[[01;35m[K0[m[K];
[20.663s]       |                  [01;35m[K^[m[K
[21.011s] [01m[K/home/wheeltec/wheeltec_ros2/src/wheeltec_lidar_ros2/rplidar_A1/src/rplidar_node.cpp:[m[K In member function ‘[01m[Kvoid rplidar_ros::RPlidarNode::spin()[m[K’:
[21.011s] [01m[K/home/wheeltec/wheeltec_ros2/src/wheeltec_lidar_ros2/rplidar_A1/src/rplidar_node.cpp:327:48:[m[K [01;35m[Kwarning: [m[KISO C++ forbids variable length array ‘[01m[Kangle_compensate_nodes[m[K’ [[01;35m[K-Wvla[m[K]
[21.012s]   327 |         rplidar_response_measurement_node_hq_t [01;35m[Kangle_compensate_nodes[m[K[angle_compensate_nodes_count];
[21.012s]       |                                                [01;35m[K^~~~~~~~~~~~~~~~~~~~~~[m[K
[21.013s] [01m[K/home/wheeltec/wheeltec_ros2/src/wheeltec_lidar_ros2/rplidar_A1/src/rplidar_node.cpp:331:27:[m[K [01;35m[Kwarning: [m[Kcomparison of integer expressions of different signedness: ‘[01m[Kint[m[K’ and ‘[01m[Ksize_t[m[K’ {aka ‘[01m[Klong unsigned int[m[K’} [[01;35m[K-Wsign-compare[m[K]
[21.013s]   331 |         for (int i = 0; [01;35m[Ki < count[m[K; i++) {
[21.013s]       |                         [01;35m[K~~^~~~~~~[m[K
[33.862s] [ 28%] [32mBuilding CXX object CMakeFiles/rplidarNode.dir/sdk/src/arch/linux/timer.cpp.o[0m
[35.813s] [ 42%] [32mBuilding CXX object CMakeFiles/rplidarNode.dir/sdk/src/hal/thread.cpp.o[0m
[37.987s] In file included from [01m[K/home/wheeltec/wheeltec_ros2/src/wheeltec_lidar_ros2/rplidar_A1/sdk/include/rplidar.h:39[m[K,
[37.987s]                  from [01m[K/home/wheeltec/wheeltec_ros2/src/wheeltec_lidar_ros2/rplidar_A1/sdk/src/sdkcommon.h:48[m[K,
[37.988s]                  from [01m[K/home/wheeltec/wheeltec_ros2/src/wheeltec_lidar_ros2/rplidar_A1/sdk/src/hal/thread.cpp:35[m[K:
[37.990s] [01m[K/home/wheeltec/wheeltec_ros2/src/wheeltec_lidar_ros2/rplidar_A1/sdk/include/rplidar_protocol.h:59:14:[m[K [01;35m[Kwarning: [m[KISO C++ forbids zero-size array ‘[01m[Kdata[m[K’ [[01;35m[K-Wpedantic[m[K]
[37.991s]    59 |     _u8 data[[01;35m[K0[m[K];
[37.991s]       |              [01;35m[K^[m[K
[37.994s] In file included from [01m[K/home/wheeltec/wheeltec_ros2/src/wheeltec_lidar_ros2/rplidar_A1/sdk/include/rplidar.h:40[m[K,
[37.994s]                  from [01m[K/home/wheeltec/wheeltec_ros2/src/wheeltec_lidar_ros2/rplidar_A1/sdk/src/sdkcommon.h:48[m[K,
[37.995s]                  from [01m[K/home/wheeltec/wheeltec_ros2/src/wheeltec_lidar_ros2/rplidar_A1/sdk/src/hal/thread.cpp:35[m[K:
[37.995s] [01m[K/home/wheeltec/wheeltec_ros2/src/wheeltec_lidar_ros2/rplidar_A1/sdk/include/rplidar_cmd.h:260:18:[m[K [01;35m[Kwarning: [m[KISO C++ forbids zero-size array ‘[01m[Kpayload[m[K’ [[01;35m[K-Wpedantic[m[K]
[37.996s]   260 |     _u8  payload[[01;35m[K0[m[K];
[37.999s]       |                  [01;35m[K^[m[K
[38.000s] In file included from [01m[K/home/wheeltec/wheeltec_ros2/src/wheeltec_lidar_ros2/rplidar_A1/sdk/src/hal/thread.cpp:43[m[K:
[38.000s] [01m[K/home/wheeltec/wheeltec_ros2/src/wheeltec_lidar_ros2/rplidar_A1/sdk/src/arch/linux/thread.hpp:[m[K In static member function ‘[01m[Kstatic rp::hal::Thread rp::hal::Thread::create(thread_proc_t, void*)[m[K’:
[38.001s] [01m[K/home/wheeltec/wheeltec_ros2/src/wheeltec_lidar_ros2/rplidar_A1/sdk/src/arch/linux/thread.hpp:48:77:[m[K [01;35m[Kwarning: [m[Kcast between incompatible function types from ‘[01m[Kthread_proc_t[m[K’ {aka ‘[01m[Klong unsigned int (*)(void*)[m[K’} to ‘[01m[Kvoid* (*)(void*)[m[K’ [[01;35m[K-Wcast-function-type[m[K]
[38.001s]    48 |     pthread_create((pthread_t *)&newborn._handle, NULL, (void * (*)(void *))[01;35m[Kproc[m[K, data);
[38.002s]       |                                                                             [01;35m[K^~~~[m[K
[38.015s] [01m[K/home/wheeltec/wheeltec_ros2/src/wheeltec_lidar_ros2/rplidar_A1/sdk/src/arch/linux/thread.hpp:[m[K In member function ‘[01m[Ku_result rp::hal::Thread::join(long unsigned int)[m[K’:
[38.015s] [01m[K/home/wheeltec/wheeltec_ros2/src/wheeltec_lidar_ros2/rplidar_A1/sdk/src/arch/linux/thread.hpp:129:37:[m[K [01;35m[Kwarning: [m[Kunused parameter ‘[01m[Ktimeout[m[K’ [[01;35m[K-Wunused-parameter[m[K]
[38.016s]   129 | u_result Thread::join([01;35m[Kunsigned long timeout[m[K)
[38.016s]       |                       [01;35m[K~~~~~~~~~~~~~~^~~~~~~[m[K
[38.466s] [ 57%] [32mBuilding CXX object CMakeFiles/rplidarNode.dir/sdk/src/rplidar_driver.cpp.o[0m
[40.021s] In file included from [01m[K/home/wheeltec/wheeltec_ros2/src/wheeltec_lidar_ros2/rplidar_A1/sdk/include/rplidar.h:39[m[K,
[40.021s]                  from [01m[K/home/wheeltec/wheeltec_ros2/src/wheeltec_lidar_ros2/rplidar_A1/sdk/src/sdkcommon.h:48[m[K,
[40.022s]                  from [01m[K/home/wheeltec/wheeltec_ros2/src/wheeltec_lidar_ros2/rplidar_A1/sdk/src/rplidar_driver.cpp:35[m[K:
[40.022s] [01m[K/home/wheeltec/wheeltec_ros2/src/wheeltec_lidar_ros2/rplidar_A1/sdk/include/rplidar_protocol.h:59:14:[m[K [01;35m[Kwarning: [m[KISO C++ forbids zero-size array ‘[01m[Kdata[m[K’ [[01;35m[K-Wpedantic[m[K]
[40.025s]    59 |     _u8 data[[01;35m[K0[m[K];
[40.025s]       |              [01;35m[K^[m[K
[40.026s] In file included from [01m[K/home/wheeltec/wheeltec_ros2/src/wheeltec_lidar_ros2/rplidar_A1/sdk/include/rplidar.h:40[m[K,
[40.026s]                  from [01m[K/home/wheeltec/wheeltec_ros2/src/wheeltec_lidar_ros2/rplidar_A1/sdk/src/sdkcommon.h:48[m[K,
[40.027s]                  from [01m[K/home/wheeltec/wheeltec_ros2/src/wheeltec_lidar_ros2/rplidar_A1/sdk/src/rplidar_driver.cpp:35[m[K:
[40.027s] [01m[K/home/wheeltec/wheeltec_ros2/src/wheeltec_lidar_ros2/rplidar_A1/sdk/include/rplidar_cmd.h:260:18:[m[K [01;35m[Kwarning: [m[KISO C++ forbids zero-size array ‘[01m[Kpayload[m[K’ [[01;35m[K-Wpedantic[m[K]
[40.027s]   260 |     _u8  payload[[01;35m[K0[m[K];
[40.028s]       |                  [01;35m[K^[m[K
[40.620s] [01m[K/home/wheeltec/wheeltec_ros2/src/wheeltec_lidar_ros2/rplidar_A1/sdk/src/rplidar_driver.cpp:[m[K In member function ‘[01m[Kvirtual u_result rp::standalone::rplidar::RPlidarDriverImplCommon::reset(_u32)[m[K’:
[40.621s] [01m[K/home/wheeltec/wheeltec_ros2/src/wheeltec_lidar_ros2/rplidar_A1/sdk/src/rplidar_driver.cpp:121:46:[m[K [01;35m[Kwarning: [m[Kunused parameter ‘[01m[Ktimeout[m[K’ [[01;35m[K-Wunused-parameter[m[K]
[40.621s]   121 | u_result RPlidarDriverImplCommon::reset([01;35m[K_u32 timeout[m[K)
[40.622s]       |                                         [01;35m[K~~~~~^~~~~~~[m[K
[40.629s] [01m[K/home/wheeltec/wheeltec_ros2/src/wheeltec_lidar_ros2/rplidar_A1/sdk/src/rplidar_driver.cpp:[m[K In member function ‘[01m[Kvirtual u_result rp::standalone::rplidar::RPlidarDriverImplCommon::checkIfTofLidar(bool&, _u32)[m[K’:
[40.629s] [01m[K/home/wheeltec/wheeltec_ros2/src/wheeltec_lidar_ros2/rplidar_A1/sdk/src/rplidar_driver.cpp:274:75:[m[K [01;35m[Kwarning: [m[Kunused parameter ‘[01m[Ktimeout[m[K’ [[01;35m[K-Wunused-parameter[m[K]
[40.630s]   274 | u_result RPlidarDriverImplCommon::checkIfTofLidar(bool & isTofLidar, [01;35m[K_u32 timeout[m[K)
[40.631s]       |                                                                      [01;35m[K~~~~~^~~~~~~[m[K
[40.658s] [01m[K/home/wheeltec/wheeltec_ros2/src/wheeltec_lidar_ros2/rplidar_A1/sdk/src/rplidar_driver.cpp:[m[K In member function ‘[01m[Kvirtual void rp::standalone::rplidar::RPlidarDriverImplCommon::_dense_capsuleToNormal(const rplidar_response_capsule_measurement_nodes_t&, rplidar_response_measurement_node_hq_t*, size_t&)[m[K’:
[40.659s] [01m[K/home/wheeltec/wheeltec_ros2/src/wheeltec_lidar_ros2/rplidar_A1/sdk/src/rplidar_driver.cpp:872:108:[m[K [01;35m[Kwarning: [m[Ktype qualifiers ignored on cast result type [[01;35m[K-Wignored-qualifiers[m[K]
[40.659s]   872 |             const int dist = static_cast<const int>(_cached_previous_dense_capsuledata.cabins[pos].distance[01;35m[K)[m[K;
[40.660s]       |                                                                                                            [01;35m[K^[m[K
[40.667s] [01m[K/home/wheeltec/wheeltec_ros2/src/wheeltec_lidar_ros2/rplidar_A1/sdk/src/rplidar_driver.cpp:[m[K In function ‘[01m[K_u32 rp::standalone::rplidar::_crc32cal(_u32, void*, _u16)[m[K’:
[40.668s] [01m[K/home/wheeltec/wheeltec_ros2/src/wheeltec_lidar_ros2/rplidar_A1/sdk/src/rplidar_driver.cpp:996:23:[m[K [01;35m[Kwarning: [m[Ksuggest parentheses around ‘[01m[K-[m[K’ in operand of ‘[01m[K&[m[K’ [[01;35m[K-Wparentheses[m[K]
[40.668s]   996 |     _u8 leftBytes = [01;35m[K4 - len[m[K & 0x3;
[40.668s]       |                     [01;35m[K~~^~~~~[m[K
[40.678s] [01m[K/home/wheeltec/wheeltec_ros2/src/wheeltec_lidar_ros2/rplidar_A1/sdk/src/rplidar_driver.cpp:[m[K In member function ‘[01m[Kvirtual void rp::standalone::rplidar::RPlidarDriverImplCommon::_ultraCapsuleToNormal(const rplidar_response_ultra_capsule_measurement_nodes_t&, rplidar_response_measurement_node_hq_t*, size_t&)[m[K’:
[40.679s] [01m[K/home/wheeltec/wheeltec_ros2/src/wheeltec_lidar_ros2/rplidar_A1/sdk/src/rplidar_driver.cpp:1207:32:[m[K [01;35m[Kwarning: [m[Kcomparison of integer expressions of different signedness: ‘[01m[Kint[m[K’ and ‘[01m[Kunsigned int[m[K’ [[01;35m[K-Wsign-compare[m[K]
[40.679s]  1207 |             if (([01;35m[Kdist_predict1 == 0xFFFFFE00[m[K) || (dist_predict1 == 0x1FF)) {
[40.680s]       |                  [01;35m[K~~~~~~~~~~~~~~^~~~~~~~~~~~~[m[K
[40.681s] [01m[K/home/wheeltec/wheeltec_ros2/src/wheeltec_lidar_ros2/rplidar_A1/sdk/src/rplidar_driver.cpp:1215:32:[m[K [01;35m[Kwarning: [m[Kcomparison of integer expressions of different signedness: ‘[01m[Kint[m[K’ and ‘[01m[Kunsigned int[m[K’ [[01;35m[K-Wsign-compare[m[K]
[40.682s]  1215 |             if (([01;35m[Kdist_predict2 == 0xFFFFFE00[m[K) || (dist_predict2 == 0x1FF)) {
[40.683s]       |                  [01;35m[K~~~~~~~~~~~~~~^~~~~~~~~~~~~[m[K
[40.711s] [01m[K/home/wheeltec/wheeltec_ros2/src/wheeltec_lidar_ros2/rplidar_A1/sdk/src/rplidar_driver.cpp:[m[K In member function ‘[01m[Kvirtual u_result rp::standalone::rplidar::RPlidarDriverImplCommon::getAllSupportedScanModes(std::vector<rp::standalone::rplidar::RplidarScanMode>&, _u32)[m[K’:
[40.711s] [01m[K/home/wheeltec/wheeltec_ros2/src/wheeltec_lidar_ros2/rplidar_A1/sdk/src/rplidar_driver.cpp:1453:105:[m[K [01;35m[Kwarning: [m[Kunused parameter ‘[01m[KtimeoutInMs[m[K’ [[01;35m[K-Wunused-parameter[m[K]
[40.711s]  1453 | u_result RPlidarDriverImplCommon::getAllSupportedScanModes(std::vector<RplidarScanMode>& outModes, [01;35m[K_u32 timeoutInMs[m[K)
[40.712s]       |                                                                                                    [01;35m[K~~~~~^~~~~~~~~~~[m[K
[40.717s] [01m[K/home/wheeltec/wheeltec_ros2/src/wheeltec_lidar_ros2/rplidar_A1/sdk/src/rplidar_driver.cpp:[m[K In member function ‘[01m[Kvirtual u_result rp::standalone::rplidar::RPlidarDriverImplCommon::startScan(bool, bool, _u32, rp::standalone::rplidar::RplidarScanMode*)[m[K’:
[40.718s] [01m[K/home/wheeltec/wheeltec_ros2/src/wheeltec_lidar_ros2/rplidar_A1/sdk/src/rplidar_driver.cpp:1550:83:[m[K [01;35m[Kwarning: [m[Kunused parameter ‘[01m[Koptions[m[K’ [[01;35m[K-Wunused-parameter[m[K]
[40.718s]  1550 | u_result RPlidarDriverImplCommon::startScan(bool force, bool useTypicalScan, [01;35m[K_u32 options[m[K, RplidarScanMode* outUsedScanMode)
[40.719s]       |                                                                              [01;35m[K~~~~~^~~~~~~[m[K
[40.727s] [01m[K/home/wheeltec/wheeltec_ros2/src/wheeltec_lidar_ros2/rplidar_A1/sdk/src/rplidar_driver.cpp:[m[K In member function ‘[01m[Kvirtual u_result rp::standalone::rplidar::RPlidarDriverImplCommon::stop(_u32)[m[K’:
[40.727s] [01m[K/home/wheeltec/wheeltec_ros2/src/wheeltec_lidar_ros2/rplidar_A1/sdk/src/rplidar_driver.cpp:1774:45:[m[K [01;35m[Kwarning: [m[Kunused parameter ‘[01m[Ktimeout[m[K’ [[01;35m[K-Wunused-parameter[m[K]
[40.728s]  1774 | u_result RPlidarDriverImplCommon::stop([01;35m[K_u32 timeout[m[K)
[40.728s]       |                                        [01;35m[K~~~~~^~~~~~~[m[K
[40.744s] [01m[K/home/wheeltec/wheeltec_ros2/src/wheeltec_lidar_ros2/rplidar_A1/sdk/src/rplidar_driver.cpp:[m[K In member function ‘[01m[Kvirtual u_result rp::standalone::rplidar::RPlidarDriverImplCommon::setLidarSpinSpeed(_u16, _u32)[m[K’:
[40.746s] [01m[K/home/wheeltec/wheeltec_ros2/src/wheeltec_lidar_ros2/rplidar_A1/sdk/src/rplidar_driver.cpp:2162:68:[m[K [01;35m[Kwarning: [m[Kunused parameter ‘[01m[Ktimeout[m[K’ [[01;35m[K-Wunused-parameter[m[K]
[40.746s]  2162 | u_result RPlidarDriverImplCommon::setLidarSpinSpeed(_u16 rpm, [01;35m[K_u32 timeout[m[K)
[40.747s]       |                                                               [01;35m[K~~~~~^~~~~~~[m[K
[40.754s] [01m[K/home/wheeltec/wheeltec_ros2/src/wheeltec_lidar_ros2/rplidar_A1/sdk/src/rplidar_driver.cpp:[m[K In member function ‘[01m[Kvirtual u_result rp::standalone::rplidar::RPlidarDriverSerial::connect(const char*, _u32, _u32)[m[K’:
[40.755s] [01m[K/home/wheeltec/wheeltec_ros2/src/wheeltec_lidar_ros2/rplidar_A1/sdk/src/rplidar_driver.cpp:2240:83:[m[K [01;35m[Kwarning: [m[Kunused parameter ‘[01m[Kflag[m[K’ [[01;35m[K-Wunused-parameter[m[K]
[40.755s]  2240 | u_result RPlidarDriverSerial::connect(const char * port_path, _u32 baudrate, [01;35m[K_u32 flag[m[K)
[40.755s]       |                                                                              [01;35m[K~~~~~^~~~[m[K
[40.759s] [01m[K/home/wheeltec/wheeltec_ros2/src/wheeltec_lidar_ros2/rplidar_A1/sdk/src/rplidar_driver.cpp:[m[K In member function ‘[01m[Kvirtual u_result rp::standalone::rplidar::RPlidarDriverTCP::connect(const char*, _u32, _u32)[m[K’:
[40.759s] [01m[K/home/wheeltec/wheeltec_ros2/src/wheeltec_lidar_ros2/rplidar_A1/sdk/src/rplidar_driver.cpp:2282:72:[m[K [01;35m[Kwarning: [m[Kunused parameter ‘[01m[Kflag[m[K’ [[01;35m[K-Wunused-parameter[m[K]
[40.760s]  2282 | u_result RPlidarDriverTCP::connect(const char * ipStr, _u32 port, [01;35m[K_u32 flag[m[K)
[40.761s]       |                                                                   [01;35m[K~~~~~^~~~[m[K
[42.485s] [ 71%] [32mBuilding CXX object CMakeFiles/rplidarNode.dir/sdk/src/arch/linux/net_socket.cpp.o[0m
[44.048s] In file included from [01m[K/home/wheeltec/wheeltec_ros2/src/wheeltec_lidar_ros2/rplidar_A1/sdk/include/rplidar.h:39[m[K,
[44.049s]                  from [01m[K/home/wheeltec/wheeltec_ros2/src/wheeltec_lidar_ros2/rplidar_A1/sdk/src/sdkcommon.h:48[m[K,
[44.049s]                  from [01m[K/home/wheeltec/wheeltec_ros2/src/wheeltec_lidar_ros2/rplidar_A1/sdk/src/arch/linux/net_socket.cpp:10[m[K:
[44.050s] [01m[K/home/wheeltec/wheeltec_ros2/src/wheeltec_lidar_ros2/rplidar_A1/sdk/include/rplidar_protocol.h:59:14:[m[K [01;35m[Kwarning: [m[KISO C++ forbids zero-size array ‘[01m[Kdata[m[K’ [[01;35m[K-Wpedantic[m[K]
[44.053s]    59 |     _u8 data[[01;35m[K0[m[K];
[44.054s]       |              [01;35m[K^[m[K
[44.056s] In file included from [01m[K/home/wheeltec/wheeltec_ros2/src/wheeltec_lidar_ros2/rplidar_A1/sdk/include/rplidar.h:40[m[K,
[44.056s]                  from [01m[K/home/wheeltec/wheeltec_ros2/src/wheeltec_lidar_ros2/rplidar_A1/sdk/src/sdkcommon.h:48[m[K,
[44.057s]                  from [01m[K/home/wheeltec/wheeltec_ros2/src/wheeltec_lidar_ros2/rplidar_A1/sdk/src/arch/linux/net_socket.cpp:10[m[K:
[44.057s] [01m[K/home/wheeltec/wheeltec_ros2/src/wheeltec_lidar_ros2/rplidar_A1/sdk/include/rplidar_cmd.h:260:18:[m[K [01;35m[Kwarning: [m[KISO C++ forbids zero-size array ‘[01m[Kpayload[m[K’ [[01;35m[K-Wpedantic[m[K]
[44.057s]   260 |     _u8  payload[[01;35m[K0[m[K];
[44.058s]       |                  [01;35m[K^[m[K
[44.085s] [01m[K/home/wheeltec/wheeltec_ros2/src/wheeltec_lidar_ros2/rplidar_A1/sdk/src/arch/linux/net_socket.cpp:[m[K In member function ‘[01m[Kvirtual u_result rp::net::SocketAddress::getAddressAsString(char*, size_t) const[m[K’:
[44.085s] [01m[K/home/wheeltec/wheeltec_ros2/src/wheeltec_lidar_ros2/rplidar_A1/sdk/src/arch/linux/net_socket.cpp:170:17:[m[K [01;35m[Kwarning: [m[Kordered comparison of pointer with integer zero [[01;35m[K-Wextra[m[K]
[44.086s]   170 |     return ans<=[01;35m[K0[m[K?RESULT_OPERATION_FAIL:RESULT_OK;
[44.086s]       |                 [01;35m[K^[m[K
[44.109s] [01m[K/home/wheeltec/wheeltec_ros2/src/wheeltec_lidar_ros2/rplidar_A1/sdk/src/arch/linux/net_socket.cpp:[m[K In member function ‘[01m[Kvirtual u_result rp::arch::net::StreamSocketImpl::send(const void*, size_t)[m[K’:
[44.110s] [01m[K/home/wheeltec/wheeltec_ros2/src/wheeltec_lidar_ros2/rplidar_A1/sdk/src/arch/linux/net_socket.cpp:438:17:[m[K [01;35m[Kwarning: [m[Kcomparison of integer expressions of different signedness: ‘[01m[Ksize_t[m[K’ {aka ‘[01m[Klong unsigned int[m[K’} and ‘[01m[Kint[m[K’ [[01;35m[K-Wsign-compare[m[K]
[44.110s]   438 |         if ([01;35m[Kans == (int)len[m[K) {
[44.111s]       |             [01;35m[K~~~~^~~~~~~~~~~[m[K
[44.123s] In file included from [01m[K/home/wheeltec/wheeltec_ros2/src/wheeltec_lidar_ros2/rplidar_A1/sdk/src/arch/linux/arch_linux.h:42[m[K,
[44.124s]                  from [01m[K/home/wheeltec/wheeltec_ros2/src/wheeltec_lidar_ros2/rplidar_A1/sdk/src/sdkcommon.h:40[m[K,
[44.124s]                  from [01m[K/home/wheeltec/wheeltec_ros2/src/wheeltec_lidar_ros2/rplidar_A1/sdk/src/arch/linux/net_socket.cpp:10[m[K:
[44.125s] [01m[K/home/wheeltec/wheeltec_ros2/src/wheeltec_lidar_ros2/rplidar_A1/sdk/src/arch/linux/net_socket.cpp:[m[K In member function ‘[01m[Kvirtual u_result rp::arch::net::DGramSocketImpl::sendTo(const rp::net::SocketAddress&, const void*, size_t)[m[K’:
[44.125s] [01m[K/home/wheeltec/wheeltec_ros2/src/wheeltec_lidar_ros2/rplidar_A1/sdk/src/arch/linux/net_socket.cpp:726:24:[m[K [01;35m[Kwarning: [m[Kcomparison of integer expressions of different signedness: ‘[01m[Ksize_t[m[K’ {aka ‘[01m[Klong unsigned int[m[K’} and ‘[01m[Kint[m[K’ [[01;35m[K-Wsign-compare[m[K]
[44.126s]   726 |             assert([01;35m[Kans == (int)len[m[K);
[44.126s]       |                    [01;35m[K~~~~^~~~~~~~~~~[m[K
[44.897s] [ 85%] [32mBuilding CXX object CMakeFiles/rplidarNode.dir/sdk/src/arch/linux/net_serial.cpp.o[0m
[46.976s] [01m[K/home/wheeltec/wheeltec_ros2/src/wheeltec_lidar_ros2/rplidar_A1/sdk/src/arch/linux/net_serial.cpp:[m[K In member function ‘[01m[Kbool rp::arch::net::raw_serial::open(const char*, uint32_t, uint32_t)[m[K’:
[46.976s] [01m[K/home/wheeltec/wheeltec_ros2/src/wheeltec_lidar_ros2/rplidar_A1/sdk/src/arch/linux/net_serial.cpp:97:74:[m[K [01;35m[Kwarning: [m[Kunused parameter ‘[01m[Kflags[m[K’ [[01;35m[K-Wunused-parameter[m[K]
[46.977s]    97 | bool raw_serial::open(const char * portname, uint32_t baudrate, [01;35m[Kuint32_t flags[m[K)
[46.977s]       |                                                                 [01;35m[K~~~~~~~~~^~~~~[m[K
[46.983s] [01m[K/home/wheeltec/wheeltec_ros2/src/wheeltec_lidar_ros2/rplidar_A1/sdk/src/arch/linux/net_serial.cpp:[m[K In member function ‘[01m[Kvirtual void rp::arch::net::raw_serial::flush(_u32)[m[K’:
[46.983s] [01m[K/home/wheeltec/wheeltec_ros2/src/wheeltec_lidar_ros2/rplidar_A1/sdk/src/arch/linux/net_serial.cpp:281:30:[m[K [01;35m[Kwarning: [m[Kunused parameter ‘[01m[Kflags[m[K’ [[01;35m[K-Wunused-parameter[m[K]
[46.984s]   281 | void raw_serial::flush( [01;35m[K_u32 flags[m[K)
[46.984s]       |                         [01;35m[K~~~~~^~~~~[m[K
[46.985s] [01m[K/home/wheeltec/wheeltec_ros2/src/wheeltec_lidar_ros2/rplidar_A1/sdk/src/arch/linux/net_serial.cpp:[m[K In member function ‘[01m[Kvirtual int rp::arch::net::raw_serial::waitforsent(_u32, size_t*)[m[K’:
[46.986s] [01m[K/home/wheeltec/wheeltec_ros2/src/wheeltec_lidar_ros2/rplidar_A1/sdk/src/arch/linux/net_serial.cpp:286:34:[m[K [01;35m[Kwarning: [m[Kunused parameter ‘[01m[Ktimeout[m[K’ [[01;35m[K-Wunused-parameter[m[K]
[46.986s]   286 | int raw_serial::waitforsent([01;35m[K_u32 timeout[m[K, size_t * returned_size)
[46.986s]       |                             [01;35m[K~~~~~^~~~~~~[m[K
[46.988s] [01m[K/home/wheeltec/wheeltec_ros2/src/wheeltec_lidar_ros2/rplidar_A1/sdk/src/arch/linux/net_serial.cpp:[m[K In member function ‘[01m[Kvirtual int rp::arch::net::raw_serial::waitforrecv(_u32, size_t*)[m[K’:
[46.988s] [01m[K/home/wheeltec/wheeltec_ros2/src/wheeltec_lidar_ros2/rplidar_A1/sdk/src/arch/linux/net_serial.cpp:292:34:[m[K [01;35m[Kwarning: [m[Kunused parameter ‘[01m[Ktimeout[m[K’ [[01;35m[K-Wunused-parameter[m[K]
[46.988s]   292 | int raw_serial::waitforrecv([01;35m[K_u32 timeout[m[K, size_t * returned_size)
[46.989s]       |                             [01;35m[K~~~~~^~~~~~~[m[K
[47.536s] [100%] [32m[1mLinking CXX executable rplidarNode[0m
[48.617s] [100%] Built target rplidarNode
[48.704s] Invoked command in '/home/wheeltec/wheeltec_ros2/src/build/lidar_ros2' returned '0': CMAKE_PREFIX_PATH=${CMAKE_PREFIX_PATH}:/home/wheeltec/wheeltec_ros2/install/simple_follower_ros2:/home/wheeltec/wheeltec_ros2/install/wheeltec_robot_keyboard:/home/wheeltec/wheeltec_ros2/install/tf2_tools:/home/wheeltec/wheeltec_ros2/install/teleop_twist_keyboard:/home/wheeltec/wheeltec_ros2/install/nav2_simple_commander:/home/wheeltec/wheeltec_ros2/install/nav2_gazebo_spawner:/home/wheeltec/wheeltec_ros2/install/ldlidar_sl_ros2:/home/wheeltec/wheeltec_ros2/install/keyboard_control_emer:/opt/ros/galactic /usr/bin/cmake --build /home/wheeltec/wheeltec_ros2/src/build/lidar_ros2 -- -j4 -l4
[48.707s] Invoking command in '/home/wheeltec/wheeltec_ros2/src/build/lidar_ros2': CMAKE_PREFIX_PATH=${CMAKE_PREFIX_PATH}:/home/wheeltec/wheeltec_ros2/install/simple_follower_ros2:/home/wheeltec/wheeltec_ros2/install/wheeltec_robot_keyboard:/home/wheeltec/wheeltec_ros2/install/tf2_tools:/home/wheeltec/wheeltec_ros2/install/teleop_twist_keyboard:/home/wheeltec/wheeltec_ros2/install/nav2_simple_commander:/home/wheeltec/wheeltec_ros2/install/nav2_gazebo_spawner:/home/wheeltec/wheeltec_ros2/install/ldlidar_sl_ros2:/home/wheeltec/wheeltec_ros2/install/keyboard_control_emer:/opt/ros/galactic /usr/bin/cmake --install /home/wheeltec/wheeltec_ros2/src/build/lidar_ros2
[48.784s] -- Install configuration: ""
[48.786s] -- Installing: /home/wheeltec/wheeltec_ros2/src/install/lidar_ros2/lib/lidar_ros2/rplidarNode
[48.792s] -- Set runtime path of "/home/wheeltec/wheeltec_ros2/src/install/lidar_ros2/lib/lidar_ros2/rplidarNode" to ""
[48.794s] -- Installing: /home/wheeltec/wheeltec_ros2/src/install/lidar_ros2/share/lidar_ros2//launch
[48.797s] -- Installing: /home/wheeltec/wheeltec_ros2/src/install/lidar_ros2/share/lidar_ros2//launch/rplidar.launch.py
[48.800s] -- Installing: /home/wheeltec/wheeltec_ros2/src/install/lidar_ros2/share/lidar_ros2//launch/rplidar_a3.launch .py
[48.804s] -- Installing: /home/wheeltec/wheeltec_ros2/src/install/lidar_ros2/share/lidar_ros2//launch/view_rplidar.launch.py
[48.806s] -- Installing: /home/wheeltec/wheeltec_ros2/src/install/lidar_ros2/share/lidar_ros2//rviz
[48.808s] -- Installing: /home/wheeltec/wheeltec_ros2/src/install/lidar_ros2/share/lidar_ros2//rviz/rplidar.rviz
[48.810s] -- Installing: /home/wheeltec/wheeltec_ros2/src/install/lidar_ros2/share/lidar_ros2//sdk
[48.812s] -- Installing: /home/wheeltec/wheeltec_ros2/src/install/lidar_ros2/share/lidar_ros2//sdk/README.txt
[48.814s] -- Installing: /home/wheeltec/wheeltec_ros2/src/install/lidar_ros2/share/lidar_ros2//sdk/src
[48.815s] -- Installing: /home/wheeltec/wheeltec_ros2/src/install/lidar_ros2/share/lidar_ros2//sdk/src/rplidar_driver.cpp
[48.819s] -- Installing: /home/wheeltec/wheeltec_ros2/src/install/lidar_ros2/share/lidar_ros2//sdk/src/arch
[48.820s] -- Installing: /home/wheeltec/wheeltec_ros2/src/install/lidar_ros2/share/lidar_ros2//sdk/src/arch/win32
[48.820s] -- Installing: /home/wheeltec/wheeltec_ros2/src/install/lidar_ros2/share/lidar_ros2//sdk/src/arch/win32/timer.h
[48.820s] -- Installing: /home/wheeltec/wheeltec_ros2/src/install/lidar_ros2/share/lidar_ros2//sdk/src/arch/win32/timer.cpp
[48.823s] -- Installing: /home/wheeltec/wheeltec_ros2/src/install/lidar_ros2/share/lidar_ros2//sdk/src/arch/win32/net_serial.h
[48.824s] -- Installing: /home/wheeltec/wheeltec_ros2/src/install/lidar_ros2/share/lidar_ros2//sdk/src/arch/win32/arch_win32.h
[48.825s] -- Installing: /home/wheeltec/wheeltec_ros2/src/install/lidar_ros2/share/lidar_ros2//sdk/src/arch/win32/net_socket.cpp
[48.827s] -- Installing: /home/wheeltec/wheeltec_ros2/src/install/lidar_ros2/share/lidar_ros2//sdk/src/arch/win32/net_serial.cpp
[48.830s] -- Installing: /home/wheeltec/wheeltec_ros2/src/install/lidar_ros2/share/lidar_ros2//sdk/src/arch/win32/winthread.hpp
[48.831s] -- Installing: /home/wheeltec/wheeltec_ros2/src/install/lidar_ros2/share/lidar_ros2//sdk/src/arch/linux
[48.832s] -- Installing: /home/wheeltec/wheeltec_ros2/src/install/lidar_ros2/share/lidar_ros2//sdk/src/arch/linux/timer.h
[48.833s] -- Installing: /home/wheeltec/wheeltec_ros2/src/install/lidar_ros2/share/lidar_ros2//sdk/src/arch/linux/timer.cpp
[48.833s] -- Installing: /home/wheeltec/wheeltec_ros2/src/install/lidar_ros2/share/lidar_ros2//sdk/src/arch/linux/net_serial.h
[48.834s] -- Installing: /home/wheeltec/wheeltec_ros2/src/install/lidar_ros2/share/lidar_ros2//sdk/src/arch/linux/thread.hpp
[48.834s] -- Installing: /home/wheeltec/wheeltec_ros2/src/install/lidar_ros2/share/lidar_ros2//sdk/src/arch/linux/arch_linux.h
[48.835s] -- Installing: /home/wheeltec/wheeltec_ros2/src/install/lidar_ros2/share/lidar_ros2//sdk/src/arch/linux/net_socket.cpp
[48.835s] -- Installing: /home/wheeltec/wheeltec_ros2/src/install/lidar_ros2/share/lidar_ros2//sdk/src/arch/linux/net_serial.cpp
[48.835s] -- Installing: /home/wheeltec/wheeltec_ros2/src/install/lidar_ros2/share/lidar_ros2//sdk/src/arch/macOS
[48.836s] -- Installing: /home/wheeltec/wheeltec_ros2/src/install/lidar_ros2/share/lidar_ros2//sdk/src/arch/macOS/timer.h
[48.836s] -- Installing: /home/wheeltec/wheeltec_ros2/src/install/lidar_ros2/share/lidar_ros2//sdk/src/arch/macOS/timer.cpp
[48.841s] -- Installing: /home/wheeltec/wheeltec_ros2/src/install/lidar_ros2/share/lidar_ros2//sdk/src/arch/macOS/net_serial.h
[48.843s] -- Installing: /home/wheeltec/wheeltec_ros2/src/install/lidar_ros2/share/lidar_ros2//sdk/src/arch/macOS/thread.hpp
[48.845s] -- Installing: /home/wheeltec/wheeltec_ros2/src/install/lidar_ros2/share/lidar_ros2//sdk/src/arch/macOS/arch_macOS.h
[48.846s] -- Installing: /home/wheeltec/wheeltec_ros2/src/install/lidar_ros2/share/lidar_ros2//sdk/src/arch/macOS/net_socket.cpp
[48.849s] -- Installing: /home/wheeltec/wheeltec_ros2/src/install/lidar_ros2/share/lidar_ros2//sdk/src/arch/macOS/net_serial.cpp
[48.850s] -- Installing: /home/wheeltec/wheeltec_ros2/src/install/lidar_ros2/share/lidar_ros2//sdk/src/sdkcommon.h
[48.851s] -- Installing: /home/wheeltec/wheeltec_ros2/src/install/lidar_ros2/share/lidar_ros2//sdk/src/rplidar_driver_TCP.h
[48.852s] -- Installing: /home/wheeltec/wheeltec_ros2/src/install/lidar_ros2/share/lidar_ros2//sdk/src/rplidar_driver_impl.h
[48.852s] -- Installing: /home/wheeltec/wheeltec_ros2/src/install/lidar_ros2/share/lidar_ros2//sdk/src/rplidar_driver_serial.h
[48.853s] -- Installing: /home/wheeltec/wheeltec_ros2/src/install/lidar_ros2/share/lidar_ros2//sdk/src/hal
[48.854s] -- Installing: /home/wheeltec/wheeltec_ros2/src/install/lidar_ros2/share/lidar_ros2//sdk/src/hal/thread.h
[48.862s] -- Installing: /home/wheeltec/wheeltec_ros2/src/install/lidar_ros2/share/lidar_ros2//sdk/src/hal/locker.h
[48.862s] -- Installing: /home/wheeltec/wheeltec_ros2/src/install/lidar_ros2/share/lidar_ros2//sdk/src/hal/event.h
[48.863s] -- Installing: /home/wheeltec/wheeltec_ros2/src/install/lidar_ros2/share/lidar_ros2//sdk/src/hal/abs_rxtx.h
[48.863s] -- Installing: /home/wheeltec/wheeltec_ros2/src/install/lidar_ros2/share/lidar_ros2//sdk/src/hal/byteops.h
[48.867s] -- Installing: /home/wheeltec/wheeltec_ros2/src/install/lidar_ros2/share/lidar_ros2//sdk/src/hal/socket.h
[48.868s] -- Installing: /home/wheeltec/wheeltec_ros2/src/install/lidar_ros2/share/lidar_ros2//sdk/src/hal/types.h
[48.868s] -- Installing: /home/wheeltec/wheeltec_ros2/src/install/lidar_ros2/share/lidar_ros2//sdk/src/hal/util.h
[48.869s] -- Installing: /home/wheeltec/wheeltec_ros2/src/install/lidar_ros2/share/lidar_ros2//sdk/src/hal/thread.cpp
[48.869s] -- Installing: /home/wheeltec/wheeltec_ros2/src/install/lidar_ros2/share/lidar_ros2//sdk/src/hal/assert.h
[48.870s] -- Installing: /home/wheeltec/wheeltec_ros2/src/install/lidar_ros2/share/lidar_ros2//sdk/include
[48.871s] -- Installing: /home/wheeltec/wheeltec_ros2/src/install/lidar_ros2/share/lidar_ros2//sdk/include/rplidar_driver.h
[48.871s] -- Installing: /home/wheeltec/wheeltec_ros2/src/install/lidar_ros2/share/lidar_ros2//sdk/include/rplidar.h
[48.872s] -- Installing: /home/wheeltec/wheeltec_ros2/src/install/lidar_ros2/share/lidar_ros2//sdk/include/rptypes.h
[48.872s] -- Installing: /home/wheeltec/wheeltec_ros2/src/install/lidar_ros2/share/lidar_ros2//sdk/include/rplidar_cmd.h
[48.873s] -- Installing: /home/wheeltec/wheeltec_ros2/src/install/lidar_ros2/share/lidar_ros2//sdk/include/rplidar_protocol.h
[48.874s] -- Installing: /home/wheeltec/wheeltec_ros2/src/install/lidar_ros2/share/ament_index/resource_index/package_run_dependencies/lidar_ros2
[48.874s] -- Installing: /home/wheeltec/wheeltec_ros2/src/install/lidar_ros2/share/ament_index/resource_index/parent_prefix_path/lidar_ros2
[48.875s] -- Installing: /home/wheeltec/wheeltec_ros2/src/install/lidar_ros2/share/lidar_ros2/environment/ament_prefix_path.sh
[48.875s] -- Installing: /home/wheeltec/wheeltec_ros2/src/install/lidar_ros2/share/lidar_ros2/environment/ament_prefix_path.dsv
[48.876s] -- Installing: /home/wheeltec/wheeltec_ros2/src/install/lidar_ros2/share/lidar_ros2/environment/path.sh
[48.876s] -- Installing: /home/wheeltec/wheeltec_ros2/src/install/lidar_ros2/share/lidar_ros2/environment/path.dsv
[48.887s] -- Installing: /home/wheeltec/wheeltec_ros2/src/install/lidar_ros2/share/lidar_ros2/local_setup.bash
[48.888s] -- Installing: /home/wheeltec/wheeltec_ros2/src/install/lidar_ros2/share/lidar_ros2/local_setup.sh
[48.889s] -- Installing: /home/wheeltec/wheeltec_ros2/src/install/lidar_ros2/share/lidar_ros2/local_setup.zsh
[48.889s] -- Installing: /home/wheeltec/wheeltec_ros2/src/install/lidar_ros2/share/lidar_ros2/local_setup.dsv
[48.892s] -- Installing: /home/wheeltec/wheeltec_ros2/src/install/lidar_ros2/share/lidar_ros2/package.dsv
[48.893s] -- Installing: /home/wheeltec/wheeltec_ros2/src/install/lidar_ros2/share/ament_index/resource_index/packages/lidar_ros2
[48.893s] -- Installing: /home/wheeltec/wheeltec_ros2/src/install/lidar_ros2/share/lidar_ros2/cmake/lidar_ros2Config.cmake
[48.894s] -- Installing: /home/wheeltec/wheeltec_ros2/src/install/lidar_ros2/share/lidar_ros2/cmake/lidar_ros2Config-version.cmake
[48.894s] -- Installing: /home/wheeltec/wheeltec_ros2/src/install/lidar_ros2/share/lidar_ros2/package.xml
[48.903s] Invoked command in '/home/wheeltec/wheeltec_ros2/src/build/lidar_ros2' returned '0': CMAKE_PREFIX_PATH=${CMAKE_PREFIX_PATH}:/home/wheeltec/wheeltec_ros2/install/simple_follower_ros2:/home/wheeltec/wheeltec_ros2/install/wheeltec_robot_keyboard:/home/wheeltec/wheeltec_ros2/install/tf2_tools:/home/wheeltec/wheeltec_ros2/install/teleop_twist_keyboard:/home/wheeltec/wheeltec_ros2/install/nav2_simple_commander:/home/wheeltec/wheeltec_ros2/install/nav2_gazebo_spawner:/home/wheeltec/wheeltec_ros2/install/ldlidar_sl_ros2:/home/wheeltec/wheeltec_ros2/install/keyboard_control_emer:/opt/ros/galactic /usr/bin/cmake --install /home/wheeltec/wheeltec_ros2/src/build/lidar_ros2
