[6.368s] Invoking command in '/home/wheeltec/wheeltec_ros2/src/keyboard_control_emer': PYTHONPATH=/home/wheeltec/wheeltec_ros2/src/build/keyboard_control_emer/prefix_override:/usr/lib/python3/dist-packages/colcon_core/task/python/colcon_distutils_commands:/home/wheeltec/wheeltec_ros2/src/install/keyboard_control_emer/lib/python3.8/site-packages:${PYTHONPATH} /usr/bin/python3 -W ignore:setup.py install is deprecated -W ignore:easy_install command is deprecated setup.py egg_info --egg-base ../build/keyboard_control_emer build --build-base /home/wheeltec/wheeltec_ros2/src/build/keyboard_control_emer/build install --record /home/wheeltec/wheeltec_ros2/src/build/keyboard_control_emer/install.log --single-version-externally-managed install_data
[8.629s] running egg_info
[8.633s] creating ../build/keyboard_control_emer/keyboard_control_emer.egg-info
[8.717s] writing ../build/keyboard_control_emer/keyboard_control_emer.egg-info/PKG-INFO
[8.721s] writing dependency_links to ../build/keyboard_control_emer/keyboard_control_emer.egg-info/dependency_links.txt
[8.722s] writing entry points to ../build/keyboard_control_emer/keyboard_control_emer.egg-info/entry_points.txt
[8.725s] writing requirements to ../build/keyboard_control_emer/keyboard_control_emer.egg-info/requires.txt
[8.726s] writing top-level names to ../build/keyboard_control_emer/keyboard_control_emer.egg-info/top_level.txt
[8.734s] writing manifest file '../build/keyboard_control_emer/keyboard_control_emer.egg-info/SOURCES.txt'
[8.905s] reading manifest file '../build/keyboard_control_emer/keyboard_control_emer.egg-info/SOURCES.txt'
[8.909s] writing manifest file '../build/keyboard_control_emer/keyboard_control_emer.egg-info/SOURCES.txt'
[8.909s] running build
[8.910s] running build_py
[8.910s] creating /home/wheeltec/wheeltec_ros2/src/build/keyboard_control_emer/build
[8.911s] creating /home/wheeltec/wheeltec_ros2/src/build/keyboard_control_emer/build/lib
[8.911s] creating /home/wheeltec/wheeltec_ros2/src/build/keyboard_control_emer/build/lib/keyboard_control_emer
[8.912s] copying keyboard_control_emer/__init__.py -> /home/wheeltec/wheeltec_ros2/src/build/keyboard_control_emer/build/lib/keyboard_control_emer
[8.912s] copying keyboard_control_emer/keyboard_control_emer.py -> /home/wheeltec/wheeltec_ros2/src/build/keyboard_control_emer/build/lib/keyboard_control_emer
[8.913s] running install
[8.940s] running install_lib
[9.019s] creating /home/wheeltec/wheeltec_ros2/src/install/keyboard_control_emer/lib/python3.8/site-packages/keyboard_control_emer
[9.022s] copying /home/wheeltec/wheeltec_ros2/src/build/keyboard_control_emer/build/lib/keyboard_control_emer/__init__.py -> /home/wheeltec/wheeltec_ros2/src/install/keyboard_control_emer/lib/python3.8/site-packages/keyboard_control_emer
[9.022s] copying /home/wheeltec/wheeltec_ros2/src/build/keyboard_control_emer/build/lib/keyboard_control_emer/keyboard_control_emer.py -> /home/wheeltec/wheeltec_ros2/src/install/keyboard_control_emer/lib/python3.8/site-packages/keyboard_control_emer
[9.023s] byte-compiling /home/wheeltec/wheeltec_ros2/src/install/keyboard_control_emer/lib/python3.8/site-packages/keyboard_control_emer/__init__.py to __init__.cpython-38.pyc
[9.026s] byte-compiling /home/wheeltec/wheeltec_ros2/src/install/keyboard_control_emer/lib/python3.8/site-packages/keyboard_control_emer/keyboard_control_emer.py to keyboard_control_emer.cpython-38.pyc
[9.027s] running install_data
[9.028s] creating /home/wheeltec/wheeltec_ros2/src/install/keyboard_control_emer/share/ament_index
[9.029s] creating /home/wheeltec/wheeltec_ros2/src/install/keyboard_control_emer/share/ament_index/resource_index
[9.029s] creating /home/wheeltec/wheeltec_ros2/src/install/keyboard_control_emer/share/ament_index/resource_index/packages
[9.029s] copying resource/keyboard_control_emer -> /home/wheeltec/wheeltec_ros2/src/install/keyboard_control_emer/share/ament_index/resource_index/packages
[9.030s] copying package.xml -> /home/wheeltec/wheeltec_ros2/src/install/keyboard_control_emer/share/keyboard_control_emer
[9.036s] running install_egg_info
[9.107s] Copying ../build/keyboard_control_emer/keyboard_control_emer.egg-info to /home/wheeltec/wheeltec_ros2/src/install/keyboard_control_emer/lib/python3.8/site-packages/keyboard_control_emer-0.0.0-py3.8.egg-info
[9.112s] running install_scripts
[9.754s] Installing keyboard_control_emer script to /home/wheeltec/wheeltec_ros2/src/install/keyboard_control_emer/lib/keyboard_control_emer
[9.756s] writing list of installed files to '/home/wheeltec/wheeltec_ros2/src/build/keyboard_control_emer/install.log'
[9.925s] Invoked command in '/home/wheeltec/wheeltec_ros2/src/keyboard_control_emer' returned '0': PYTHONPATH=/home/wheeltec/wheeltec_ros2/src/build/keyboard_control_emer/prefix_override:/usr/lib/python3/dist-packages/colcon_core/task/python/colcon_distutils_commands:/home/wheeltec/wheeltec_ros2/src/install/keyboard_control_emer/lib/python3.8/site-packages:${PYTHONPATH} /usr/bin/python3 -W ignore:setup.py install is deprecated -W ignore:easy_install command is deprecated setup.py egg_info --egg-base ../build/keyboard_control_emer build --build-base /home/wheeltec/wheeltec_ros2/src/build/keyboard_control_emer/build install --record /home/wheeltec/wheeltec_ros2/src/build/keyboard_control_emer/install.log --single-version-externally-managed install_data
