[0.071s] Invoking command in '/home/wheeltec/wheeltec_ros2/src/build/nav2_msgs': AMENT_PREFIX_PATH=/home/wheeltec/wheeltec_ros2/src/install/nav2_common CMAKE_PREFIX_PATH=/home/wheeltec/wheeltec_ros2/src/install/nav2_common PYTHONPATH=/home/wheeltec/wheeltec_ros2/src/install/nav2_common/lib/python3.8/site-packages /usr/bin/cmake --build /home/wheeltec/wheeltec_ros2/src/build/nav2_msgs -- -j4 -l4
[0.768s] [  0%] Built target nav2_msgs__cpp
[0.938s] [ 12%] Built target nav2_msgs__rosidl_generator_c
[1.155s] [ 25%] Built target nav2_msgs__rosidl_typesupport_introspection_cpp
[1.330s] [ 37%] Built target nav2_msgs__rosidl_typesupport_cpp
[1.353s] [ 49%] Built target nav2_msgs__rosidl_typesupport_c
[1.482s] [ 61%] Built target nav2_msgs__rosidl_typesupport_fastrtps_cpp
[1.638s] [ 74%] Built target nav2_msgs__rosidl_typesupport_introspection_c
[1.937s] [ 86%] Built target nav2_msgs__rosidl_typesupport_fastrtps_c
[2.072s] [ 86%] Built target nav2_msgs
[2.213s] [ 86%] Built target nav2_msgs__py
[2.507s] [35m[1mScanning dependencies of target nav2_msgs__python[0m
[3.039s] [ 87%] [32mBuilding C object CMakeFiles/nav2_msgs__python.dir/rosidl_generator_py/nav2_msgs/msg/_costmap_filter_info_s.c.o[0m
[3.062s] [ 88%] [32mBuilding C object CMakeFiles/nav2_msgs__python.dir/rosidl_generator_py/nav2_msgs/msg/_costmap_s.c.o[0m
[3.069s] [ 88%] [32mBuilding C object CMakeFiles/nav2_msgs__python.dir/rosidl_generator_py/nav2_msgs/msg/_costmap_meta_data_s.c.o[0m
[3.103s] [ 88%] [32mBuilding C object CMakeFiles/nav2_msgs__python.dir/rosidl_generator_py/nav2_msgs/msg/_speed_limit_s.c.o[0m
[4.251s] [ 89%] [32mBuilding C object CMakeFiles/nav2_msgs__python.dir/rosidl_generator_py/nav2_msgs/msg/_voxel_grid_s.c.o[0m
[4.399s] [ 89%] [32mBuilding C object CMakeFiles/nav2_msgs__python.dir/rosidl_generator_py/nav2_msgs/msg/_behavior_tree_status_change_s.c.o[0m
[4.594s] [ 89%] [32mBuilding C object CMakeFiles/nav2_msgs__python.dir/rosidl_generator_py/nav2_msgs/msg/_behavior_tree_log_s.c.o[0m
[4.595s] [ 90%] [32mBuilding C object CMakeFiles/nav2_msgs__python.dir/rosidl_generator_py/nav2_msgs/msg/_particle_s.c.o[0m
[5.396s] [ 90%] [32mBuilding C object CMakeFiles/nav2_msgs__python.dir/rosidl_generator_py/nav2_msgs/msg/_particle_cloud_s.c.o[0m
[5.437s] [ 91%] [32mBuilding C object CMakeFiles/nav2_msgs__python.dir/rosidl_generator_py/nav2_msgs/srv/_get_costmap_s.c.o[0m
[5.536s] [ 91%] [32mBuilding C object CMakeFiles/nav2_msgs__python.dir/rosidl_generator_py/nav2_msgs/srv/_clear_costmap_except_region_s.c.o[0m
[5.752s] [ 92%] [32mBuilding C object CMakeFiles/nav2_msgs__python.dir/rosidl_generator_py/nav2_msgs/srv/_clear_costmap_around_robot_s.c.o[0m
[6.861s] [ 92%] [32mBuilding C object CMakeFiles/nav2_msgs__python.dir/rosidl_generator_py/nav2_msgs/srv/_clear_entire_costmap_s.c.o[0m
[6.899s] [ 92%] [32mBuilding C object CMakeFiles/nav2_msgs__python.dir/rosidl_generator_py/nav2_msgs/srv/_manage_lifecycle_nodes_s.c.o[0m
[7.040s] [ 93%] [32mBuilding C object CMakeFiles/nav2_msgs__python.dir/rosidl_generator_py/nav2_msgs/srv/_load_map_s.c.o[0m
[7.278s] [ 93%] [32mBuilding C object CMakeFiles/nav2_msgs__python.dir/rosidl_generator_py/nav2_msgs/srv/_save_map_s.c.o[0m
[8.396s] [ 94%] [32mBuilding C object CMakeFiles/nav2_msgs__python.dir/rosidl_generator_py/nav2_msgs/action/_back_up_s.c.o[0m
[8.519s] [ 94%] [32mBuilding C object CMakeFiles/nav2_msgs__python.dir/rosidl_generator_py/nav2_msgs/action/_compute_path_to_pose_s.c.o[0m
[8.921s] [ 95%] [32mBuilding C object CMakeFiles/nav2_msgs__python.dir/rosidl_generator_py/nav2_msgs/action/_compute_path_through_poses_s.c.o[0m
[8.926s] [ 95%] [32mBuilding C object CMakeFiles/nav2_msgs__python.dir/rosidl_generator_py/nav2_msgs/action/_follow_path_s.c.o[0m
[12.200s] [ 95%] [32mBuilding C object CMakeFiles/nav2_msgs__python.dir/rosidl_generator_py/nav2_msgs/action/_navigate_to_pose_s.c.o[0m
[12.349s] [ 96%] [32mBuilding C object CMakeFiles/nav2_msgs__python.dir/rosidl_generator_py/nav2_msgs/action/_navigate_through_poses_s.c.o[0m
[13.179s] [ 96%] [32mBuilding C object CMakeFiles/nav2_msgs__python.dir/rosidl_generator_py/nav2_msgs/action/_wait_s.c.o[0m
[13.316s] [ 97%] [32mBuilding C object CMakeFiles/nav2_msgs__python.dir/rosidl_generator_py/nav2_msgs/action/_spin_s.c.o[0m
[15.564s] [ 97%] [32mBuilding C object CMakeFiles/nav2_msgs__python.dir/rosidl_generator_py/nav2_msgs/action/_dummy_recovery_s.c.o[0m
[15.669s] [ 98%] [32mBuilding C object CMakeFiles/nav2_msgs__python.dir/rosidl_generator_py/nav2_msgs/action/_follow_waypoints_s.c.o[0m
[18.189s] [ 98%] [32m[1mLinking C shared library rosidl_generator_py/nav2_msgs/libnav2_msgs__python.so[0m
[18.524s] [ 98%] Built target nav2_msgs__python
[18.571s] [35m[1mScanning dependencies of target nav2_msgs__rosidl_typesupport_introspection_c__pyext[0m
[18.691s] [ 98%] [32mBuilding C object CMakeFiles/nav2_msgs__rosidl_typesupport_introspection_c__pyext.dir/rosidl_generator_py/nav2_msgs/_nav2_msgs_s.ep.rosidl_typesupport_introspection_c.c.o[0m
[26.633s] [ 98%] [32m[1mLinking C shared library rosidl_generator_py/nav2_msgs/nav2_msgs_s__rosidl_typesupport_introspection_c.cpython-38-aarch64-linux-gnu.so[0m
[26.909s] [ 98%] Built target nav2_msgs__rosidl_typesupport_introspection_c__pyext
[26.956s] [35m[1mScanning dependencies of target nav2_msgs__rosidl_typesupport_fastrtps_c__pyext[0m
[27.102s] [ 99%] [32mBuilding C object CMakeFiles/nav2_msgs__rosidl_typesupport_fastrtps_c__pyext.dir/rosidl_generator_py/nav2_msgs/_nav2_msgs_s.ep.rosidl_typesupport_fastrtps_c.c.o[0m
[35.394s] [ 99%] [32m[1mLinking CXX shared library rosidl_generator_py/nav2_msgs/nav2_msgs_s__rosidl_typesupport_fastrtps_c.cpython-38-aarch64-linux-gnu.so[0m
[35.809s] [ 99%] Built target nav2_msgs__rosidl_typesupport_fastrtps_c__pyext
[35.854s] [35m[1mScanning dependencies of target nav2_msgs__rosidl_typesupport_c__pyext[0m
[35.945s] [100%] [32mBuilding C object CMakeFiles/nav2_msgs__rosidl_typesupport_c__pyext.dir/rosidl_generator_py/nav2_msgs/_nav2_msgs_s.ep.rosidl_typesupport_c.c.o[0m
[43.879s] [100%] [32m[1mLinking C shared library rosidl_generator_py/nav2_msgs/nav2_msgs_s__rosidl_typesupport_c.cpython-38-aarch64-linux-gnu.so[0m
[44.189s] [100%] Built target nav2_msgs__rosidl_typesupport_c__pyext
[44.241s] Invoked command in '/home/wheeltec/wheeltec_ros2/src/build/nav2_msgs' returned '0': AMENT_PREFIX_PATH=/home/wheeltec/wheeltec_ros2/src/install/nav2_common CMAKE_PREFIX_PATH=/home/wheeltec/wheeltec_ros2/src/install/nav2_common PYTHONPATH=/home/wheeltec/wheeltec_ros2/src/install/nav2_common/lib/python3.8/site-packages /usr/bin/cmake --build /home/wheeltec/wheeltec_ros2/src/build/nav2_msgs -- -j4 -l4
[44.254s] Invoking command in '/home/wheeltec/wheeltec_ros2/src/build/nav2_msgs': AMENT_PREFIX_PATH=/home/wheeltec/wheeltec_ros2/src/install/nav2_common CMAKE_PREFIX_PATH=/home/wheeltec/wheeltec_ros2/src/install/nav2_common PYTHONPATH=/home/wheeltec/wheeltec_ros2/src/install/nav2_common/lib/python3.8/site-packages /usr/bin/cmake --install /home/wheeltec/wheeltec_ros2/src/build/nav2_msgs
[44.301s] -- Install configuration: "Release"
[44.302s] -- Installing: /home/wheeltec/wheeltec_ros2/src/install/nav2_msgs/share/ament_index/resource_index/rosidl_interfaces/nav2_msgs
[44.304s] -- Installing: /home/wheeltec/wheeltec_ros2/src/install/nav2_msgs/include/nav2_msgs
[44.304s] -- Installing: /home/wheeltec/wheeltec_ros2/src/install/nav2_msgs/include/nav2_msgs/action
[44.305s] -- Installing: /home/wheeltec/wheeltec_ros2/src/install/nav2_msgs/include/nav2_msgs/action/navigate_to_pose.h
[44.305s] -- Installing: /home/wheeltec/wheeltec_ros2/src/install/nav2_msgs/include/nav2_msgs/action/spin.h
[44.306s] -- Installing: /home/wheeltec/wheeltec_ros2/src/install/nav2_msgs/include/nav2_msgs/action/compute_path_to_pose.h
[44.309s] -- Installing: /home/wheeltec/wheeltec_ros2/src/install/nav2_msgs/include/nav2_msgs/action/wait.h
[44.311s] -- Installing: /home/wheeltec/wheeltec_ros2/src/install/nav2_msgs/include/nav2_msgs/action/detail
[44.311s] -- Installing: /home/wheeltec/wheeltec_ros2/src/install/nav2_msgs/include/nav2_msgs/action/detail/dummy_recovery__functions.c
[44.315s] -- Installing: /home/wheeltec/wheeltec_ros2/src/install/nav2_msgs/include/nav2_msgs/action/detail/back_up__functions.c
[44.321s] -- Installing: /home/wheeltec/wheeltec_ros2/src/install/nav2_msgs/include/nav2_msgs/action/detail/navigate_to_pose__struct.h
[44.321s] -- Installing: /home/wheeltec/wheeltec_ros2/src/install/nav2_msgs/include/nav2_msgs/action/detail/wait__functions.c
[44.325s] -- Installing: /home/wheeltec/wheeltec_ros2/src/install/nav2_msgs/include/nav2_msgs/action/detail/spin__struct.h
[44.325s] -- Installing: /home/wheeltec/wheeltec_ros2/src/install/nav2_msgs/include/nav2_msgs/action/detail/compute_path_to_pose__functions.c
[44.328s] -- Installing: /home/wheeltec/wheeltec_ros2/src/install/nav2_msgs/include/nav2_msgs/action/detail/spin__functions.h
[44.328s] -- Installing: /home/wheeltec/wheeltec_ros2/src/install/nav2_msgs/include/nav2_msgs/action/detail/follow_path__functions.h
[44.329s] -- Installing: /home/wheeltec/wheeltec_ros2/src/install/nav2_msgs/include/nav2_msgs/action/detail/back_up__struct.h
[44.330s] -- Installing: /home/wheeltec/wheeltec_ros2/src/install/nav2_msgs/include/nav2_msgs/action/detail/compute_path_through_poses__functions.c
[44.336s] -- Installing: /home/wheeltec/wheeltec_ros2/src/install/nav2_msgs/include/nav2_msgs/action/detail/compute_path_through_poses__struct.h
[44.337s] -- Installing: /home/wheeltec/wheeltec_ros2/src/install/nav2_msgs/include/nav2_msgs/action/detail/navigate_to_pose__functions.c
[44.338s] -- Installing: /home/wheeltec/wheeltec_ros2/src/install/nav2_msgs/include/nav2_msgs/action/detail/back_up__type_support.h
[44.339s] -- Installing: /home/wheeltec/wheeltec_ros2/src/install/nav2_msgs/include/nav2_msgs/action/detail/navigate_to_pose__functions.h
[44.339s] -- Installing: /home/wheeltec/wheeltec_ros2/src/install/nav2_msgs/include/nav2_msgs/action/detail/spin__type_support.h
[44.340s] -- Installing: /home/wheeltec/wheeltec_ros2/src/install/nav2_msgs/include/nav2_msgs/action/detail/navigate_through_poses__functions.c
[44.346s] -- Installing: /home/wheeltec/wheeltec_ros2/src/install/nav2_msgs/include/nav2_msgs/action/detail/wait__type_support.h
[44.346s] -- Installing: /home/wheeltec/wheeltec_ros2/src/install/nav2_msgs/include/nav2_msgs/action/detail/navigate_through_poses__functions.h
[44.347s] -- Installing: /home/wheeltec/wheeltec_ros2/src/install/nav2_msgs/include/nav2_msgs/action/detail/wait__struct.h
[44.347s] -- Installing: /home/wheeltec/wheeltec_ros2/src/install/nav2_msgs/include/nav2_msgs/action/detail/follow_waypoints__functions.c
[44.348s] -- Installing: /home/wheeltec/wheeltec_ros2/src/install/nav2_msgs/include/nav2_msgs/action/detail/follow_waypoints__struct.h
[44.349s] -- Installing: /home/wheeltec/wheeltec_ros2/src/install/nav2_msgs/include/nav2_msgs/action/detail/follow_path__type_support.h
[44.350s] -- Installing: /home/wheeltec/wheeltec_ros2/src/install/nav2_msgs/include/nav2_msgs/action/detail/dummy_recovery__functions.h
[44.351s] -- Installing: /home/wheeltec/wheeltec_ros2/src/install/nav2_msgs/include/nav2_msgs/action/detail/compute_path_to_pose__struct.h
[44.352s] -- Installing: /home/wheeltec/wheeltec_ros2/src/install/nav2_msgs/include/nav2_msgs/action/detail/spin__functions.c
[44.356s] -- Installing: /home/wheeltec/wheeltec_ros2/src/install/nav2_msgs/include/nav2_msgs/action/detail/wait__functions.h
[44.356s] -- Installing: /home/wheeltec/wheeltec_ros2/src/install/nav2_msgs/include/nav2_msgs/action/detail/follow_waypoints__type_support.h
[44.357s] -- Installing: /home/wheeltec/wheeltec_ros2/src/install/nav2_msgs/include/nav2_msgs/action/detail/compute_path_through_poses__functions.h
[44.358s] -- Installing: /home/wheeltec/wheeltec_ros2/src/install/nav2_msgs/include/nav2_msgs/action/detail/follow_path__struct.h
[44.358s] -- Installing: /home/wheeltec/wheeltec_ros2/src/install/nav2_msgs/include/nav2_msgs/action/detail/navigate_to_pose__type_support.h
[44.359s] -- Installing: /home/wheeltec/wheeltec_ros2/src/install/nav2_msgs/include/nav2_msgs/action/detail/navigate_through_poses__type_support.h
[44.359s] -- Installing: /home/wheeltec/wheeltec_ros2/src/install/nav2_msgs/include/nav2_msgs/action/detail/compute_path_to_pose__functions.h
[44.360s] -- Installing: /home/wheeltec/wheeltec_ros2/src/install/nav2_msgs/include/nav2_msgs/action/detail/back_up__functions.h
[44.360s] -- Installing: /home/wheeltec/wheeltec_ros2/src/install/nav2_msgs/include/nav2_msgs/action/detail/follow_waypoints__functions.h
[44.361s] -- Installing: /home/wheeltec/wheeltec_ros2/src/install/nav2_msgs/include/nav2_msgs/action/detail/dummy_recovery__type_support.h
[44.361s] -- Installing: /home/wheeltec/wheeltec_ros2/src/install/nav2_msgs/include/nav2_msgs/action/detail/navigate_through_poses__struct.h
[44.362s] -- Installing: /home/wheeltec/wheeltec_ros2/src/install/nav2_msgs/include/nav2_msgs/action/detail/compute_path_through_poses__type_support.h
[44.363s] -- Installing: /home/wheeltec/wheeltec_ros2/src/install/nav2_msgs/include/nav2_msgs/action/detail/follow_path__functions.c
[44.367s] -- Installing: /home/wheeltec/wheeltec_ros2/src/install/nav2_msgs/include/nav2_msgs/action/detail/compute_path_to_pose__type_support.h
[44.373s] -- Installing: /home/wheeltec/wheeltec_ros2/src/install/nav2_msgs/include/nav2_msgs/action/detail/dummy_recovery__struct.h
[44.373s] -- Installing: /home/wheeltec/wheeltec_ros2/src/install/nav2_msgs/include/nav2_msgs/action/back_up.h
[44.377s] -- Installing: /home/wheeltec/wheeltec_ros2/src/install/nav2_msgs/include/nav2_msgs/action/compute_path_through_poses.h
[44.378s] -- Installing: /home/wheeltec/wheeltec_ros2/src/install/nav2_msgs/include/nav2_msgs/action/dummy_recovery.h
[44.378s] -- Installing: /home/wheeltec/wheeltec_ros2/src/install/nav2_msgs/include/nav2_msgs/action/follow_waypoints.h
[44.379s] -- Installing: /home/wheeltec/wheeltec_ros2/src/install/nav2_msgs/include/nav2_msgs/action/follow_path.h
[44.379s] -- Installing: /home/wheeltec/wheeltec_ros2/src/install/nav2_msgs/include/nav2_msgs/action/navigate_through_poses.h
[44.386s] -- Installing: /home/wheeltec/wheeltec_ros2/src/install/nav2_msgs/include/nav2_msgs/msg
[44.388s] -- Installing: /home/wheeltec/wheeltec_ros2/src/install/nav2_msgs/include/nav2_msgs/msg/detail
[44.388s] -- Installing: /home/wheeltec/wheeltec_ros2/src/install/nav2_msgs/include/nav2_msgs/msg/detail/speed_limit__type_support.h
[44.389s] -- Installing: /home/wheeltec/wheeltec_ros2/src/install/nav2_msgs/include/nav2_msgs/msg/detail/particle__struct.h
[44.390s] -- Installing: /home/wheeltec/wheeltec_ros2/src/install/nav2_msgs/include/nav2_msgs/msg/detail/behavior_tree_log__type_support.h
[44.390s] -- Installing: /home/wheeltec/wheeltec_ros2/src/install/nav2_msgs/include/nav2_msgs/msg/detail/behavior_tree_status_change__functions.h
[44.391s] -- Installing: /home/wheeltec/wheeltec_ros2/src/install/nav2_msgs/include/nav2_msgs/msg/detail/particle__type_support.h
[44.391s] -- Installing: /home/wheeltec/wheeltec_ros2/src/install/nav2_msgs/include/nav2_msgs/msg/detail/costmap_filter_info__functions.c
[44.392s] -- Installing: /home/wheeltec/wheeltec_ros2/src/install/nav2_msgs/include/nav2_msgs/msg/detail/particle_cloud__type_support.h
[44.392s] -- Installing: /home/wheeltec/wheeltec_ros2/src/install/nav2_msgs/include/nav2_msgs/msg/detail/costmap__struct.h
[44.393s] -- Installing: /home/wheeltec/wheeltec_ros2/src/install/nav2_msgs/include/nav2_msgs/msg/detail/behavior_tree_log__struct.h
[44.393s] -- Installing: /home/wheeltec/wheeltec_ros2/src/install/nav2_msgs/include/nav2_msgs/msg/detail/voxel_grid__functions.h
[44.393s] -- Installing: /home/wheeltec/wheeltec_ros2/src/install/nav2_msgs/include/nav2_msgs/msg/detail/behavior_tree_log__functions.c
[44.394s] -- Installing: /home/wheeltec/wheeltec_ros2/src/install/nav2_msgs/include/nav2_msgs/msg/detail/costmap__functions.c
[44.401s] -- Installing: /home/wheeltec/wheeltec_ros2/src/install/nav2_msgs/include/nav2_msgs/msg/detail/speed_limit__struct.h
[44.402s] -- Installing: /home/wheeltec/wheeltec_ros2/src/install/nav2_msgs/include/nav2_msgs/msg/detail/voxel_grid__type_support.h
[44.404s] -- Installing: /home/wheeltec/wheeltec_ros2/src/install/nav2_msgs/include/nav2_msgs/msg/detail/particle__functions.c
[44.405s] -- Installing: /home/wheeltec/wheeltec_ros2/src/install/nav2_msgs/include/nav2_msgs/msg/detail/costmap_meta_data__functions.h
[44.406s] -- Installing: /home/wheeltec/wheeltec_ros2/src/install/nav2_msgs/include/nav2_msgs/msg/detail/particle__functions.h
[44.409s] -- Installing: /home/wheeltec/wheeltec_ros2/src/install/nav2_msgs/include/nav2_msgs/msg/detail/costmap_filter_info__type_support.h
[44.409s] -- Installing: /home/wheeltec/wheeltec_ros2/src/install/nav2_msgs/include/nav2_msgs/msg/detail/costmap_meta_data__struct.h
[44.410s] -- Installing: /home/wheeltec/wheeltec_ros2/src/install/nav2_msgs/include/nav2_msgs/msg/detail/behavior_tree_status_change__functions.c
[44.411s] -- Installing: /home/wheeltec/wheeltec_ros2/src/install/nav2_msgs/include/nav2_msgs/msg/detail/particle_cloud__functions.c
[44.413s] -- Installing: /home/wheeltec/wheeltec_ros2/src/install/nav2_msgs/include/nav2_msgs/msg/detail/particle_cloud__functions.h
[44.414s] -- Installing: /home/wheeltec/wheeltec_ros2/src/install/nav2_msgs/include/nav2_msgs/msg/detail/costmap_meta_data__functions.c
[44.415s] -- Installing: /home/wheeltec/wheeltec_ros2/src/install/nav2_msgs/include/nav2_msgs/msg/detail/speed_limit__functions.c
[44.417s] -- Installing: /home/wheeltec/wheeltec_ros2/src/install/nav2_msgs/include/nav2_msgs/msg/detail/behavior_tree_status_change__struct.h
[44.417s] -- Installing: /home/wheeltec/wheeltec_ros2/src/install/nav2_msgs/include/nav2_msgs/msg/detail/costmap_filter_info__functions.h
[44.418s] -- Installing: /home/wheeltec/wheeltec_ros2/src/install/nav2_msgs/include/nav2_msgs/msg/detail/behavior_tree_status_change__type_support.h
[44.421s] -- Installing: /home/wheeltec/wheeltec_ros2/src/install/nav2_msgs/include/nav2_msgs/msg/detail/costmap_filter_info__struct.h
[44.422s] -- Installing: /home/wheeltec/wheeltec_ros2/src/install/nav2_msgs/include/nav2_msgs/msg/detail/costmap__functions.h
[44.422s] -- Installing: /home/wheeltec/wheeltec_ros2/src/install/nav2_msgs/include/nav2_msgs/msg/detail/costmap__type_support.h
[44.423s] -- Installing: /home/wheeltec/wheeltec_ros2/src/install/nav2_msgs/include/nav2_msgs/msg/detail/speed_limit__functions.h
[44.424s] -- Installing: /home/wheeltec/wheeltec_ros2/src/install/nav2_msgs/include/nav2_msgs/msg/detail/particle_cloud__struct.h
[44.424s] -- Installing: /home/wheeltec/wheeltec_ros2/src/install/nav2_msgs/include/nav2_msgs/msg/detail/costmap_meta_data__type_support.h
[44.425s] -- Installing: /home/wheeltec/wheeltec_ros2/src/install/nav2_msgs/include/nav2_msgs/msg/detail/voxel_grid__struct.h
[44.425s] -- Installing: /home/wheeltec/wheeltec_ros2/src/install/nav2_msgs/include/nav2_msgs/msg/detail/voxel_grid__functions.c
[44.426s] -- Installing: /home/wheeltec/wheeltec_ros2/src/install/nav2_msgs/include/nav2_msgs/msg/detail/behavior_tree_log__functions.h
[44.426s] -- Installing: /home/wheeltec/wheeltec_ros2/src/install/nav2_msgs/include/nav2_msgs/msg/costmap_filter_info.h
[44.430s] -- Installing: /home/wheeltec/wheeltec_ros2/src/install/nav2_msgs/include/nav2_msgs/msg/rosidl_generator_c__visibility_control.h
[44.432s] -- Installing: /home/wheeltec/wheeltec_ros2/src/install/nav2_msgs/include/nav2_msgs/msg/particle.h
[44.442s] -- Installing: /home/wheeltec/wheeltec_ros2/src/install/nav2_msgs/include/nav2_msgs/msg/costmap.h
[44.444s] -- Installing: /home/wheeltec/wheeltec_ros2/src/install/nav2_msgs/include/nav2_msgs/msg/costmap_meta_data.h
[44.446s] -- Installing: /home/wheeltec/wheeltec_ros2/src/install/nav2_msgs/include/nav2_msgs/msg/behavior_tree_status_change.h
[44.448s] -- Installing: /home/wheeltec/wheeltec_ros2/src/install/nav2_msgs/include/nav2_msgs/msg/behavior_tree_log.h
[44.451s] -- Installing: /home/wheeltec/wheeltec_ros2/src/install/nav2_msgs/include/nav2_msgs/msg/voxel_grid.h
[44.453s] -- Installing: /home/wheeltec/wheeltec_ros2/src/install/nav2_msgs/include/nav2_msgs/msg/speed_limit.h
[44.455s] -- Installing: /home/wheeltec/wheeltec_ros2/src/install/nav2_msgs/include/nav2_msgs/msg/particle_cloud.h
[44.457s] -- Installing: /home/wheeltec/wheeltec_ros2/src/install/nav2_msgs/include/nav2_msgs/srv
[44.458s] -- Installing: /home/wheeltec/wheeltec_ros2/src/install/nav2_msgs/include/nav2_msgs/srv/detail
[44.460s] -- Installing: /home/wheeltec/wheeltec_ros2/src/install/nav2_msgs/include/nav2_msgs/srv/detail/save_map__functions.c
[44.463s] -- Installing: /home/wheeltec/wheeltec_ros2/src/install/nav2_msgs/include/nav2_msgs/srv/detail/manage_lifecycle_nodes__functions.h
[44.465s] -- Installing: /home/wheeltec/wheeltec_ros2/src/install/nav2_msgs/include/nav2_msgs/srv/detail/clear_costmap_except_region__functions.c
[44.467s] -- Installing: /home/wheeltec/wheeltec_ros2/src/install/nav2_msgs/include/nav2_msgs/srv/detail/clear_entire_costmap__type_support.h
[44.469s] -- Installing: /home/wheeltec/wheeltec_ros2/src/install/nav2_msgs/include/nav2_msgs/srv/detail/clear_costmap_around_robot__functions.h
[44.471s] -- Installing: /home/wheeltec/wheeltec_ros2/src/install/nav2_msgs/include/nav2_msgs/srv/detail/get_costmap__functions.h
[44.472s] -- Installing: /home/wheeltec/wheeltec_ros2/src/install/nav2_msgs/include/nav2_msgs/srv/detail/get_costmap__struct.h
[44.474s] -- Installing: /home/wheeltec/wheeltec_ros2/src/install/nav2_msgs/include/nav2_msgs/srv/detail/clear_costmap_except_region__type_support.h
[44.475s] -- Installing: /home/wheeltec/wheeltec_ros2/src/install/nav2_msgs/include/nav2_msgs/srv/detail/load_map__functions.c
[44.478s] -- Installing: /home/wheeltec/wheeltec_ros2/src/install/nav2_msgs/include/nav2_msgs/srv/detail/clear_costmap_around_robot__functions.c
[44.481s] -- Installing: /home/wheeltec/wheeltec_ros2/src/install/nav2_msgs/include/nav2_msgs/srv/detail/clear_entire_costmap__struct.h
[44.483s] -- Installing: /home/wheeltec/wheeltec_ros2/src/install/nav2_msgs/include/nav2_msgs/srv/detail/manage_lifecycle_nodes__struct.h
[44.483s] -- Installing: /home/wheeltec/wheeltec_ros2/src/install/nav2_msgs/include/nav2_msgs/srv/detail/get_costmap__type_support.h
[44.487s] -- Installing: /home/wheeltec/wheeltec_ros2/src/install/nav2_msgs/include/nav2_msgs/srv/detail/clear_costmap_around_robot__struct.h
[44.488s] -- Installing: /home/wheeltec/wheeltec_ros2/src/install/nav2_msgs/include/nav2_msgs/srv/detail/save_map__type_support.h
[44.489s] -- Installing: /home/wheeltec/wheeltec_ros2/src/install/nav2_msgs/include/nav2_msgs/srv/detail/save_map__functions.h
[44.490s] -- Installing: /home/wheeltec/wheeltec_ros2/src/install/nav2_msgs/include/nav2_msgs/srv/detail/load_map__type_support.h
[44.490s] -- Installing: /home/wheeltec/wheeltec_ros2/src/install/nav2_msgs/include/nav2_msgs/srv/detail/clear_entire_costmap__functions.c
[44.492s] -- Installing: /home/wheeltec/wheeltec_ros2/src/install/nav2_msgs/include/nav2_msgs/srv/detail/clear_costmap_except_region__struct.h
[44.493s] -- Installing: /home/wheeltec/wheeltec_ros2/src/install/nav2_msgs/include/nav2_msgs/srv/detail/clear_entire_costmap__functions.h
[44.498s] -- Installing: /home/wheeltec/wheeltec_ros2/src/install/nav2_msgs/include/nav2_msgs/srv/detail/manage_lifecycle_nodes__functions.c
[44.500s] -- Installing: /home/wheeltec/wheeltec_ros2/src/install/nav2_msgs/include/nav2_msgs/srv/detail/save_map__struct.h
[44.500s] -- Installing: /home/wheeltec/wheeltec_ros2/src/install/nav2_msgs/include/nav2_msgs/srv/detail/get_costmap__functions.c
[44.501s] -- Installing: /home/wheeltec/wheeltec_ros2/src/install/nav2_msgs/include/nav2_msgs/srv/detail/clear_costmap_except_region__functions.h
[44.501s] -- Installing: /home/wheeltec/wheeltec_ros2/src/install/nav2_msgs/include/nav2_msgs/srv/detail/manage_lifecycle_nodes__type_support.h
[44.502s] -- Installing: /home/wheeltec/wheeltec_ros2/src/install/nav2_msgs/include/nav2_msgs/srv/detail/load_map__struct.h
[44.502s] -- Installing: /home/wheeltec/wheeltec_ros2/src/install/nav2_msgs/include/nav2_msgs/srv/detail/load_map__functions.h
[44.504s] -- Installing: /home/wheeltec/wheeltec_ros2/src/install/nav2_msgs/include/nav2_msgs/srv/detail/clear_costmap_around_robot__type_support.h
[44.511s] -- Installing: /home/wheeltec/wheeltec_ros2/src/install/nav2_msgs/include/nav2_msgs/srv/load_map.h
[44.511s] -- Installing: /home/wheeltec/wheeltec_ros2/src/install/nav2_msgs/include/nav2_msgs/srv/clear_costmap_around_robot.h
[44.512s] -- Installing: /home/wheeltec/wheeltec_ros2/src/install/nav2_msgs/include/nav2_msgs/srv/clear_costmap_except_region.h
[44.513s] -- Installing: /home/wheeltec/wheeltec_ros2/src/install/nav2_msgs/include/nav2_msgs/srv/save_map.h
[44.513s] -- Installing: /home/wheeltec/wheeltec_ros2/src/install/nav2_msgs/include/nav2_msgs/srv/get_costmap.h
[44.514s] -- Installing: /home/wheeltec/wheeltec_ros2/src/install/nav2_msgs/include/nav2_msgs/srv/clear_entire_costmap.h
[44.515s] -- Installing: /home/wheeltec/wheeltec_ros2/src/install/nav2_msgs/include/nav2_msgs/srv/manage_lifecycle_nodes.h
[44.520s] -- Installing: /home/wheeltec/wheeltec_ros2/src/install/nav2_msgs/share/nav2_msgs/environment/library_path.sh
[44.522s] -- Installing: /home/wheeltec/wheeltec_ros2/src/install/nav2_msgs/share/nav2_msgs/environment/library_path.dsv
[44.525s] -- Installing: /home/wheeltec/wheeltec_ros2/src/install/nav2_msgs/lib/libnav2_msgs__rosidl_generator_c.so
[44.529s] -- Set runtime path of "/home/wheeltec/wheeltec_ros2/src/install/nav2_msgs/lib/libnav2_msgs__rosidl_generator_c.so" to ""
[44.530s] -- Up-to-date: /home/wheeltec/wheeltec_ros2/src/install/nav2_msgs/include/nav2_msgs
[44.531s] -- Up-to-date: /home/wheeltec/wheeltec_ros2/src/install/nav2_msgs/include/nav2_msgs/action
[44.531s] -- Up-to-date: /home/wheeltec/wheeltec_ros2/src/install/nav2_msgs/include/nav2_msgs/action/detail
[44.533s] -- Installing: /home/wheeltec/wheeltec_ros2/src/install/nav2_msgs/include/nav2_msgs/action/detail/spin__rosidl_typesupport_fastrtps_c.h
[44.537s] -- Installing: /home/wheeltec/wheeltec_ros2/src/install/nav2_msgs/include/nav2_msgs/action/detail/wait__rosidl_typesupport_fastrtps_c.h
[44.538s] -- Installing: /home/wheeltec/wheeltec_ros2/src/install/nav2_msgs/include/nav2_msgs/action/detail/follow_path__rosidl_typesupport_fastrtps_c.h
[44.541s] -- Installing: /home/wheeltec/wheeltec_ros2/src/install/nav2_msgs/include/nav2_msgs/action/detail/navigate_to_pose__rosidl_typesupport_fastrtps_c.h
[44.542s] -- Installing: /home/wheeltec/wheeltec_ros2/src/install/nav2_msgs/include/nav2_msgs/action/detail/navigate_through_poses__rosidl_typesupport_fastrtps_c.h
[44.546s] -- Installing: /home/wheeltec/wheeltec_ros2/src/install/nav2_msgs/include/nav2_msgs/action/detail/back_up__rosidl_typesupport_fastrtps_c.h
[44.548s] -- Installing: /home/wheeltec/wheeltec_ros2/src/install/nav2_msgs/include/nav2_msgs/action/detail/follow_waypoints__rosidl_typesupport_fastrtps_c.h
[44.554s] -- Installing: /home/wheeltec/wheeltec_ros2/src/install/nav2_msgs/include/nav2_msgs/action/detail/compute_path_to_pose__rosidl_typesupport_fastrtps_c.h
[44.556s] -- Installing: /home/wheeltec/wheeltec_ros2/src/install/nav2_msgs/include/nav2_msgs/action/detail/dummy_recovery__rosidl_typesupport_fastrtps_c.h
[44.557s] -- Installing: /home/wheeltec/wheeltec_ros2/src/install/nav2_msgs/include/nav2_msgs/action/detail/compute_path_through_poses__rosidl_typesupport_fastrtps_c.h
[44.558s] -- Up-to-date: /home/wheeltec/wheeltec_ros2/src/install/nav2_msgs/include/nav2_msgs/msg
[44.559s] -- Up-to-date: /home/wheeltec/wheeltec_ros2/src/install/nav2_msgs/include/nav2_msgs/msg/detail
[44.559s] -- Installing: /home/wheeltec/wheeltec_ros2/src/install/nav2_msgs/include/nav2_msgs/msg/detail/costmap_filter_info__rosidl_typesupport_fastrtps_c.h
[44.560s] -- Installing: /home/wheeltec/wheeltec_ros2/src/install/nav2_msgs/include/nav2_msgs/msg/detail/voxel_grid__rosidl_typesupport_fastrtps_c.h
[44.561s] -- Installing: /home/wheeltec/wheeltec_ros2/src/install/nav2_msgs/include/nav2_msgs/msg/detail/speed_limit__rosidl_typesupport_fastrtps_c.h
[44.562s] -- Installing: /home/wheeltec/wheeltec_ros2/src/install/nav2_msgs/include/nav2_msgs/msg/detail/behavior_tree_status_change__rosidl_typesupport_fastrtps_c.h
[44.562s] -- Installing: /home/wheeltec/wheeltec_ros2/src/install/nav2_msgs/include/nav2_msgs/msg/detail/particle__rosidl_typesupport_fastrtps_c.h
[44.563s] -- Installing: /home/wheeltec/wheeltec_ros2/src/install/nav2_msgs/include/nav2_msgs/msg/detail/behavior_tree_log__rosidl_typesupport_fastrtps_c.h
[44.565s] -- Installing: /home/wheeltec/wheeltec_ros2/src/install/nav2_msgs/include/nav2_msgs/msg/detail/costmap__rosidl_typesupport_fastrtps_c.h
[44.606s] -- Installing: /home/wheeltec/wheeltec_ros2/src/install/nav2_msgs/include/nav2_msgs/msg/detail/costmap_meta_data__rosidl_typesupport_fastrtps_c.h
[44.606s] -- Installing: /home/wheeltec/wheeltec_ros2/src/install/nav2_msgs/include/nav2_msgs/msg/detail/particle_cloud__rosidl_typesupport_fastrtps_c.h
[44.610s] -- Installing: /home/wheeltec/wheeltec_ros2/src/install/nav2_msgs/include/nav2_msgs/msg/rosidl_typesupport_fastrtps_c__visibility_control.h
[44.610s] -- Up-to-date: /home/wheeltec/wheeltec_ros2/src/install/nav2_msgs/include/nav2_msgs/srv
[44.610s] -- Up-to-date: /home/wheeltec/wheeltec_ros2/src/install/nav2_msgs/include/nav2_msgs/srv/detail
[44.611s] -- Installing: /home/wheeltec/wheeltec_ros2/src/install/nav2_msgs/include/nav2_msgs/srv/detail/clear_entire_costmap__rosidl_typesupport_fastrtps_c.h
[44.612s] -- Installing: /home/wheeltec/wheeltec_ros2/src/install/nav2_msgs/include/nav2_msgs/srv/detail/save_map__rosidl_typesupport_fastrtps_c.h
[44.613s] -- Installing: /home/wheeltec/wheeltec_ros2/src/install/nav2_msgs/include/nav2_msgs/srv/detail/get_costmap__rosidl_typesupport_fastrtps_c.h
[44.614s] -- Installing: /home/wheeltec/wheeltec_ros2/src/install/nav2_msgs/include/nav2_msgs/srv/detail/clear_costmap_around_robot__rosidl_typesupport_fastrtps_c.h
[44.617s] -- Installing: /home/wheeltec/wheeltec_ros2/src/install/nav2_msgs/include/nav2_msgs/srv/detail/clear_costmap_except_region__rosidl_typesupport_fastrtps_c.h
[44.619s] -- Installing: /home/wheeltec/wheeltec_ros2/src/install/nav2_msgs/include/nav2_msgs/srv/detail/manage_lifecycle_nodes__rosidl_typesupport_fastrtps_c.h
[44.619s] -- Installing: /home/wheeltec/wheeltec_ros2/src/install/nav2_msgs/include/nav2_msgs/srv/detail/load_map__rosidl_typesupport_fastrtps_c.h
[44.620s] -- Installing: /home/wheeltec/wheeltec_ros2/src/install/nav2_msgs/lib/libnav2_msgs__rosidl_typesupport_fastrtps_c.so
[44.623s] -- Set runtime path of "/home/wheeltec/wheeltec_ros2/src/install/nav2_msgs/lib/libnav2_msgs__rosidl_typesupport_fastrtps_c.so" to ""
[44.631s] -- Up-to-date: /home/wheeltec/wheeltec_ros2/src/install/nav2_msgs/include/nav2_msgs
[44.632s] -- Up-to-date: /home/wheeltec/wheeltec_ros2/src/install/nav2_msgs/include/nav2_msgs/action
[44.633s] -- Up-to-date: /home/wheeltec/wheeltec_ros2/src/install/nav2_msgs/include/nav2_msgs/action/detail
[44.633s] -- Installing: /home/wheeltec/wheeltec_ros2/src/install/nav2_msgs/include/nav2_msgs/action/detail/navigate_through_poses__rosidl_typesupport_fastrtps_cpp.hpp
[44.634s] -- Installing: /home/wheeltec/wheeltec_ros2/src/install/nav2_msgs/include/nav2_msgs/action/detail/wait__rosidl_typesupport_fastrtps_cpp.hpp
[44.636s] -- Installing: /home/wheeltec/wheeltec_ros2/src/install/nav2_msgs/include/nav2_msgs/action/detail/follow_waypoints__rosidl_typesupport_fastrtps_cpp.hpp
[44.639s] -- Installing: /home/wheeltec/wheeltec_ros2/src/install/nav2_msgs/include/nav2_msgs/action/detail/compute_path_to_pose__rosidl_typesupport_fastrtps_cpp.hpp
[44.641s] -- Installing: /home/wheeltec/wheeltec_ros2/src/install/nav2_msgs/include/nav2_msgs/action/detail/dds_fastrtps
[44.643s] -- Installing: /home/wheeltec/wheeltec_ros2/src/install/nav2_msgs/include/nav2_msgs/action/detail/compute_path_through_poses__rosidl_typesupport_fastrtps_cpp.hpp
[44.645s] -- Installing: /home/wheeltec/wheeltec_ros2/src/install/nav2_msgs/include/nav2_msgs/action/detail/dummy_recovery__rosidl_typesupport_fastrtps_cpp.hpp
[44.648s] -- Installing: /home/wheeltec/wheeltec_ros2/src/install/nav2_msgs/include/nav2_msgs/action/detail/navigate_to_pose__rosidl_typesupport_fastrtps_cpp.hpp
[44.651s] -- Installing: /home/wheeltec/wheeltec_ros2/src/install/nav2_msgs/include/nav2_msgs/action/detail/back_up__rosidl_typesupport_fastrtps_cpp.hpp
[44.653s] -- Installing: /home/wheeltec/wheeltec_ros2/src/install/nav2_msgs/include/nav2_msgs/action/detail/spin__rosidl_typesupport_fastrtps_cpp.hpp
[44.656s] -- Installing: /home/wheeltec/wheeltec_ros2/src/install/nav2_msgs/include/nav2_msgs/action/detail/follow_path__rosidl_typesupport_fastrtps_cpp.hpp
[44.658s] -- Up-to-date: /home/wheeltec/wheeltec_ros2/src/install/nav2_msgs/include/nav2_msgs/msg
[44.660s] -- Installing: /home/wheeltec/wheeltec_ros2/src/install/nav2_msgs/include/nav2_msgs/msg/rosidl_typesupport_fastrtps_cpp__visibility_control.h
[44.662s] -- Up-to-date: /home/wheeltec/wheeltec_ros2/src/install/nav2_msgs/include/nav2_msgs/msg/detail
[44.663s] -- Installing: /home/wheeltec/wheeltec_ros2/src/install/nav2_msgs/include/nav2_msgs/msg/detail/behavior_tree_status_change__rosidl_typesupport_fastrtps_cpp.hpp
[44.666s] -- Installing: /home/wheeltec/wheeltec_ros2/src/install/nav2_msgs/include/nav2_msgs/msg/detail/costmap__rosidl_typesupport_fastrtps_cpp.hpp
[44.668s] -- Installing: /home/wheeltec/wheeltec_ros2/src/install/nav2_msgs/include/nav2_msgs/msg/detail/voxel_grid__rosidl_typesupport_fastrtps_cpp.hpp
[44.674s] -- Installing: /home/wheeltec/wheeltec_ros2/src/install/nav2_msgs/include/nav2_msgs/msg/detail/costmap_meta_data__rosidl_typesupport_fastrtps_cpp.hpp
[44.676s] -- Installing: /home/wheeltec/wheeltec_ros2/src/install/nav2_msgs/include/nav2_msgs/msg/detail/particle_cloud__rosidl_typesupport_fastrtps_cpp.hpp
[44.677s] -- Installing: /home/wheeltec/wheeltec_ros2/src/install/nav2_msgs/include/nav2_msgs/msg/detail/costmap_filter_info__rosidl_typesupport_fastrtps_cpp.hpp
[44.679s] -- Installing: /home/wheeltec/wheeltec_ros2/src/install/nav2_msgs/include/nav2_msgs/msg/detail/behavior_tree_log__rosidl_typesupport_fastrtps_cpp.hpp
[44.680s] -- Installing: /home/wheeltec/wheeltec_ros2/src/install/nav2_msgs/include/nav2_msgs/msg/detail/dds_fastrtps
[44.681s] -- Installing: /home/wheeltec/wheeltec_ros2/src/install/nav2_msgs/include/nav2_msgs/msg/detail/speed_limit__rosidl_typesupport_fastrtps_cpp.hpp
[44.684s] -- Installing: /home/wheeltec/wheeltec_ros2/src/install/nav2_msgs/include/nav2_msgs/msg/detail/particle__rosidl_typesupport_fastrtps_cpp.hpp
[44.686s] -- Up-to-date: /home/wheeltec/wheeltec_ros2/src/install/nav2_msgs/include/nav2_msgs/srv
[44.688s] -- Up-to-date: /home/wheeltec/wheeltec_ros2/src/install/nav2_msgs/include/nav2_msgs/srv/detail
[44.690s] -- Installing: /home/wheeltec/wheeltec_ros2/src/install/nav2_msgs/include/nav2_msgs/srv/detail/load_map__rosidl_typesupport_fastrtps_cpp.hpp
[44.692s] -- Installing: /home/wheeltec/wheeltec_ros2/src/install/nav2_msgs/include/nav2_msgs/srv/detail/clear_costmap_around_robot__rosidl_typesupport_fastrtps_cpp.hpp
[44.694s] -- Installing: /home/wheeltec/wheeltec_ros2/src/install/nav2_msgs/include/nav2_msgs/srv/detail/clear_costmap_except_region__rosidl_typesupport_fastrtps_cpp.hpp
[44.696s] -- Installing: /home/wheeltec/wheeltec_ros2/src/install/nav2_msgs/include/nav2_msgs/srv/detail/manage_lifecycle_nodes__rosidl_typesupport_fastrtps_cpp.hpp
[44.709s] -- Installing: /home/wheeltec/wheeltec_ros2/src/install/nav2_msgs/include/nav2_msgs/srv/detail/dds_fastrtps
[44.709s] -- Installing: /home/wheeltec/wheeltec_ros2/src/install/nav2_msgs/include/nav2_msgs/srv/detail/save_map__rosidl_typesupport_fastrtps_cpp.hpp
[44.713s] -- Installing: /home/wheeltec/wheeltec_ros2/src/install/nav2_msgs/include/nav2_msgs/srv/detail/get_costmap__rosidl_typesupport_fastrtps_cpp.hpp
[44.714s] -- Installing: /home/wheeltec/wheeltec_ros2/src/install/nav2_msgs/include/nav2_msgs/srv/detail/clear_entire_costmap__rosidl_typesupport_fastrtps_cpp.hpp
[44.718s] -- Installing: /home/wheeltec/wheeltec_ros2/src/install/nav2_msgs/lib/libnav2_msgs__rosidl_typesupport_fastrtps_cpp.so
[44.724s] -- Set runtime path of "/home/wheeltec/wheeltec_ros2/src/install/nav2_msgs/lib/libnav2_msgs__rosidl_typesupport_fastrtps_cpp.so" to ""
[44.725s] -- Up-to-date: /home/wheeltec/wheeltec_ros2/src/install/nav2_msgs/include/nav2_msgs
[44.725s] -- Up-to-date: /home/wheeltec/wheeltec_ros2/src/install/nav2_msgs/include/nav2_msgs/action
[44.726s] -- Up-to-date: /home/wheeltec/wheeltec_ros2/src/install/nav2_msgs/include/nav2_msgs/action/detail
[44.726s] -- Installing: /home/wheeltec/wheeltec_ros2/src/install/nav2_msgs/include/nav2_msgs/action/detail/navigate_to_pose__rosidl_typesupport_introspection_c.h
[44.727s] -- Installing: /home/wheeltec/wheeltec_ros2/src/install/nav2_msgs/include/nav2_msgs/action/detail/follow_path__rosidl_typesupport_introspection_c.h
[44.728s] -- Installing: /home/wheeltec/wheeltec_ros2/src/install/nav2_msgs/include/nav2_msgs/action/detail/navigate_to_pose__type_support.c
[44.730s] -- Installing: /home/wheeltec/wheeltec_ros2/src/install/nav2_msgs/include/nav2_msgs/action/detail/follow_waypoints__rosidl_typesupport_introspection_c.h
[44.732s] -- Installing: /home/wheeltec/wheeltec_ros2/src/install/nav2_msgs/include/nav2_msgs/action/detail/back_up__type_support.c
[44.737s] -- Installing: /home/wheeltec/wheeltec_ros2/src/install/nav2_msgs/include/nav2_msgs/action/detail/wait__type_support.c
[44.741s] -- Installing: /home/wheeltec/wheeltec_ros2/src/install/nav2_msgs/include/nav2_msgs/action/detail/wait__rosidl_typesupport_introspection_c.h
[44.742s] -- Installing: /home/wheeltec/wheeltec_ros2/src/install/nav2_msgs/include/nav2_msgs/action/detail/follow_path__type_support.c
[44.742s] -- Installing: /home/wheeltec/wheeltec_ros2/src/install/nav2_msgs/include/nav2_msgs/action/detail/navigate_through_poses__type_support.c
[44.743s] -- Installing: /home/wheeltec/wheeltec_ros2/src/install/nav2_msgs/include/nav2_msgs/action/detail/compute_path_to_pose__type_support.c
[44.746s] -- Installing: /home/wheeltec/wheeltec_ros2/src/install/nav2_msgs/include/nav2_msgs/action/detail/compute_path_to_pose__rosidl_typesupport_introspection_c.h
[44.747s] -- Installing: /home/wheeltec/wheeltec_ros2/src/install/nav2_msgs/include/nav2_msgs/action/detail/back_up__rosidl_typesupport_introspection_c.h
[44.748s] -- Installing: /home/wheeltec/wheeltec_ros2/src/install/nav2_msgs/include/nav2_msgs/action/detail/spin__rosidl_typesupport_introspection_c.h
[44.752s] -- Installing: /home/wheeltec/wheeltec_ros2/src/install/nav2_msgs/include/nav2_msgs/action/detail/compute_path_through_poses__type_support.c
[44.756s] -- Installing: /home/wheeltec/wheeltec_ros2/src/install/nav2_msgs/include/nav2_msgs/action/detail/follow_waypoints__type_support.c
[44.759s] -- Installing: /home/wheeltec/wheeltec_ros2/src/install/nav2_msgs/include/nav2_msgs/action/detail/dummy_recovery__type_support.c
[44.761s] -- Installing: /home/wheeltec/wheeltec_ros2/src/install/nav2_msgs/include/nav2_msgs/action/detail/compute_path_through_poses__rosidl_typesupport_introspection_c.h
[44.762s] -- Installing: /home/wheeltec/wheeltec_ros2/src/install/nav2_msgs/include/nav2_msgs/action/detail/spin__type_support.c
[44.764s] -- Installing: /home/wheeltec/wheeltec_ros2/src/install/nav2_msgs/include/nav2_msgs/action/detail/navigate_through_poses__rosidl_typesupport_introspection_c.h
[44.768s] -- Installing: /home/wheeltec/wheeltec_ros2/src/install/nav2_msgs/include/nav2_msgs/action/detail/dummy_recovery__rosidl_typesupport_introspection_c.h
[44.769s] -- Up-to-date: /home/wheeltec/wheeltec_ros2/src/install/nav2_msgs/include/nav2_msgs/msg
[44.770s] -- Up-to-date: /home/wheeltec/wheeltec_ros2/src/install/nav2_msgs/include/nav2_msgs/msg/detail
[44.771s] -- Installing: /home/wheeltec/wheeltec_ros2/src/install/nav2_msgs/include/nav2_msgs/msg/detail/particle_cloud__type_support.c
[44.772s] -- Installing: /home/wheeltec/wheeltec_ros2/src/install/nav2_msgs/include/nav2_msgs/msg/detail/voxel_grid__type_support.c
[44.772s] -- Installing: /home/wheeltec/wheeltec_ros2/src/install/nav2_msgs/include/nav2_msgs/msg/detail/particle__rosidl_typesupport_introspection_c.h
[44.773s] -- Installing: /home/wheeltec/wheeltec_ros2/src/install/nav2_msgs/include/nav2_msgs/msg/detail/behavior_tree_log__type_support.c
[44.776s] -- Installing: /home/wheeltec/wheeltec_ros2/src/install/nav2_msgs/include/nav2_msgs/msg/detail/voxel_grid__rosidl_typesupport_introspection_c.h
[44.777s] -- Installing: /home/wheeltec/wheeltec_ros2/src/install/nav2_msgs/include/nav2_msgs/msg/detail/behavior_tree_log__rosidl_typesupport_introspection_c.h
[44.778s] -- Installing: /home/wheeltec/wheeltec_ros2/src/install/nav2_msgs/include/nav2_msgs/msg/detail/behavior_tree_status_change__rosidl_typesupport_introspection_c.h
[44.782s] -- Installing: /home/wheeltec/wheeltec_ros2/src/install/nav2_msgs/include/nav2_msgs/msg/detail/speed_limit__rosidl_typesupport_introspection_c.h
[44.787s] -- Installing: /home/wheeltec/wheeltec_ros2/src/install/nav2_msgs/include/nav2_msgs/msg/detail/behavior_tree_status_change__type_support.c
[44.794s] -- Installing: /home/wheeltec/wheeltec_ros2/src/install/nav2_msgs/include/nav2_msgs/msg/detail/speed_limit__type_support.c
[44.794s] -- Installing: /home/wheeltec/wheeltec_ros2/src/install/nav2_msgs/include/nav2_msgs/msg/detail/costmap__rosidl_typesupport_introspection_c.h
[44.795s] -- Installing: /home/wheeltec/wheeltec_ros2/src/install/nav2_msgs/include/nav2_msgs/msg/detail/costmap_meta_data__rosidl_typesupport_introspection_c.h
[44.795s] -- Installing: /home/wheeltec/wheeltec_ros2/src/install/nav2_msgs/include/nav2_msgs/msg/detail/costmap__type_support.c
[44.796s] -- Installing: /home/wheeltec/wheeltec_ros2/src/install/nav2_msgs/include/nav2_msgs/msg/detail/particle__type_support.c
[44.797s] -- Installing: /home/wheeltec/wheeltec_ros2/src/install/nav2_msgs/include/nav2_msgs/msg/detail/costmap_meta_data__type_support.c
[44.798s] -- Installing: /home/wheeltec/wheeltec_ros2/src/install/nav2_msgs/include/nav2_msgs/msg/detail/costmap_filter_info__type_support.c
[44.798s] -- Installing: /home/wheeltec/wheeltec_ros2/src/install/nav2_msgs/include/nav2_msgs/msg/detail/particle_cloud__rosidl_typesupport_introspection_c.h
[44.799s] -- Installing: /home/wheeltec/wheeltec_ros2/src/install/nav2_msgs/include/nav2_msgs/msg/detail/costmap_filter_info__rosidl_typesupport_introspection_c.h
[44.801s] -- Installing: /home/wheeltec/wheeltec_ros2/src/install/nav2_msgs/include/nav2_msgs/msg/rosidl_typesupport_introspection_c__visibility_control.h
[44.802s] -- Up-to-date: /home/wheeltec/wheeltec_ros2/src/install/nav2_msgs/include/nav2_msgs/srv
[44.803s] -- Up-to-date: /home/wheeltec/wheeltec_ros2/src/install/nav2_msgs/include/nav2_msgs/srv/detail
[44.804s] -- Installing: /home/wheeltec/wheeltec_ros2/src/install/nav2_msgs/include/nav2_msgs/srv/detail/get_costmap__type_support.c
[44.804s] -- Installing: /home/wheeltec/wheeltec_ros2/src/install/nav2_msgs/include/nav2_msgs/srv/detail/save_map__rosidl_typesupport_introspection_c.h
[44.805s] -- Installing: /home/wheeltec/wheeltec_ros2/src/install/nav2_msgs/include/nav2_msgs/srv/detail/clear_entire_costmap__type_support.c
[44.805s] -- Installing: /home/wheeltec/wheeltec_ros2/src/install/nav2_msgs/include/nav2_msgs/srv/detail/load_map__rosidl_typesupport_introspection_c.h
[44.806s] -- Installing: /home/wheeltec/wheeltec_ros2/src/install/nav2_msgs/include/nav2_msgs/srv/detail/manage_lifecycle_nodes__type_support.c
[44.807s] -- Installing: /home/wheeltec/wheeltec_ros2/src/install/nav2_msgs/include/nav2_msgs/srv/detail/save_map__type_support.c
[44.807s] -- Installing: /home/wheeltec/wheeltec_ros2/src/install/nav2_msgs/include/nav2_msgs/srv/detail/get_costmap__rosidl_typesupport_introspection_c.h
[44.808s] -- Installing: /home/wheeltec/wheeltec_ros2/src/install/nav2_msgs/include/nav2_msgs/srv/detail/manage_lifecycle_nodes__rosidl_typesupport_introspection_c.h
[44.808s] -- Installing: /home/wheeltec/wheeltec_ros2/src/install/nav2_msgs/include/nav2_msgs/srv/detail/clear_costmap_around_robot__rosidl_typesupport_introspection_c.h
[44.811s] -- Installing: /home/wheeltec/wheeltec_ros2/src/install/nav2_msgs/include/nav2_msgs/srv/detail/clear_costmap_around_robot__type_support.c
[44.813s] -- Installing: /home/wheeltec/wheeltec_ros2/src/install/nav2_msgs/include/nav2_msgs/srv/detail/load_map__type_support.c
[44.814s] -- Installing: /home/wheeltec/wheeltec_ros2/src/install/nav2_msgs/include/nav2_msgs/srv/detail/clear_costmap_except_region__rosidl_typesupport_introspection_c.h
[44.814s] -- Installing: /home/wheeltec/wheeltec_ros2/src/install/nav2_msgs/include/nav2_msgs/srv/detail/clear_costmap_except_region__type_support.c
[44.815s] -- Installing: /home/wheeltec/wheeltec_ros2/src/install/nav2_msgs/include/nav2_msgs/srv/detail/clear_entire_costmap__rosidl_typesupport_introspection_c.h
[44.819s] -- Installing: /home/wheeltec/wheeltec_ros2/src/install/nav2_msgs/lib/libnav2_msgs__rosidl_typesupport_introspection_c.so
[44.820s] -- Set runtime path of "/home/wheeltec/wheeltec_ros2/src/install/nav2_msgs/lib/libnav2_msgs__rosidl_typesupport_introspection_c.so" to ""
[44.821s] -- Installing: /home/wheeltec/wheeltec_ros2/src/install/nav2_msgs/lib/libnav2_msgs__rosidl_typesupport_c.so
[44.825s] -- Set runtime path of "/home/wheeltec/wheeltec_ros2/src/install/nav2_msgs/lib/libnav2_msgs__rosidl_typesupport_c.so" to ""
[44.826s] -- Up-to-date: /home/wheeltec/wheeltec_ros2/src/install/nav2_msgs/include/nav2_msgs
[44.827s] -- Up-to-date: /home/wheeltec/wheeltec_ros2/src/install/nav2_msgs/include/nav2_msgs/action
[44.828s] -- Installing: /home/wheeltec/wheeltec_ros2/src/install/nav2_msgs/include/nav2_msgs/action/wait.hpp
[44.832s] -- Up-to-date: /home/wheeltec/wheeltec_ros2/src/install/nav2_msgs/include/nav2_msgs/action/detail
[44.833s] -- Installing: /home/wheeltec/wheeltec_ros2/src/install/nav2_msgs/include/nav2_msgs/action/detail/back_up__traits.hpp
[44.837s] -- Installing: /home/wheeltec/wheeltec_ros2/src/install/nav2_msgs/include/nav2_msgs/action/detail/dummy_recovery__struct.hpp
[44.841s] -- Installing: /home/wheeltec/wheeltec_ros2/src/install/nav2_msgs/include/nav2_msgs/action/detail/wait__struct.hpp
[44.843s] -- Installing: /home/wheeltec/wheeltec_ros2/src/install/nav2_msgs/include/nav2_msgs/action/detail/compute_path_to_pose__traits.hpp
[44.844s] -- Installing: /home/wheeltec/wheeltec_ros2/src/install/nav2_msgs/include/nav2_msgs/action/detail/spin__struct.hpp
[44.846s] -- Installing: /home/wheeltec/wheeltec_ros2/src/install/nav2_msgs/include/nav2_msgs/action/detail/compute_path_through_poses__traits.hpp
[44.847s] -- Installing: /home/wheeltec/wheeltec_ros2/src/install/nav2_msgs/include/nav2_msgs/action/detail/compute_path_to_pose__struct.hpp
[44.853s] -- Installing: /home/wheeltec/wheeltec_ros2/src/install/nav2_msgs/include/nav2_msgs/action/detail/spin__builder.hpp
[44.855s] -- Installing: /home/wheeltec/wheeltec_ros2/src/install/nav2_msgs/include/nav2_msgs/action/detail/navigate_through_poses__struct.hpp
[44.857s] -- Installing: /home/wheeltec/wheeltec_ros2/src/install/nav2_msgs/include/nav2_msgs/action/detail/navigate_through_poses__traits.hpp
[44.859s] -- Installing: /home/wheeltec/wheeltec_ros2/src/install/nav2_msgs/include/nav2_msgs/action/detail/navigate_to_pose__traits.hpp
[44.861s] -- Installing: /home/wheeltec/wheeltec_ros2/src/install/nav2_msgs/include/nav2_msgs/action/detail/compute_path_through_poses__struct.hpp
[44.863s] -- Installing: /home/wheeltec/wheeltec_ros2/src/install/nav2_msgs/include/nav2_msgs/action/detail/dummy_recovery__builder.hpp
[44.866s] -- Installing: /home/wheeltec/wheeltec_ros2/src/install/nav2_msgs/include/nav2_msgs/action/detail/navigate_to_pose__builder.hpp
[44.868s] -- Installing: /home/wheeltec/wheeltec_ros2/src/install/nav2_msgs/include/nav2_msgs/action/detail/dummy_recovery__traits.hpp
[44.870s] -- Installing: /home/wheeltec/wheeltec_ros2/src/install/nav2_msgs/include/nav2_msgs/action/detail/wait__traits.hpp
[44.871s] -- Installing: /home/wheeltec/wheeltec_ros2/src/install/nav2_msgs/include/nav2_msgs/action/detail/navigate_to_pose__struct.hpp
[44.874s] -- Installing: /home/wheeltec/wheeltec_ros2/src/install/nav2_msgs/include/nav2_msgs/action/detail/follow_waypoints__traits.hpp
[44.875s] -- Installing: /home/wheeltec/wheeltec_ros2/src/install/nav2_msgs/include/nav2_msgs/action/detail/follow_path__traits.hpp
[44.877s] -- Installing: /home/wheeltec/wheeltec_ros2/src/install/nav2_msgs/include/nav2_msgs/action/detail/wait__builder.hpp
[44.878s] -- Installing: /home/wheeltec/wheeltec_ros2/src/install/nav2_msgs/include/nav2_msgs/action/detail/compute_path_through_poses__builder.hpp
[44.880s] -- Installing: /home/wheeltec/wheeltec_ros2/src/install/nav2_msgs/include/nav2_msgs/action/detail/back_up__struct.hpp
[44.882s] -- Installing: /home/wheeltec/wheeltec_ros2/src/install/nav2_msgs/include/nav2_msgs/action/detail/compute_path_to_pose__builder.hpp
[44.883s] -- Installing: /home/wheeltec/wheeltec_ros2/src/install/nav2_msgs/include/nav2_msgs/action/detail/back_up__builder.hpp
[44.888s] -- Installing: /home/wheeltec/wheeltec_ros2/src/install/nav2_msgs/include/nav2_msgs/action/detail/follow_waypoints__builder.hpp
[44.890s] -- Installing: /home/wheeltec/wheeltec_ros2/src/install/nav2_msgs/include/nav2_msgs/action/detail/navigate_through_poses__builder.hpp
[44.891s] -- Installing: /home/wheeltec/wheeltec_ros2/src/install/nav2_msgs/include/nav2_msgs/action/detail/follow_path__struct.hpp
[44.895s] -- Installing: /home/wheeltec/wheeltec_ros2/src/install/nav2_msgs/include/nav2_msgs/action/detail/spin__traits.hpp
[44.896s] -- Installing: /home/wheeltec/wheeltec_ros2/src/install/nav2_msgs/include/nav2_msgs/action/detail/follow_waypoints__struct.hpp
[44.900s] -- Installing: /home/wheeltec/wheeltec_ros2/src/install/nav2_msgs/include/nav2_msgs/action/detail/follow_path__builder.hpp
[44.903s] -- Installing: /home/wheeltec/wheeltec_ros2/src/install/nav2_msgs/include/nav2_msgs/action/follow_waypoints.hpp
[44.906s] -- Installing: /home/wheeltec/wheeltec_ros2/src/install/nav2_msgs/include/nav2_msgs/action/compute_path_to_pose.hpp
[44.907s] -- Installing: /home/wheeltec/wheeltec_ros2/src/install/nav2_msgs/include/nav2_msgs/action/compute_path_through_poses.hpp
[44.909s] -- Installing: /home/wheeltec/wheeltec_ros2/src/install/nav2_msgs/include/nav2_msgs/action/navigate_through_poses.hpp
[44.909s] -- Installing: /home/wheeltec/wheeltec_ros2/src/install/nav2_msgs/include/nav2_msgs/action/dummy_recovery.hpp
[44.913s] -- Installing: /home/wheeltec/wheeltec_ros2/src/install/nav2_msgs/include/nav2_msgs/action/back_up.hpp
[44.914s] -- Installing: /home/wheeltec/wheeltec_ros2/src/install/nav2_msgs/include/nav2_msgs/action/spin.hpp
[44.914s] -- Installing: /home/wheeltec/wheeltec_ros2/src/install/nav2_msgs/include/nav2_msgs/action/navigate_to_pose.hpp
[44.919s] -- Installing: /home/wheeltec/wheeltec_ros2/src/install/nav2_msgs/include/nav2_msgs/action/follow_path.hpp
[44.920s] -- Up-to-date: /home/wheeltec/wheeltec_ros2/src/install/nav2_msgs/include/nav2_msgs/msg
[44.920s] -- Installing: /home/wheeltec/wheeltec_ros2/src/install/nav2_msgs/include/nav2_msgs/msg/particle.hpp
[44.922s] -- Up-to-date: /home/wheeltec/wheeltec_ros2/src/install/nav2_msgs/include/nav2_msgs/msg/detail
[44.922s] -- Installing: /home/wheeltec/wheeltec_ros2/src/install/nav2_msgs/include/nav2_msgs/msg/detail/behavior_tree_log__traits.hpp
[44.923s] -- Installing: /home/wheeltec/wheeltec_ros2/src/install/nav2_msgs/include/nav2_msgs/msg/detail/voxel_grid__traits.hpp
[44.923s] -- Installing: /home/wheeltec/wheeltec_ros2/src/install/nav2_msgs/include/nav2_msgs/msg/detail/behavior_tree_log__struct.hpp
[44.924s] -- Installing: /home/wheeltec/wheeltec_ros2/src/install/nav2_msgs/include/nav2_msgs/msg/detail/speed_limit__struct.hpp
[44.924s] -- Installing: /home/wheeltec/wheeltec_ros2/src/install/nav2_msgs/include/nav2_msgs/msg/detail/costmap__builder.hpp
[44.924s] -- Installing: /home/wheeltec/wheeltec_ros2/src/install/nav2_msgs/include/nav2_msgs/msg/detail/speed_limit__traits.hpp
[44.929s] -- Installing: /home/wheeltec/wheeltec_ros2/src/install/nav2_msgs/include/nav2_msgs/msg/detail/costmap_filter_info__struct.hpp
[44.930s] -- Installing: /home/wheeltec/wheeltec_ros2/src/install/nav2_msgs/include/nav2_msgs/msg/detail/costmap_filter_info__traits.hpp
[44.931s] -- Installing: /home/wheeltec/wheeltec_ros2/src/install/nav2_msgs/include/nav2_msgs/msg/detail/costmap__traits.hpp
[44.932s] -- Installing: /home/wheeltec/wheeltec_ros2/src/install/nav2_msgs/include/nav2_msgs/msg/detail/particle__struct.hpp
[44.933s] -- Installing: /home/wheeltec/wheeltec_ros2/src/install/nav2_msgs/include/nav2_msgs/msg/detail/behavior_tree_log__builder.hpp
[44.934s] -- Installing: /home/wheeltec/wheeltec_ros2/src/install/nav2_msgs/include/nav2_msgs/msg/detail/costmap_meta_data__traits.hpp
[44.935s] -- Installing: /home/wheeltec/wheeltec_ros2/src/install/nav2_msgs/include/nav2_msgs/msg/detail/costmap__struct.hpp
[44.936s] -- Installing: /home/wheeltec/wheeltec_ros2/src/install/nav2_msgs/include/nav2_msgs/msg/detail/costmap_filter_info__builder.hpp
[44.937s] -- Installing: /home/wheeltec/wheeltec_ros2/src/install/nav2_msgs/include/nav2_msgs/msg/detail/voxel_grid__struct.hpp
[44.939s] -- Installing: /home/wheeltec/wheeltec_ros2/src/install/nav2_msgs/include/nav2_msgs/msg/detail/particle_cloud__builder.hpp
[44.941s] -- Installing: /home/wheeltec/wheeltec_ros2/src/install/nav2_msgs/include/nav2_msgs/msg/detail/particle__traits.hpp
[44.945s] -- Installing: /home/wheeltec/wheeltec_ros2/src/install/nav2_msgs/include/nav2_msgs/msg/detail/particle__builder.hpp
[44.946s] -- Installing: /home/wheeltec/wheeltec_ros2/src/install/nav2_msgs/include/nav2_msgs/msg/detail/voxel_grid__builder.hpp
[44.946s] -- Installing: /home/wheeltec/wheeltec_ros2/src/install/nav2_msgs/include/nav2_msgs/msg/detail/particle_cloud__traits.hpp
[44.946s] -- Installing: /home/wheeltec/wheeltec_ros2/src/install/nav2_msgs/include/nav2_msgs/msg/detail/behavior_tree_status_change__builder.hpp
[44.947s] -- Installing: /home/wheeltec/wheeltec_ros2/src/install/nav2_msgs/include/nav2_msgs/msg/detail/speed_limit__builder.hpp
[44.948s] -- Installing: /home/wheeltec/wheeltec_ros2/src/install/nav2_msgs/include/nav2_msgs/msg/detail/behavior_tree_status_change__struct.hpp
[44.948s] -- Installing: /home/wheeltec/wheeltec_ros2/src/install/nav2_msgs/include/nav2_msgs/msg/detail/costmap_meta_data__struct.hpp
[44.949s] -- Installing: /home/wheeltec/wheeltec_ros2/src/install/nav2_msgs/include/nav2_msgs/msg/detail/behavior_tree_status_change__traits.hpp
[44.952s] -- Installing: /home/wheeltec/wheeltec_ros2/src/install/nav2_msgs/include/nav2_msgs/msg/detail/costmap_meta_data__builder.hpp
[44.953s] -- Installing: /home/wheeltec/wheeltec_ros2/src/install/nav2_msgs/include/nav2_msgs/msg/detail/particle_cloud__struct.hpp
[44.954s] -- Installing: /home/wheeltec/wheeltec_ros2/src/install/nav2_msgs/include/nav2_msgs/msg/behavior_tree_status_change.hpp
[44.954s] -- Installing: /home/wheeltec/wheeltec_ros2/src/install/nav2_msgs/include/nav2_msgs/msg/speed_limit.hpp
[44.955s] -- Installing: /home/wheeltec/wheeltec_ros2/src/install/nav2_msgs/include/nav2_msgs/msg/particle_cloud.hpp
[44.956s] -- Installing: /home/wheeltec/wheeltec_ros2/src/install/nav2_msgs/include/nav2_msgs/msg/voxel_grid.hpp
[44.957s] -- Installing: /home/wheeltec/wheeltec_ros2/src/install/nav2_msgs/include/nav2_msgs/msg/costmap.hpp
[44.959s] -- Installing: /home/wheeltec/wheeltec_ros2/src/install/nav2_msgs/include/nav2_msgs/msg/costmap_meta_data.hpp
[44.961s] -- Installing: /home/wheeltec/wheeltec_ros2/src/install/nav2_msgs/include/nav2_msgs/msg/behavior_tree_log.hpp
[44.963s] -- Installing: /home/wheeltec/wheeltec_ros2/src/install/nav2_msgs/include/nav2_msgs/msg/costmap_filter_info.hpp
[44.965s] -- Up-to-date: /home/wheeltec/wheeltec_ros2/src/install/nav2_msgs/include/nav2_msgs/srv
[44.966s] -- Up-to-date: /home/wheeltec/wheeltec_ros2/src/install/nav2_msgs/include/nav2_msgs/srv/detail
[44.966s] -- Installing: /home/wheeltec/wheeltec_ros2/src/install/nav2_msgs/include/nav2_msgs/srv/detail/save_map__builder.hpp
[44.967s] -- Installing: /home/wheeltec/wheeltec_ros2/src/install/nav2_msgs/include/nav2_msgs/srv/detail/get_costmap__traits.hpp
[44.970s] -- Installing: /home/wheeltec/wheeltec_ros2/src/install/nav2_msgs/include/nav2_msgs/srv/detail/get_costmap__struct.hpp
[44.971s] -- Installing: /home/wheeltec/wheeltec_ros2/src/install/nav2_msgs/include/nav2_msgs/srv/detail/clear_costmap_around_robot__builder.hpp
[44.978s] -- Installing: /home/wheeltec/wheeltec_ros2/src/install/nav2_msgs/include/nav2_msgs/srv/detail/save_map__traits.hpp
[44.980s] -- Installing: /home/wheeltec/wheeltec_ros2/src/install/nav2_msgs/include/nav2_msgs/srv/detail/clear_entire_costmap__traits.hpp
[44.982s] -- Installing: /home/wheeltec/wheeltec_ros2/src/install/nav2_msgs/include/nav2_msgs/srv/detail/clear_costmap_except_region__builder.hpp
[44.983s] -- Installing: /home/wheeltec/wheeltec_ros2/src/install/nav2_msgs/include/nav2_msgs/srv/detail/clear_costmap_except_region__traits.hpp
[44.984s] -- Installing: /home/wheeltec/wheeltec_ros2/src/install/nav2_msgs/include/nav2_msgs/srv/detail/clear_costmap_except_region__struct.hpp
[44.987s] -- Installing: /home/wheeltec/wheeltec_ros2/src/install/nav2_msgs/include/nav2_msgs/srv/detail/manage_lifecycle_nodes__traits.hpp
[44.987s] -- Installing: /home/wheeltec/wheeltec_ros2/src/install/nav2_msgs/include/nav2_msgs/srv/detail/load_map__struct.hpp
[44.990s] -- Installing: /home/wheeltec/wheeltec_ros2/src/install/nav2_msgs/include/nav2_msgs/srv/detail/manage_lifecycle_nodes__builder.hpp
[44.991s] -- Installing: /home/wheeltec/wheeltec_ros2/src/install/nav2_msgs/include/nav2_msgs/srv/detail/clear_entire_costmap__builder.hpp
[44.991s] -- Installing: /home/wheeltec/wheeltec_ros2/src/install/nav2_msgs/include/nav2_msgs/srv/detail/get_costmap__builder.hpp
[44.997s] -- Installing: /home/wheeltec/wheeltec_ros2/src/install/nav2_msgs/include/nav2_msgs/srv/detail/clear_entire_costmap__struct.hpp
[44.998s] -- Installing: /home/wheeltec/wheeltec_ros2/src/install/nav2_msgs/include/nav2_msgs/srv/detail/clear_costmap_around_robot__struct.hpp
[44.999s] -- Installing: /home/wheeltec/wheeltec_ros2/src/install/nav2_msgs/include/nav2_msgs/srv/detail/save_map__struct.hpp
[45.000s] -- Installing: /home/wheeltec/wheeltec_ros2/src/install/nav2_msgs/include/nav2_msgs/srv/detail/load_map__builder.hpp
[45.001s] -- Installing: /home/wheeltec/wheeltec_ros2/src/install/nav2_msgs/include/nav2_msgs/srv/detail/clear_costmap_around_robot__traits.hpp
[45.002s] -- Installing: /home/wheeltec/wheeltec_ros2/src/install/nav2_msgs/include/nav2_msgs/srv/detail/load_map__traits.hpp
[45.003s] -- Installing: /home/wheeltec/wheeltec_ros2/src/install/nav2_msgs/include/nav2_msgs/srv/detail/manage_lifecycle_nodes__struct.hpp
[45.005s] -- Installing: /home/wheeltec/wheeltec_ros2/src/install/nav2_msgs/include/nav2_msgs/srv/clear_entire_costmap.hpp
[45.010s] -- Installing: /home/wheeltec/wheeltec_ros2/src/install/nav2_msgs/include/nav2_msgs/srv/get_costmap.hpp
[45.012s] -- Installing: /home/wheeltec/wheeltec_ros2/src/install/nav2_msgs/include/nav2_msgs/srv/clear_costmap_around_robot.hpp
[45.014s] -- Installing: /home/wheeltec/wheeltec_ros2/src/install/nav2_msgs/include/nav2_msgs/srv/manage_lifecycle_nodes.hpp
[45.015s] -- Installing: /home/wheeltec/wheeltec_ros2/src/install/nav2_msgs/include/nav2_msgs/srv/save_map.hpp
[45.016s] -- Installing: /home/wheeltec/wheeltec_ros2/src/install/nav2_msgs/include/nav2_msgs/srv/clear_costmap_except_region.hpp
[45.017s] -- Installing: /home/wheeltec/wheeltec_ros2/src/install/nav2_msgs/include/nav2_msgs/srv/load_map.hpp
[45.018s] -- Up-to-date: /home/wheeltec/wheeltec_ros2/src/install/nav2_msgs/include/nav2_msgs
[45.018s] -- Up-to-date: /home/wheeltec/wheeltec_ros2/src/install/nav2_msgs/include/nav2_msgs/action
[45.021s] -- Up-to-date: /home/wheeltec/wheeltec_ros2/src/install/nav2_msgs/include/nav2_msgs/action/detail
[45.024s] -- Installing: /home/wheeltec/wheeltec_ros2/src/install/nav2_msgs/include/nav2_msgs/action/detail/follow_waypoints__type_support.cpp
[45.025s] -- Installing: /home/wheeltec/wheeltec_ros2/src/install/nav2_msgs/include/nav2_msgs/action/detail/navigate_to_pose__type_support.cpp
[45.026s] -- Installing: /home/wheeltec/wheeltec_ros2/src/install/nav2_msgs/include/nav2_msgs/action/detail/compute_path_to_pose__type_support.cpp
[45.030s] -- Installing: /home/wheeltec/wheeltec_ros2/src/install/nav2_msgs/include/nav2_msgs/action/detail/follow_waypoints__rosidl_typesupport_introspection_cpp.hpp
[45.031s] -- Installing: /home/wheeltec/wheeltec_ros2/src/install/nav2_msgs/include/nav2_msgs/action/detail/compute_path_through_poses__rosidl_typesupport_introspection_cpp.hpp
[45.032s] -- Installing: /home/wheeltec/wheeltec_ros2/src/install/nav2_msgs/include/nav2_msgs/action/detail/follow_path__rosidl_typesupport_introspection_cpp.hpp
[45.034s] -- Installing: /home/wheeltec/wheeltec_ros2/src/install/nav2_msgs/include/nav2_msgs/action/detail/compute_path_through_poses__type_support.cpp
[45.034s] -- Installing: /home/wheeltec/wheeltec_ros2/src/install/nav2_msgs/include/nav2_msgs/action/detail/back_up__type_support.cpp
[45.037s] -- Installing: /home/wheeltec/wheeltec_ros2/src/install/nav2_msgs/include/nav2_msgs/action/detail/spin__rosidl_typesupport_introspection_cpp.hpp
[45.039s] -- Installing: /home/wheeltec/wheeltec_ros2/src/install/nav2_msgs/include/nav2_msgs/action/detail/spin__type_support.cpp
[45.040s] -- Installing: /home/wheeltec/wheeltec_ros2/src/install/nav2_msgs/include/nav2_msgs/action/detail/wait__rosidl_typesupport_introspection_cpp.hpp
[45.041s] -- Installing: /home/wheeltec/wheeltec_ros2/src/install/nav2_msgs/include/nav2_msgs/action/detail/navigate_to_pose__rosidl_typesupport_introspection_cpp.hpp
[45.042s] -- Installing: /home/wheeltec/wheeltec_ros2/src/install/nav2_msgs/include/nav2_msgs/action/detail/compute_path_to_pose__rosidl_typesupport_introspection_cpp.hpp
[45.043s] -- Installing: /home/wheeltec/wheeltec_ros2/src/install/nav2_msgs/include/nav2_msgs/action/detail/back_up__rosidl_typesupport_introspection_cpp.hpp
[45.044s] -- Installing: /home/wheeltec/wheeltec_ros2/src/install/nav2_msgs/include/nav2_msgs/action/detail/navigate_through_poses__rosidl_typesupport_introspection_cpp.hpp
[45.046s] -- Installing: /home/wheeltec/wheeltec_ros2/src/install/nav2_msgs/include/nav2_msgs/action/detail/dummy_recovery__type_support.cpp
[45.048s] -- Installing: /home/wheeltec/wheeltec_ros2/src/install/nav2_msgs/include/nav2_msgs/action/detail/navigate_through_poses__type_support.cpp
[45.051s] -- Installing: /home/wheeltec/wheeltec_ros2/src/install/nav2_msgs/include/nav2_msgs/action/detail/follow_path__type_support.cpp
[45.055s] -- Installing: /home/wheeltec/wheeltec_ros2/src/install/nav2_msgs/include/nav2_msgs/action/detail/dummy_recovery__rosidl_typesupport_introspection_cpp.hpp
[45.057s] -- Installing: /home/wheeltec/wheeltec_ros2/src/install/nav2_msgs/include/nav2_msgs/action/detail/wait__type_support.cpp
[45.060s] -- Up-to-date: /home/wheeltec/wheeltec_ros2/src/install/nav2_msgs/include/nav2_msgs/msg
[45.061s] -- Up-to-date: /home/wheeltec/wheeltec_ros2/src/install/nav2_msgs/include/nav2_msgs/msg/detail
[45.061s] -- Installing: /home/wheeltec/wheeltec_ros2/src/install/nav2_msgs/include/nav2_msgs/msg/detail/particle_cloud__rosidl_typesupport_introspection_cpp.hpp
[45.063s] -- Installing: /home/wheeltec/wheeltec_ros2/src/install/nav2_msgs/include/nav2_msgs/msg/detail/voxel_grid__rosidl_typesupport_introspection_cpp.hpp
[45.068s] -- Installing: /home/wheeltec/wheeltec_ros2/src/install/nav2_msgs/include/nav2_msgs/msg/detail/costmap__type_support.cpp
[45.071s] -- Installing: /home/wheeltec/wheeltec_ros2/src/install/nav2_msgs/include/nav2_msgs/msg/detail/behavior_tree_log__rosidl_typesupport_introspection_cpp.hpp
[45.072s] -- Installing: /home/wheeltec/wheeltec_ros2/src/install/nav2_msgs/include/nav2_msgs/msg/detail/costmap_meta_data__type_support.cpp
[45.074s] -- Installing: /home/wheeltec/wheeltec_ros2/src/install/nav2_msgs/include/nav2_msgs/msg/detail/costmap_filter_info__rosidl_typesupport_introspection_cpp.hpp
[45.076s] -- Installing: /home/wheeltec/wheeltec_ros2/src/install/nav2_msgs/include/nav2_msgs/msg/detail/particle__type_support.cpp
[45.078s] -- Installing: /home/wheeltec/wheeltec_ros2/src/install/nav2_msgs/include/nav2_msgs/msg/detail/speed_limit__type_support.cpp
[45.080s] -- Installing: /home/wheeltec/wheeltec_ros2/src/install/nav2_msgs/include/nav2_msgs/msg/detail/particle__rosidl_typesupport_introspection_cpp.hpp
[45.083s] -- Installing: /home/wheeltec/wheeltec_ros2/src/install/nav2_msgs/include/nav2_msgs/msg/detail/behavior_tree_status_change__type_support.cpp
[45.085s] -- Installing: /home/wheeltec/wheeltec_ros2/src/install/nav2_msgs/include/nav2_msgs/msg/detail/speed_limit__rosidl_typesupport_introspection_cpp.hpp
[45.087s] -- Installing: /home/wheeltec/wheeltec_ros2/src/install/nav2_msgs/include/nav2_msgs/msg/detail/behavior_tree_status_change__rosidl_typesupport_introspection_cpp.hpp
[45.089s] -- Installing: /home/wheeltec/wheeltec_ros2/src/install/nav2_msgs/include/nav2_msgs/msg/detail/costmap__rosidl_typesupport_introspection_cpp.hpp
[45.091s] -- Installing: /home/wheeltec/wheeltec_ros2/src/install/nav2_msgs/include/nav2_msgs/msg/detail/costmap_meta_data__rosidl_typesupport_introspection_cpp.hpp
[45.092s] -- Installing: /home/wheeltec/wheeltec_ros2/src/install/nav2_msgs/include/nav2_msgs/msg/detail/particle_cloud__type_support.cpp
[45.094s] -- Installing: /home/wheeltec/wheeltec_ros2/src/install/nav2_msgs/include/nav2_msgs/msg/detail/voxel_grid__type_support.cpp
[45.095s] -- Installing: /home/wheeltec/wheeltec_ros2/src/install/nav2_msgs/include/nav2_msgs/msg/detail/costmap_filter_info__type_support.cpp
[45.097s] -- Installing: /home/wheeltec/wheeltec_ros2/src/install/nav2_msgs/include/nav2_msgs/msg/detail/behavior_tree_log__type_support.cpp
[45.099s] -- Up-to-date: /home/wheeltec/wheeltec_ros2/src/install/nav2_msgs/include/nav2_msgs/srv
[45.100s] -- Up-to-date: /home/wheeltec/wheeltec_ros2/src/install/nav2_msgs/include/nav2_msgs/srv/detail
[45.101s] -- Installing: /home/wheeltec/wheeltec_ros2/src/install/nav2_msgs/include/nav2_msgs/srv/detail/get_costmap__rosidl_typesupport_introspection_cpp.hpp
[45.104s] -- Installing: /home/wheeltec/wheeltec_ros2/src/install/nav2_msgs/include/nav2_msgs/srv/detail/clear_costmap_around_robot__rosidl_typesupport_introspection_cpp.hpp
[45.106s] -- Installing: /home/wheeltec/wheeltec_ros2/src/install/nav2_msgs/include/nav2_msgs/srv/detail/save_map__type_support.cpp
[45.108s] -- Installing: /home/wheeltec/wheeltec_ros2/src/install/nav2_msgs/include/nav2_msgs/srv/detail/clear_costmap_except_region__rosidl_typesupport_introspection_cpp.hpp
[45.110s] -- Installing: /home/wheeltec/wheeltec_ros2/src/install/nav2_msgs/include/nav2_msgs/srv/detail/clear_costmap_around_robot__type_support.cpp
[45.113s] -- Installing: /home/wheeltec/wheeltec_ros2/src/install/nav2_msgs/include/nav2_msgs/srv/detail/save_map__rosidl_typesupport_introspection_cpp.hpp
[45.116s] -- Installing: /home/wheeltec/wheeltec_ros2/src/install/nav2_msgs/include/nav2_msgs/srv/detail/clear_entire_costmap__rosidl_typesupport_introspection_cpp.hpp
[45.117s] -- Installing: /home/wheeltec/wheeltec_ros2/src/install/nav2_msgs/include/nav2_msgs/srv/detail/clear_entire_costmap__type_support.cpp
[45.119s] -- Installing: /home/wheeltec/wheeltec_ros2/src/install/nav2_msgs/include/nav2_msgs/srv/detail/get_costmap__type_support.cpp
[45.120s] -- Installing: /home/wheeltec/wheeltec_ros2/src/install/nav2_msgs/include/nav2_msgs/srv/detail/manage_lifecycle_nodes__rosidl_typesupport_introspection_cpp.hpp
[45.123s] -- Installing: /home/wheeltec/wheeltec_ros2/src/install/nav2_msgs/include/nav2_msgs/srv/detail/manage_lifecycle_nodes__type_support.cpp
[45.125s] -- Installing: /home/wheeltec/wheeltec_ros2/src/install/nav2_msgs/include/nav2_msgs/srv/detail/load_map__type_support.cpp
[45.127s] -- Installing: /home/wheeltec/wheeltec_ros2/src/install/nav2_msgs/include/nav2_msgs/srv/detail/load_map__rosidl_typesupport_introspection_cpp.hpp
[45.130s] -- Installing: /home/wheeltec/wheeltec_ros2/src/install/nav2_msgs/include/nav2_msgs/srv/detail/clear_costmap_except_region__type_support.cpp
[45.135s] -- Installing: /home/wheeltec/wheeltec_ros2/src/install/nav2_msgs/lib/libnav2_msgs__rosidl_typesupport_introspection_cpp.so
[45.143s] -- Set runtime path of "/home/wheeltec/wheeltec_ros2/src/install/nav2_msgs/lib/libnav2_msgs__rosidl_typesupport_introspection_cpp.so" to ""
[45.145s] -- Installing: /home/wheeltec/wheeltec_ros2/src/install/nav2_msgs/lib/libnav2_msgs__rosidl_typesupport_cpp.so
[45.155s] -- Set runtime path of "/home/wheeltec/wheeltec_ros2/src/install/nav2_msgs/lib/libnav2_msgs__rosidl_typesupport_cpp.so" to ""
[45.156s] -- Installing: /home/wheeltec/wheeltec_ros2/src/install/nav2_msgs/share/nav2_msgs/environment/pythonpath.sh
[45.159s] -- Installing: /home/wheeltec/wheeltec_ros2/src/install/nav2_msgs/share/nav2_msgs/environment/pythonpath.dsv
[45.162s] -- Installing: /home/wheeltec/wheeltec_ros2/src/install/nav2_msgs/lib/python3.8/site-packages/nav2_msgs/__init__.py
[45.291s] Compiling '/home/wheeltec/wheeltec_ros2/src/install/nav2_msgs/lib/python3.8/site-packages/nav2_msgs/__init__.py'...
[45.315s] -- Installing: /home/wheeltec/wheeltec_ros2/src/install/nav2_msgs/lib/python3.8/site-packages/nav2_msgs/msg
[45.316s] -- Installing: /home/wheeltec/wheeltec_ros2/src/install/nav2_msgs/lib/python3.8/site-packages/nav2_msgs/msg/__init__.py
[45.318s] -- Installing: /home/wheeltec/wheeltec_ros2/src/install/nav2_msgs/lib/python3.8/site-packages/nav2_msgs/msg/_costmap_filter_info.py
[45.319s] -- Installing: /home/wheeltec/wheeltec_ros2/src/install/nav2_msgs/lib/python3.8/site-packages/nav2_msgs/msg/_costmap_meta_data_s.c
[45.319s] -- Installing: /home/wheeltec/wheeltec_ros2/src/install/nav2_msgs/lib/python3.8/site-packages/nav2_msgs/msg/_speed_limit_s.c
[45.320s] -- Installing: /home/wheeltec/wheeltec_ros2/src/install/nav2_msgs/lib/python3.8/site-packages/nav2_msgs/msg/_particle_cloud_s.c
[45.320s] -- Installing: /home/wheeltec/wheeltec_ros2/src/install/nav2_msgs/lib/python3.8/site-packages/nav2_msgs/msg/_particle.py
[45.321s] -- Installing: /home/wheeltec/wheeltec_ros2/src/install/nav2_msgs/lib/python3.8/site-packages/nav2_msgs/msg/_behavior_tree_log.py
[45.322s] -- Installing: /home/wheeltec/wheeltec_ros2/src/install/nav2_msgs/lib/python3.8/site-packages/nav2_msgs/msg/_voxel_grid.py
[45.324s] -- Installing: /home/wheeltec/wheeltec_ros2/src/install/nav2_msgs/lib/python3.8/site-packages/nav2_msgs/msg/_speed_limit.py
[45.327s] -- Installing: /home/wheeltec/wheeltec_ros2/src/install/nav2_msgs/lib/python3.8/site-packages/nav2_msgs/msg/_behavior_tree_status_change_s.c
[45.327s] -- Installing: /home/wheeltec/wheeltec_ros2/src/install/nav2_msgs/lib/python3.8/site-packages/nav2_msgs/msg/_costmap_s.c
[45.330s] -- Installing: /home/wheeltec/wheeltec_ros2/src/install/nav2_msgs/lib/python3.8/site-packages/nav2_msgs/msg/_behavior_tree_log_s.c
[45.331s] -- Installing: /home/wheeltec/wheeltec_ros2/src/install/nav2_msgs/lib/python3.8/site-packages/nav2_msgs/msg/_voxel_grid_s.c
[45.331s] -- Installing: /home/wheeltec/wheeltec_ros2/src/install/nav2_msgs/lib/python3.8/site-packages/nav2_msgs/msg/_particle_s.c
[45.332s] -- Installing: /home/wheeltec/wheeltec_ros2/src/install/nav2_msgs/lib/python3.8/site-packages/nav2_msgs/msg/_particle_cloud.py
[45.332s] -- Installing: /home/wheeltec/wheeltec_ros2/src/install/nav2_msgs/lib/python3.8/site-packages/nav2_msgs/msg/_behavior_tree_status_change.py
[45.333s] -- Installing: /home/wheeltec/wheeltec_ros2/src/install/nav2_msgs/lib/python3.8/site-packages/nav2_msgs/msg/_costmap.py
[45.334s] -- Installing: /home/wheeltec/wheeltec_ros2/src/install/nav2_msgs/lib/python3.8/site-packages/nav2_msgs/msg/_costmap_filter_info_s.c
[45.334s] -- Installing: /home/wheeltec/wheeltec_ros2/src/install/nav2_msgs/lib/python3.8/site-packages/nav2_msgs/msg/_costmap_meta_data.py
[45.334s] -- Installing: /home/wheeltec/wheeltec_ros2/src/install/nav2_msgs/lib/python3.8/site-packages/nav2_msgs/srv
[45.335s] -- Installing: /home/wheeltec/wheeltec_ros2/src/install/nav2_msgs/lib/python3.8/site-packages/nav2_msgs/srv/__init__.py
[45.338s] -- Installing: /home/wheeltec/wheeltec_ros2/src/install/nav2_msgs/lib/python3.8/site-packages/nav2_msgs/srv/_get_costmap.py
[45.339s] -- Installing: /home/wheeltec/wheeltec_ros2/src/install/nav2_msgs/lib/python3.8/site-packages/nav2_msgs/srv/_load_map_s.c
[45.340s] -- Installing: /home/wheeltec/wheeltec_ros2/src/install/nav2_msgs/lib/python3.8/site-packages/nav2_msgs/srv/_save_map_s.c
[45.340s] -- Installing: /home/wheeltec/wheeltec_ros2/src/install/nav2_msgs/lib/python3.8/site-packages/nav2_msgs/srv/_clear_costmap_except_region.py
[45.343s] -- Installing: /home/wheeltec/wheeltec_ros2/src/install/nav2_msgs/lib/python3.8/site-packages/nav2_msgs/srv/_clear_entire_costmap_s.c
[45.344s] -- Installing: /home/wheeltec/wheeltec_ros2/src/install/nav2_msgs/lib/python3.8/site-packages/nav2_msgs/srv/_load_map.py
[45.353s] -- Installing: /home/wheeltec/wheeltec_ros2/src/install/nav2_msgs/lib/python3.8/site-packages/nav2_msgs/srv/_manage_lifecycle_nodes_s.c
[45.354s] -- Installing: /home/wheeltec/wheeltec_ros2/src/install/nav2_msgs/lib/python3.8/site-packages/nav2_msgs/srv/_manage_lifecycle_nodes.py
[45.355s] -- Installing: /home/wheeltec/wheeltec_ros2/src/install/nav2_msgs/lib/python3.8/site-packages/nav2_msgs/srv/_get_costmap_s.c
[45.356s] -- Installing: /home/wheeltec/wheeltec_ros2/src/install/nav2_msgs/lib/python3.8/site-packages/nav2_msgs/srv/_save_map.py
[45.357s] -- Installing: /home/wheeltec/wheeltec_ros2/src/install/nav2_msgs/lib/python3.8/site-packages/nav2_msgs/srv/_clear_costmap_around_robot_s.c
[45.357s] -- Installing: /home/wheeltec/wheeltec_ros2/src/install/nav2_msgs/lib/python3.8/site-packages/nav2_msgs/srv/_clear_entire_costmap.py
[45.359s] -- Installing: /home/wheeltec/wheeltec_ros2/src/install/nav2_msgs/lib/python3.8/site-packages/nav2_msgs/srv/_clear_costmap_around_robot.py
[45.360s] -- Installing: /home/wheeltec/wheeltec_ros2/src/install/nav2_msgs/lib/python3.8/site-packages/nav2_msgs/srv/_clear_costmap_except_region_s.c
[45.361s] -- Installing: /home/wheeltec/wheeltec_ros2/src/install/nav2_msgs/lib/python3.8/site-packages/nav2_msgs/action
[45.362s] -- Installing: /home/wheeltec/wheeltec_ros2/src/install/nav2_msgs/lib/python3.8/site-packages/nav2_msgs/action/_dummy_recovery.py
[45.364s] -- Installing: /home/wheeltec/wheeltec_ros2/src/install/nav2_msgs/lib/python3.8/site-packages/nav2_msgs/action/_back_up.py
[45.367s] -- Installing: /home/wheeltec/wheeltec_ros2/src/install/nav2_msgs/lib/python3.8/site-packages/nav2_msgs/action/__init__.py
[45.368s] -- Installing: /home/wheeltec/wheeltec_ros2/src/install/nav2_msgs/lib/python3.8/site-packages/nav2_msgs/action/_compute_path_to_pose_s.c
[45.369s] -- Installing: /home/wheeltec/wheeltec_ros2/src/install/nav2_msgs/lib/python3.8/site-packages/nav2_msgs/action/_spin.py
[45.371s] -- Installing: /home/wheeltec/wheeltec_ros2/src/install/nav2_msgs/lib/python3.8/site-packages/nav2_msgs/action/_wait_s.c
[45.372s] -- Installing: /home/wheeltec/wheeltec_ros2/src/install/nav2_msgs/lib/python3.8/site-packages/nav2_msgs/action/_back_up_s.c
[45.372s] -- Installing: /home/wheeltec/wheeltec_ros2/src/install/nav2_msgs/lib/python3.8/site-packages/nav2_msgs/action/_follow_path_s.c
[45.373s] -- Installing: /home/wheeltec/wheeltec_ros2/src/install/nav2_msgs/lib/python3.8/site-packages/nav2_msgs/action/_follow_waypoints.py
[45.376s] -- Installing: /home/wheeltec/wheeltec_ros2/src/install/nav2_msgs/lib/python3.8/site-packages/nav2_msgs/action/_navigate_to_pose.py
[45.380s] -- Installing: /home/wheeltec/wheeltec_ros2/src/install/nav2_msgs/lib/python3.8/site-packages/nav2_msgs/action/_navigate_to_pose_s.c
[45.381s] -- Installing: /home/wheeltec/wheeltec_ros2/src/install/nav2_msgs/lib/python3.8/site-packages/nav2_msgs/action/_dummy_recovery_s.c
[45.381s] -- Installing: /home/wheeltec/wheeltec_ros2/src/install/nav2_msgs/lib/python3.8/site-packages/nav2_msgs/action/_follow_path.py
[45.383s] -- Installing: /home/wheeltec/wheeltec_ros2/src/install/nav2_msgs/lib/python3.8/site-packages/nav2_msgs/action/_compute_path_to_pose.py
[45.385s] -- Installing: /home/wheeltec/wheeltec_ros2/src/install/nav2_msgs/lib/python3.8/site-packages/nav2_msgs/action/_follow_waypoints_s.c
[45.386s] -- Installing: /home/wheeltec/wheeltec_ros2/src/install/nav2_msgs/lib/python3.8/site-packages/nav2_msgs/action/_navigate_through_poses.py
[45.389s] -- Installing: /home/wheeltec/wheeltec_ros2/src/install/nav2_msgs/lib/python3.8/site-packages/nav2_msgs/action/_compute_path_through_poses.py
[45.391s] -- Installing: /home/wheeltec/wheeltec_ros2/src/install/nav2_msgs/lib/python3.8/site-packages/nav2_msgs/action/_navigate_through_poses_s.c
[45.392s] -- Installing: /home/wheeltec/wheeltec_ros2/src/install/nav2_msgs/lib/python3.8/site-packages/nav2_msgs/action/_wait.py
[45.394s] -- Installing: /home/wheeltec/wheeltec_ros2/src/install/nav2_msgs/lib/python3.8/site-packages/nav2_msgs/action/_spin_s.c
[45.395s] -- Installing: /home/wheeltec/wheeltec_ros2/src/install/nav2_msgs/lib/python3.8/site-packages/nav2_msgs/action/_compute_path_through_poses_s.c
[45.398s] -- Installing: /home/wheeltec/wheeltec_ros2/src/install/nav2_msgs/lib/python3.8/site-packages/nav2_msgs/nav2_msgs_s__rosidl_typesupport_fastrtps_c.cpython-38-aarch64-linux-gnu.so
[45.400s] -- Set runtime path of "/home/wheeltec/wheeltec_ros2/src/install/nav2_msgs/lib/python3.8/site-packages/nav2_msgs/nav2_msgs_s__rosidl_typesupport_fastrtps_c.cpython-38-aarch64-linux-gnu.so" to ""
[45.402s] -- Installing: /home/wheeltec/wheeltec_ros2/src/install/nav2_msgs/lib/python3.8/site-packages/nav2_msgs/nav2_msgs_s__rosidl_typesupport_introspection_c.cpython-38-aarch64-linux-gnu.so
[45.406s] -- Set runtime path of "/home/wheeltec/wheeltec_ros2/src/install/nav2_msgs/lib/python3.8/site-packages/nav2_msgs/nav2_msgs_s__rosidl_typesupport_introspection_c.cpython-38-aarch64-linux-gnu.so" to ""
[45.407s] -- Installing: /home/wheeltec/wheeltec_ros2/src/install/nav2_msgs/lib/python3.8/site-packages/nav2_msgs/nav2_msgs_s__rosidl_typesupport_c.cpython-38-aarch64-linux-gnu.so
[45.413s] -- Set runtime path of "/home/wheeltec/wheeltec_ros2/src/install/nav2_msgs/lib/python3.8/site-packages/nav2_msgs/nav2_msgs_s__rosidl_typesupport_c.cpython-38-aarch64-linux-gnu.so" to ""
[45.424s] -- Installing: /home/wheeltec/wheeltec_ros2/src/install/nav2_msgs/lib/libnav2_msgs__python.so
[45.429s] -- Set runtime path of "/home/wheeltec/wheeltec_ros2/src/install/nav2_msgs/lib/libnav2_msgs__python.so" to ""
[45.430s] -- Installing: /home/wheeltec/wheeltec_ros2/src/install/nav2_msgs/share/nav2_msgs/msg/Costmap.idl
[45.440s] -- Installing: /home/wheeltec/wheeltec_ros2/src/install/nav2_msgs/share/nav2_msgs/msg/CostmapMetaData.idl
[45.446s] -- Installing: /home/wheeltec/wheeltec_ros2/src/install/nav2_msgs/share/nav2_msgs/msg/CostmapFilterInfo.idl
[45.451s] -- Installing: /home/wheeltec/wheeltec_ros2/src/install/nav2_msgs/share/nav2_msgs/msg/SpeedLimit.idl
[45.452s] -- Installing: /home/wheeltec/wheeltec_ros2/src/install/nav2_msgs/share/nav2_msgs/msg/VoxelGrid.idl
[45.452s] -- Installing: /home/wheeltec/wheeltec_ros2/src/install/nav2_msgs/share/nav2_msgs/msg/BehaviorTreeStatusChange.idl
[45.453s] -- Installing: /home/wheeltec/wheeltec_ros2/src/install/nav2_msgs/share/nav2_msgs/msg/BehaviorTreeLog.idl
[45.453s] -- Installing: /home/wheeltec/wheeltec_ros2/src/install/nav2_msgs/share/nav2_msgs/msg/Particle.idl
[45.456s] -- Installing: /home/wheeltec/wheeltec_ros2/src/install/nav2_msgs/share/nav2_msgs/msg/ParticleCloud.idl
[45.457s] -- Installing: /home/wheeltec/wheeltec_ros2/src/install/nav2_msgs/share/nav2_msgs/srv/GetCostmap.idl
[45.458s] -- Installing: /home/wheeltec/wheeltec_ros2/src/install/nav2_msgs/share/nav2_msgs/srv/ClearCostmapExceptRegion.idl
[45.460s] -- Installing: /home/wheeltec/wheeltec_ros2/src/install/nav2_msgs/share/nav2_msgs/srv/ClearCostmapAroundRobot.idl
[45.462s] -- Installing: /home/wheeltec/wheeltec_ros2/src/install/nav2_msgs/share/nav2_msgs/srv/ClearEntireCostmap.idl
[45.464s] -- Installing: /home/wheeltec/wheeltec_ros2/src/install/nav2_msgs/share/nav2_msgs/srv/ManageLifecycleNodes.idl
[45.467s] -- Installing: /home/wheeltec/wheeltec_ros2/src/install/nav2_msgs/share/nav2_msgs/srv/LoadMap.idl
[45.467s] -- Installing: /home/wheeltec/wheeltec_ros2/src/install/nav2_msgs/share/nav2_msgs/srv/SaveMap.idl
[45.471s] -- Installing: /home/wheeltec/wheeltec_ros2/src/install/nav2_msgs/share/nav2_msgs/action/BackUp.idl
[45.472s] -- Installing: /home/wheeltec/wheeltec_ros2/src/install/nav2_msgs/share/nav2_msgs/action/ComputePathToPose.idl
[45.474s] -- Installing: /home/wheeltec/wheeltec_ros2/src/install/nav2_msgs/share/nav2_msgs/action/ComputePathThroughPoses.idl
[45.475s] -- Installing: /home/wheeltec/wheeltec_ros2/src/install/nav2_msgs/share/nav2_msgs/action/FollowPath.idl
[45.478s] -- Installing: /home/wheeltec/wheeltec_ros2/src/install/nav2_msgs/share/nav2_msgs/action/NavigateToPose.idl
[45.480s] -- Installing: /home/wheeltec/wheeltec_ros2/src/install/nav2_msgs/share/nav2_msgs/action/NavigateThroughPoses.idl
[45.484s] -- Installing: /home/wheeltec/wheeltec_ros2/src/install/nav2_msgs/share/nav2_msgs/action/Wait.idl
[45.484s] -- Installing: /home/wheeltec/wheeltec_ros2/src/install/nav2_msgs/share/nav2_msgs/action/Spin.idl
[45.494s] -- Installing: /home/wheeltec/wheeltec_ros2/src/install/nav2_msgs/share/nav2_msgs/action/DummyRecovery.idl
[45.496s] -- Installing: /home/wheeltec/wheeltec_ros2/src/install/nav2_msgs/share/nav2_msgs/action/FollowWaypoints.idl
[45.497s] -- Installing: /home/wheeltec/wheeltec_ros2/src/install/nav2_msgs/share/nav2_msgs/msg/Costmap.msg
[45.499s] -- Installing: /home/wheeltec/wheeltec_ros2/src/install/nav2_msgs/share/nav2_msgs/msg/CostmapMetaData.msg
[45.502s] -- Installing: /home/wheeltec/wheeltec_ros2/src/install/nav2_msgs/share/nav2_msgs/msg/CostmapFilterInfo.msg
[45.502s] -- Installing: /home/wheeltec/wheeltec_ros2/src/install/nav2_msgs/share/nav2_msgs/msg/SpeedLimit.msg
[45.503s] -- Installing: /home/wheeltec/wheeltec_ros2/src/install/nav2_msgs/share/nav2_msgs/msg/VoxelGrid.msg
[45.505s] -- Installing: /home/wheeltec/wheeltec_ros2/src/install/nav2_msgs/share/nav2_msgs/msg/BehaviorTreeStatusChange.msg
[45.506s] -- Installing: /home/wheeltec/wheeltec_ros2/src/install/nav2_msgs/share/nav2_msgs/msg/BehaviorTreeLog.msg
[45.509s] -- Installing: /home/wheeltec/wheeltec_ros2/src/install/nav2_msgs/share/nav2_msgs/msg/Particle.msg
[45.510s] -- Installing: /home/wheeltec/wheeltec_ros2/src/install/nav2_msgs/share/nav2_msgs/msg/ParticleCloud.msg
[45.511s] -- Installing: /home/wheeltec/wheeltec_ros2/src/install/nav2_msgs/share/nav2_msgs/srv/GetCostmap.srv
[45.511s] -- Installing: /home/wheeltec/wheeltec_ros2/src/install/nav2_msgs/share/nav2_msgs/srv/GetCostmap_Request.msg
[45.513s] -- Installing: /home/wheeltec/wheeltec_ros2/src/install/nav2_msgs/share/nav2_msgs/srv/GetCostmap_Response.msg
[45.515s] -- Installing: /home/wheeltec/wheeltec_ros2/src/install/nav2_msgs/share/nav2_msgs/srv/ClearCostmapExceptRegion.srv
[45.517s] -- Installing: /home/wheeltec/wheeltec_ros2/src/install/nav2_msgs/share/nav2_msgs/srv/ClearCostmapExceptRegion_Request.msg
[45.518s] -- Installing: /home/wheeltec/wheeltec_ros2/src/install/nav2_msgs/share/nav2_msgs/srv/ClearCostmapExceptRegion_Response.msg
[45.524s] -- Installing: /home/wheeltec/wheeltec_ros2/src/install/nav2_msgs/share/nav2_msgs/srv/ClearCostmapAroundRobot.srv
[45.525s] -- Installing: /home/wheeltec/wheeltec_ros2/src/install/nav2_msgs/share/nav2_msgs/srv/ClearCostmapAroundRobot_Request.msg
[45.526s] -- Installing: /home/wheeltec/wheeltec_ros2/src/install/nav2_msgs/share/nav2_msgs/srv/ClearCostmapAroundRobot_Response.msg
[45.526s] -- Installing: /home/wheeltec/wheeltec_ros2/src/install/nav2_msgs/share/nav2_msgs/srv/ClearEntireCostmap.srv
[45.527s] -- Installing: /home/wheeltec/wheeltec_ros2/src/install/nav2_msgs/share/nav2_msgs/srv/ClearEntireCostmap_Request.msg
[45.527s] -- Installing: /home/wheeltec/wheeltec_ros2/src/install/nav2_msgs/share/nav2_msgs/srv/ClearEntireCostmap_Response.msg
[45.528s] -- Installing: /home/wheeltec/wheeltec_ros2/src/install/nav2_msgs/share/nav2_msgs/srv/ManageLifecycleNodes.srv
[45.529s] -- Installing: /home/wheeltec/wheeltec_ros2/src/install/nav2_msgs/share/nav2_msgs/srv/ManageLifecycleNodes_Request.msg
[45.530s] -- Installing: /home/wheeltec/wheeltec_ros2/src/install/nav2_msgs/share/nav2_msgs/srv/ManageLifecycleNodes_Response.msg
[45.538s] -- Installing: /home/wheeltec/wheeltec_ros2/src/install/nav2_msgs/share/nav2_msgs/srv/LoadMap.srv
[45.539s] -- Installing: /home/wheeltec/wheeltec_ros2/src/install/nav2_msgs/share/nav2_msgs/srv/LoadMap_Request.msg
[45.540s] -- Installing: /home/wheeltec/wheeltec_ros2/src/install/nav2_msgs/share/nav2_msgs/srv/LoadMap_Response.msg
[45.542s] -- Installing: /home/wheeltec/wheeltec_ros2/src/install/nav2_msgs/share/nav2_msgs/srv/SaveMap.srv
[45.542s] -- Installing: /home/wheeltec/wheeltec_ros2/src/install/nav2_msgs/share/nav2_msgs/srv/SaveMap_Request.msg
[45.544s] -- Installing: /home/wheeltec/wheeltec_ros2/src/install/nav2_msgs/share/nav2_msgs/srv/SaveMap_Response.msg
[45.554s] -- Installing: /home/wheeltec/wheeltec_ros2/src/install/nav2_msgs/share/nav2_msgs/action/BackUp.action
[45.554s] -- Installing: /home/wheeltec/wheeltec_ros2/src/install/nav2_msgs/share/nav2_msgs/action/ComputePathToPose.action
[45.555s] -- Installing: /home/wheeltec/wheeltec_ros2/src/install/nav2_msgs/share/nav2_msgs/action/ComputePathThroughPoses.action
[45.555s] -- Installing: /home/wheeltec/wheeltec_ros2/src/install/nav2_msgs/share/nav2_msgs/action/FollowPath.action
[45.566s] -- Installing: /home/wheeltec/wheeltec_ros2/src/install/nav2_msgs/share/nav2_msgs/action/NavigateToPose.action
[45.567s] -- Installing: /home/wheeltec/wheeltec_ros2/src/install/nav2_msgs/share/nav2_msgs/action/NavigateThroughPoses.action
[45.567s] -- Installing: /home/wheeltec/wheeltec_ros2/src/install/nav2_msgs/share/nav2_msgs/action/Wait.action
[45.568s] -- Installing: /home/wheeltec/wheeltec_ros2/src/install/nav2_msgs/share/nav2_msgs/action/Spin.action
[45.571s] -- Installing: /home/wheeltec/wheeltec_ros2/src/install/nav2_msgs/share/nav2_msgs/action/DummyRecovery.action
[45.573s] -- Installing: /home/wheeltec/wheeltec_ros2/src/install/nav2_msgs/share/nav2_msgs/action/FollowWaypoints.action
[45.575s] -- Installing: /home/wheeltec/wheeltec_ros2/src/install/nav2_msgs/share/ament_index/resource_index/package_run_dependencies/nav2_msgs
[45.577s] -- Installing: /home/wheeltec/wheeltec_ros2/src/install/nav2_msgs/share/ament_index/resource_index/parent_prefix_path/nav2_msgs
[45.578s] -- Installing: /home/wheeltec/wheeltec_ros2/src/install/nav2_msgs/share/nav2_msgs/environment/ament_prefix_path.sh
[45.579s] -- Installing: /home/wheeltec/wheeltec_ros2/src/install/nav2_msgs/share/nav2_msgs/environment/ament_prefix_path.dsv
[45.581s] -- Installing: /home/wheeltec/wheeltec_ros2/src/install/nav2_msgs/share/nav2_msgs/environment/path.sh
[45.582s] -- Installing: /home/wheeltec/wheeltec_ros2/src/install/nav2_msgs/share/nav2_msgs/environment/path.dsv
[45.584s] -- Installing: /home/wheeltec/wheeltec_ros2/src/install/nav2_msgs/share/nav2_msgs/local_setup.bash
[45.585s] -- Installing: /home/wheeltec/wheeltec_ros2/src/install/nav2_msgs/share/nav2_msgs/local_setup.sh
[45.587s] -- Installing: /home/wheeltec/wheeltec_ros2/src/install/nav2_msgs/share/nav2_msgs/local_setup.zsh
[45.588s] -- Installing: /home/wheeltec/wheeltec_ros2/src/install/nav2_msgs/share/nav2_msgs/local_setup.dsv
[45.590s] -- Installing: /home/wheeltec/wheeltec_ros2/src/install/nav2_msgs/share/nav2_msgs/package.dsv
[45.591s] -- Installing: /home/wheeltec/wheeltec_ros2/src/install/nav2_msgs/share/ament_index/resource_index/packages/nav2_msgs
[45.595s] -- Installing: /home/wheeltec/wheeltec_ros2/src/install/nav2_msgs/share/nav2_msgs/cmake/nav2_msgs__rosidl_generator_cExport.cmake
[45.598s] -- Installing: /home/wheeltec/wheeltec_ros2/src/install/nav2_msgs/share/nav2_msgs/cmake/nav2_msgs__rosidl_generator_cExport-release.cmake
[45.600s] -- Installing: /home/wheeltec/wheeltec_ros2/src/install/nav2_msgs/share/nav2_msgs/cmake/nav2_msgs__rosidl_typesupport_introspection_cExport.cmake
[45.604s] -- Installing: /home/wheeltec/wheeltec_ros2/src/install/nav2_msgs/share/nav2_msgs/cmake/nav2_msgs__rosidl_typesupport_introspection_cExport-release.cmake
[45.607s] -- Installing: /home/wheeltec/wheeltec_ros2/src/install/nav2_msgs/share/nav2_msgs/cmake/nav2_msgs__rosidl_typesupport_cExport.cmake
[45.609s] -- Installing: /home/wheeltec/wheeltec_ros2/src/install/nav2_msgs/share/nav2_msgs/cmake/nav2_msgs__rosidl_typesupport_cExport-release.cmake
[45.612s] -- Installing: /home/wheeltec/wheeltec_ros2/src/install/nav2_msgs/share/nav2_msgs/cmake/nav2_msgs__rosidl_generator_cppExport.cmake
[45.615s] -- Installing: /home/wheeltec/wheeltec_ros2/src/install/nav2_msgs/share/nav2_msgs/cmake/nav2_msgs__rosidl_typesupport_introspection_cppExport.cmake
[45.616s] -- Installing: /home/wheeltec/wheeltec_ros2/src/install/nav2_msgs/share/nav2_msgs/cmake/nav2_msgs__rosidl_typesupport_introspection_cppExport-release.cmake
[45.618s] -- Installing: /home/wheeltec/wheeltec_ros2/src/install/nav2_msgs/share/nav2_msgs/cmake/nav2_msgs__rosidl_typesupport_cppExport.cmake
[45.620s] -- Installing: /home/wheeltec/wheeltec_ros2/src/install/nav2_msgs/share/nav2_msgs/cmake/nav2_msgs__rosidl_typesupport_cppExport-release.cmake
[45.622s] -- Installing: /home/wheeltec/wheeltec_ros2/src/install/nav2_msgs/share/nav2_msgs/cmake/rosidl_cmake-extras.cmake
[45.624s] -- Installing: /home/wheeltec/wheeltec_ros2/src/install/nav2_msgs/share/nav2_msgs/cmake/ament_cmake_export_dependencies-extras.cmake
[45.626s] -- Installing: /home/wheeltec/wheeltec_ros2/src/install/nav2_msgs/share/nav2_msgs/cmake/ament_cmake_export_libraries-extras.cmake
[45.627s] -- Installing: /home/wheeltec/wheeltec_ros2/src/install/nav2_msgs/share/nav2_msgs/cmake/ament_cmake_export_targets-extras.cmake
[45.635s] -- Installing: /home/wheeltec/wheeltec_ros2/src/install/nav2_msgs/share/nav2_msgs/cmake/ament_cmake_export_include_directories-extras.cmake
[45.637s] -- Installing: /home/wheeltec/wheeltec_ros2/src/install/nav2_msgs/share/nav2_msgs/cmake/rosidl_cmake_export_typesupport_libraries-extras.cmake
[45.639s] -- Installing: /home/wheeltec/wheeltec_ros2/src/install/nav2_msgs/share/nav2_msgs/cmake/rosidl_cmake_export_typesupport_targets-extras.cmake
[45.641s] -- Installing: /home/wheeltec/wheeltec_ros2/src/install/nav2_msgs/share/nav2_msgs/cmake/nav2_msgsConfig.cmake
[45.642s] -- Installing: /home/wheeltec/wheeltec_ros2/src/install/nav2_msgs/share/nav2_msgs/cmake/nav2_msgsConfig-version.cmake
[45.643s] -- Installing: /home/wheeltec/wheeltec_ros2/src/install/nav2_msgs/share/nav2_msgs/package.xml
