[0.050s] Invoking command in '/home/wheeltec/wheeltec_ros2/src/build/serial': /usr/bin/cmake --build /home/wheeltec/wheeltec_ros2/src/build/serial -- -j4 -l4
[0.299s] [100%] Built target serial
[0.351s] Invoked command in '/home/wheeltec/wheeltec_ros2/src/build/serial' returned '0': /usr/bin/cmake --build /home/wheeltec/wheeltec_ros2/src/build/serial -- -j4 -l4
[0.379s] Invoking command in '/home/wheeltec/wheeltec_ros2/src/build/serial': /usr/bin/cmake --install /home/wheeltec/wheeltec_ros2/src/build/serial
[0.431s] -- Install configuration: ""
[0.453s] -- Up-to-date: /home/wheeltec/wheeltec_ros2/src/install/serial/lib/libserial.a
[0.487s] -- Up-to-date: /home/wheeltec/wheeltec_ros2/src/install/serial/share/serial/environment/library_path.sh
[0.487s] -- Up-to-date: /home/wheeltec/wheeltec_ros2/src/install/serial/share/serial/environment/library_path.dsv
[0.499s] -- Up-to-date: /home/wheeltec/wheeltec_ros2/src/install/serial/include/serial
[0.505s] -- Up-to-date: /home/wheeltec/wheeltec_ros2/src/install/serial/include/serial/serial.h
[0.506s] -- Up-to-date: /home/wheeltec/wheeltec_ros2/src/install/serial/include/serial/impl
[0.511s] -- Up-to-date: /home/wheeltec/wheeltec_ros2/src/install/serial/include/serial/impl/unix.h
[0.512s] -- Up-to-date: /home/wheeltec/wheeltec_ros2/src/install/serial/include/serial/impl/win.h
[0.512s] -- Up-to-date: /home/wheeltec/wheeltec_ros2/src/install/serial/include/serial/v8stdint.h
[0.539s] -- Up-to-date: /home/wheeltec/wheeltec_ros2/src/install/serial/share/ament_index/resource_index/package_run_dependencies/serial
[0.546s] -- Up-to-date: /home/wheeltec/wheeltec_ros2/src/install/serial/share/ament_index/resource_index/parent_prefix_path/serial
[0.547s] -- Up-to-date: /home/wheeltec/wheeltec_ros2/src/install/serial/share/serial/environment/ament_prefix_path.sh
[0.548s] -- Up-to-date: /home/wheeltec/wheeltec_ros2/src/install/serial/share/serial/environment/ament_prefix_path.dsv
[0.550s] -- Up-to-date: /home/wheeltec/wheeltec_ros2/src/install/serial/share/serial/environment/path.sh
[0.550s] -- Up-to-date: /home/wheeltec/wheeltec_ros2/src/install/serial/share/serial/environment/path.dsv
[0.552s] -- Up-to-date: /home/wheeltec/wheeltec_ros2/src/install/serial/share/serial/local_setup.bash
[0.569s] -- Up-to-date: /home/wheeltec/wheeltec_ros2/src/install/serial/share/serial/local_setup.sh
[0.573s] -- Up-to-date: /home/wheeltec/wheeltec_ros2/src/install/serial/share/serial/local_setup.zsh
[0.573s] -- Up-to-date: /home/wheeltec/wheeltec_ros2/src/install/serial/share/serial/local_setup.dsv
[0.574s] -- Installing: /home/wheeltec/wheeltec_ros2/src/install/serial/share/serial/package.dsv
[0.590s] -- Up-to-date: /home/wheeltec/wheeltec_ros2/src/install/serial/share/ament_index/resource_index/packages/serial
[0.591s] -- Up-to-date: /home/wheeltec/wheeltec_ros2/src/install/serial/share/serial/cmake/ament_cmake_export_include_directories-extras.cmake
[0.591s] -- Up-to-date: /home/wheeltec/wheeltec_ros2/src/install/serial/share/serial/cmake/ament_cmake_export_libraries-extras.cmake
[0.591s] -- Up-to-date: /home/wheeltec/wheeltec_ros2/src/install/serial/share/serial/cmake/ament_cmake_export_dependencies-extras.cmake
[0.592s] -- Up-to-date: /home/wheeltec/wheeltec_ros2/src/install/serial/share/serial/cmake/serialConfig.cmake
[0.592s] -- Up-to-date: /home/wheeltec/wheeltec_ros2/src/install/serial/share/serial/cmake/serialConfig-version.cmake
[0.593s] -- Up-to-date: /home/wheeltec/wheeltec_ros2/src/install/serial/share/serial/package.xml
[0.593s] Invoked command in '/home/wheeltec/wheeltec_ros2/src/build/serial' returned '0': /usr/bin/cmake --install /home/wheeltec/wheeltec_ros2/src/build/serial
