[5.101s] Invoking command in '/home/wheeltec/wheeltec_ros2/src/quiz_status': PYTHONPATH=/home/wheeltec/wheeltec_ros2/src/build/quiz_status/prefix_override:/usr/lib/python3/dist-packages/colcon_core/task/python/colcon_distutils_commands:/home/wheeltec/wheeltec_ros2/src/install/quiz_status/lib/python3.8/site-packages:${PYTHONPATH} /usr/bin/python3 -W ignore:setup.py install is deprecated -W ignore:easy_install command is deprecated setup.py egg_info --egg-base ../build/quiz_status build --build-base /home/wheeltec/wheeltec_ros2/src/build/quiz_status/build install --record /home/wheeltec/wheeltec_ros2/src/build/quiz_status/install.log --single-version-externally-managed install_data
[6.949s] running egg_info
[6.951s] creating ../build/quiz_status/quiz_status.egg-info
[7.014s] writing ../build/quiz_status/quiz_status.egg-info/PKG-INFO
[7.015s] writing dependency_links to ../build/quiz_status/quiz_status.egg-info/dependency_links.txt
[7.016s] writing entry points to ../build/quiz_status/quiz_status.egg-info/entry_points.txt
[7.016s] writing requirements to ../build/quiz_status/quiz_status.egg-info/requires.txt
[7.017s] writing top-level names to ../build/quiz_status/quiz_status.egg-info/top_level.txt
[7.022s] writing manifest file '../build/quiz_status/quiz_status.egg-info/SOURCES.txt'
[7.152s] reading manifest file '../build/quiz_status/quiz_status.egg-info/SOURCES.txt'
[7.154s] writing manifest file '../build/quiz_status/quiz_status.egg-info/SOURCES.txt'
[7.155s] running build
[7.155s] running build_py
[7.156s] creating /home/wheeltec/wheeltec_ros2/src/build/quiz_status/build
[7.156s] creating /home/wheeltec/wheeltec_ros2/src/build/quiz_status/build/lib
[7.157s] creating /home/wheeltec/wheeltec_ros2/src/build/quiz_status/build/lib/quiz_status
[7.157s] copying quiz_status/__init__.py -> /home/wheeltec/wheeltec_ros2/src/build/quiz_status/build/lib/quiz_status
[7.157s] copying quiz_status/quiz_status.py -> /home/wheeltec/wheeltec_ros2/src/build/quiz_status/build/lib/quiz_status
[7.158s] running install
[7.185s] running install_lib
[7.249s] creating /home/wheeltec/wheeltec_ros2/src/install/quiz_status/lib/python3.8/site-packages/quiz_status
[7.249s] copying /home/wheeltec/wheeltec_ros2/src/build/quiz_status/build/lib/quiz_status/__init__.py -> /home/wheeltec/wheeltec_ros2/src/install/quiz_status/lib/python3.8/site-packages/quiz_status
[7.250s] copying /home/wheeltec/wheeltec_ros2/src/build/quiz_status/build/lib/quiz_status/quiz_status.py -> /home/wheeltec/wheeltec_ros2/src/install/quiz_status/lib/python3.8/site-packages/quiz_status
[7.253s] byte-compiling /home/wheeltec/wheeltec_ros2/src/install/quiz_status/lib/python3.8/site-packages/quiz_status/__init__.py to __init__.cpython-38.pyc
[7.254s] byte-compiling /home/wheeltec/wheeltec_ros2/src/install/quiz_status/lib/python3.8/site-packages/quiz_status/quiz_status.py to quiz_status.cpython-38.pyc
[7.256s] running install_data
[7.256s] creating /home/wheeltec/wheeltec_ros2/src/install/quiz_status/share/ament_index
[7.257s] creating /home/wheeltec/wheeltec_ros2/src/install/quiz_status/share/ament_index/resource_index
[7.257s] creating /home/wheeltec/wheeltec_ros2/src/install/quiz_status/share/ament_index/resource_index/packages
[7.257s] copying resource/quiz_status -> /home/wheeltec/wheeltec_ros2/src/install/quiz_status/share/ament_index/resource_index/packages
[7.258s] copying package.xml -> /home/wheeltec/wheeltec_ros2/src/install/quiz_status/share/quiz_status
[7.258s] running install_egg_info
[7.326s] Copying ../build/quiz_status/quiz_status.egg-info to /home/wheeltec/wheeltec_ros2/src/install/quiz_status/lib/python3.8/site-packages/quiz_status-0.0.0-py3.8.egg-info
[7.329s] running install_scripts
[7.701s] Installing quiz_status script to /home/wheeltec/wheeltec_ros2/src/install/quiz_status/lib/quiz_status
[7.703s] writing list of installed files to '/home/wheeltec/wheeltec_ros2/src/build/quiz_status/install.log'
[7.858s] Invoked command in '/home/wheeltec/wheeltec_ros2/src/quiz_status' returned '0': PYTHONPATH=/home/wheeltec/wheeltec_ros2/src/build/quiz_status/prefix_override:/usr/lib/python3/dist-packages/colcon_core/task/python/colcon_distutils_commands:/home/wheeltec/wheeltec_ros2/src/install/quiz_status/lib/python3.8/site-packages:${PYTHONPATH} /usr/bin/python3 -W ignore:setup.py install is deprecated -W ignore:easy_install command is deprecated setup.py egg_info --egg-base ../build/quiz_status build --build-base /home/wheeltec/wheeltec_ros2/src/build/quiz_status/build install --record /home/wheeltec/wheeltec_ros2/src/build/quiz_status/install.log --single-version-externally-managed install_data
