[0.146s] Invoking command in '/home/wheeltec/wheeltec_ros2/src/build/ackermann_msgs': CMAKE_PREFIX_PATH=${CMAKE_PREFIX_PATH}:/home/wheeltec/wheeltec_ros2/install/simple_follower_ros2:/home/wheeltec/wheeltec_ros2/install/wheeltec_robot_keyboard:/home/wheeltec/wheeltec_ros2/install/tf2_tools:/home/wheeltec/wheeltec_ros2/install/teleop_twist_keyboard:/home/wheeltec/wheeltec_ros2/install/nav2_simple_commander:/home/wheeltec/wheeltec_ros2/install/nav2_gazebo_spawner:/home/wheeltec/wheeltec_ros2/install/ldlidar_sl_ros2:/home/wheeltec/wheeltec_ros2/install/keyboard_control_emer:/opt/ros/galactic /usr/bin/cmake /home/wheeltec/wheeltec_ros2/src/depend/ackermann_msgs-ros2 -DCMAKE_INSTALL_PREFIX=/home/wheeltec/wheeltec_ros2/src/install/ackermann_msgs
[0.850s] -- The C compiler identification is GNU 9.4.0
[1.396s] -- The CXX compiler identification is GNU 9.4.0
[1.443s] -- Check for working C compiler: /usr/bin/cc
[1.823s] -- Check for working C compiler: /usr/bin/cc -- works
[1.831s] -- Detecting C compiler ABI info
[2.280s] -- Detecting C compiler ABI info - done
[2.329s] -- Detecting C compile features
[2.332s] -- Detecting C compile features - done
[2.352s] -- Check for working CXX compiler: /usr/bin/c++
[2.827s] -- Check for working CXX compiler: /usr/bin/c++ -- works
[2.837s] -- Detecting CXX compiler ABI info
[3.327s] -- Detecting CXX compiler ABI info - done
[3.391s] -- Detecting CXX compile features
[3.395s] -- Detecting CXX compile features - done
[3.487s] -- Found ament_cmake: 1.1.6 (/opt/ros/galactic/share/ament_cmake/cmake)
[3.688s] -- Found PythonInterp: /usr/bin/python3 (found suitable version "3.8.10", minimum required is "3") 
[3.689s] -- Using PYTHON_EXECUTABLE: /usr/bin/python3
[4.559s] -- Found rosidl_default_generators: 1.1.1 (/opt/ros/galactic/share/rosidl_default_generators/cmake)
[4.679s] -- Using all available rosidl_typesupport_c: rosidl_typesupport_fastrtps_c;rosidl_typesupport_introspection_c
[4.819s] -- Found rosidl_adapter: 2.2.3 (/opt/ros/galactic/share/rosidl_adapter/cmake)
[5.800s] -- Found OpenSSL: /usr/lib/aarch64-linux-gnu/libcrypto.so (found version "1.1.1f")  
[5.972s] -- Found FastRTPS: /opt/ros/galactic/include  
[6.714s] -- Using all available rosidl_typesupport_cpp: rosidl_typesupport_fastrtps_cpp;rosidl_typesupport_introspection_cpp
[6.989s] -- Found std_msgs: 2.2.4 (/opt/ros/galactic/share/std_msgs/cmake)
[7.338s] -- Found PythonInterp: /usr/bin/python3 (found version "3.8.10") 
[8.318s] -- Found ament_cmake_cppcheck: 0.10.7 (/opt/ros/galactic/share/ament_cmake_cppcheck/cmake)
[8.369s] -- Found ament_cmake_cpplint: 0.10.7 (/opt/ros/galactic/share/ament_cmake_cpplint/cmake)
[8.428s] -- Found ament_cmake_uncrustify: 0.10.7 (/opt/ros/galactic/share/ament_cmake_uncrustify/cmake)
[8.478s] -- Found ament_cmake_ros: 0.9.2 (/opt/ros/galactic/share/ament_cmake_ros/cmake)
[9.765s] -- Using all available rosidl_typesupport_c: rosidl_typesupport_fastrtps_c;rosidl_typesupport_introspection_c
[10.188s] -- Using all available rosidl_typesupport_cpp: rosidl_typesupport_fastrtps_cpp;rosidl_typesupport_introspection_cpp
[10.359s] -- Found PythonInterp: /usr/bin/python3 (found suitable version "3.8.10", minimum required is "3.5") 
[10.400s] -- Found python_cmake_module: 0.8.1 (/opt/ros/galactic/share/python_cmake_module/cmake)
[10.591s] -- Found PythonLibs: /usr/lib/aarch64-linux-gnu/libpython3.8.so (found suitable version "3.8.10", minimum required is "3.5") 
[10.593s] -- Using PYTHON_EXECUTABLE: /usr/bin/python3
[10.595s] -- Using PYTHON_INCLUDE_DIRS: /usr/include/python3.8
[10.596s] -- Using PYTHON_LIBRARIES: /usr/lib/aarch64-linux-gnu/libpython3.8.so
[10.747s] -- Found PythonExtra: .so  
[12.548s] -- Found ament_cmake_flake8: 0.10.7 (/opt/ros/galactic/share/ament_cmake_flake8/cmake)
[12.600s] -- Found ament_cmake_pep257: 0.10.7 (/opt/ros/galactic/share/ament_cmake_pep257/cmake)
[12.662s] -- Configuring done
[12.869s] -- Generating done
[12.935s] -- Build files have been written to: /home/wheeltec/wheeltec_ros2/src/build/ackermann_msgs
[12.976s] Invoked command in '/home/wheeltec/wheeltec_ros2/src/build/ackermann_msgs' returned '0': CMAKE_PREFIX_PATH=${CMAKE_PREFIX_PATH}:/home/wheeltec/wheeltec_ros2/install/simple_follower_ros2:/home/wheeltec/wheeltec_ros2/install/wheeltec_robot_keyboard:/home/wheeltec/wheeltec_ros2/install/tf2_tools:/home/wheeltec/wheeltec_ros2/install/teleop_twist_keyboard:/home/wheeltec/wheeltec_ros2/install/nav2_simple_commander:/home/wheeltec/wheeltec_ros2/install/nav2_gazebo_spawner:/home/wheeltec/wheeltec_ros2/install/ldlidar_sl_ros2:/home/wheeltec/wheeltec_ros2/install/keyboard_control_emer:/opt/ros/galactic /usr/bin/cmake /home/wheeltec/wheeltec_ros2/src/depend/ackermann_msgs-ros2 -DCMAKE_INSTALL_PREFIX=/home/wheeltec/wheeltec_ros2/src/install/ackermann_msgs
[12.980s] Invoking command in '/home/wheeltec/wheeltec_ros2/src/build/ackermann_msgs': CMAKE_PREFIX_PATH=${CMAKE_PREFIX_PATH}:/home/wheeltec/wheeltec_ros2/install/simple_follower_ros2:/home/wheeltec/wheeltec_ros2/install/wheeltec_robot_keyboard:/home/wheeltec/wheeltec_ros2/install/tf2_tools:/home/wheeltec/wheeltec_ros2/install/teleop_twist_keyboard:/home/wheeltec/wheeltec_ros2/install/nav2_simple_commander:/home/wheeltec/wheeltec_ros2/install/nav2_gazebo_spawner:/home/wheeltec/wheeltec_ros2/install/ldlidar_sl_ros2:/home/wheeltec/wheeltec_ros2/install/keyboard_control_emer:/opt/ros/galactic /usr/bin/cmake --build /home/wheeltec/wheeltec_ros2/src/build/ackermann_msgs -- -j4 -l4
[13.377s] [35m[1mScanning dependencies of target ackermann_msgs__cpp[0m
[13.381s] [  2%] [34m[1mGenerating C code for ROS interfaces[0m
[13.523s] [  5%] [34m[1mGenerating C++ code for ROS interfaces[0m
[16.858s] [  5%] Built target ackermann_msgs__cpp
[16.997s] [35m[1mScanning dependencies of target ackermann_msgs__rosidl_generator_c[0m
[17.002s] [  7%] [34m[1mGenerating C++ type support for eProsima Fast-RTPS[0m
[17.023s] [ 10%] [34m[1mGenerating C++ type support dispatch for ROS interfaces[0m
[17.049s] [ 12%] [34m[1mGenerating C++ introspection for ROS interfaces[0m
[17.135s] [ 15%] [32mBuilding C object CMakeFiles/ackermann_msgs__rosidl_generator_c.dir/rosidl_generator_c/ackermann_msgs/msg/detail/ackermann_drive__functions.c.o[0m
[17.655s] [ 17%] [32mBuilding C object CMakeFiles/ackermann_msgs__rosidl_generator_c.dir/rosidl_generator_c/ackermann_msgs/msg/detail/ackermann_drive_stamped__functions.c.o[0m
[18.237s] [ 20%] [32m[1mLinking C shared library libackermann_msgs__rosidl_generator_c.so[0m
[18.822s] [ 20%] Built target ackermann_msgs__rosidl_generator_c
[19.105s] [ 23%] [34m[1mGenerating C introspection for ROS interfaces[0m
[20.519s] [35m[1mScanning dependencies of target ackermann_msgs__rosidl_typesupport_cpp[0m
[20.795s] [ 25%] [32mBuilding CXX object CMakeFiles/ackermann_msgs__rosidl_typesupport_cpp.dir/rosidl_typesupport_cpp/ackermann_msgs/msg/ackermann_drive__type_support.cpp.o[0m
[21.640s] [35m[1mScanning dependencies of target ackermann_msgs__rosidl_typesupport_introspection_cpp[0m
[21.851s] [35m[1mScanning dependencies of target ackermann_msgs__rosidl_typesupport_fastrtps_cpp[0m
[21.893s] [ 28%] [32mBuilding CXX object CMakeFiles/ackermann_msgs__rosidl_typesupport_introspection_cpp.dir/rosidl_typesupport_introspection_cpp/ackermann_msgs/msg/detail/ackermann_drive__type_support.cpp.o[0m
[22.105s] [ 30%] [32mBuilding CXX object CMakeFiles/ackermann_msgs__rosidl_typesupport_fastrtps_cpp.dir/rosidl_typesupport_fastrtps_cpp/ackermann_msgs/msg/detail/dds_fastrtps/ackermann_drive__type_support.cpp.o[0m
[24.692s] [35m[1mScanning dependencies of target ackermann_msgs__rosidl_typesupport_introspection_c[0m
[24.717s] [ 33%] [32mBuilding CXX object CMakeFiles/ackermann_msgs__rosidl_typesupport_cpp.dir/rosidl_typesupport_cpp/ackermann_msgs/msg/ackermann_drive_stamped__type_support.cpp.o[0m
[24.933s] [ 35%] [32mBuilding C object CMakeFiles/ackermann_msgs__rosidl_typesupport_introspection_c.dir/rosidl_typesupport_introspection_c/ackermann_msgs/msg/detail/ackermann_drive__type_support.c.o[0m
[25.132s] [ 38%] [32mBuilding CXX object CMakeFiles/ackermann_msgs__rosidl_typesupport_introspection_cpp.dir/rosidl_typesupport_introspection_cpp/ackermann_msgs/msg/detail/ackermann_drive_stamped__type_support.cpp.o[0m
[25.400s] [ 41%] [32mBuilding C object CMakeFiles/ackermann_msgs__rosidl_typesupport_introspection_c.dir/rosidl_typesupport_introspection_c/ackermann_msgs/msg/detail/ackermann_drive_stamped__type_support.c.o[0m
[25.804s] [ 43%] [32m[1mLinking C shared library libackermann_msgs__rosidl_typesupport_introspection_c.so[0m
[26.384s] [ 43%] Built target ackermann_msgs__rosidl_typesupport_introspection_c
[26.628s] [ 46%] [34m[1mGenerating C type support dispatch for ROS interfaces[0m
[27.162s] [ 48%] [32mBuilding CXX object CMakeFiles/ackermann_msgs__rosidl_typesupport_fastrtps_cpp.dir/rosidl_typesupport_fastrtps_cpp/ackermann_msgs/msg/detail/dds_fastrtps/ackermann_drive_stamped__type_support.cpp.o[0m
[28.300s] [ 51%] [32m[1mLinking CXX shared library libackermann_msgs__rosidl_typesupport_cpp.so[0m
[28.608s] [ 53%] [32m[1mLinking CXX shared library libackermann_msgs__rosidl_typesupport_introspection_cpp.so[0m
[29.014s] [ 53%] Built target ackermann_msgs__rosidl_typesupport_cpp
[29.423s] [ 53%] Built target ackermann_msgs__rosidl_typesupport_introspection_cpp
[31.339s] [35m[1mScanning dependencies of target ackermann_msgs__rosidl_typesupport_c[0m
[31.583s] [ 56%] [32mBuilding CXX object CMakeFiles/ackermann_msgs__rosidl_typesupport_c.dir/rosidl_typesupport_c/ackermann_msgs/msg/ackermann_drive__type_support.cpp.o[0m
[31.980s] [ 58%] [32mBuilding CXX object CMakeFiles/ackermann_msgs__rosidl_typesupport_c.dir/rosidl_typesupport_c/ackermann_msgs/msg/ackermann_drive_stamped__type_support.cpp.o[0m
[32.014s] [ 61%] [32m[1mLinking CXX shared library libackermann_msgs__rosidl_typesupport_fastrtps_cpp.so[0m
[32.368s] [ 64%] [32m[1mLinking CXX shared library libackermann_msgs__rosidl_typesupport_c.so[0m
[32.855s] [ 64%] Built target ackermann_msgs__rosidl_typesupport_c
[32.897s] [ 64%] Built target ackermann_msgs__rosidl_typesupport_fastrtps_cpp
[32.982s] [ 66%] [34m[1mGenerating C type support for eProsima Fast-RTPS[0m
[35.924s] [35m[1mScanning dependencies of target ackermann_msgs__rosidl_typesupport_fastrtps_c[0m
[36.144s] [ 69%] [32mBuilding CXX object CMakeFiles/ackermann_msgs__rosidl_typesupport_fastrtps_c.dir/rosidl_typesupport_fastrtps_c/ackermann_msgs/msg/detail/ackermann_drive__type_support_c.cpp.o[0m
[39.127s] [ 71%] [32mBuilding CXX object CMakeFiles/ackermann_msgs__rosidl_typesupport_fastrtps_c.dir/rosidl_typesupport_fastrtps_c/ackermann_msgs/msg/detail/ackermann_drive_stamped__type_support_c.cpp.o[0m
[41.144s] [ 74%] [32m[1mLinking CXX shared library libackermann_msgs__rosidl_typesupport_fastrtps_c.so[0m
[41.914s] [ 74%] Built target ackermann_msgs__rosidl_typesupport_fastrtps_c
[42.053s] [35m[1mScanning dependencies of target ackermann_msgs[0m
[42.192s] [ 74%] Built target ackermann_msgs
[42.291s] [35m[1mScanning dependencies of target ackermann_msgs__py[0m
[42.363s] [ 76%] [34m[1mGenerating Python code for ROS interfaces[0m
[46.358s] [ 76%] Built target ackermann_msgs__py
[46.483s] [35m[1mScanning dependencies of target ackermann_msgs__python[0m
[46.762s] [ 79%] [32mBuilding C object CMakeFiles/ackermann_msgs__python.dir/rosidl_generator_py/ackermann_msgs/msg/_ackermann_drive_s.c.o[0m
[47.367s] [ 82%] [32mBuilding C object CMakeFiles/ackermann_msgs__python.dir/rosidl_generator_py/ackermann_msgs/msg/_ackermann_drive_stamped_s.c.o[0m
[47.838s] [ 84%] [32m[1mLinking C shared library rosidl_generator_py/ackermann_msgs/libackermann_msgs__python.so[0m
[48.063s] [ 84%] Built target ackermann_msgs__python
[48.128s] [35m[1mScanning dependencies of target ackermann_msgs__rosidl_typesupport_c__pyext[0m
[48.267s] [ 87%] [32mBuilding C object CMakeFiles/ackermann_msgs__rosidl_typesupport_c__pyext.dir/rosidl_generator_py/ackermann_msgs/_ackermann_msgs_s.ep.rosidl_typesupport_c.c.o[0m
[48.652s] [ 89%] [32m[1mLinking C shared library rosidl_generator_py/ackermann_msgs/ackermann_msgs_s__rosidl_typesupport_c.cpython-38-aarch64-linux-gnu.so[0m
[48.857s] [ 89%] Built target ackermann_msgs__rosidl_typesupport_c__pyext
[48.924s] [35m[1mScanning dependencies of target ackermann_msgs__rosidl_typesupport_introspection_c__pyext[0m
[49.058s] [ 92%] [32mBuilding C object CMakeFiles/ackermann_msgs__rosidl_typesupport_introspection_c__pyext.dir/rosidl_generator_py/ackermann_msgs/_ackermann_msgs_s.ep.rosidl_typesupport_introspection_c.c.o[0m
[49.428s] [ 94%] [32m[1mLinking C shared library rosidl_generator_py/ackermann_msgs/ackermann_msgs_s__rosidl_typesupport_introspection_c.cpython-38-aarch64-linux-gnu.so[0m
[49.653s] [ 94%] Built target ackermann_msgs__rosidl_typesupport_introspection_c__pyext
[49.718s] [35m[1mScanning dependencies of target ackermann_msgs__rosidl_typesupport_fastrtps_c__pyext[0m
[49.899s] [ 97%] [32mBuilding C object CMakeFiles/ackermann_msgs__rosidl_typesupport_fastrtps_c__pyext.dir/rosidl_generator_py/ackermann_msgs/_ackermann_msgs_s.ep.rosidl_typesupport_fastrtps_c.c.o[0m
[50.287s] [100%] [32m[1mLinking CXX shared library rosidl_generator_py/ackermann_msgs/ackermann_msgs_s__rosidl_typesupport_fastrtps_c.cpython-38-aarch64-linux-gnu.so[0m
[50.601s] [100%] Built target ackermann_msgs__rosidl_typesupport_fastrtps_c__pyext
[50.667s] Invoked command in '/home/wheeltec/wheeltec_ros2/src/build/ackermann_msgs' returned '0': CMAKE_PREFIX_PATH=${CMAKE_PREFIX_PATH}:/home/wheeltec/wheeltec_ros2/install/simple_follower_ros2:/home/wheeltec/wheeltec_ros2/install/wheeltec_robot_keyboard:/home/wheeltec/wheeltec_ros2/install/tf2_tools:/home/wheeltec/wheeltec_ros2/install/teleop_twist_keyboard:/home/wheeltec/wheeltec_ros2/install/nav2_simple_commander:/home/wheeltec/wheeltec_ros2/install/nav2_gazebo_spawner:/home/wheeltec/wheeltec_ros2/install/ldlidar_sl_ros2:/home/wheeltec/wheeltec_ros2/install/keyboard_control_emer:/opt/ros/galactic /usr/bin/cmake --build /home/wheeltec/wheeltec_ros2/src/build/ackermann_msgs -- -j4 -l4
[50.676s] Invoking command in '/home/wheeltec/wheeltec_ros2/src/build/ackermann_msgs': CMAKE_PREFIX_PATH=${CMAKE_PREFIX_PATH}:/home/wheeltec/wheeltec_ros2/install/simple_follower_ros2:/home/wheeltec/wheeltec_ros2/install/wheeltec_robot_keyboard:/home/wheeltec/wheeltec_ros2/install/tf2_tools:/home/wheeltec/wheeltec_ros2/install/teleop_twist_keyboard:/home/wheeltec/wheeltec_ros2/install/nav2_simple_commander:/home/wheeltec/wheeltec_ros2/install/nav2_gazebo_spawner:/home/wheeltec/wheeltec_ros2/install/ldlidar_sl_ros2:/home/wheeltec/wheeltec_ros2/install/keyboard_control_emer:/opt/ros/galactic /usr/bin/cmake --install /home/wheeltec/wheeltec_ros2/src/build/ackermann_msgs
[50.736s] -- Install configuration: ""
[50.739s] -- Installing: /home/wheeltec/wheeltec_ros2/src/install/ackermann_msgs/share/ament_index/resource_index/rosidl_interfaces/ackermann_msgs
[50.744s] -- Installing: /home/wheeltec/wheeltec_ros2/src/install/ackermann_msgs/include/ackermann_msgs
[50.746s] -- Installing: /home/wheeltec/wheeltec_ros2/src/install/ackermann_msgs/include/ackermann_msgs/msg
[50.748s] -- Installing: /home/wheeltec/wheeltec_ros2/src/install/ackermann_msgs/include/ackermann_msgs/msg/ackermann_drive.h
[50.752s] -- Installing: /home/wheeltec/wheeltec_ros2/src/install/ackermann_msgs/include/ackermann_msgs/msg/detail
[50.755s] -- Installing: /home/wheeltec/wheeltec_ros2/src/install/ackermann_msgs/include/ackermann_msgs/msg/detail/ackermann_drive__type_support.h
[50.758s] -- Installing: /home/wheeltec/wheeltec_ros2/src/install/ackermann_msgs/include/ackermann_msgs/msg/detail/ackermann_drive__struct.h
[50.761s] -- Installing: /home/wheeltec/wheeltec_ros2/src/install/ackermann_msgs/include/ackermann_msgs/msg/detail/ackermann_drive_stamped__functions.h
[50.764s] -- Installing: /home/wheeltec/wheeltec_ros2/src/install/ackermann_msgs/include/ackermann_msgs/msg/detail/ackermann_drive_stamped__functions.c
[50.767s] -- Installing: /home/wheeltec/wheeltec_ros2/src/install/ackermann_msgs/include/ackermann_msgs/msg/detail/ackermann_drive_stamped__struct.h
[50.768s] -- Installing: /home/wheeltec/wheeltec_ros2/src/install/ackermann_msgs/include/ackermann_msgs/msg/detail/ackermann_drive__functions.c
[50.772s] -- Installing: /home/wheeltec/wheeltec_ros2/src/install/ackermann_msgs/include/ackermann_msgs/msg/detail/ackermann_drive_stamped__type_support.h
[50.773s] -- Installing: /home/wheeltec/wheeltec_ros2/src/install/ackermann_msgs/include/ackermann_msgs/msg/detail/ackermann_drive__functions.h
[50.775s] -- Installing: /home/wheeltec/wheeltec_ros2/src/install/ackermann_msgs/include/ackermann_msgs/msg/rosidl_generator_c__visibility_control.h
[50.776s] -- Installing: /home/wheeltec/wheeltec_ros2/src/install/ackermann_msgs/include/ackermann_msgs/msg/ackermann_drive_stamped.h
[50.777s] -- Installing: /home/wheeltec/wheeltec_ros2/src/install/ackermann_msgs/share/ackermann_msgs/environment/library_path.sh
[50.785s] -- Installing: /home/wheeltec/wheeltec_ros2/src/install/ackermann_msgs/share/ackermann_msgs/environment/library_path.dsv
[50.787s] -- Installing: /home/wheeltec/wheeltec_ros2/src/install/ackermann_msgs/lib/libackermann_msgs__rosidl_generator_c.so
[50.789s] -- Set runtime path of "/home/wheeltec/wheeltec_ros2/src/install/ackermann_msgs/lib/libackermann_msgs__rosidl_generator_c.so" to ""
[50.790s] -- Up-to-date: /home/wheeltec/wheeltec_ros2/src/install/ackermann_msgs/include/ackermann_msgs
[50.791s] -- Up-to-date: /home/wheeltec/wheeltec_ros2/src/install/ackermann_msgs/include/ackermann_msgs/msg
[50.792s] -- Up-to-date: /home/wheeltec/wheeltec_ros2/src/install/ackermann_msgs/include/ackermann_msgs/msg/detail
[50.793s] -- Installing: /home/wheeltec/wheeltec_ros2/src/install/ackermann_msgs/include/ackermann_msgs/msg/detail/ackermann_drive_stamped__rosidl_typesupport_fastrtps_c.h
[50.794s] -- Installing: /home/wheeltec/wheeltec_ros2/src/install/ackermann_msgs/include/ackermann_msgs/msg/detail/ackermann_drive__rosidl_typesupport_fastrtps_c.h
[50.796s] -- Installing: /home/wheeltec/wheeltec_ros2/src/install/ackermann_msgs/include/ackermann_msgs/msg/rosidl_typesupport_fastrtps_c__visibility_control.h
[50.798s] -- Installing: /home/wheeltec/wheeltec_ros2/src/install/ackermann_msgs/lib/libackermann_msgs__rosidl_typesupport_fastrtps_c.so
[50.801s] -- Set runtime path of "/home/wheeltec/wheeltec_ros2/src/install/ackermann_msgs/lib/libackermann_msgs__rosidl_typesupport_fastrtps_c.so" to ""
[50.802s] -- Up-to-date: /home/wheeltec/wheeltec_ros2/src/install/ackermann_msgs/include/ackermann_msgs
[50.816s] -- Up-to-date: /home/wheeltec/wheeltec_ros2/src/install/ackermann_msgs/include/ackermann_msgs/msg
[50.816s] -- Installing: /home/wheeltec/wheeltec_ros2/src/install/ackermann_msgs/include/ackermann_msgs/msg/rosidl_typesupport_fastrtps_cpp__visibility_control.h
[50.837s] -- Up-to-date: /home/wheeltec/wheeltec_ros2/src/install/ackermann_msgs/include/ackermann_msgs/msg/detail
[50.837s] -- Installing: /home/wheeltec/wheeltec_ros2/src/install/ackermann_msgs/include/ackermann_msgs/msg/detail/ackermann_drive__rosidl_typesupport_fastrtps_cpp.hpp
[50.838s] -- Installing: /home/wheeltec/wheeltec_ros2/src/install/ackermann_msgs/include/ackermann_msgs/msg/detail/dds_fastrtps
[50.840s] -- Installing: /home/wheeltec/wheeltec_ros2/src/install/ackermann_msgs/include/ackermann_msgs/msg/detail/ackermann_drive_stamped__rosidl_typesupport_fastrtps_cpp.hpp
[50.842s] -- Installing: /home/wheeltec/wheeltec_ros2/src/install/ackermann_msgs/lib/libackermann_msgs__rosidl_typesupport_fastrtps_cpp.so
[50.845s] -- Set runtime path of "/home/wheeltec/wheeltec_ros2/src/install/ackermann_msgs/lib/libackermann_msgs__rosidl_typesupport_fastrtps_cpp.so" to ""
[50.846s] -- Up-to-date: /home/wheeltec/wheeltec_ros2/src/install/ackermann_msgs/include/ackermann_msgs
[50.848s] -- Up-to-date: /home/wheeltec/wheeltec_ros2/src/install/ackermann_msgs/include/ackermann_msgs/msg
[50.850s] -- Up-to-date: /home/wheeltec/wheeltec_ros2/src/install/ackermann_msgs/include/ackermann_msgs/msg/detail
[50.851s] -- Installing: /home/wheeltec/wheeltec_ros2/src/install/ackermann_msgs/include/ackermann_msgs/msg/detail/ackermann_drive_stamped__rosidl_typesupport_introspection_c.h
[50.853s] -- Installing: /home/wheeltec/wheeltec_ros2/src/install/ackermann_msgs/include/ackermann_msgs/msg/detail/ackermann_drive__type_support.c
[50.855s] -- Installing: /home/wheeltec/wheeltec_ros2/src/install/ackermann_msgs/include/ackermann_msgs/msg/detail/ackermann_drive__rosidl_typesupport_introspection_c.h
[50.856s] -- Installing: /home/wheeltec/wheeltec_ros2/src/install/ackermann_msgs/include/ackermann_msgs/msg/detail/ackermann_drive_stamped__type_support.c
[50.858s] -- Installing: /home/wheeltec/wheeltec_ros2/src/install/ackermann_msgs/include/ackermann_msgs/msg/rosidl_typesupport_introspection_c__visibility_control.h
[50.858s] -- Installing: /home/wheeltec/wheeltec_ros2/src/install/ackermann_msgs/lib/libackermann_msgs__rosidl_typesupport_introspection_c.so
[50.862s] -- Set runtime path of "/home/wheeltec/wheeltec_ros2/src/install/ackermann_msgs/lib/libackermann_msgs__rosidl_typesupport_introspection_c.so" to ""
[50.863s] -- Installing: /home/wheeltec/wheeltec_ros2/src/install/ackermann_msgs/lib/libackermann_msgs__rosidl_typesupport_c.so
[50.865s] -- Set runtime path of "/home/wheeltec/wheeltec_ros2/src/install/ackermann_msgs/lib/libackermann_msgs__rosidl_typesupport_c.so" to ""
[50.866s] -- Up-to-date: /home/wheeltec/wheeltec_ros2/src/install/ackermann_msgs/include/ackermann_msgs
[50.867s] -- Up-to-date: /home/wheeltec/wheeltec_ros2/src/install/ackermann_msgs/include/ackermann_msgs/msg
[50.868s] -- Up-to-date: /home/wheeltec/wheeltec_ros2/src/install/ackermann_msgs/include/ackermann_msgs/msg/detail
[50.869s] -- Installing: /home/wheeltec/wheeltec_ros2/src/install/ackermann_msgs/include/ackermann_msgs/msg/detail/ackermann_drive_stamped__struct.hpp
[50.870s] -- Installing: /home/wheeltec/wheeltec_ros2/src/install/ackermann_msgs/include/ackermann_msgs/msg/detail/ackermann_drive__builder.hpp
[50.872s] -- Installing: /home/wheeltec/wheeltec_ros2/src/install/ackermann_msgs/include/ackermann_msgs/msg/detail/ackermann_drive__struct.hpp
[50.873s] -- Installing: /home/wheeltec/wheeltec_ros2/src/install/ackermann_msgs/include/ackermann_msgs/msg/detail/ackermann_drive__traits.hpp
[50.875s] -- Installing: /home/wheeltec/wheeltec_ros2/src/install/ackermann_msgs/include/ackermann_msgs/msg/detail/ackermann_drive_stamped__traits.hpp
[50.876s] -- Installing: /home/wheeltec/wheeltec_ros2/src/install/ackermann_msgs/include/ackermann_msgs/msg/detail/ackermann_drive_stamped__builder.hpp
[50.877s] -- Installing: /home/wheeltec/wheeltec_ros2/src/install/ackermann_msgs/include/ackermann_msgs/msg/ackermann_drive_stamped.hpp
[50.879s] -- Installing: /home/wheeltec/wheeltec_ros2/src/install/ackermann_msgs/include/ackermann_msgs/msg/ackermann_drive.hpp
[50.880s] -- Up-to-date: /home/wheeltec/wheeltec_ros2/src/install/ackermann_msgs/include/ackermann_msgs
[50.881s] -- Up-to-date: /home/wheeltec/wheeltec_ros2/src/install/ackermann_msgs/include/ackermann_msgs/msg
[50.882s] -- Up-to-date: /home/wheeltec/wheeltec_ros2/src/install/ackermann_msgs/include/ackermann_msgs/msg/detail
[50.882s] -- Installing: /home/wheeltec/wheeltec_ros2/src/install/ackermann_msgs/include/ackermann_msgs/msg/detail/ackermann_drive_stamped__rosidl_typesupport_introspection_cpp.hpp
[50.884s] -- Installing: /home/wheeltec/wheeltec_ros2/src/install/ackermann_msgs/include/ackermann_msgs/msg/detail/ackermann_drive_stamped__type_support.cpp
[50.885s] -- Installing: /home/wheeltec/wheeltec_ros2/src/install/ackermann_msgs/include/ackermann_msgs/msg/detail/ackermann_drive__type_support.cpp
[50.887s] -- Installing: /home/wheeltec/wheeltec_ros2/src/install/ackermann_msgs/include/ackermann_msgs/msg/detail/ackermann_drive__rosidl_typesupport_introspection_cpp.hpp
[50.888s] -- Installing: /home/wheeltec/wheeltec_ros2/src/install/ackermann_msgs/lib/libackermann_msgs__rosidl_typesupport_introspection_cpp.so
[50.890s] -- Set runtime path of "/home/wheeltec/wheeltec_ros2/src/install/ackermann_msgs/lib/libackermann_msgs__rosidl_typesupport_introspection_cpp.so" to ""
[50.892s] -- Installing: /home/wheeltec/wheeltec_ros2/src/install/ackermann_msgs/lib/libackermann_msgs__rosidl_typesupport_cpp.so
[50.893s] -- Set runtime path of "/home/wheeltec/wheeltec_ros2/src/install/ackermann_msgs/lib/libackermann_msgs__rosidl_typesupport_cpp.so" to ""
[50.895s] -- Installing: /home/wheeltec/wheeltec_ros2/src/install/ackermann_msgs/share/ackermann_msgs/environment/pythonpath.sh
[50.896s] -- Installing: /home/wheeltec/wheeltec_ros2/src/install/ackermann_msgs/share/ackermann_msgs/environment/pythonpath.dsv
[50.898s] -- Installing: /home/wheeltec/wheeltec_ros2/src/install/ackermann_msgs/lib/python3.8/site-packages/ackermann_msgs/__init__.py
[51.145s] Compiling '/home/wheeltec/wheeltec_ros2/src/install/ackermann_msgs/lib/python3.8/site-packages/ackermann_msgs/__init__.py'...
[51.173s] -- Installing: /home/wheeltec/wheeltec_ros2/src/install/ackermann_msgs/lib/python3.8/site-packages/ackermann_msgs/msg
[51.174s] -- Installing: /home/wheeltec/wheeltec_ros2/src/install/ackermann_msgs/lib/python3.8/site-packages/ackermann_msgs/msg/__init__.py
[51.176s] -- Installing: /home/wheeltec/wheeltec_ros2/src/install/ackermann_msgs/lib/python3.8/site-packages/ackermann_msgs/msg/_ackermann_drive_stamped_s.c
[51.177s] -- Installing: /home/wheeltec/wheeltec_ros2/src/install/ackermann_msgs/lib/python3.8/site-packages/ackermann_msgs/msg/_ackermann_drive_s.c
[51.178s] -- Installing: /home/wheeltec/wheeltec_ros2/src/install/ackermann_msgs/lib/python3.8/site-packages/ackermann_msgs/msg/_ackermann_drive_stamped.py
[51.179s] -- Installing: /home/wheeltec/wheeltec_ros2/src/install/ackermann_msgs/lib/python3.8/site-packages/ackermann_msgs/msg/_ackermann_drive.py
[51.180s] -- Installing: /home/wheeltec/wheeltec_ros2/src/install/ackermann_msgs/lib/python3.8/site-packages/ackermann_msgs/ackermann_msgs_s__rosidl_typesupport_fastrtps_c.cpython-38-aarch64-linux-gnu.so
[51.180s] -- Set runtime path of "/home/wheeltec/wheeltec_ros2/src/install/ackermann_msgs/lib/python3.8/site-packages/ackermann_msgs/ackermann_msgs_s__rosidl_typesupport_fastrtps_c.cpython-38-aarch64-linux-gnu.so" to ""
[51.184s] -- Installing: /home/wheeltec/wheeltec_ros2/src/install/ackermann_msgs/lib/python3.8/site-packages/ackermann_msgs/ackermann_msgs_s__rosidl_typesupport_introspection_c.cpython-38-aarch64-linux-gnu.so
[51.184s] -- Set runtime path of "/home/wheeltec/wheeltec_ros2/src/install/ackermann_msgs/lib/python3.8/site-packages/ackermann_msgs/ackermann_msgs_s__rosidl_typesupport_introspection_c.cpython-38-aarch64-linux-gnu.so" to ""
[51.185s] -- Installing: /home/wheeltec/wheeltec_ros2/src/install/ackermann_msgs/lib/python3.8/site-packages/ackermann_msgs/ackermann_msgs_s__rosidl_typesupport_c.cpython-38-aarch64-linux-gnu.so
[51.185s] -- Set runtime path of "/home/wheeltec/wheeltec_ros2/src/install/ackermann_msgs/lib/python3.8/site-packages/ackermann_msgs/ackermann_msgs_s__rosidl_typesupport_c.cpython-38-aarch64-linux-gnu.so" to ""
[51.185s] -- Installing: /home/wheeltec/wheeltec_ros2/src/install/ackermann_msgs/lib/libackermann_msgs__python.so
[51.186s] -- Set runtime path of "/home/wheeltec/wheeltec_ros2/src/install/ackermann_msgs/lib/libackermann_msgs__python.so" to ""
[51.188s] -- Installing: /home/wheeltec/wheeltec_ros2/src/install/ackermann_msgs/share/ackermann_msgs/msg/AckermannDrive.idl
[51.191s] -- Installing: /home/wheeltec/wheeltec_ros2/src/install/ackermann_msgs/share/ackermann_msgs/msg/AckermannDriveStamped.idl
[51.193s] -- Installing: /home/wheeltec/wheeltec_ros2/src/install/ackermann_msgs/share/ackermann_msgs/msg/AckermannDrive.msg
[51.195s] -- Installing: /home/wheeltec/wheeltec_ros2/src/install/ackermann_msgs/share/ackermann_msgs/msg/AckermannDriveStamped.msg
[51.196s] -- Installing: /home/wheeltec/wheeltec_ros2/src/install/ackermann_msgs/share/ament_index/resource_index/package_run_dependencies/ackermann_msgs
[51.198s] -- Installing: /home/wheeltec/wheeltec_ros2/src/install/ackermann_msgs/share/ament_index/resource_index/parent_prefix_path/ackermann_msgs
[51.199s] -- Installing: /home/wheeltec/wheeltec_ros2/src/install/ackermann_msgs/share/ackermann_msgs/environment/ament_prefix_path.sh
[51.202s] -- Installing: /home/wheeltec/wheeltec_ros2/src/install/ackermann_msgs/share/ackermann_msgs/environment/ament_prefix_path.dsv
[51.204s] -- Installing: /home/wheeltec/wheeltec_ros2/src/install/ackermann_msgs/share/ackermann_msgs/environment/path.sh
[51.206s] -- Installing: /home/wheeltec/wheeltec_ros2/src/install/ackermann_msgs/share/ackermann_msgs/environment/path.dsv
[51.207s] -- Installing: /home/wheeltec/wheeltec_ros2/src/install/ackermann_msgs/share/ackermann_msgs/local_setup.bash
[51.209s] -- Installing: /home/wheeltec/wheeltec_ros2/src/install/ackermann_msgs/share/ackermann_msgs/local_setup.sh
[51.210s] -- Installing: /home/wheeltec/wheeltec_ros2/src/install/ackermann_msgs/share/ackermann_msgs/local_setup.zsh
[51.213s] -- Installing: /home/wheeltec/wheeltec_ros2/src/install/ackermann_msgs/share/ackermann_msgs/local_setup.dsv
[51.215s] -- Installing: /home/wheeltec/wheeltec_ros2/src/install/ackermann_msgs/share/ackermann_msgs/package.dsv
[51.217s] -- Installing: /home/wheeltec/wheeltec_ros2/src/install/ackermann_msgs/share/ament_index/resource_index/packages/ackermann_msgs
[51.219s] -- Installing: /home/wheeltec/wheeltec_ros2/src/install/ackermann_msgs/share/ackermann_msgs/cmake/ackermann_msgs__rosidl_generator_cExport.cmake
[51.220s] -- Installing: /home/wheeltec/wheeltec_ros2/src/install/ackermann_msgs/share/ackermann_msgs/cmake/ackermann_msgs__rosidl_generator_cExport-noconfig.cmake
[51.222s] -- Installing: /home/wheeltec/wheeltec_ros2/src/install/ackermann_msgs/share/ackermann_msgs/cmake/ackermann_msgs__rosidl_typesupport_introspection_cExport.cmake
[51.223s] -- Installing: /home/wheeltec/wheeltec_ros2/src/install/ackermann_msgs/share/ackermann_msgs/cmake/ackermann_msgs__rosidl_typesupport_introspection_cExport-noconfig.cmake
[51.226s] -- Installing: /home/wheeltec/wheeltec_ros2/src/install/ackermann_msgs/share/ackermann_msgs/cmake/ackermann_msgs__rosidl_typesupport_cExport.cmake
[51.229s] -- Installing: /home/wheeltec/wheeltec_ros2/src/install/ackermann_msgs/share/ackermann_msgs/cmake/ackermann_msgs__rosidl_typesupport_cExport-noconfig.cmake
[51.231s] -- Installing: /home/wheeltec/wheeltec_ros2/src/install/ackermann_msgs/share/ackermann_msgs/cmake/ackermann_msgs__rosidl_generator_cppExport.cmake
[51.233s] -- Installing: /home/wheeltec/wheeltec_ros2/src/install/ackermann_msgs/share/ackermann_msgs/cmake/ackermann_msgs__rosidl_typesupport_introspection_cppExport.cmake
[51.235s] -- Installing: /home/wheeltec/wheeltec_ros2/src/install/ackermann_msgs/share/ackermann_msgs/cmake/ackermann_msgs__rosidl_typesupport_introspection_cppExport-noconfig.cmake
[51.239s] -- Installing: /home/wheeltec/wheeltec_ros2/src/install/ackermann_msgs/share/ackermann_msgs/cmake/ackermann_msgs__rosidl_typesupport_cppExport.cmake
[51.241s] -- Installing: /home/wheeltec/wheeltec_ros2/src/install/ackermann_msgs/share/ackermann_msgs/cmake/ackermann_msgs__rosidl_typesupport_cppExport-noconfig.cmake
[51.243s] -- Installing: /home/wheeltec/wheeltec_ros2/src/install/ackermann_msgs/share/ackermann_msgs/cmake/rosidl_cmake-extras.cmake
[51.244s] -- Installing: /home/wheeltec/wheeltec_ros2/src/install/ackermann_msgs/share/ackermann_msgs/cmake/ament_cmake_export_dependencies-extras.cmake
[51.246s] -- Installing: /home/wheeltec/wheeltec_ros2/src/install/ackermann_msgs/share/ackermann_msgs/cmake/ament_cmake_export_libraries-extras.cmake
[51.247s] -- Installing: /home/wheeltec/wheeltec_ros2/src/install/ackermann_msgs/share/ackermann_msgs/cmake/ament_cmake_export_targets-extras.cmake
[51.248s] -- Installing: /home/wheeltec/wheeltec_ros2/src/install/ackermann_msgs/share/ackermann_msgs/cmake/ament_cmake_export_include_directories-extras.cmake
[51.249s] -- Installing: /home/wheeltec/wheeltec_ros2/src/install/ackermann_msgs/share/ackermann_msgs/cmake/rosidl_cmake_export_typesupport_libraries-extras.cmake
[51.250s] -- Installing: /home/wheeltec/wheeltec_ros2/src/install/ackermann_msgs/share/ackermann_msgs/cmake/rosidl_cmake_export_typesupport_targets-extras.cmake
[51.253s] -- Installing: /home/wheeltec/wheeltec_ros2/src/install/ackermann_msgs/share/ackermann_msgs/cmake/ackermann_msgsConfig.cmake
[51.254s] -- Installing: /home/wheeltec/wheeltec_ros2/src/install/ackermann_msgs/share/ackermann_msgs/cmake/ackermann_msgsConfig-version.cmake
[51.258s] -- Installing: /home/wheeltec/wheeltec_ros2/src/install/ackermann_msgs/share/ackermann_msgs/package.xml
[51.277s] Invoked command in '/home/wheeltec/wheeltec_ros2/src/build/ackermann_msgs' returned '0': CMAKE_PREFIX_PATH=${CMAKE_PREFIX_PATH}:/home/wheeltec/wheeltec_ros2/install/simple_follower_ros2:/home/wheeltec/wheeltec_ros2/install/wheeltec_robot_keyboard:/home/wheeltec/wheeltec_ros2/install/tf2_tools:/home/wheeltec/wheeltec_ros2/install/teleop_twist_keyboard:/home/wheeltec/wheeltec_ros2/install/nav2_simple_commander:/home/wheeltec/wheeltec_ros2/install/nav2_gazebo_spawner:/home/wheeltec/wheeltec_ros2/install/ldlidar_sl_ros2:/home/wheeltec/wheeltec_ros2/install/keyboard_control_emer:/opt/ros/galactic /usr/bin/cmake --install /home/wheeltec/wheeltec_ros2/src/build/ackermann_msgs
