[5.361s] Invoking command in '/home/wheeltec/wheeltec_ros2/src/keyboard_control_emer': PYTHONPATH=/home/wheeltec/wheeltec_ros2/src/build/keyboard_control_emer/prefix_override:/usr/lib/python3/dist-packages/colcon_core/task/python/colcon_distutils_commands:/home/wheeltec/wheeltec_ros2/src/install/keyboard_control_emer/lib/python3.8/site-packages: /usr/bin/python3 -W ignore:setup.py install is deprecated -W ignore:easy_install command is deprecated setup.py egg_info --egg-base ../build/keyboard_control_emer build --build-base /home/wheeltec/wheeltec_ros2/src/build/keyboard_control_emer/build install --record /home/wheeltec/wheeltec_ros2/src/build/keyboard_control_emer/install.log --single-version-externally-managed install_data
[6.966s] running egg_info
[7.009s] writing ../build/keyboard_control_emer/keyboard_control_emer.egg-info/PKG-INFO
[7.013s] writing dependency_links to ../build/keyboard_control_emer/keyboard_control_emer.egg-info/dependency_links.txt
[7.014s] writing entry points to ../build/keyboard_control_emer/keyboard_control_emer.egg-info/entry_points.txt
[7.015s] writing requirements to ../build/keyboard_control_emer/keyboard_control_emer.egg-info/requires.txt
[7.015s] writing top-level names to ../build/keyboard_control_emer/keyboard_control_emer.egg-info/top_level.txt
[7.113s] reading manifest file '../build/keyboard_control_emer/keyboard_control_emer.egg-info/SOURCES.txt'
[7.119s] writing manifest file '../build/keyboard_control_emer/keyboard_control_emer.egg-info/SOURCES.txt'
[7.120s] running build
[7.120s] running build_py
[7.123s] running install
[7.151s] running install_lib
[7.201s] running install_data
[7.203s] running install_egg_info
[7.249s] removing '/home/wheeltec/wheeltec_ros2/src/install/keyboard_control_emer/lib/python3.8/site-packages/keyboard_control_emer-0.0.0-py3.8.egg-info' (and everything under it)
[7.251s] Copying ../build/keyboard_control_emer/keyboard_control_emer.egg-info to /home/wheeltec/wheeltec_ros2/src/install/keyboard_control_emer/lib/python3.8/site-packages/keyboard_control_emer-0.0.0-py3.8.egg-info
[7.256s] running install_scripts
[7.505s] Installing keyboard_control_emer script to /home/wheeltec/wheeltec_ros2/src/install/keyboard_control_emer/lib/keyboard_control_emer
[7.507s] writing list of installed files to '/home/wheeltec/wheeltec_ros2/src/build/keyboard_control_emer/install.log'
[7.683s] Invoked command in '/home/wheeltec/wheeltec_ros2/src/keyboard_control_emer' returned '0': PYTHONPATH=/home/wheeltec/wheeltec_ros2/src/build/keyboard_control_emer/prefix_override:/usr/lib/python3/dist-packages/colcon_core/task/python/colcon_distutils_commands:/home/wheeltec/wheeltec_ros2/src/install/keyboard_control_emer/lib/python3.8/site-packages: /usr/bin/python3 -W ignore:setup.py install is deprecated -W ignore:easy_install command is deprecated setup.py egg_info --egg-base ../build/keyboard_control_emer build --build-base /home/wheeltec/wheeltec_ros2/src/build/keyboard_control_emer/build install --record /home/wheeltec/wheeltec_ros2/src/build/keyboard_control_emer/install.log --single-version-externally-managed install_data
