[0.082s] Invoking command in '/home/wheeltec/wheeltec_ros2/src/build/wheeltec_robot_rtab': CMAKE_PREFIX_PATH=${CMAKE_PREFIX_PATH}:/home/wheeltec/wheeltec_ros2/install/simple_follower_ros2:/home/wheeltec/wheeltec_ros2/install/wheeltec_robot_keyboard:/home/wheeltec/wheeltec_ros2/install/tf2_tools:/home/wheeltec/wheeltec_ros2/install/teleop_twist_keyboard:/home/wheeltec/wheeltec_ros2/install/nav2_simple_commander:/home/wheeltec/wheeltec_ros2/install/nav2_gazebo_spawner:/home/wheeltec/wheeltec_ros2/install/ldlidar_sl_ros2:/home/wheeltec/wheeltec_ros2/install/keyboard_control_emer:/opt/ros/galactic /usr/bin/cmake /home/wheeltec/wheeltec_ros2/src/wheeltec_robot_rtab -DCMAKE_INSTALL_PREFIX=/home/wheeltec/wheeltec_ros2/src/install/wheeltec_robot_rtab
[0.381s] -- The C compiler identification is GNU 9.4.0
[0.667s] -- The CXX compiler identification is GNU 9.4.0
[0.711s] -- Check for working C compiler: /usr/bin/cc
[1.285s] -- Check for working C compiler: /usr/bin/cc -- works
[1.295s] -- Detecting C compiler ABI info
[1.693s] -- Detecting C compiler ABI info - done
[1.746s] -- Detecting C compile features
[1.749s] -- Detecting C compile features - done
[1.766s] -- Check for working CXX compiler: /usr/bin/c++
[2.201s] -- Check for working CXX compiler: /usr/bin/c++ -- works
[2.206s] -- Detecting CXX compiler ABI info
[2.709s] -- Detecting CXX compiler ABI info - done
[2.767s] -- Detecting CXX compile features
[2.770s] -- Detecting CXX compile features - done
[2.819s] -- Found ament_cmake: 1.1.6 (/opt/ros/galactic/share/ament_cmake/cmake)
[3.033s] -- Found PythonInterp: /usr/bin/python3 (found suitable version "3.8.10", minimum required is "3") 
[3.035s] -- Using PYTHON_EXECUTABLE: /usr/bin/python3
[3.933s] -- Found ament_lint_auto: 0.10.7 (/opt/ros/galactic/share/ament_lint_auto/cmake)
[4.636s] -- Added test 'copyright' to check source files copyright and LICENSE
[4.649s] -- Added test 'flake8' to check Python code syntax and style conventions
[4.656s] -- Added test 'lint_cmake' to check CMake code style
[4.663s] -- Added test 'pep257' to check Python code against some of the style conventions in PEP 257
[4.673s] -- Added test 'xmllint' to check XML markup files
[4.690s] -- Configuring done
[4.701s] -- Generating done
[4.708s] -- Build files have been written to: /home/wheeltec/wheeltec_ros2/src/build/wheeltec_robot_rtab
[4.728s] Invoked command in '/home/wheeltec/wheeltec_ros2/src/build/wheeltec_robot_rtab' returned '0': CMAKE_PREFIX_PATH=${CMAKE_PREFIX_PATH}:/home/wheeltec/wheeltec_ros2/install/simple_follower_ros2:/home/wheeltec/wheeltec_ros2/install/wheeltec_robot_keyboard:/home/wheeltec/wheeltec_ros2/install/tf2_tools:/home/wheeltec/wheeltec_ros2/install/teleop_twist_keyboard:/home/wheeltec/wheeltec_ros2/install/nav2_simple_commander:/home/wheeltec/wheeltec_ros2/install/nav2_gazebo_spawner:/home/wheeltec/wheeltec_ros2/install/ldlidar_sl_ros2:/home/wheeltec/wheeltec_ros2/install/keyboard_control_emer:/opt/ros/galactic /usr/bin/cmake /home/wheeltec/wheeltec_ros2/src/wheeltec_robot_rtab -DCMAKE_INSTALL_PREFIX=/home/wheeltec/wheeltec_ros2/src/install/wheeltec_robot_rtab
[4.732s] Invoking command in '/home/wheeltec/wheeltec_ros2/src/build/wheeltec_robot_rtab': CMAKE_PREFIX_PATH=${CMAKE_PREFIX_PATH}:/home/wheeltec/wheeltec_ros2/install/simple_follower_ros2:/home/wheeltec/wheeltec_ros2/install/wheeltec_robot_keyboard:/home/wheeltec/wheeltec_ros2/install/tf2_tools:/home/wheeltec/wheeltec_ros2/install/teleop_twist_keyboard:/home/wheeltec/wheeltec_ros2/install/nav2_simple_commander:/home/wheeltec/wheeltec_ros2/install/nav2_gazebo_spawner:/home/wheeltec/wheeltec_ros2/install/ldlidar_sl_ros2:/home/wheeltec/wheeltec_ros2/install/keyboard_control_emer:/opt/ros/galactic /usr/bin/cmake --build /home/wheeltec/wheeltec_ros2/src/build/wheeltec_robot_rtab -- -j4 -l4
[4.973s] Invoked command in '/home/wheeltec/wheeltec_ros2/src/build/wheeltec_robot_rtab' returned '0': CMAKE_PREFIX_PATH=${CMAKE_PREFIX_PATH}:/home/wheeltec/wheeltec_ros2/install/simple_follower_ros2:/home/wheeltec/wheeltec_ros2/install/wheeltec_robot_keyboard:/home/wheeltec/wheeltec_ros2/install/tf2_tools:/home/wheeltec/wheeltec_ros2/install/teleop_twist_keyboard:/home/wheeltec/wheeltec_ros2/install/nav2_simple_commander:/home/wheeltec/wheeltec_ros2/install/nav2_gazebo_spawner:/home/wheeltec/wheeltec_ros2/install/ldlidar_sl_ros2:/home/wheeltec/wheeltec_ros2/install/keyboard_control_emer:/opt/ros/galactic /usr/bin/cmake --build /home/wheeltec/wheeltec_ros2/src/build/wheeltec_robot_rtab -- -j4 -l4
[4.975s] Invoking command in '/home/wheeltec/wheeltec_ros2/src/build/wheeltec_robot_rtab': CMAKE_PREFIX_PATH=${CMAKE_PREFIX_PATH}:/home/wheeltec/wheeltec_ros2/install/simple_follower_ros2:/home/wheeltec/wheeltec_ros2/install/wheeltec_robot_keyboard:/home/wheeltec/wheeltec_ros2/install/tf2_tools:/home/wheeltec/wheeltec_ros2/install/teleop_twist_keyboard:/home/wheeltec/wheeltec_ros2/install/nav2_simple_commander:/home/wheeltec/wheeltec_ros2/install/nav2_gazebo_spawner:/home/wheeltec/wheeltec_ros2/install/ldlidar_sl_ros2:/home/wheeltec/wheeltec_ros2/install/keyboard_control_emer:/opt/ros/galactic /usr/bin/cmake --install /home/wheeltec/wheeltec_ros2/src/build/wheeltec_robot_rtab
[5.041s] -- Install configuration: ""
[5.042s] -- Installing: /home/wheeltec/wheeltec_ros2/src/install/wheeltec_robot_rtab/share/wheeltec_robot_rtab/launch
[5.044s] -- Installing: /home/wheeltec/wheeltec_ros2/src/install/wheeltec_robot_rtab/share/wheeltec_robot_rtab/launch/wheeltec_nav2_rtab.launch.py
[5.045s] -- Installing: /home/wheeltec/wheeltec_ros2/src/install/wheeltec_robot_rtab/share/wheeltec_robot_rtab/launch/wheeltec_slam_rtab.launch.py
[5.045s] -- Installing: /home/wheeltec/wheeltec_ros2/src/install/wheeltec_robot_rtab/share/ament_index/resource_index/package_run_dependencies/wheeltec_robot_rtab
[5.048s] -- Installing: /home/wheeltec/wheeltec_ros2/src/install/wheeltec_robot_rtab/share/ament_index/resource_index/parent_prefix_path/wheeltec_robot_rtab
[5.049s] -- Installing: /home/wheeltec/wheeltec_ros2/src/install/wheeltec_robot_rtab/share/wheeltec_robot_rtab/environment/ament_prefix_path.sh
[5.051s] -- Installing: /home/wheeltec/wheeltec_ros2/src/install/wheeltec_robot_rtab/share/wheeltec_robot_rtab/environment/ament_prefix_path.dsv
[5.053s] -- Installing: /home/wheeltec/wheeltec_ros2/src/install/wheeltec_robot_rtab/share/wheeltec_robot_rtab/environment/path.sh
[5.053s] -- Installing: /home/wheeltec/wheeltec_ros2/src/install/wheeltec_robot_rtab/share/wheeltec_robot_rtab/environment/path.dsv
[5.055s] -- Installing: /home/wheeltec/wheeltec_ros2/src/install/wheeltec_robot_rtab/share/wheeltec_robot_rtab/local_setup.bash
[5.056s] -- Installing: /home/wheeltec/wheeltec_ros2/src/install/wheeltec_robot_rtab/share/wheeltec_robot_rtab/local_setup.sh
[5.057s] -- Installing: /home/wheeltec/wheeltec_ros2/src/install/wheeltec_robot_rtab/share/wheeltec_robot_rtab/local_setup.zsh
[5.057s] -- Installing: /home/wheeltec/wheeltec_ros2/src/install/wheeltec_robot_rtab/share/wheeltec_robot_rtab/local_setup.dsv
[5.058s] -- Installing: /home/wheeltec/wheeltec_ros2/src/install/wheeltec_robot_rtab/share/wheeltec_robot_rtab/package.dsv
[5.058s] -- Installing: /home/wheeltec/wheeltec_ros2/src/install/wheeltec_robot_rtab/share/ament_index/resource_index/packages/wheeltec_robot_rtab
[5.077s] -- Installing: /home/wheeltec/wheeltec_ros2/src/install/wheeltec_robot_rtab/share/wheeltec_robot_rtab/cmake/wheeltec_robot_rtabConfig.cmake
[5.079s] -- Installing: /home/wheeltec/wheeltec_ros2/src/install/wheeltec_robot_rtab/share/wheeltec_robot_rtab/cmake/wheeltec_robot_rtabConfig-version.cmake
[5.079s] -- Installing: /home/wheeltec/wheeltec_ros2/src/install/wheeltec_robot_rtab/share/wheeltec_robot_rtab/package.xml
[5.080s] Invoked command in '/home/wheeltec/wheeltec_ros2/src/build/wheeltec_robot_rtab' returned '0': CMAKE_PREFIX_PATH=${CMAKE_PREFIX_PATH}:/home/wheeltec/wheeltec_ros2/install/simple_follower_ros2:/home/wheeltec/wheeltec_ros2/install/wheeltec_robot_keyboard:/home/wheeltec/wheeltec_ros2/install/tf2_tools:/home/wheeltec/wheeltec_ros2/install/teleop_twist_keyboard:/home/wheeltec/wheeltec_ros2/install/nav2_simple_commander:/home/wheeltec/wheeltec_ros2/install/nav2_gazebo_spawner:/home/wheeltec/wheeltec_ros2/install/ldlidar_sl_ros2:/home/wheeltec/wheeltec_ros2/install/keyboard_control_emer:/opt/ros/galactic /usr/bin/cmake --install /home/wheeltec/wheeltec_ros2/src/build/wheeltec_robot_rtab
