[0.081s] Invoking command in '/home/wheeltec/wheeltec_ros2/src/build/web_video_server': CMAKE_PREFIX_PATH=${CMAKE_PREFIX_PATH}:/home/wheeltec/wheeltec_ros2/install/simple_follower_ros2:/home/wheeltec/wheeltec_ros2/install/wheeltec_robot_keyboard:/home/wheeltec/wheeltec_ros2/install/tf2_tools:/home/wheeltec/wheeltec_ros2/install/teleop_twist_keyboard:/home/wheeltec/wheeltec_ros2/install/nav2_simple_commander:/home/wheeltec/wheeltec_ros2/install/nav2_gazebo_spawner:/home/wheeltec/wheeltec_ros2/install/ldlidar_sl_ros2:/home/wheeltec/wheeltec_ros2/install/keyboard_control_emer:/opt/ros/galactic /usr/bin/cmake /home/wheeltec/wheeltec_ros2/src/wheeltec_web_video -DCMAKE_INSTALL_PREFIX=/home/wheeltec/wheeltec_ros2/src/install/web_video_server
[0.390s] -- The C compiler identification is GNU 9.4.0
[0.751s] -- The CXX compiler identification is GNU 9.4.0
[0.810s] -- Check for working C compiler: /usr/bin/cc
[1.211s] -- Check for working C compiler: /usr/bin/cc -- works
[1.215s] -- Detecting C compiler ABI info
[1.921s] -- Detecting C compiler ABI info - done
[2.002s] -- Detecting C compile features
[2.004s] -- Detecting C compile features - done
[2.018s] -- Check for working CXX compiler: /usr/bin/c++
[2.788s] -- Check for working CXX compiler: /usr/bin/c++ -- works
[2.798s] -- Detecting CXX compiler ABI info
[3.751s] -- Detecting CXX compiler ABI info - done
[3.880s] -- Detecting CXX compile features
[3.882s] -- Detecting CXX compile features - done
[3.966s] -- Found ament_cmake_ros: 0.9.2 (/opt/ros/galactic/share/ament_cmake_ros/cmake)
[4.469s] -- Found PythonInterp: /usr/bin/python3 (found suitable version "3.8.10", minimum required is "3") 
[4.471s] -- Using PYTHON_EXECUTABLE: /usr/bin/python3
[5.394s] -- Found async_web_server_cpp: 2.0.0 (/opt/ros/galactic/share/async_web_server_cpp/cmake)
[7.650s] -- Found Boost: /usr/lib/aarch64-linux-gnu/cmake/Boost-1.71.0/BoostConfig.cmake (found suitable version "1.71.0", minimum required is "1.71.0") found components: filesystem regex thread 
[7.712s] -- Found cv_bridge: 3.1.3 (/opt/ros/galactic/share/cv_bridge/cmake)
[8.315s] -- Using all available rosidl_typesupport_c: rosidl_typesupport_fastrtps_c;rosidl_typesupport_introspection_c
[8.452s] -- Found rosidl_adapter: 2.2.3 (/opt/ros/galactic/share/rosidl_adapter/cmake)
[9.197s] -- Found OpenSSL: /usr/lib/aarch64-linux-gnu/libcrypto.so (found version "1.1.1f")  
[9.388s] -- Found FastRTPS: /opt/ros/galactic/include  
[10.055s] -- Using all available rosidl_typesupport_cpp: rosidl_typesupport_fastrtps_cpp;rosidl_typesupport_introspection_cpp
[11.105s] -- Found image_transport: 2.5.1 (/opt/ros/galactic/share/image_transport/cmake)
[11.821s] -- Found rmw_implementation_cmake: 3.3.1 (/opt/ros/galactic/share/rmw_implementation_cmake/cmake)
[11.891s] -- Found rmw_cyclonedds_cpp: 0.22.6 (/opt/ros/galactic/share/rmw_cyclonedds_cpp/cmake)
[12.096s] -- Using RMW implementation 'rmw_cyclonedds_cpp' as default
[12.115s] -- Found Threads: TRUE  
[13.565s] -- Found OpenCV: /usr (found version "4.2.0") 
[13.579s] -- Found Boost: /usr/lib/aarch64-linux-gnu/cmake/Boost-1.71.0/BoostConfig.cmake (found version "1.71.0") found components: thread 
[13.600s] -- Found PkgConfig: /usr/bin/pkg-config (found version "0.29.1") 
[13.605s] -- Checking for module 'libavcodec'
[13.745s] --   Found libavcodec, version 58.54.100
[14.024s] -- Checking for module 'libavformat'
[14.146s] --   Found libavformat, version 58.29.100
[14.409s] -- Checking for module 'libavutil'
[14.539s] --   Found libavutil, version 56.31.100
[14.805s] -- Checking for module 'libswscale'
[14.926s] --   Found libswscale, version 5.5.100
[15.849s] -- Configuring done
[16.027s] -- Generating done
[16.110s] -- Build files have been written to: /home/wheeltec/wheeltec_ros2/src/build/web_video_server
[16.160s] Invoked command in '/home/wheeltec/wheeltec_ros2/src/build/web_video_server' returned '0': CMAKE_PREFIX_PATH=${CMAKE_PREFIX_PATH}:/home/wheeltec/wheeltec_ros2/install/simple_follower_ros2:/home/wheeltec/wheeltec_ros2/install/wheeltec_robot_keyboard:/home/wheeltec/wheeltec_ros2/install/tf2_tools:/home/wheeltec/wheeltec_ros2/install/teleop_twist_keyboard:/home/wheeltec/wheeltec_ros2/install/nav2_simple_commander:/home/wheeltec/wheeltec_ros2/install/nav2_gazebo_spawner:/home/wheeltec/wheeltec_ros2/install/ldlidar_sl_ros2:/home/wheeltec/wheeltec_ros2/install/keyboard_control_emer:/opt/ros/galactic /usr/bin/cmake /home/wheeltec/wheeltec_ros2/src/wheeltec_web_video -DCMAKE_INSTALL_PREFIX=/home/wheeltec/wheeltec_ros2/src/install/web_video_server
[16.165s] Invoking command in '/home/wheeltec/wheeltec_ros2/src/build/web_video_server': CMAKE_PREFIX_PATH=${CMAKE_PREFIX_PATH}:/home/wheeltec/wheeltec_ros2/install/simple_follower_ros2:/home/wheeltec/wheeltec_ros2/install/wheeltec_robot_keyboard:/home/wheeltec/wheeltec_ros2/install/tf2_tools:/home/wheeltec/wheeltec_ros2/install/teleop_twist_keyboard:/home/wheeltec/wheeltec_ros2/install/nav2_simple_commander:/home/wheeltec/wheeltec_ros2/install/nav2_gazebo_spawner:/home/wheeltec/wheeltec_ros2/install/ldlidar_sl_ros2:/home/wheeltec/wheeltec_ros2/install/keyboard_control_emer:/opt/ros/galactic /usr/bin/cmake --build /home/wheeltec/wheeltec_ros2/src/build/web_video_server -- -j4 -l4
[16.451s] [35m[1mScanning dependencies of target web_video_server[0m
[17.542s] [  9%] [32mBuilding CXX object CMakeFiles/web_video_server.dir/src/web_video_server.cpp.o[0m
[52.688s] [ 18%] [32mBuilding CXX object CMakeFiles/web_video_server.dir/src/vp8_streamer.cpp.o[0m
[84.992s] [ 27%] [32mBuilding CXX object CMakeFiles/web_video_server.dir/src/h264_streamer.cpp.o[0m
[113.212s] [ 36%] [32mBuilding CXX object CMakeFiles/web_video_server.dir/src/vp9_streamer.cpp.o[0m
