[0.073s] Invoking command in '/home/wheeltec/wheeltec_ros2/src/build/ar_track_alvar_msgs': /usr/bin/cmake --build /home/wheeltec/wheeltec_ros2/src/build/ar_track_alvar_msgs -- -j4 -l4
[0.667s] [ 10%] Built target ar_track_alvar_msgs__rosidl_generator_c
[0.771s] [ 12%] Built target ar_track_alvar_msgs__cpp
[1.006s] [ 23%] Built target ar_track_alvar_msgs__rosidl_typesupport_introspection_c
[1.075s] [ 33%] Built target ar_track_alvar_msgs__rosidl_typesupport_c
[1.103s] [ 43%] Built target ar_track_alvar_msgs__rosidl_typesupport_introspection_cpp
[1.226s] [ 53%] Built target ar_track_alvar_msgs__rosidl_typesupport_fastrtps_cpp
[1.246s] [ 64%] Built target ar_track_alvar_msgs__rosidl_typesupport_cpp
[1.791s] [ 74%] Built target ar_track_alvar_msgs__rosidl_typesupport_fastrtps_c
[2.205s] [ 74%] Built target ar_track_alvar_msgs
[2.589s] [ 76%] Built target ar_track_alvar_msgs__py
[2.774s] [35m[1mScanning dependencies of target ar_track_alvar_msgs__python[0m
[3.033s] [ 79%] [32mBuilding C object CMakeFiles/ar_track_alvar_msgs__python.dir/rosidl_generator_py/ar_track_alvar_msgs/msg/_alvar_markers_s.c.o[0m
[3.072s] [ 82%] [32mBuilding C object CMakeFiles/ar_track_alvar_msgs__python.dir/rosidl_generator_py/ar_track_alvar_msgs/msg/_alvar_marker_s.c.o[0m
[4.378s] [ 84%] [32m[1mLinking C shared library rosidl_generator_py/ar_track_alvar_msgs/libar_track_alvar_msgs__python.so[0m
[4.969s] [ 84%] Built target ar_track_alvar_msgs__python
[5.201s] [35m[1mScanning dependencies of target ar_track_alvar_msgs__rosidl_typesupport_introspection_c__pyext[0m
[5.206s] [35m[1mScanning dependencies of target ar_track_alvar_msgs__rosidl_typesupport_fastrtps_c__pyext[0m
[5.209s] [35m[1mScanning dependencies of target ar_track_alvar_msgs__rosidl_typesupport_c__pyext[0m
[5.487s] [ 87%] [32mBuilding C object CMakeFiles/ar_track_alvar_msgs__rosidl_typesupport_introspection_c__pyext.dir/rosidl_generator_py/ar_track_alvar_msgs/_ar_track_alvar_msgs_s.ep.rosidl_typesupport_introspection_c.c.o[0m
[5.494s] [ 89%] [32mBuilding C object CMakeFiles/ar_track_alvar_msgs__rosidl_typesupport_c__pyext.dir/rosidl_generator_py/ar_track_alvar_msgs/_ar_track_alvar_msgs_s.ep.rosidl_typesupport_c.c.o[0m
[5.529s] [ 92%] [32mBuilding C object CMakeFiles/ar_track_alvar_msgs__rosidl_typesupport_fastrtps_c__pyext.dir/rosidl_generator_py/ar_track_alvar_msgs/_ar_track_alvar_msgs_s.ep.rosidl_typesupport_fastrtps_c.c.o[0m
[6.764s] [ 94%] [32m[1mLinking C shared library rosidl_generator_py/ar_track_alvar_msgs/ar_track_alvar_msgs_s__rosidl_typesupport_introspection_c.cpython-38-aarch64-linux-gnu.so[0m
[6.925s] [ 97%] [32m[1mLinking CXX shared library rosidl_generator_py/ar_track_alvar_msgs/ar_track_alvar_msgs_s__rosidl_typesupport_fastrtps_c.cpython-38-aarch64-linux-gnu.so[0m
[6.998s] [100%] [32m[1mLinking C shared library rosidl_generator_py/ar_track_alvar_msgs/ar_track_alvar_msgs_s__rosidl_typesupport_c.cpython-38-aarch64-linux-gnu.so[0m
[7.474s] [100%] Built target ar_track_alvar_msgs__rosidl_typesupport_introspection_c__pyext
[7.558s] [100%] Built target ar_track_alvar_msgs__rosidl_typesupport_c__pyext
[7.825s] [100%] Built target ar_track_alvar_msgs__rosidl_typesupport_fastrtps_c__pyext
[7.953s] Invoked command in '/home/wheeltec/wheeltec_ros2/src/build/ar_track_alvar_msgs' returned '0': /usr/bin/cmake --build /home/wheeltec/wheeltec_ros2/src/build/ar_track_alvar_msgs -- -j4 -l4
[7.966s] Invoking command in '/home/wheeltec/wheeltec_ros2/src/build/ar_track_alvar_msgs': /usr/bin/cmake --install /home/wheeltec/wheeltec_ros2/src/build/ar_track_alvar_msgs
[8.076s] -- Install configuration: ""
[8.079s] -- Up-to-date: /home/wheeltec/wheeltec_ros2/src/install/ar_track_alvar_msgs/share/ament_index/resource_index/rosidl_interfaces/ar_track_alvar_msgs
[8.079s] -- Up-to-date: /home/wheeltec/wheeltec_ros2/src/install/ar_track_alvar_msgs/include/ar_track_alvar_msgs
[8.080s] -- Up-to-date: /home/wheeltec/wheeltec_ros2/src/install/ar_track_alvar_msgs/include/ar_track_alvar_msgs/msg
[8.082s] -- Up-to-date: /home/wheeltec/wheeltec_ros2/src/install/ar_track_alvar_msgs/include/ar_track_alvar_msgs/msg/alvar_marker.h
[8.082s] -- Up-to-date: /home/wheeltec/wheeltec_ros2/src/install/ar_track_alvar_msgs/include/ar_track_alvar_msgs/msg/detail
[8.083s] -- Up-to-date: /home/wheeltec/wheeltec_ros2/src/install/ar_track_alvar_msgs/include/ar_track_alvar_msgs/msg/detail/alvar_markers__type_support.h
[8.086s] -- Up-to-date: /home/wheeltec/wheeltec_ros2/src/install/ar_track_alvar_msgs/include/ar_track_alvar_msgs/msg/detail/alvar_markers__functions.h
[8.087s] -- Up-to-date: /home/wheeltec/wheeltec_ros2/src/install/ar_track_alvar_msgs/include/ar_track_alvar_msgs/msg/detail/alvar_marker__type_support.h
[8.088s] -- Up-to-date: /home/wheeltec/wheeltec_ros2/src/install/ar_track_alvar_msgs/include/ar_track_alvar_msgs/msg/detail/alvar_markers__struct.h
[8.089s] -- Up-to-date: /home/wheeltec/wheeltec_ros2/src/install/ar_track_alvar_msgs/include/ar_track_alvar_msgs/msg/detail/alvar_marker__functions.h
[8.089s] -- Up-to-date: /home/wheeltec/wheeltec_ros2/src/install/ar_track_alvar_msgs/include/ar_track_alvar_msgs/msg/detail/alvar_marker__functions.c
[8.090s] -- Up-to-date: /home/wheeltec/wheeltec_ros2/src/install/ar_track_alvar_msgs/include/ar_track_alvar_msgs/msg/detail/alvar_marker__struct.h
[8.090s] -- Up-to-date: /home/wheeltec/wheeltec_ros2/src/install/ar_track_alvar_msgs/include/ar_track_alvar_msgs/msg/detail/alvar_markers__functions.c
[8.091s] -- Up-to-date: /home/wheeltec/wheeltec_ros2/src/install/ar_track_alvar_msgs/include/ar_track_alvar_msgs/msg/alvar_markers.h
[8.091s] -- Up-to-date: /home/wheeltec/wheeltec_ros2/src/install/ar_track_alvar_msgs/include/ar_track_alvar_msgs/msg/rosidl_generator_c__visibility_control.h
[8.092s] -- Up-to-date: /home/wheeltec/wheeltec_ros2/src/install/ar_track_alvar_msgs/share/ar_track_alvar_msgs/environment/library_path.sh
[8.093s] -- Up-to-date: /home/wheeltec/wheeltec_ros2/src/install/ar_track_alvar_msgs/share/ar_track_alvar_msgs/environment/library_path.dsv
[8.094s] -- Up-to-date: /home/wheeltec/wheeltec_ros2/src/install/ar_track_alvar_msgs/lib/libar_track_alvar_msgs__rosidl_generator_c.so
[8.100s] -- Up-to-date: /home/wheeltec/wheeltec_ros2/src/install/ar_track_alvar_msgs/include/ar_track_alvar_msgs
[8.101s] -- Up-to-date: /home/wheeltec/wheeltec_ros2/src/install/ar_track_alvar_msgs/include/ar_track_alvar_msgs/msg
[8.101s] -- Up-to-date: /home/wheeltec/wheeltec_ros2/src/install/ar_track_alvar_msgs/include/ar_track_alvar_msgs/msg/detail
[8.101s] -- Up-to-date: /home/wheeltec/wheeltec_ros2/src/install/ar_track_alvar_msgs/include/ar_track_alvar_msgs/msg/detail/alvar_markers__rosidl_typesupport_fastrtps_c.h
[8.102s] -- Up-to-date: /home/wheeltec/wheeltec_ros2/src/install/ar_track_alvar_msgs/include/ar_track_alvar_msgs/msg/detail/alvar_marker__rosidl_typesupport_fastrtps_c.h
[8.102s] -- Up-to-date: /home/wheeltec/wheeltec_ros2/src/install/ar_track_alvar_msgs/include/ar_track_alvar_msgs/msg/rosidl_typesupport_fastrtps_c__visibility_control.h
[8.106s] -- Up-to-date: /home/wheeltec/wheeltec_ros2/src/install/ar_track_alvar_msgs/lib/libar_track_alvar_msgs__rosidl_typesupport_fastrtps_c.so
[8.109s] -- Up-to-date: /home/wheeltec/wheeltec_ros2/src/install/ar_track_alvar_msgs/include/ar_track_alvar_msgs
[8.113s] -- Up-to-date: /home/wheeltec/wheeltec_ros2/src/install/ar_track_alvar_msgs/include/ar_track_alvar_msgs/msg
[8.118s] -- Up-to-date: /home/wheeltec/wheeltec_ros2/src/install/ar_track_alvar_msgs/include/ar_track_alvar_msgs/msg/rosidl_typesupport_fastrtps_cpp__visibility_control.h
[8.121s] -- Up-to-date: /home/wheeltec/wheeltec_ros2/src/install/ar_track_alvar_msgs/include/ar_track_alvar_msgs/msg/detail
[8.121s] -- Up-to-date: /home/wheeltec/wheeltec_ros2/src/install/ar_track_alvar_msgs/include/ar_track_alvar_msgs/msg/detail/dds_fastrtps
[8.127s] -- Up-to-date: /home/wheeltec/wheeltec_ros2/src/install/ar_track_alvar_msgs/include/ar_track_alvar_msgs/msg/detail/alvar_marker__rosidl_typesupport_fastrtps_cpp.hpp
[8.128s] -- Up-to-date: /home/wheeltec/wheeltec_ros2/src/install/ar_track_alvar_msgs/include/ar_track_alvar_msgs/msg/detail/alvar_markers__rosidl_typesupport_fastrtps_cpp.hpp
[8.128s] -- Up-to-date: /home/wheeltec/wheeltec_ros2/src/install/ar_track_alvar_msgs/lib/libar_track_alvar_msgs__rosidl_typesupport_fastrtps_cpp.so
[8.129s] -- Up-to-date: /home/wheeltec/wheeltec_ros2/src/install/ar_track_alvar_msgs/include/ar_track_alvar_msgs
[8.129s] -- Up-to-date: /home/wheeltec/wheeltec_ros2/src/install/ar_track_alvar_msgs/include/ar_track_alvar_msgs/msg
[8.130s] -- Up-to-date: /home/wheeltec/wheeltec_ros2/src/install/ar_track_alvar_msgs/include/ar_track_alvar_msgs/msg/detail
[8.130s] -- Up-to-date: /home/wheeltec/wheeltec_ros2/src/install/ar_track_alvar_msgs/include/ar_track_alvar_msgs/msg/detail/alvar_marker__rosidl_typesupport_introspection_c.h
[8.131s] -- Up-to-date: /home/wheeltec/wheeltec_ros2/src/install/ar_track_alvar_msgs/include/ar_track_alvar_msgs/msg/detail/alvar_markers__type_support.c
[8.131s] -- Up-to-date: /home/wheeltec/wheeltec_ros2/src/install/ar_track_alvar_msgs/include/ar_track_alvar_msgs/msg/detail/alvar_marker__type_support.c
[8.132s] -- Up-to-date: /home/wheeltec/wheeltec_ros2/src/install/ar_track_alvar_msgs/include/ar_track_alvar_msgs/msg/detail/alvar_markers__rosidl_typesupport_introspection_c.h
[8.133s] -- Up-to-date: /home/wheeltec/wheeltec_ros2/src/install/ar_track_alvar_msgs/include/ar_track_alvar_msgs/msg/rosidl_typesupport_introspection_c__visibility_control.h
[8.133s] -- Up-to-date: /home/wheeltec/wheeltec_ros2/src/install/ar_track_alvar_msgs/lib/libar_track_alvar_msgs__rosidl_typesupport_introspection_c.so
[8.133s] -- Up-to-date: /home/wheeltec/wheeltec_ros2/src/install/ar_track_alvar_msgs/lib/libar_track_alvar_msgs__rosidl_typesupport_c.so
[8.134s] -- Up-to-date: /home/wheeltec/wheeltec_ros2/src/install/ar_track_alvar_msgs/include/ar_track_alvar_msgs
[8.149s] -- Up-to-date: /home/wheeltec/wheeltec_ros2/src/install/ar_track_alvar_msgs/include/ar_track_alvar_msgs/msg
[8.150s] -- Up-to-date: /home/wheeltec/wheeltec_ros2/src/install/ar_track_alvar_msgs/include/ar_track_alvar_msgs/msg/detail
[8.150s] -- Up-to-date: /home/wheeltec/wheeltec_ros2/src/install/ar_track_alvar_msgs/include/ar_track_alvar_msgs/msg/detail/alvar_marker__struct.hpp
[8.154s] -- Up-to-date: /home/wheeltec/wheeltec_ros2/src/install/ar_track_alvar_msgs/include/ar_track_alvar_msgs/msg/detail/alvar_markers__builder.hpp
[8.155s] -- Up-to-date: /home/wheeltec/wheeltec_ros2/src/install/ar_track_alvar_msgs/include/ar_track_alvar_msgs/msg/detail/alvar_markers__traits.hpp
[8.155s] -- Up-to-date: /home/wheeltec/wheeltec_ros2/src/install/ar_track_alvar_msgs/include/ar_track_alvar_msgs/msg/detail/alvar_marker__traits.hpp
[8.156s] -- Up-to-date: /home/wheeltec/wheeltec_ros2/src/install/ar_track_alvar_msgs/include/ar_track_alvar_msgs/msg/detail/alvar_markers__struct.hpp
[8.156s] -- Up-to-date: /home/wheeltec/wheeltec_ros2/src/install/ar_track_alvar_msgs/include/ar_track_alvar_msgs/msg/detail/alvar_marker__builder.hpp
[8.157s] -- Up-to-date: /home/wheeltec/wheeltec_ros2/src/install/ar_track_alvar_msgs/include/ar_track_alvar_msgs/msg/alvar_markers.hpp
[8.162s] -- Up-to-date: /home/wheeltec/wheeltec_ros2/src/install/ar_track_alvar_msgs/include/ar_track_alvar_msgs/msg/alvar_marker.hpp
[8.162s] -- Up-to-date: /home/wheeltec/wheeltec_ros2/src/install/ar_track_alvar_msgs/include/ar_track_alvar_msgs
[8.163s] -- Up-to-date: /home/wheeltec/wheeltec_ros2/src/install/ar_track_alvar_msgs/include/ar_track_alvar_msgs/msg
[8.163s] -- Up-to-date: /home/wheeltec/wheeltec_ros2/src/install/ar_track_alvar_msgs/include/ar_track_alvar_msgs/msg/detail
[8.164s] -- Up-to-date: /home/wheeltec/wheeltec_ros2/src/install/ar_track_alvar_msgs/include/ar_track_alvar_msgs/msg/detail/alvar_marker__rosidl_typesupport_introspection_cpp.hpp
[8.164s] -- Up-to-date: /home/wheeltec/wheeltec_ros2/src/install/ar_track_alvar_msgs/include/ar_track_alvar_msgs/msg/detail/alvar_marker__type_support.cpp
[8.165s] -- Up-to-date: /home/wheeltec/wheeltec_ros2/src/install/ar_track_alvar_msgs/include/ar_track_alvar_msgs/msg/detail/alvar_markers__rosidl_typesupport_introspection_cpp.hpp
[8.165s] -- Up-to-date: /home/wheeltec/wheeltec_ros2/src/install/ar_track_alvar_msgs/include/ar_track_alvar_msgs/msg/detail/alvar_markers__type_support.cpp
[8.166s] -- Up-to-date: /home/wheeltec/wheeltec_ros2/src/install/ar_track_alvar_msgs/lib/libar_track_alvar_msgs__rosidl_typesupport_introspection_cpp.so
[8.166s] -- Up-to-date: /home/wheeltec/wheeltec_ros2/src/install/ar_track_alvar_msgs/lib/libar_track_alvar_msgs__rosidl_typesupport_cpp.so
[8.167s] -- Up-to-date: /home/wheeltec/wheeltec_ros2/src/install/ar_track_alvar_msgs/share/ar_track_alvar_msgs/environment/pythonpath.sh
[8.174s] -- Up-to-date: /home/wheeltec/wheeltec_ros2/src/install/ar_track_alvar_msgs/share/ar_track_alvar_msgs/environment/pythonpath.dsv
[8.174s] -- Up-to-date: /home/wheeltec/wheeltec_ros2/src/install/ar_track_alvar_msgs/lib/python3.8/site-packages/ar_track_alvar_msgs/__init__.py
[8.536s] -- Up-to-date: /home/wheeltec/wheeltec_ros2/src/install/ar_track_alvar_msgs/lib/python3.8/site-packages/ar_track_alvar_msgs/msg
[8.539s] -- Up-to-date: /home/wheeltec/wheeltec_ros2/src/install/ar_track_alvar_msgs/lib/python3.8/site-packages/ar_track_alvar_msgs/msg/__init__.py
[8.540s] -- Up-to-date: /home/wheeltec/wheeltec_ros2/src/install/ar_track_alvar_msgs/lib/python3.8/site-packages/ar_track_alvar_msgs/msg/_alvar_marker.py
[8.541s] -- Up-to-date: /home/wheeltec/wheeltec_ros2/src/install/ar_track_alvar_msgs/lib/python3.8/site-packages/ar_track_alvar_msgs/msg/_alvar_marker_s.c
[8.541s] -- Up-to-date: /home/wheeltec/wheeltec_ros2/src/install/ar_track_alvar_msgs/lib/python3.8/site-packages/ar_track_alvar_msgs/msg/_alvar_markers_s.c
[8.542s] -- Up-to-date: /home/wheeltec/wheeltec_ros2/src/install/ar_track_alvar_msgs/lib/python3.8/site-packages/ar_track_alvar_msgs/msg/_alvar_markers.py
[8.542s] -- Installing: /home/wheeltec/wheeltec_ros2/src/install/ar_track_alvar_msgs/lib/python3.8/site-packages/ar_track_alvar_msgs/ar_track_alvar_msgs_s__rosidl_typesupport_fastrtps_c.cpython-38-aarch64-linux-gnu.so
[8.548s] -- Set runtime path of "/home/wheeltec/wheeltec_ros2/src/install/ar_track_alvar_msgs/lib/python3.8/site-packages/ar_track_alvar_msgs/ar_track_alvar_msgs_s__rosidl_typesupport_fastrtps_c.cpython-38-aarch64-linux-gnu.so" to ""
[8.552s] -- Installing: /home/wheeltec/wheeltec_ros2/src/install/ar_track_alvar_msgs/lib/python3.8/site-packages/ar_track_alvar_msgs/ar_track_alvar_msgs_s__rosidl_typesupport_introspection_c.cpython-38-aarch64-linux-gnu.so
[8.553s] -- Set runtime path of "/home/wheeltec/wheeltec_ros2/src/install/ar_track_alvar_msgs/lib/python3.8/site-packages/ar_track_alvar_msgs/ar_track_alvar_msgs_s__rosidl_typesupport_introspection_c.cpython-38-aarch64-linux-gnu.so" to ""
[8.556s] -- Installing: /home/wheeltec/wheeltec_ros2/src/install/ar_track_alvar_msgs/lib/python3.8/site-packages/ar_track_alvar_msgs/ar_track_alvar_msgs_s__rosidl_typesupport_c.cpython-38-aarch64-linux-gnu.so
[8.572s] -- Set runtime path of "/home/wheeltec/wheeltec_ros2/src/install/ar_track_alvar_msgs/lib/python3.8/site-packages/ar_track_alvar_msgs/ar_track_alvar_msgs_s__rosidl_typesupport_c.cpython-38-aarch64-linux-gnu.so" to ""
[8.579s] -- Installing: /home/wheeltec/wheeltec_ros2/src/install/ar_track_alvar_msgs/lib/libar_track_alvar_msgs__python.so
[8.581s] -- Set runtime path of "/home/wheeltec/wheeltec_ros2/src/install/ar_track_alvar_msgs/lib/libar_track_alvar_msgs__python.so" to ""
[8.586s] -- Up-to-date: /home/wheeltec/wheeltec_ros2/src/install/ar_track_alvar_msgs/share/ar_track_alvar_msgs/msg/AlvarMarkers.idl
[8.587s] -- Up-to-date: /home/wheeltec/wheeltec_ros2/src/install/ar_track_alvar_msgs/share/ar_track_alvar_msgs/msg/AlvarMarker.idl
[8.589s] -- Up-to-date: /home/wheeltec/wheeltec_ros2/src/install/ar_track_alvar_msgs/share/ar_track_alvar_msgs/msg/AlvarMarkers.msg
[8.589s] -- Up-to-date: /home/wheeltec/wheeltec_ros2/src/install/ar_track_alvar_msgs/share/ar_track_alvar_msgs/msg/AlvarMarker.msg
[8.590s] -- Up-to-date: /home/wheeltec/wheeltec_ros2/src/install/ar_track_alvar_msgs/share/ament_index/resource_index/package_run_dependencies/ar_track_alvar_msgs
[8.591s] -- Up-to-date: /home/wheeltec/wheeltec_ros2/src/install/ar_track_alvar_msgs/share/ament_index/resource_index/parent_prefix_path/ar_track_alvar_msgs
[8.595s] -- Up-to-date: /home/wheeltec/wheeltec_ros2/src/install/ar_track_alvar_msgs/share/ar_track_alvar_msgs/environment/ament_prefix_path.sh
[8.598s] -- Up-to-date: /home/wheeltec/wheeltec_ros2/src/install/ar_track_alvar_msgs/share/ar_track_alvar_msgs/environment/ament_prefix_path.dsv
[8.599s] -- Up-to-date: /home/wheeltec/wheeltec_ros2/src/install/ar_track_alvar_msgs/share/ar_track_alvar_msgs/environment/path.sh
[8.601s] -- Up-to-date: /home/wheeltec/wheeltec_ros2/src/install/ar_track_alvar_msgs/share/ar_track_alvar_msgs/environment/path.dsv
[8.602s] -- Up-to-date: /home/wheeltec/wheeltec_ros2/src/install/ar_track_alvar_msgs/share/ar_track_alvar_msgs/local_setup.bash
[8.604s] -- Up-to-date: /home/wheeltec/wheeltec_ros2/src/install/ar_track_alvar_msgs/share/ar_track_alvar_msgs/local_setup.sh
[8.613s] -- Up-to-date: /home/wheeltec/wheeltec_ros2/src/install/ar_track_alvar_msgs/share/ar_track_alvar_msgs/local_setup.zsh
[8.614s] -- Up-to-date: /home/wheeltec/wheeltec_ros2/src/install/ar_track_alvar_msgs/share/ar_track_alvar_msgs/local_setup.dsv
[8.614s] -- Installing: /home/wheeltec/wheeltec_ros2/src/install/ar_track_alvar_msgs/share/ar_track_alvar_msgs/package.dsv
[8.622s] -- Up-to-date: /home/wheeltec/wheeltec_ros2/src/install/ar_track_alvar_msgs/share/ament_index/resource_index/packages/ar_track_alvar_msgs
[8.630s] -- Up-to-date: /home/wheeltec/wheeltec_ros2/src/install/ar_track_alvar_msgs/share/ar_track_alvar_msgs/cmake/ar_track_alvar_msgs__rosidl_generator_cExport.cmake
[8.631s] -- Up-to-date: /home/wheeltec/wheeltec_ros2/src/install/ar_track_alvar_msgs/share/ar_track_alvar_msgs/cmake/ar_track_alvar_msgs__rosidl_generator_cExport-noconfig.cmake
[8.633s] -- Up-to-date: /home/wheeltec/wheeltec_ros2/src/install/ar_track_alvar_msgs/share/ar_track_alvar_msgs/cmake/ar_track_alvar_msgs__rosidl_typesupport_introspection_cExport.cmake
[8.634s] -- Up-to-date: /home/wheeltec/wheeltec_ros2/src/install/ar_track_alvar_msgs/share/ar_track_alvar_msgs/cmake/ar_track_alvar_msgs__rosidl_typesupport_introspection_cExport-noconfig.cmake
[8.646s] -- Up-to-date: /home/wheeltec/wheeltec_ros2/src/install/ar_track_alvar_msgs/share/ar_track_alvar_msgs/cmake/ar_track_alvar_msgs__rosidl_typesupport_cExport.cmake
[8.647s] -- Up-to-date: /home/wheeltec/wheeltec_ros2/src/install/ar_track_alvar_msgs/share/ar_track_alvar_msgs/cmake/ar_track_alvar_msgs__rosidl_typesupport_cExport-noconfig.cmake
[8.654s] -- Up-to-date: /home/wheeltec/wheeltec_ros2/src/install/ar_track_alvar_msgs/share/ar_track_alvar_msgs/cmake/ar_track_alvar_msgs__rosidl_generator_cppExport.cmake
[8.658s] -- Up-to-date: /home/wheeltec/wheeltec_ros2/src/install/ar_track_alvar_msgs/share/ar_track_alvar_msgs/cmake/ar_track_alvar_msgs__rosidl_typesupport_introspection_cppExport.cmake
[8.659s] -- Up-to-date: /home/wheeltec/wheeltec_ros2/src/install/ar_track_alvar_msgs/share/ar_track_alvar_msgs/cmake/ar_track_alvar_msgs__rosidl_typesupport_introspection_cppExport-noconfig.cmake
[8.661s] -- Up-to-date: /home/wheeltec/wheeltec_ros2/src/install/ar_track_alvar_msgs/share/ar_track_alvar_msgs/cmake/ar_track_alvar_msgs__rosidl_typesupport_cppExport.cmake
[8.662s] -- Up-to-date: /home/wheeltec/wheeltec_ros2/src/install/ar_track_alvar_msgs/share/ar_track_alvar_msgs/cmake/ar_track_alvar_msgs__rosidl_typesupport_cppExport-noconfig.cmake
[8.663s] -- Up-to-date: /home/wheeltec/wheeltec_ros2/src/install/ar_track_alvar_msgs/share/ar_track_alvar_msgs/cmake/rosidl_cmake-extras.cmake
[8.663s] -- Up-to-date: /home/wheeltec/wheeltec_ros2/src/install/ar_track_alvar_msgs/share/ar_track_alvar_msgs/cmake/ament_cmake_export_dependencies-extras.cmake
[8.664s] -- Up-to-date: /home/wheeltec/wheeltec_ros2/src/install/ar_track_alvar_msgs/share/ar_track_alvar_msgs/cmake/ament_cmake_export_libraries-extras.cmake
[8.665s] -- Up-to-date: /home/wheeltec/wheeltec_ros2/src/install/ar_track_alvar_msgs/share/ar_track_alvar_msgs/cmake/ament_cmake_export_targets-extras.cmake
[8.665s] -- Up-to-date: /home/wheeltec/wheeltec_ros2/src/install/ar_track_alvar_msgs/share/ar_track_alvar_msgs/cmake/ament_cmake_export_include_directories-extras.cmake
[8.666s] -- Up-to-date: /home/wheeltec/wheeltec_ros2/src/install/ar_track_alvar_msgs/share/ar_track_alvar_msgs/cmake/rosidl_cmake_export_typesupport_libraries-extras.cmake
[8.666s] -- Up-to-date: /home/wheeltec/wheeltec_ros2/src/install/ar_track_alvar_msgs/share/ar_track_alvar_msgs/cmake/rosidl_cmake_export_typesupport_targets-extras.cmake
[8.667s] -- Up-to-date: /home/wheeltec/wheeltec_ros2/src/install/ar_track_alvar_msgs/share/ar_track_alvar_msgs/cmake/ar_track_alvar_msgsConfig.cmake
[8.667s] -- Up-to-date: /home/wheeltec/wheeltec_ros2/src/install/ar_track_alvar_msgs/share/ar_track_alvar_msgs/cmake/ar_track_alvar_msgsConfig-version.cmake
[8.668s] -- Up-to-date: /home/wheeltec/wheeltec_ros2/src/install/ar_track_alvar_msgs/share/ar_track_alvar_msgs/package.xml
[8.692s] Invoked command in '/home/wheeltec/wheeltec_ros2/src/build/ar_track_alvar_msgs' returned '0': /usr/bin/cmake --install /home/wheeltec/wheeltec_ros2/src/build/ar_track_alvar_msgs
