running egg_info
creating ../build/kul_tabloo_launch/kul_tabloo_launch.egg-info
writing ../build/kul_tabloo_launch/kul_tabloo_launch.egg-info/PKG-INFO
writing dependency_links to ../build/kul_tabloo_launch/kul_tabloo_launch.egg-info/dependency_links.txt
writing requirements to ../build/kul_tabloo_launch/kul_tabloo_launch.egg-info/requires.txt
writing top-level names to ../build/kul_tabloo_launch/kul_tabloo_launch.egg-info/top_level.txt
writing manifest file '../build/kul_tabloo_launch/kul_tabloo_launch.egg-info/SOURCES.txt'
reading manifest file '../build/kul_tabloo_launch/kul_tabloo_launch.egg-info/SOURCES.txt'
writing manifest file '../build/kul_tabloo_launch/kul_tabloo_launch.egg-info/SOURCES.txt'
running build
running build_py
creating /home/wheeltec/wheeltec_ros2/src/build/kul_tabloo_launch/build
creating /home/wheeltec/wheeltec_ros2/src/build/kul_tabloo_launch/build/lib
creating /home/wheeltec/wheeltec_ros2/src/build/kul_tabloo_launch/build/lib/kul_tabloo_launch
copying kul_tabloo_launch/__init__.py -> /home/wheeltec/wheeltec_ros2/src/build/kul_tabloo_launch/build/lib/kul_tabloo_launch
running install
running install_lib
creating /home/wheeltec/wheeltec_ros2/src/install/kul_tabloo_launch/lib/python3.8/site-packages/kul_tabloo_launch
copying /home/wheeltec/wheeltec_ros2/src/build/kul_tabloo_launch/build/lib/kul_tabloo_launch/__init__.py -> /home/wheeltec/wheeltec_ros2/src/install/kul_tabloo_launch/lib/python3.8/site-packages/kul_tabloo_launch
byte-compiling /home/wheeltec/wheeltec_ros2/src/install/kul_tabloo_launch/lib/python3.8/site-packages/kul_tabloo_launch/__init__.py to __init__.cpython-38.pyc
running install_data
creating /home/wheeltec/wheeltec_ros2/src/install/kul_tabloo_launch/share/ament_index
creating /home/wheeltec/wheeltec_ros2/src/install/kul_tabloo_launch/share/ament_index/resource_index
creating /home/wheeltec/wheeltec_ros2/src/install/kul_tabloo_launch/share/ament_index/resource_index/packages
copying resource/kul_tabloo_launch -> /home/wheeltec/wheeltec_ros2/src/install/kul_tabloo_launch/share/ament_index/resource_index/packages
copying package.xml -> /home/wheeltec/wheeltec_ros2/src/install/kul_tabloo_launch/share/kul_tabloo_launch
running install_egg_info
Copying ../build/kul_tabloo_launch/kul_tabloo_launch.egg-info to /home/wheeltec/wheeltec_ros2/src/install/kul_tabloo_launch/lib/python3.8/site-packages/kul_tabloo_launch-0.0.0-py3.8.egg-info
running install_scripts
writing list of installed files to '/home/wheeltec/wheeltec_ros2/src/build/kul_tabloo_launch/install.log'
