[0.084s] Invoking command in '/home/wheeltec/wheeltec_ros2/src/build/ldlidar_sl_ros2': CMAKE_PREFIX_PATH=${CMAKE_PREFIX_PATH}:/home/wheeltec/wheeltec_ros2/install/simple_follower_ros2:/home/wheeltec/wheeltec_ros2/install/wheeltec_robot_keyboard:/home/wheeltec/wheeltec_ros2/install/tf2_tools:/home/wheeltec/wheeltec_ros2/install/teleop_twist_keyboard:/home/wheeltec/wheeltec_ros2/install/nav2_simple_commander:/home/wheeltec/wheeltec_ros2/install/nav2_gazebo_spawner:/home/wheeltec/wheeltec_ros2/install/ldlidar_sl_ros2:/home/wheeltec/wheeltec_ros2/install/keyboard_control_emer:/opt/ros/galactic /usr/bin/cmake /home/wheeltec/wheeltec_ros2/src/wheeltec_lidar_ros2/LDlidar/ldlidar14 -DCMAKE_INSTALL_PREFIX=/home/wheeltec/wheeltec_ros2/src/install/ldlidar_sl_ros2
[0.371s] -- The C compiler identification is GNU 9.4.0
[0.702s] -- The CXX compiler identification is GNU 9.4.0
[0.767s] -- Check for working C compiler: /usr/bin/cc
[1.524s] -- Check for working C compiler: /usr/bin/cc -- works
[1.532s] -- Detecting C compiler ABI info
[2.297s] -- Detecting C compiler ABI info - done
[2.383s] -- Detecting C compile features
[2.385s] -- Detecting C compile features - done
[2.406s] -- Check for working CXX compiler: /usr/bin/c++
[3.237s] -- Check for working CXX compiler: /usr/bin/c++ -- works
[3.244s] -- Detecting CXX compiler ABI info
[3.657s] -- Detecting CXX compiler ABI info - done
[3.718s] -- Detecting CXX compile features
[3.720s] -- Detecting CXX compile features - done
[3.767s] -- Found ament_cmake: 1.1.6 (/opt/ros/galactic/share/ament_cmake/cmake)
[4.000s] -- Found PythonInterp: /usr/bin/python3 (found suitable version "3.8.10", minimum required is "3") 
[4.001s] -- Using PYTHON_EXECUTABLE: /usr/bin/python3
[4.844s] -- Found rclcpp: 9.2.2 (/opt/ros/galactic/share/rclcpp/cmake)
[5.480s] -- Using all available rosidl_typesupport_c: rosidl_typesupport_fastrtps_c;rosidl_typesupport_introspection_c
[5.611s] -- Found rosidl_adapter: 2.2.3 (/opt/ros/galactic/share/rosidl_adapter/cmake)
[6.303s] -- Found OpenSSL: /usr/lib/aarch64-linux-gnu/libcrypto.so (found version "1.1.1f")  
[6.473s] -- Found FastRTPS: /opt/ros/galactic/include  
[7.135s] -- Using all available rosidl_typesupport_cpp: rosidl_typesupport_fastrtps_cpp;rosidl_typesupport_introspection_cpp
[7.722s] -- Found rmw_implementation_cmake: 3.3.1 (/opt/ros/galactic/share/rmw_implementation_cmake/cmake)
[7.791s] -- Found rmw_cyclonedds_cpp: 0.22.6 (/opt/ros/galactic/share/rmw_cyclonedds_cpp/cmake)
[7.923s] -- Using RMW implementation 'rmw_cyclonedds_cpp' as default
[7.927s] -- Looking for pthread.h
[8.319s] -- Looking for pthread.h - found
[8.320s] -- Performing Test CMAKE_HAVE_LIBC_PTHREAD
[8.741s] -- Performing Test CMAKE_HAVE_LIBC_PTHREAD - Failed
[8.743s] -- Looking for pthread_create in pthreads
[9.093s] -- Looking for pthread_create in pthreads - not found
[9.097s] -- Looking for pthread_create in pthread
[9.473s] -- Looking for pthread_create in pthread - found
[9.477s] -- Found Threads: TRUE  
[10.491s] -- Found sensor_msgs: 2.2.4 (/opt/ros/galactic/share/sensor_msgs/cmake)
[11.069s] -- Found ament_lint_auto: 0.10.7 (/opt/ros/galactic/share/ament_lint_auto/cmake)
[11.801s] -- Added test 'copyright' to check source files copyright and LICENSE
[11.815s] -- Added test 'cppcheck' to perform static code analysis on C / C++ code
[11.817s] -- Configured cppcheck include dirs: /home/wheeltec/wheeltec_ros2/src/wheeltec_lidar_ros2/LDlidar/ldlidar14/include;/home/wheeltec/wheeltec_ros2/src/wheeltec_lidar_ros2/LDlidar/ldlidar14/include/ldlidar_driver/include
[11.818s] -- Configured cppcheck exclude dirs and/or files: 
[11.832s] -- Added test 'cpplint' to check C / C++ code against the Google style
[11.833s] -- Configured cpplint exclude dirs and/or files: 
[11.841s] -- Added test 'flake8' to check Python code syntax and style conventions
[11.851s] -- Added test 'lint_cmake' to check CMake code style
[11.858s] -- Added test 'pep257' to check Python code against some of the style conventions in PEP 257
[11.871s] -- Added test 'uncrustify' to check C / C++ code style
[11.872s] -- Configured uncrustify additional arguments: 
[11.879s] -- Added test 'xmllint' to check XML markup files
[11.907s] -- Configuring done
[11.943s] -- Generating done
[11.958s] -- Build files have been written to: /home/wheeltec/wheeltec_ros2/src/build/ldlidar_sl_ros2
[11.997s] Invoked command in '/home/wheeltec/wheeltec_ros2/src/build/ldlidar_sl_ros2' returned '0': CMAKE_PREFIX_PATH=${CMAKE_PREFIX_PATH}:/home/wheeltec/wheeltec_ros2/install/simple_follower_ros2:/home/wheeltec/wheeltec_ros2/install/wheeltec_robot_keyboard:/home/wheeltec/wheeltec_ros2/install/tf2_tools:/home/wheeltec/wheeltec_ros2/install/teleop_twist_keyboard:/home/wheeltec/wheeltec_ros2/install/nav2_simple_commander:/home/wheeltec/wheeltec_ros2/install/nav2_gazebo_spawner:/home/wheeltec/wheeltec_ros2/install/ldlidar_sl_ros2:/home/wheeltec/wheeltec_ros2/install/keyboard_control_emer:/opt/ros/galactic /usr/bin/cmake /home/wheeltec/wheeltec_ros2/src/wheeltec_lidar_ros2/LDlidar/ldlidar14 -DCMAKE_INSTALL_PREFIX=/home/wheeltec/wheeltec_ros2/src/install/ldlidar_sl_ros2
[12.000s] Invoking command in '/home/wheeltec/wheeltec_ros2/src/build/ldlidar_sl_ros2': CMAKE_PREFIX_PATH=${CMAKE_PREFIX_PATH}:/home/wheeltec/wheeltec_ros2/install/simple_follower_ros2:/home/wheeltec/wheeltec_ros2/install/wheeltec_robot_keyboard:/home/wheeltec/wheeltec_ros2/install/tf2_tools:/home/wheeltec/wheeltec_ros2/install/teleop_twist_keyboard:/home/wheeltec/wheeltec_ros2/install/nav2_simple_commander:/home/wheeltec/wheeltec_ros2/install/nav2_gazebo_spawner:/home/wheeltec/wheeltec_ros2/install/ldlidar_sl_ros2:/home/wheeltec/wheeltec_ros2/install/keyboard_control_emer:/opt/ros/galactic /usr/bin/cmake --build /home/wheeltec/wheeltec_ros2/src/build/ldlidar_sl_ros2 -- -j4 -l4
[12.303s] [35m[1mScanning dependencies of target ldlidar_sl_ros2_node[0m
[12.622s] [ 16%] [32mBuilding CXX object CMakeFiles/ldlidar_sl_ros2_node.dir/src/demo.cpp.o[0m
[29.745s] [ 33%] [32mBuilding CXX object CMakeFiles/ldlidar_sl_ros2_node.dir/include/ldlidar_driver/slbf.cpp.o[0m
[33.121s] [ 50%] [32mBuilding CXX object CMakeFiles/ldlidar_sl_ros2_node.dir/include/ldlidar_driver/transform.cpp.o[0m
[35.999s] [ 66%] [32mBuilding CXX object CMakeFiles/ldlidar_sl_ros2_node.dir/include/ldlidar_driver/lipkg.cpp.o[0m
[44.546s] [ 83%] [32mBuilding CXX object CMakeFiles/ldlidar_sl_ros2_node.dir/include/ldlidar_driver/cmd_interface_linux.cpp.o[0m
[44.550s] [100%] [32m[1mLinking CXX executable ldlidar_sl_ros2_node[0m
[44.552s] [100%] Built target ldlidar_sl_ros2_node
[44.571s] Invoked command in '/home/wheeltec/wheeltec_ros2/src/build/ldlidar_sl_ros2' returned '0': CMAKE_PREFIX_PATH=${CMAKE_PREFIX_PATH}:/home/wheeltec/wheeltec_ros2/install/simple_follower_ros2:/home/wheeltec/wheeltec_ros2/install/wheeltec_robot_keyboard:/home/wheeltec/wheeltec_ros2/install/tf2_tools:/home/wheeltec/wheeltec_ros2/install/teleop_twist_keyboard:/home/wheeltec/wheeltec_ros2/install/nav2_simple_commander:/home/wheeltec/wheeltec_ros2/install/nav2_gazebo_spawner:/home/wheeltec/wheeltec_ros2/install/ldlidar_sl_ros2:/home/wheeltec/wheeltec_ros2/install/keyboard_control_emer:/opt/ros/galactic /usr/bin/cmake --build /home/wheeltec/wheeltec_ros2/src/build/ldlidar_sl_ros2 -- -j4 -l4
[44.576s] Invoking command in '/home/wheeltec/wheeltec_ros2/src/build/ldlidar_sl_ros2': CMAKE_PREFIX_PATH=${CMAKE_PREFIX_PATH}:/home/wheeltec/wheeltec_ros2/install/simple_follower_ros2:/home/wheeltec/wheeltec_ros2/install/wheeltec_robot_keyboard:/home/wheeltec/wheeltec_ros2/install/tf2_tools:/home/wheeltec/wheeltec_ros2/install/teleop_twist_keyboard:/home/wheeltec/wheeltec_ros2/install/nav2_simple_commander:/home/wheeltec/wheeltec_ros2/install/nav2_gazebo_spawner:/home/wheeltec/wheeltec_ros2/install/ldlidar_sl_ros2:/home/wheeltec/wheeltec_ros2/install/keyboard_control_emer:/opt/ros/galactic /usr/bin/cmake --install /home/wheeltec/wheeltec_ros2/src/build/ldlidar_sl_ros2
[44.636s] -- Install configuration: ""
[44.639s] -- Installing: /home/wheeltec/wheeltec_ros2/src/install/ldlidar_sl_ros2/lib/ldlidar_sl_ros2/ldlidar_sl_ros2_node
[44.648s] -- Set runtime path of "/home/wheeltec/wheeltec_ros2/src/install/ldlidar_sl_ros2/lib/ldlidar_sl_ros2/ldlidar_sl_ros2_node" to ""
[44.649s] -- Installing: /home/wheeltec/wheeltec_ros2/src/install/ldlidar_sl_ros2/share/ldlidar_sl_ros2//launch
[44.651s] -- Installing: /home/wheeltec/wheeltec_ros2/src/install/ldlidar_sl_ros2/share/ldlidar_sl_ros2//launch/ld14.launch.py
[44.653s] -- Installing: /home/wheeltec/wheeltec_ros2/src/install/ldlidar_sl_ros2/share/ldlidar_sl_ros2//launch/viewer_ld14.launch.py
[44.654s] -- Installing: /home/wheeltec/wheeltec_ros2/src/install/ldlidar_sl_ros2/share/ldlidar_sl_ros2//rviz2
[44.656s] -- Installing: /home/wheeltec/wheeltec_ros2/src/install/ldlidar_sl_ros2/share/ldlidar_sl_ros2//rviz2/ldlidar.rviz
[44.660s] -- Installing: /home/wheeltec/wheeltec_ros2/src/install/ldlidar_sl_ros2/share/ldlidar_sl_ros2//scripts
[44.661s] -- Installing: /home/wheeltec/wheeltec_ros2/src/install/ldlidar_sl_ros2/share/ldlidar_sl_ros2//scripts/ldlidar.rules
[44.663s] -- Installing: /home/wheeltec/wheeltec_ros2/src/install/ldlidar_sl_ros2/share/ldlidar_sl_ros2//scripts/create_udev_rules.sh
[44.665s] -- Installing: /home/wheeltec/wheeltec_ros2/src/install/ldlidar_sl_ros2/share/ldlidar_sl_ros2//scripts/delete_udev_rules.sh
[44.668s] -- Installing: /home/wheeltec/wheeltec_ros2/src/install/ldlidar_sl_ros2/share/ament_index/resource_index/package_run_dependencies/ldlidar_sl_ros2
[44.670s] -- Installing: /home/wheeltec/wheeltec_ros2/src/install/ldlidar_sl_ros2/share/ament_index/resource_index/parent_prefix_path/ldlidar_sl_ros2
[44.672s] -- Installing: /home/wheeltec/wheeltec_ros2/src/install/ldlidar_sl_ros2/share/ldlidar_sl_ros2/environment/ament_prefix_path.sh
[44.673s] -- Installing: /home/wheeltec/wheeltec_ros2/src/install/ldlidar_sl_ros2/share/ldlidar_sl_ros2/environment/ament_prefix_path.dsv
[44.675s] -- Installing: /home/wheeltec/wheeltec_ros2/src/install/ldlidar_sl_ros2/share/ldlidar_sl_ros2/environment/path.sh
[44.677s] -- Installing: /home/wheeltec/wheeltec_ros2/src/install/ldlidar_sl_ros2/share/ldlidar_sl_ros2/environment/path.dsv
[44.678s] -- Installing: /home/wheeltec/wheeltec_ros2/src/install/ldlidar_sl_ros2/share/ldlidar_sl_ros2/local_setup.bash
[44.680s] -- Installing: /home/wheeltec/wheeltec_ros2/src/install/ldlidar_sl_ros2/share/ldlidar_sl_ros2/local_setup.sh
[44.682s] -- Installing: /home/wheeltec/wheeltec_ros2/src/install/ldlidar_sl_ros2/share/ldlidar_sl_ros2/local_setup.zsh
[44.683s] -- Installing: /home/wheeltec/wheeltec_ros2/src/install/ldlidar_sl_ros2/share/ldlidar_sl_ros2/local_setup.dsv
[44.685s] -- Installing: /home/wheeltec/wheeltec_ros2/src/install/ldlidar_sl_ros2/share/ldlidar_sl_ros2/package.dsv
[44.687s] -- Installing: /home/wheeltec/wheeltec_ros2/src/install/ldlidar_sl_ros2/share/ament_index/resource_index/packages/ldlidar_sl_ros2
[44.689s] -- Installing: /home/wheeltec/wheeltec_ros2/src/install/ldlidar_sl_ros2/share/ldlidar_sl_ros2/cmake/ldlidar_sl_ros2Config.cmake
[44.690s] -- Installing: /home/wheeltec/wheeltec_ros2/src/install/ldlidar_sl_ros2/share/ldlidar_sl_ros2/cmake/ldlidar_sl_ros2Config-version.cmake
[44.692s] -- Installing: /home/wheeltec/wheeltec_ros2/src/install/ldlidar_sl_ros2/share/ldlidar_sl_ros2/package.xml
[44.707s] Invoked command in '/home/wheeltec/wheeltec_ros2/src/build/ldlidar_sl_ros2' returned '0': CMAKE_PREFIX_PATH=${CMAKE_PREFIX_PATH}:/home/wheeltec/wheeltec_ros2/install/simple_follower_ros2:/home/wheeltec/wheeltec_ros2/install/wheeltec_robot_keyboard:/home/wheeltec/wheeltec_ros2/install/tf2_tools:/home/wheeltec/wheeltec_ros2/install/teleop_twist_keyboard:/home/wheeltec/wheeltec_ros2/install/nav2_simple_commander:/home/wheeltec/wheeltec_ros2/install/nav2_gazebo_spawner:/home/wheeltec/wheeltec_ros2/install/ldlidar_sl_ros2:/home/wheeltec/wheeltec_ros2/install/keyboard_control_emer:/opt/ros/galactic /usr/bin/cmake --install /home/wheeltec/wheeltec_ros2/src/build/ldlidar_sl_ros2
