[0.077s] Invoking command in '/home/wheeltec/wheeltec_ros2/src/build/rplidar_ros2': /usr/bin/cmake --build /home/wheeltec/wheeltec_ros2/src/build/rplidar_ros2 -- -j4 -l4
[0.374s] [100%] Built target rplidar_scan_publisher
[0.421s] Invoked command in '/home/wheeltec/wheeltec_ros2/src/build/rplidar_ros2' returned '0': /usr/bin/cmake --build /home/wheeltec/wheeltec_ros2/src/build/rplidar_ros2 -- -j4 -l4
[0.434s] Invoking command in '/home/wheeltec/wheeltec_ros2/src/build/rplidar_ros2': /usr/bin/cmake --install /home/wheeltec/wheeltec_ros2/src/build/rplidar_ros2
[0.475s] -- Install configuration: "Release"
[0.478s] -- Up-to-date: /home/wheeltec/wheeltec_ros2/src/install/rplidar_ros2/share/rplidar_ros2/launch
[0.480s] -- Up-to-date: /home/wheeltec/wheeltec_ros2/src/install/rplidar_ros2/share/rplidar_ros2/launch/view_rplidar_s1_launch.py
[0.481s] -- Up-to-date: /home/wheeltec/wheeltec_ros2/src/install/rplidar_ros2/share/rplidar_ros2/launch/rplidar_a3_launch.py
[0.482s] -- Up-to-date: /home/wheeltec/wheeltec_ros2/src/install/rplidar_ros2/share/rplidar_ros2/launch/rplidar_s1_tcp_launch.py
[0.483s] -- Up-to-date: /home/wheeltec/wheeltec_ros2/src/install/rplidar_ros2/share/rplidar_ros2/launch/rplidar_s1_launch.py
[0.484s] -- Up-to-date: /home/wheeltec/wheeltec_ros2/src/install/rplidar_ros2/share/rplidar_ros2/launch/view_rplidar_s1_tcp_launch.py
[0.485s] -- Up-to-date: /home/wheeltec/wheeltec_ros2/src/install/rplidar_ros2/share/rplidar_ros2/launch/view_rplidar_s2_launch.py
[0.486s] -- Up-to-date: /home/wheeltec/wheeltec_ros2/src/install/rplidar_ros2/share/rplidar_ros2/launch/view_rplidar_a3_launch.py
[0.488s] -- Up-to-date: /home/wheeltec/wheeltec_ros2/src/install/rplidar_ros2/share/rplidar_ros2/launch/rplidar_s2_launch.py
[0.489s] -- Up-to-date: /home/wheeltec/wheeltec_ros2/src/install/rplidar_ros2/share/rplidar_ros2/launch/view_rplidar_launch.py
[0.490s] -- Up-to-date: /home/wheeltec/wheeltec_ros2/src/install/rplidar_ros2/share/rplidar_ros2/launch/rplidar_launch.py
[0.491s] -- Up-to-date: /home/wheeltec/wheeltec_ros2/src/install/rplidar_ros2/share/rplidar_ros2/rviz
[0.493s] -- Up-to-date: /home/wheeltec/wheeltec_ros2/src/install/rplidar_ros2/share/rplidar_ros2/rviz/rplidar_ros2.rviz
[0.499s] -- Up-to-date: /home/wheeltec/wheeltec_ros2/src/install/rplidar_ros2/lib/rplidar_ros2/rplidar_scan_publisher
[0.502s] -- Up-to-date: /home/wheeltec/wheeltec_ros2/src/install/rplidar_ros2/share/ament_index/resource_index/package_run_dependencies/rplidar_ros2
[0.504s] -- Up-to-date: /home/wheeltec/wheeltec_ros2/src/install/rplidar_ros2/share/ament_index/resource_index/parent_prefix_path/rplidar_ros2
[0.506s] -- Up-to-date: /home/wheeltec/wheeltec_ros2/src/install/rplidar_ros2/share/rplidar_ros2/environment/ament_prefix_path.sh
[0.507s] -- Up-to-date: /home/wheeltec/wheeltec_ros2/src/install/rplidar_ros2/share/rplidar_ros2/environment/ament_prefix_path.dsv
[0.508s] -- Up-to-date: /home/wheeltec/wheeltec_ros2/src/install/rplidar_ros2/share/rplidar_ros2/environment/path.sh
[0.509s] -- Up-to-date: /home/wheeltec/wheeltec_ros2/src/install/rplidar_ros2/share/rplidar_ros2/environment/path.dsv
[0.510s] -- Up-to-date: /home/wheeltec/wheeltec_ros2/src/install/rplidar_ros2/share/rplidar_ros2/local_setup.bash
[0.511s] -- Up-to-date: /home/wheeltec/wheeltec_ros2/src/install/rplidar_ros2/share/rplidar_ros2/local_setup.sh
[0.512s] -- Up-to-date: /home/wheeltec/wheeltec_ros2/src/install/rplidar_ros2/share/rplidar_ros2/local_setup.zsh
[0.516s] -- Up-to-date: /home/wheeltec/wheeltec_ros2/src/install/rplidar_ros2/share/rplidar_ros2/local_setup.dsv
[0.521s] -- Installing: /home/wheeltec/wheeltec_ros2/src/install/rplidar_ros2/share/rplidar_ros2/package.dsv
[0.526s] -- Up-to-date: /home/wheeltec/wheeltec_ros2/src/install/rplidar_ros2/share/ament_index/resource_index/packages/rplidar_ros2
[0.527s] -- Up-to-date: /home/wheeltec/wheeltec_ros2/src/install/rplidar_ros2/share/rplidar_ros2/cmake/ament_cmake_export_dependencies-extras.cmake
[0.529s] -- Up-to-date: /home/wheeltec/wheeltec_ros2/src/install/rplidar_ros2/share/rplidar_ros2/cmake/ament_cmake_export_include_directories-extras.cmake
[0.530s] -- Up-to-date: /home/wheeltec/wheeltec_ros2/src/install/rplidar_ros2/share/rplidar_ros2/cmake/rplidar_ros2Config.cmake
[0.531s] -- Up-to-date: /home/wheeltec/wheeltec_ros2/src/install/rplidar_ros2/share/rplidar_ros2/cmake/rplidar_ros2Config-version.cmake
[0.531s] -- Up-to-date: /home/wheeltec/wheeltec_ros2/src/install/rplidar_ros2/share/rplidar_ros2/package.xml
[0.545s] Invoked command in '/home/wheeltec/wheeltec_ros2/src/build/rplidar_ros2' returned '0': /usr/bin/cmake --install /home/wheeltec/wheeltec_ros2/src/build/rplidar_ros2
